number,value,datetime_start,datetime_complete,duration,params_aggregation,params_depth,params_dropout,params_hidden_dim,params_lr,params_weight_decay,user_attrs_val_metrics,state
0,0.21762419916275474,2026-02-03 01:17:22.062002,2026-02-03 01:17:50.004731,0 days 00:00:27.942729,attention,1,0.2968056128542039,64,0.003807087317500802,0.00014566624321647278,"{'val_rmse_mean': 0.6987794041633606, 'val_mae_mean': 0.5225608348846436, 'val_r2_mean': 0.2154000997543335, 'val_rmse_target_0': 0.6987794041633606, 'val_mae_target_0': 0.5225608348846436, 'val_r2_target_0': 0.2154000997543335}",COMPLETE
1,0.2715788489871624,2026-02-03 01:17:50.127778,2026-02-03 01:18:18.520395,0 days 00:00:28.392617,mean,1,0.19235657214110502,128,0.0001716947350655579,2.5865051832272382e-05,"{'val_rmse_mean': 0.7696331143379211, 'val_mae_mean': 0.6189714074134827, 'val_r2_mean': -0.8689943552017212, 'val_rmse_target_0': 0.7696331143379211, 'val_mae_target_0': 0.6189714074134827, 'val_r2_target_0': -0.8689943552017212}",COMPLETE
2,0.2430672761628456,2026-02-03 01:18:18.641923,2026-02-03 01:18:47.305067,0 days 00:00:28.663144,mean,1,0.46608424813230315,64,0.0002763019543822106,0.0009038284786615921,"{'val_rmse_mean': 0.7177103161811829, 'val_mae_mean': 0.5787779092788696, 'val_r2_mean': -0.792080283164978, 'val_rmse_target_0': 0.7177103161811829, 'val_mae_target_0': 0.5787779092788696, 'val_r2_target_0': -0.792080283164978}",COMPLETE
3,0.27011842879518455,2026-02-03 01:18:47.426106,2026-02-03 01:19:20.806039,0 days 00:00:33.379933,attention,2,0.028970925970744077,32,0.0005051850543699366,0.0003715508504968509,"{'val_rmse_mean': 0.8033000826835632, 'val_mae_mean': 0.6030798554420471, 'val_r2_mean': -0.13824832439422607, 'val_rmse_target_0': 0.8033000826835632, 'val_mae_target_0': 0.6030798554420471, 'val_r2_target_0': -0.13824832439422607}",COMPLETE
4,0.23281278607545472,2026-02-03 01:19:20.928408,2026-02-03 01:19:50.003393,0 days 00:00:29.074985,mean,2,0.45669628620333214,64,0.00038887391168237686,0.0001616354875799594,"{'val_rmse_mean': 0.7131524085998535, 'val_mae_mean': 0.5487072467803955, 'val_r2_mean': -0.3743302822113037, 'val_rmse_target_0': 0.7131524085998535, 'val_mae_target_0': 0.5487072467803955, 'val_r2_target_0': -0.3743302822113037}",COMPLETE
5,0.3361175877938944,2026-02-03 01:19:50.125126,2026-02-03 01:20:21.588758,0 days 00:00:31.463632,mean,2,0.07404689309089346,64,0.00011070010926197415,0.0003790424567927346,"{'val_rmse_mean': 0.8592433333396912, 'val_mae_mean': 0.704507052898407, 'val_r2_mean': -8.691303253173828, 'val_rmse_target_0': 0.8592433333396912, 'val_mae_target_0': 0.704507052898407, 'val_r2_target_0': -8.691303253173828}",COMPLETE
6,0.2100540266579224,2026-02-03 01:20:21.710125,2026-02-03 01:20:52.390564,0 days 00:00:30.680439,mean,2,0.20161491762029765,128,0.002238499094606418,0.00018877760175377485,"{'val_rmse_mean': 0.6864391565322876, 'val_mae_mean': 0.5127542018890381, 'val_r2_mean': 0.2482815980911255, 'val_rmse_target_0': 0.6864391565322876, 'val_mae_target_0': 0.5127542018890381, 'val_r2_target_0': 0.2482815980911255}",COMPLETE
7,0.24855413917059735,2026-02-03 01:20:52.512336,2026-02-03 01:21:24.690664,0 days 00:00:32.178328,attention,2,0.4167709601459024,64,0.0017386878932366563,2.7072794339885214e-05,"{'val_rmse_mean': 0.7429533004760742, 'val_mae_mean': 0.5776451826095581, 'val_r2_mean': 0.08954727649688721, 'val_rmse_target_0': 0.7429533004760742, 'val_mae_target_0': 0.5776451826095581, 'val_r2_target_0': 0.08954727649688721}",COMPLETE
8,0.24648261882140543,2026-02-03 01:21:24.812694,2026-02-03 01:21:58.412937,0 days 00:00:33.600243,attention,3,0.33475857174851625,128,0.0003742147871302609,0.0017575181278708905,"{'val_rmse_mean': 0.7304205298423767, 'val_mae_mean': 0.5853167176246643, 'val_r2_mean': 0.0115012526512146, 'val_rmse_target_0': 0.7304205298423767, 'val_mae_target_0': 0.5853167176246643, 'val_r2_target_0': 0.0115012526512146}",COMPLETE
9,0.2316649509507611,2026-02-03 01:21:58.534118,2026-02-03 01:22:27.761508,0 days 00:00:29.227390,mean,2,0.07734772965852138,32,0.0016238090073442462,0.0007684679603451106,"{'val_rmse_mean': 0.7209869623184204, 'val_mae_mean': 0.564850926399231, 'val_r2_mean': 0.16041338443756104, 'val_rmse_target_0': 0.7209869623184204, 'val_mae_target_0': 0.564850926399231, 'val_r2_target_0': 0.16041338443756104}",COMPLETE
10,0.23392128202249296,2026-02-03 01:22:27.885401,2026-02-03 01:22:55.955791,0 days 00:00:28.070390,mean,3,0.18158277899522002,128,0.0011533106877176663,0.006117531226451981,"{'val_rmse_mean': 0.7309553623199463, 'val_mae_mean': 0.5550515651702881, 'val_r2_mean': 0.16263854503631592, 'val_rmse_target_0': 0.7309553623199463, 'val_mae_target_0': 0.5550515651702881, 'val_r2_target_0': 0.16263854503631592}",COMPLETE
11,0.2067568572583022,2026-02-03 01:22:56.078668,2026-02-03 01:23:24.205433,0 days 00:00:28.126765,attention,1,0.3029596798883588,128,0.003944716132623208,9.496984816444688e-05,"{'val_rmse_mean': 0.663742184638977, 'val_mae_mean': 0.5330144166946411, 'val_r2_mean': 0.3020901083946228, 'val_rmse_target_0': 0.663742184638977, 'val_mae_target_0': 0.5330144166946411, 'val_r2_target_0': 0.3020901083946228}",COMPLETE
12,0.23276518910036734,2026-02-03 01:23:24.327509,2026-02-03 01:23:55.491130,0 days 00:00:31.163621,attention,1,0.19834029701528494,128,0.004437007268116118,7.461001685165857e-05,"{'val_rmse_mean': 0.7162548899650574, 'val_mae_mean': 0.5562613010406494, 'val_r2_mean': 0.3129703402519226, 'val_rmse_target_0': 0.7162548899650574, 'val_mae_target_0': 0.5562613010406494, 'val_r2_target_0': 0.3129703402519226}",COMPLETE
13,0.2323825933433707,2026-02-03 01:23:55.611668,2026-02-03 01:24:29.575505,0 days 00:00:33.963837,attention,3,0.3467138384441725,128,0.0023577607464415544,6.443808285064057e-05,"{'val_rmse_mean': 0.7321804165840149, 'val_mae_mean': 0.5514147877693176, 'val_r2_mean': 0.09447598457336426, 'val_rmse_target_0': 0.7321804165840149, 'val_mae_target_0': 0.5514147877693176, 'val_r2_target_0': 0.09447598457336426}",COMPLETE
14,0.23850677812825544,2026-02-03 01:24:29.697120,2026-02-03 01:24:58.558942,0 days 00:00:28.861822,mean,1,0.2540099969764334,128,0.0010111677692123118,1.06863656241627e-05,"{'val_rmse_mean': 0.7313007116317749, 'val_mae_mean': 0.5600454807281494, 'val_r2_mean': 0.10944432020187378, 'val_rmse_target_0': 0.7313007116317749, 'val_mae_target_0': 0.5600454807281494, 'val_r2_target_0': 0.10944432020187378}",COMPLETE
15,0.2388936987888344,2026-02-03 01:24:58.681459,2026-02-03 01:25:28.672550,0 days 00:00:29.991091,attention,2,0.13627548876026097,128,0.002977032406492585,0.0001356537135392113,"{'val_rmse_mean': 0.7215809226036072, 'val_mae_mean': 0.563662052154541, 'val_r2_mean': 0.0966450572013855, 'val_rmse_target_0': 0.7215809226036072, 'val_mae_target_0': 0.563662052154541, 'val_r2_target_0': 0.0966450572013855}",COMPLETE
16,0.2345429136098742,2026-02-03 01:25:28.794272,2026-02-03 01:25:56.582214,0 days 00:00:27.787942,mean,1,0.3858935979568435,32,0.0008047579495757606,4.0772080268336596e-05,"{'val_rmse_mean': 0.7236793637275696, 'val_mae_mean': 0.5611538290977478, 'val_r2_mean': -0.18750417232513428, 'val_rmse_target_0': 0.7236793637275696, 'val_mae_target_0': 0.5611538290977478, 'val_r2_target_0': -0.18750417232513428}",COMPLETE
17,0.20280462732598944,2026-02-03 01:25:56.703693,2026-02-03 01:26:31.890611,0 days 00:00:35.186918,attention,3,0.27089147889518916,128,0.002156262658566833,1.1042842431962138e-05,"{'val_rmse_mean': 0.6666690111160278, 'val_mae_mean': 0.513334333896637, 'val_r2_mean': 0.29557669162750244, 'val_rmse_target_0': 0.6666690111160278, 'val_mae_target_0': 0.513334333896637, 'val_r2_target_0': 0.29557669162750244}",COMPLETE
18,0.2176222927497562,2026-02-03 01:26:32.011641,2026-02-03 01:27:04.347583,0 days 00:00:32.335942,attention,3,0.29350752452430573,128,0.004918077250262745,1.0426265717452708e-05,"{'val_rmse_mean': 0.6775822639465332, 'val_mae_mean': 0.5378026366233826, 'val_r2_mean': 0.12844330072402954, 'val_rmse_target_0': 0.6775822639465332, 'val_mae_target_0': 0.5378026366233826, 'val_r2_target_0': 0.12844330072402954}",COMPLETE
19,0.23685032940314463,2026-02-03 01:27:04.469253,2026-02-03 01:27:35.750030,0 days 00:00:31.280777,attention,3,0.2639333882499968,128,0.0013349407129233403,2.2647029638307384e-05,"{'val_rmse_mean': 0.7169106006622314, 'val_mae_mean': 0.5431565046310425, 'val_r2_mean': 0.20467543601989746, 'val_rmse_target_0': 0.7169106006622314, 'val_mae_target_0': 0.5431565046310425, 'val_r2_target_0': 0.20467543601989746}",COMPLETE
20,0.25153999214267564,2026-02-03 01:27:35.874113,2026-02-03 01:28:07.570863,0 days 00:00:31.696750,attention,3,0.3635465524050798,32,0.0028848431185817683,0.009967511487945412,"{'val_rmse_mean': 0.7680085301399231, 'val_mae_mean': 0.5771947503089905, 'val_r2_mean': 0.01911914348602295, 'val_rmse_target_0': 0.7680085301399231, 'val_mae_target_0': 0.5771947503089905, 'val_r2_target_0': 0.01911914348602295}",COMPLETE
21,0.24215278465352538,2026-02-03 01:28:07.693101,2026-02-03 01:28:37.624196,0 days 00:00:29.931095,attention,2,0.22175471501700106,128,0.002056797641327873,0.00024278182568533444,"{'val_rmse_mean': 0.7392106652259827, 'val_mae_mean': 0.58702152967453, 'val_r2_mean': 0.1719529628753662, 'val_rmse_target_0': 0.7392106652259827, 'val_mae_target_0': 0.58702152967453, 'val_r2_target_0': 0.1719529628753662}",COMPLETE
22,0.21259485603594738,2026-02-03 01:28:37.745195,2026-02-03 01:29:08.056487,0 days 00:00:30.311292,attention,1,0.1456820373419437,128,0.003207380571448315,6.428391740319876e-05,"{'val_rmse_mean': 0.6827785968780518, 'val_mae_mean': 0.5287098288536072, 'val_r2_mean': 0.23347127437591553, 'val_rmse_target_0': 0.6827785968780518, 'val_mae_target_0': 0.5287098288536072, 'val_r2_target_0': 0.23347127437591553}",COMPLETE
23,0.2292676356468022,2026-02-03 01:29:08.177413,2026-02-03 01:29:38.014825,0 days 00:00:29.837412,mean,2,0.2959681503636098,128,0.0022913319809315497,0.0009504814210328786,"{'val_rmse_mean': 0.7150538563728333, 'val_mae_mean': 0.550606906414032, 'val_r2_mean': 0.1733914017677307, 'val_rmse_target_0': 0.7150538563728333, 'val_mae_target_0': 0.550606906414032, 'val_r2_target_0': 0.1733914017677307}",COMPLETE
24,0.26084288144173334,2026-02-03 01:29:38.136632,2026-02-03 01:30:11.252118,0 days 00:00:33.115486,attention,3,0.24495155633397997,128,0.0007573414005501942,0.0020839623452951947,"{'val_rmse_mean': 0.7661682367324829, 'val_mae_mean': 0.5738059878349304, 'val_r2_mean': 0.08245289325714111, 'val_rmse_target_0': 0.7661682367324829, 'val_mae_target_0': 0.5738059878349304, 'val_r2_target_0': 0.08245289325714111}",COMPLETE
25,0.2583660603763915,2026-02-03 01:30:11.373645,2026-02-03 01:30:41.518591,0 days 00:00:30.144946,attention,2,0.12144108115066043,128,0.0014958330019456036,9.512951830002217e-05,"{'val_rmse_mean': 0.777409553527832, 'val_mae_mean': 0.578942596912384, 'val_r2_mean': 0.12532156705856323, 'val_rmse_target_0': 0.777409553527832, 'val_mae_target_0': 0.578942596912384, 'val_r2_target_0': 0.12532156705856323}",COMPLETE
26,0.23218485720658297,2026-02-03 01:30:41.640382,2026-02-03 01:31:11.009762,0 days 00:00:29.369380,mean,1,0.3204174006921688,128,0.0036792461752091716,1.8050977425375234e-05,"{'val_rmse_mean': 0.7233936786651611, 'val_mae_mean': 0.5548406839370728, 'val_r2_mean': 0.19619452953338623, 'val_rmse_target_0': 0.7233936786651611, 'val_mae_target_0': 0.5548406839370728, 'val_r2_target_0': 0.19619452953338623}",COMPLETE
27,0.21064046888563503,2026-02-03 01:31:11.131631,2026-02-03 01:31:42.927297,0 days 00:00:31.795666,attention,3,0.4100553894545985,128,0.0023813330212440788,0.0002276585478133368,"{'val_rmse_mean': 0.681530237197876, 'val_mae_mean': 0.5020898580551147, 'val_r2_mean': 0.2423381209373474, 'val_rmse_target_0': 0.681530237197876, 'val_mae_target_0': 0.5020898580551147, 'val_r2_target_0': 0.2423381209373474}",COMPLETE
28,0.21747403917402994,2026-02-03 01:31:43.048790,2026-02-03 01:32:13.119014,0 days 00:00:30.070224,mean,2,0.22959497033681645,32,0.000987602902764338,3.717846948930571e-05,"{'val_rmse_mean': 0.6974071860313416, 'val_mae_mean': 0.5262503623962402, 'val_r2_mean': 0.15175610780715942, 'val_rmse_target_0': 0.6974071860313416, 'val_mae_target_0': 0.5262503623962402, 'val_r2_target_0': 0.15175610780715942}",COMPLETE
29,0.19637664967796,2026-02-03 01:32:13.241292,2026-02-03 01:32:42.849354,0 days 00:00:29.608062,attention,1,0.27783592065376667,128,0.003770425338750446,0.0005827633547487326,"{'val_rmse_mean': 0.6794784069061279, 'val_mae_mean': 0.47173675894737244, 'val_r2_mean': 0.3419533371925354, 'val_rmse_target_0': 0.6794784069061279, 'val_mae_target_0': 0.47173675894737244, 'val_r2_target_0': 0.3419533371925354}",COMPLETE
30,0.2212362323178375,2026-02-03 01:32:42.970069,2026-02-03 01:33:14.816499,0 days 00:00:31.846430,attention,1,0.2827101653584741,64,0.003995553913499168,0.0005367112726829374,"{'val_rmse_mean': 0.6955696940422058, 'val_mae_mean': 0.5275703072547913, 'val_r2_mean': 0.3162466287612915, 'val_rmse_target_0': 0.6955696940422058, 'val_mae_target_0': 0.5275703072547913, 'val_r2_target_0': 0.3162466287612915}",COMPLETE
31,0.2399848527194182,2026-02-03 01:33:14.938277,2026-02-03 01:33:42.597665,0 days 00:00:27.659388,attention,1,0.3168100874762721,128,0.003443207972004893,0.00015403489805913137,"{'val_rmse_mean': 0.7545565962791443, 'val_mae_mean': 0.5418664216995239, 'val_r2_mean': 0.12918239831924438, 'val_rmse_target_0': 0.7545565962791443, 'val_mae_target_0': 0.5418664216995239, 'val_r2_target_0': 0.12918239831924438}",COMPLETE
32,0.2203469007939997,2026-02-03 01:33:42.719731,2026-02-03 01:34:13.968455,0 days 00:00:31.248724,attention,1,0.17499988014829335,128,0.004824327403723475,0.001686807735872616,"{'val_rmse_mean': 0.7095555067062378, 'val_mae_mean': 0.5218315720558167, 'val_r2_mean': 0.16552430391311646, 'val_rmse_target_0': 0.7095555067062378, 'val_mae_target_0': 0.5218315720558167, 'val_r2_target_0': 0.16552430391311646}",COMPLETE
33,0.25561915448849537,2026-02-03 01:34:14.088674,2026-02-03 01:34:45.090060,0 days 00:00:31.001386,attention,1,0.21440260665234595,128,0.001887071298560693,0.0005730133071956085,"{'val_rmse_mean': 0.7902538180351257, 'val_mae_mean': 0.5708364844322205, 'val_r2_mean': 0.11812496185302734, 'val_rmse_target_0': 0.7902538180351257, 'val_mae_target_0': 0.5708364844322205, 'val_r2_target_0': 0.11812496185302734}",COMPLETE
34,0.2354943657237864,2026-02-03 01:34:45.211469,2026-02-03 01:35:12.967838,0 days 00:00:27.756369,attention,1,0.2728303562954264,128,0.0028083104411984385,0.00023409336149489597,"{'val_rmse_mean': 0.7633980512619019, 'val_mae_mean': 0.5253564119338989, 'val_r2_mean': 0.18020308017730713, 'val_rmse_target_0': 0.7633980512619019, 'val_mae_target_0': 0.5253564119338989, 'val_r2_target_0': 0.18020308017730713}",COMPLETE
35,0.22589491128369613,2026-02-03 01:35:13.089804,2026-02-03 01:35:42.137727,0 days 00:00:29.047923,mean,1,0.16446061093480194,128,0.0037213549788639713,0.002751707744110176,"{'val_rmse_mean': 0.7118478417396545, 'val_mae_mean': 0.5473824143409729, 'val_r2_mean': 0.21481460332870483, 'val_rmse_target_0': 0.7118478417396545, 'val_mae_target_0': 0.5473824143409729, 'val_r2_target_0': 0.21481460332870483}",COMPLETE
36,0.3103148444055545,2026-02-03 01:35:42.258669,2026-02-03 01:36:14.198936,0 days 00:00:31.940267,attention,1,0.10331821206135128,64,0.0002204297428047944,0.00010956545165073143,"{'val_rmse_mean': 0.8251935243606567, 'val_mae_mean': 0.6750396490097046, 'val_r2_mean': -1.8130536079406738, 'val_rmse_target_0': 0.8251935243606567, 'val_mae_target_0': 0.6750396490097046, 'val_r2_target_0': -1.8130536079406738}",COMPLETE
37,0.22964637662301324,2026-02-03 01:36:14.321052,2026-02-03 01:36:43.396520,0 days 00:00:29.075468,mean,2,0.3781879393911882,128,0.0006041042342180533,0.00042831919378218087,"{'val_rmse_mean': 0.7144900560379028, 'val_mae_mean': 0.5444706082344055, 'val_r2_mean': 0.1748986840248108, 'val_rmse_target_0': 0.7144900560379028, 'val_mae_target_0': 0.5444706082344055, 'val_r2_target_0': 0.1748986840248108}",COMPLETE
38,0.26354547397716455,2026-02-03 01:36:43.517417,2026-02-03 01:37:12.273805,0 days 00:00:28.756388,attention,2,0.31286680124017086,64,0.002639172301686497,0.0010550577064014706,"{'val_rmse_mean': 0.8017610311508179, 'val_mae_mean': 0.5812731981277466, 'val_r2_mean': -0.10416638851165771, 'val_rmse_target_0': 0.8017610311508179, 'val_mae_target_0': 0.5812731981277466, 'val_r2_target_0': -0.10416638851165771}",COMPLETE
39,0.21591754878129535,2026-02-03 01:37:12.395410,2026-02-03 01:37:39.996619,0 days 00:00:27.601209,mean,1,0.024573965379840274,32,0.0018016220572355563,4.303817926215656e-05,"{'val_rmse_mean': 0.6855372786521912, 'val_mae_mean': 0.5168629288673401, 'val_r2_mean': 0.27551645040512085, 'val_rmse_target_0': 0.6855372786521912, 'val_mae_target_0': 0.5168629288673401, 'val_r2_target_0': 0.27551645040512085}",COMPLETE
40,0.2455330107283468,2026-02-03 01:37:40.119153,2026-02-03 01:38:12.662584,0 days 00:00:32.543431,attention,2,0.4422906093842559,128,0.0014389270048197535,0.00028979366546074645,"{'val_rmse_mean': 0.721384584903717, 'val_mae_mean': 0.5949721336364746, 'val_r2_mean': 0.005756378173828125, 'val_rmse_target_0': 0.721384584903717, 'val_mae_target_0': 0.5949721336364746, 'val_r2_target_0': 0.005756378173828125}",COMPLETE
41,0.22697592861476112,2026-02-03 01:38:12.783200,2026-02-03 01:38:46.243101,0 days 00:00:33.459901,attention,3,0.41609698381209537,128,0.002320150805395837,0.00017353297254723394,"{'val_rmse_mean': 0.7105196714401245, 'val_mae_mean': 0.5388016104698181, 'val_r2_mean': 0.13549911975860596, 'val_rmse_target_0': 0.7105196714401245, 'val_mae_target_0': 0.5388016104698181, 'val_r2_target_0': 0.13549911975860596}",COMPLETE
42,0.19595106498859927,2026-02-03 01:38:46.365074,2026-02-03 01:39:20.496277,0 days 00:00:34.131203,attention,3,0.49625376162915136,128,0.004209038548652553,0.00036941904722468977,"{'val_rmse_mean': 0.6524507999420166, 'val_mae_mean': 0.4645179510116577, 'val_r2_mean': 0.19006896018981934, 'val_rmse_target_0': 0.6524507999420166, 'val_mae_target_0': 0.4645179510116577, 'val_r2_target_0': 0.19006896018981934}",COMPLETE
43,0.23885079598026263,2026-02-03 01:39:20.618666,2026-02-03 01:39:55.204249,0 days 00:00:34.585583,attention,3,0.4783824935544606,128,0.004279770660393678,0.0006823521185640101,"{'val_rmse_mean': 0.7233661413192749, 'val_mae_mean': 0.527837336063385, 'val_r2_mean': 0.025085389614105225, 'val_rmse_target_0': 0.7233661413192749, 'val_mae_target_0': 0.527837336063385, 'val_r2_target_0': 0.025085389614105225}",COMPLETE
44,0.22885522045732984,2026-02-03 01:39:55.326088,2026-02-03 01:40:28.665070,0 days 00:00:33.338982,attention,3,0.19287657728244662,128,0.00342867482828341,0.0003791138487452851,"{'val_rmse_mean': 0.7080711126327515, 'val_mae_mean': 0.5444923043251038, 'val_r2_mean': 0.21838688850402832, 'val_rmse_target_0': 0.7080711126327515, 'val_mae_target_0': 0.5444923043251038, 'val_r2_target_0': 0.21838688850402832}",COMPLETE
45,0.21415627590505648,2026-02-03 01:40:28.789360,2026-02-03 01:41:02.799507,0 days 00:00:34.010147,attention,3,0.2504759335811724,128,0.004119584771720403,0.0011920758321298825,"{'val_rmse_mean': 0.680919349193573, 'val_mae_mean': 0.5246669054031372, 'val_r2_mean': 0.36020684242248535, 'val_rmse_target_0': 0.680919349193573, 'val_mae_target_0': 0.5246669054031372, 'val_r2_target_0': 0.36020684242248535}",COMPLETE
46,0.2577676856372919,2026-02-03 01:41:02.923453,2026-02-03 01:41:33.910732,0 days 00:00:30.987279,mean,3,0.05247016698662968,128,0.0001090050067132019,0.00048367988212177194,"{'val_rmse_mean': 0.748049259185791, 'val_mae_mean': 0.6024004817008972, 'val_r2_mean': -0.5538027286529541, 'val_rmse_target_0': 0.748049259185791, 'val_mae_target_0': 0.6024004817008972, 'val_r2_target_0': -0.5538027286529541}",COMPLETE
47,0.24522654250264436,2026-02-03 01:41:34.032315,2026-02-03 01:42:06.860427,0 days 00:00:32.828112,attention,2,0.3391449928275956,64,0.0049117256948277965,1.543666743431265e-05,"{'val_rmse_mean': 0.7646564841270447, 'val_mae_mean': 0.5503886342048645, 'val_r2_mean': 0.12672001123428345, 'val_rmse_target_0': 0.7646564841270447, 'val_mae_target_0': 0.5503886342048645, 'val_r2_target_0': 0.12672001123428345}",COMPLETE
48,0.2082109548591015,2026-02-03 01:42:06.982868,2026-02-03 01:42:39.626196,0 days 00:00:32.643328,attention,3,0.4454570939252774,128,0.0011978850628705804,0.00032393012821944564,"{'val_rmse_mean': 0.6745534539222717, 'val_mae_mean': 0.5121585130691528, 'val_r2_mean': 0.20652949810028076, 'val_rmse_target_0': 0.6745534539222717, 'val_mae_target_0': 0.5121585130691528, 'val_r2_target_0': 0.20652949810028076}",COMPLETE
49,0.2839657348180211,2026-02-03 01:42:39.748949,2026-02-03 01:43:13.533768,0 days 00:00:33.784819,attention,3,0.44836068182963307,128,0.00048599088001555386,0.0003056330651524074,"{'val_rmse_mean': 0.8264192938804626, 'val_mae_mean': 0.6186489462852478, 'val_r2_mean': -0.2156311273574829, 'val_rmse_target_0': 0.8264192938804626, 'val_mae_target_0': 0.6186489462852478, 'val_r2_target_0': -0.2156311273574829}",COMPLETE
