number,value,datetime_start,datetime_complete,duration,params_aggregation,params_lr,params_weight_decay,user_attrs_val_metrics,state
0,0.49483733348272463,2026-01-31 11:16:13.732563,2026-01-31 11:16:56.287356,0 days 00:00:42.554793,attention,0.002503790493141632,1.6021899078938582e-06,"{'val_rmse_mean': 1.1075718402862549, 'val_mae_mean': 0.8905333280563354, 'val_r2_mean': -1.3636592626571655, 'val_rmse_target_0': 1.1271512508392334, 'val_mae_target_0': 0.8340164422988892, 'val_r2_target_0': -2.2344884872436523, 'val_rmse_target_1': 1.0100539922714233, 'val_mae_target_1': 0.7842209339141846, 'val_r2_target_1': -0.6144707202911377, 'val_rmse_target_2': 1.1148748397827148, 'val_mae_target_2': 0.9604512453079224, 'val_r2_target_2': -0.596826434135437, 'val_rmse_target_3': 1.1782071590423584, 'val_mae_target_3': 0.9834445714950562, 'val_r2_target_3': -2.008852481842041}",COMPLETE
1,0.517817136866075,2026-01-31 11:16:56.432224,2026-01-31 11:17:37.383784,0 days 00:00:40.951560,attention,0.0024123988420237923,2.5786609222195195e-06,"{'val_rmse_mean': 1.1434762477874756, 'val_mae_mean': 0.8944500088691711, 'val_r2_mean': -0.9849469661712646, 'val_rmse_target_0': 1.140608549118042, 'val_mae_target_0': 0.807940661907196, 'val_r2_target_0': -0.8409361839294434, 'val_rmse_target_1': 0.9933469891548157, 'val_mae_target_1': 0.7725494503974915, 'val_r2_target_1': -0.11615228652954102, 'val_rmse_target_2': 1.0977718830108643, 'val_mae_target_2': 0.9464901089668274, 'val_r2_target_2': -0.9937258958816528, 'val_rmse_target_3': 1.3421778678894043, 'val_mae_target_3': 1.0508198738098145, 'val_r2_target_3': -1.9889733791351318}",COMPLETE
2,0.37030962675257967,2026-01-31 11:17:37.527129,2026-01-31 11:18:15.222984,0 days 00:00:37.695855,mean,0.0002715172475392413,9.793400264389604e-05,"{'val_rmse_mean': 0.9424365758895874, 'val_mae_mean': 0.7019343972206116, 'val_r2_mean': -10.755681037902832, 'val_rmse_target_0': 0.9168834090232849, 'val_mae_target_0': 0.6212573051452637, 'val_r2_target_0': -8.767823219299316, 'val_rmse_target_1': 0.8208441734313965, 'val_mae_target_1': 0.5771648287773132, 'val_r2_target_1': -3.5339794158935547, 'val_rmse_target_2': 1.012267827987671, 'val_mae_target_2': 0.8857998847961426, 'val_r2_target_2': -15.219985961914062, 'val_rmse_target_3': 1.019750952720642, 'val_mae_target_3': 0.7235155701637268, 'val_r2_target_3': -15.500936508178711}",COMPLETE
3,0.423319929037933,2026-01-31 11:18:15.366109,2026-01-31 11:18:57.306575,0 days 00:00:41.940466,attention,0.0006956172002056086,8.287685884758657e-06,"{'val_rmse_mean': 1.0263679027557373, 'val_mae_mean': 0.7800658941268921, 'val_r2_mean': -2.4680495262145996, 'val_rmse_target_0': 1.029586672782898, 'val_mae_target_0': 0.7344561815261841, 'val_r2_target_0': -1.422123908996582, 'val_rmse_target_1': 0.8916297554969788, 'val_mae_target_1': 0.6396744251251221, 'val_r2_target_1': -2.340475559234619, 'val_rmse_target_2': 0.9746707677841187, 'val_mae_target_2': 0.7948226928710938, 'val_r2_target_2': -1.3501222133636475, 'val_rmse_target_3': 1.2095844745635986, 'val_mae_target_3': 0.9513102173805237, 'val_r2_target_3': -4.759476661682129}",COMPLETE
4,0.4106281757423723,2026-01-31 11:18:57.449302,2026-01-31 11:19:35.750649,0 days 00:00:38.301347,mean,0.0007189688621654838,4.013801381574011e-06,"{'val_rmse_mean': 1.0008102655410767, 'val_mae_mean': 0.7622465491294861, 'val_r2_mean': -4.726414680480957, 'val_rmse_target_0': 0.9661346077919006, 'val_mae_target_0': 0.7083503007888794, 'val_r2_target_0': -2.2802700996398926, 'val_rmse_target_1': 0.9585150480270386, 'val_mae_target_1': 0.6810795068740845, 'val_r2_target_1': -4.2108964920043945, 'val_rmse_target_2': 1.0253825187683105, 'val_mae_target_2': 0.8696556687355042, 'val_r2_target_2': -4.103427886962891, 'val_rmse_target_3': 1.053208827972412, 'val_mae_target_3': 0.7899007201194763, 'val_r2_target_3': -8.311066627502441}",COMPLETE
5,0.3984091389510367,2026-01-31 11:19:35.896049,2026-01-31 11:20:15.076552,0 days 00:00:39.180503,attention,0.0004160847859347955,1.1076910188770779e-05,"{'val_rmse_mean': 0.9767636060714722, 'val_mae_mean': 0.7304731011390686, 'val_r2_mean': -5.18019962310791, 'val_rmse_target_0': 0.8630890250205994, 'val_mae_target_0': 0.6173155903816223, 'val_r2_target_0': -3.1392979621887207, 'val_rmse_target_1': 0.8854168653488159, 'val_mae_target_1': 0.6249836087226868, 'val_r2_target_1': -2.5072555541992188, 'val_rmse_target_2': 1.064275860786438, 'val_mae_target_2': 0.9041732549667358, 'val_r2_target_2': -3.41162109375, 'val_rmse_target_3': 1.0942727327346802, 'val_mae_target_3': 0.7754198908805847, 'val_r2_target_3': -11.66262149810791}",COMPLETE
6,0.5157442666866161,2026-01-31 11:20:15.221076,2026-01-31 11:20:52.080894,0 days 00:00:36.859818,mean,0.005256331689502006,0.00029566716143639984,"{'val_rmse_mean': 1.1198890209197998, 'val_mae_mean': 0.8888322114944458, 'val_r2_mean': -0.9245091676712036, 'val_rmse_target_0': 1.1455078125, 'val_mae_target_0': 0.9191097021102905, 'val_r2_target_0': -1.0409677028656006, 'val_rmse_target_1': 0.9022417068481445, 'val_mae_target_1': 0.6668105125427246, 'val_r2_target_1': -0.40878522396087646, 'val_rmse_target_2': 1.2186485528945923, 'val_mae_target_2': 0.9452624917030334, 'val_r2_target_2': -0.761360764503479, 'val_rmse_target_3': 1.2131582498550415, 'val_mae_target_3': 1.0241461992263794, 'val_r2_target_3': -1.4869225025177002}",COMPLETE
7,0.3927295256268095,2026-01-31 11:20:52.224181,2026-01-31 11:21:32.960931,0 days 00:00:40.736750,attention,0.0005300566084825208,0.0011256563227996122,"{'val_rmse_mean': 0.982239842414856, 'val_mae_mean': 0.7381670475006104, 'val_r2_mean': -4.536540985107422, 'val_rmse_target_0': 0.9328562021255493, 'val_mae_target_0': 0.6339947581291199, 'val_r2_target_0': -2.5161750316619873, 'val_rmse_target_1': 1.0272444486618042, 'val_mae_target_1': 0.736889123916626, 'val_r2_target_1': -4.71382474899292, 'val_rmse_target_2': 0.8995564579963684, 'val_mae_target_2': 0.7562053799629211, 'val_r2_target_2': -4.045024394989014, 'val_rmse_target_3': 1.0693023204803467, 'val_mae_target_3': 0.8255788087844849, 'val_r2_target_3': -6.871138572692871}",COMPLETE
8,0.5125828479175214,2026-01-31 11:21:33.105376,2026-01-31 11:22:10.465439,0 days 00:00:37.360063,mean,0.0036322141301903294,5.899718697259731e-05,"{'val_rmse_mean': 1.1233835220336914, 'val_mae_mean': 0.9070392847061157, 'val_r2_mean': -1.158392071723938, 'val_rmse_target_0': 1.1248128414154053, 'val_mae_target_0': 0.9164955615997314, 'val_r2_target_0': -1.0910687446594238, 'val_rmse_target_1': 1.00606107711792, 'val_mae_target_1': 0.7427212595939636, 'val_r2_target_1': -0.8835093975067139, 'val_rmse_target_2': 1.1478440761566162, 'val_mae_target_2': 0.9317067265510559, 'val_r2_target_2': -0.9144295454025269, 'val_rmse_target_3': 1.2148160934448242, 'val_mae_target_3': 1.0372337102890015, 'val_r2_target_3': -1.744560718536377}",COMPLETE
9,0.44011617203553516,2026-01-31 11:22:10.610805,2026-01-31 11:22:51.841650,0 days 00:00:41.230845,attention,0.0005978232422795017,2.9959311469840715e-06,"{'val_rmse_mean': 1.0580207109451294, 'val_mae_mean': 0.7933026552200317, 'val_r2_mean': -4.074767589569092, 'val_rmse_target_0': 1.0394024848937988, 'val_mae_target_0': 0.7577912211418152, 'val_r2_target_0': -2.1509737968444824, 'val_rmse_target_1': 1.0408587455749512, 'val_mae_target_1': 0.7137368321418762, 'val_r2_target_1': -4.676753520965576, 'val_rmse_target_2': 0.9409798979759216, 'val_mae_target_2': 0.823807954788208, 'val_r2_target_2': -3.4954347610473633, 'val_rmse_target_3': 1.2108416557312012, 'val_mae_target_3': 0.8778747320175171, 'val_r2_target_3': -5.975912094116211}",COMPLETE
10,0.38903184110919636,2026-01-31 11:22:51.984158,2026-01-31 11:23:29.480367,0 days 00:00:37.496209,mean,0.00010088003238987802,0.002412700984640341,"{'val_rmse_mean': 0.9904933571815491, 'val_mae_mean': 0.7460454702377319, 'val_r2_mean': -16.2803955078125, 'val_rmse_target_0': 0.9785244464874268, 'val_mae_target_0': 0.6575724482536316, 'val_r2_target_0': -9.75250244140625, 'val_rmse_target_1': 0.9842787384986877, 'val_mae_target_1': 0.747299075126648, 'val_r2_target_1': -15.463205337524414, 'val_rmse_target_2': 0.965864360332489, 'val_mae_target_2': 0.843346118927002, 'val_r2_target_2': -13.419862747192383, 'val_rmse_target_3': 1.0333058834075928, 'val_mae_target_3': 0.7359641790390015, 'val_r2_target_3': -26.486003875732422}",COMPLETE
11,0.3788806055155065,2026-01-31 11:23:29.624175,2026-01-31 11:24:05.621279,0 days 00:00:35.997104,mean,0.00010334079838480974,0.0062396870991378,"{'val_rmse_mean': 0.9712003469467163, 'val_mae_mean': 0.7287309765815735, 'val_r2_mean': -13.527813911437988, 'val_rmse_target_0': 0.9424984455108643, 'val_mae_target_0': 0.6761717200279236, 'val_r2_target_0': -11.175039291381836, 'val_rmse_target_1': 0.9979073405265808, 'val_mae_target_1': 0.7112921476364136, 'val_r2_target_1': -12.838309288024902, 'val_rmse_target_2': 0.9273201823234558, 'val_mae_target_2': 0.7942555546760559, 'val_r2_target_2': -9.57393741607666, 'val_rmse_target_3': 1.0170754194259644, 'val_mae_target_3': 0.7332046031951904, 'val_r2_target_3': -20.523971557617188}",COMPLETE
12,0.42962689232081175,2026-01-31 11:24:05.765301,2026-01-31 11:24:42.601968,0 days 00:00:36.836667,mean,0.00010133117881070849,7.282994036417827e-05,"{'val_rmse_mean': 1.0438017845153809, 'val_mae_mean': 0.7817627191543579, 'val_r2_mean': -15.51437759399414, 'val_rmse_target_0': 1.0921648740768433, 'val_mae_target_0': 0.7482428550720215, 'val_r2_target_0': -16.100141525268555, 'val_rmse_target_1': 0.9800455570220947, 'val_mae_target_1': 0.723060667514801, 'val_r2_target_1': -16.970687866210938, 'val_rmse_target_2': 1.0235649347305298, 'val_mae_target_2': 0.8677462935447693, 'val_r2_target_2': -18.15192985534668, 'val_rmse_target_3': 1.0794320106506348, 'val_mae_target_3': 0.7880011796951294, 'val_r2_target_3': -10.834741592407227}",COMPLETE
13,0.38759730356159033,2026-01-31 11:24:42.746141,2026-01-31 11:25:20.221369,0 days 00:00:37.475228,mean,0.00022840418188767566,0.006286913719403045,"{'val_rmse_mean': 0.9813789129257202, 'val_mae_mean': 0.7377322912216187, 'val_r2_mean': -13.01550579071045, 'val_rmse_target_0': 0.9405317902565002, 'val_mae_target_0': 0.6307520866394043, 'val_r2_target_0': -8.318553924560547, 'val_rmse_target_1': 0.9327656030654907, 'val_mae_target_1': 0.7245081663131714, 'val_r2_target_1': -10.259963989257812, 'val_rmse_target_2': 1.0016509294509888, 'val_mae_target_2': 0.8664047718048096, 'val_r2_target_2': -10.917299270629883, 'val_rmse_target_3': 1.0505670309066772, 'val_mae_target_3': 0.7292641997337341, 'val_r2_target_3': -22.566200256347656}",COMPLETE
14,0.3740222603082657,2026-01-31 11:25:20.365290,2026-01-31 11:25:57.139501,0 days 00:00:36.774211,mean,0.00020365104446882178,0.00038136643504647173,"{'val_rmse_mean': 0.9722914695739746, 'val_mae_mean': 0.7113950252532959, 'val_r2_mean': -16.888591766357422, 'val_rmse_target_0': 1.00351881980896, 'val_mae_target_0': 0.6500915884971619, 'val_r2_target_0': -10.842751502990723, 'val_rmse_target_1': 0.9140855073928833, 'val_mae_target_1': 0.6829136610031128, 'val_r2_target_1': -10.240696907043457, 'val_rmse_target_2': 0.960896372795105, 'val_mae_target_2': 0.826813280582428, 'val_r2_target_2': -18.788692474365234, 'val_rmse_target_3': 1.0106651782989502, 'val_mae_target_3': 0.6857617497444153, 'val_r2_target_3': -27.682220458984375}",COMPLETE
15,0.36646393431281604,2026-01-31 11:25:57.285097,2026-01-31 11:26:35.045461,0 days 00:00:37.760364,mean,0.00025400320859318107,0.00023903539410142173,"{'val_rmse_mean': 0.9417586326599121, 'val_mae_mean': 0.708163321018219, 'val_r2_mean': -10.058616638183594, 'val_rmse_target_0': 0.9324809908866882, 'val_mae_target_0': 0.6245574355125427, 'val_r2_target_0': -10.113054275512695, 'val_rmse_target_1': 0.8660616874694824, 'val_mae_target_1': 0.673294723033905, 'val_r2_target_1': -5.861559867858887, 'val_rmse_target_2': 0.9869511723518372, 'val_mae_target_2': 0.8599520325660706, 'val_r2_target_2': -9.656824111938477, 'val_rmse_target_3': 0.9815406799316406, 'val_mae_target_3': 0.6748490929603577, 'val_r2_target_3': -14.603028297424316}",COMPLETE
16,0.3789657041154526,2026-01-31 11:26:35.189120,2026-01-31 11:27:13.211831,0 days 00:00:38.022711,mean,0.00026360647349357627,2.931998333973988e-05,"{'val_rmse_mean': 0.9541847705841064, 'val_mae_mean': 0.7352921366691589, 'val_r2_mean': -9.95029067993164, 'val_rmse_target_0': 0.9090814590454102, 'val_mae_target_0': 0.6618731617927551, 'val_r2_target_0': -6.3058953285217285, 'val_rmse_target_1': 0.938110888004303, 'val_mae_target_1': 0.6972960829734802, 'val_r2_target_1': -11.073760986328125, 'val_rmse_target_2': 0.9245412349700928, 'val_mae_target_2': 0.8007965683937073, 'val_r2_target_2': -7.895895957946777, 'val_rmse_target_3': 1.0450056791305542, 'val_mae_target_3': 0.7812027931213379, 'val_r2_target_3': -14.525615692138672}",COMPLETE
17,0.42813149674071205,2026-01-31 11:27:13.355572,2026-01-31 11:27:50.006543,0 days 00:00:36.650971,mean,0.0016007026938854561,0.0003168252089352677,"{'val_rmse_mean': 1.0204341411590576, 'val_mae_mean': 0.8007785081863403, 'val_r2_mean': -1.740970492362976, 'val_rmse_target_0': 1.0128313302993774, 'val_mae_target_0': 0.786474883556366, 'val_r2_target_0': -1.3750660419464111, 'val_rmse_target_1': 0.9046329855918884, 'val_mae_target_1': 0.6514207124710083, 'val_r2_target_1': -1.4042904376983643, 'val_rmse_target_2': 1.0018436908721924, 'val_mae_target_2': 0.8260306119918823, 'val_r2_target_2': -1.3100314140319824, 'val_rmse_target_3': 1.162428379058838, 'val_mae_target_3': 0.9391879439353943, 'val_r2_target_3': -2.8744943141937256}",COMPLETE
18,0.5375174529574536,2026-01-31 11:27:50.150069,2026-01-31 11:28:27.332803,0 days 00:00:37.182734,mean,0.009000338983625303,0.00015729665978765156,"{'val_rmse_mean': 1.1528828144073486, 'val_mae_mean': 0.9177137613296509, 'val_r2_mean': -0.9396243691444397, 'val_rmse_target_0': 1.1889197826385498, 'val_mae_target_0': 0.9697045087814331, 'val_r2_target_0': -0.9817565679550171, 'val_rmse_target_1': 0.9930486679077148, 'val_mae_target_1': 0.7023765444755554, 'val_r2_target_1': -0.9126631021499634, 'val_rmse_target_2': 1.2090734243392944, 'val_mae_target_2': 0.9504973888397217, 'val_r2_target_2': -0.6235018968582153, 'val_rmse_target_3': 1.220489740371704, 'val_mae_target_3': 1.048276662826538, 'val_r2_target_3': -1.2405757904052734}",COMPLETE
19,0.4041652704278628,2026-01-31 11:28:27.475245,2026-01-31 11:29:06.085608,0 days 00:00:38.610363,mean,0.0011043947305883926,2.95863212000724e-05,"{'val_rmse_mean': 0.9983657598495483, 'val_mae_mean': 0.765587568283081, 'val_r2_mean': -3.1214168071746826, 'val_rmse_target_0': 1.0337285995483398, 'val_mae_target_0': 0.7792457938194275, 'val_r2_target_0': -2.3273987770080566, 'val_rmse_target_1': 0.8944205641746521, 'val_mae_target_1': 0.6192958950996399, 'val_r2_target_1': -3.031383514404297, 'val_rmse_target_2': 0.9625200629234314, 'val_mae_target_2': 0.8068878650665283, 'val_r2_target_2': -1.5815255641937256, 'val_rmse_target_3': 1.1027936935424805, 'val_mae_target_3': 0.8569207191467285, 'val_r2_target_3': -5.5453596115112305}",COMPLETE
20,0.39328403881302587,2026-01-31 11:29:06.230484,2026-01-31 11:29:44.121374,0 days 00:00:37.890890,mean,0.0003687104381223436,0.0009761466867351744,"{'val_rmse_mean': 0.9859721660614014, 'val_mae_mean': 0.7318481802940369, 'val_r2_mean': -8.604848861694336, 'val_rmse_target_0': 0.9293493032455444, 'val_mae_target_0': 0.6411904096603394, 'val_r2_target_0': -5.619810104370117, 'val_rmse_target_1': 0.9649370908737183, 'val_mae_target_1': 0.6903884410858154, 'val_r2_target_1': -6.283135414123535, 'val_rmse_target_2': 0.9862741231918335, 'val_mae_target_2': 0.8486441373825073, 'val_r2_target_2': -7.3268632888793945, 'val_rmse_target_3': 1.0633283853530884, 'val_mae_target_3': 0.7471697926521301, 'val_r2_target_3': -15.189590454101562}",COMPLETE
21,0.38138964496276995,2026-01-31 11:29:44.265194,2026-01-31 11:30:22.126492,0 days 00:00:37.861298,mean,0.0001835265366306987,0.00042110554590486717,"{'val_rmse_mean': 0.9713159799575806, 'val_mae_mean': 0.7241140604019165, 'val_r2_mean': -20.725677490234375, 'val_rmse_target_0': 0.8690577149391174, 'val_mae_target_0': 0.5569850206375122, 'val_r2_target_0': -7.69666862487793, 'val_rmse_target_1': 0.9322272539138794, 'val_mae_target_1': 0.6925792098045349, 'val_r2_target_1': -19.171123504638672, 'val_rmse_target_2': 1.0359939336776733, 'val_mae_target_2': 0.9039263129234314, 'val_r2_target_2': -31.697772979736328, 'val_rmse_target_3': 1.0479849576950073, 'val_mae_target_3': 0.7429656982421875, 'val_r2_target_3': -24.33715057373047}",COMPLETE
22,0.3692968475321929,2026-01-31 11:30:22.272133,2026-01-31 11:31:00.772490,0 days 00:00:38.500357,mean,0.00016724038926698513,0.00012605923372491137,"{'val_rmse_mean': 0.9602130055427551, 'val_mae_mean': 0.7073512077331543, 'val_r2_mean': -15.621309280395508, 'val_rmse_target_0': 0.9420604705810547, 'val_mae_target_0': 0.6260260343551636, 'val_r2_target_0': -14.676057815551758, 'val_rmse_target_1': 0.9059984683990479, 'val_mae_target_1': 0.6841212511062622, 'val_r2_target_1': -7.963021278381348, 'val_rmse_target_2': 0.9713039994239807, 'val_mae_target_2': 0.8264048099517822, 'val_r2_target_2': -16.614416122436523, 'val_rmse_target_3': 1.021489143371582, 'val_mae_target_3': 0.692852795124054, 'val_r2_target_3': -23.23174285888672}",COMPLETE
23,0.3929023677828135,2026-01-31 11:31:00.917524,2026-01-31 11:31:38.227036,0 days 00:00:37.309512,mean,0.0001529656227572895,0.00012567356181583645,"{'val_rmse_mean': 0.9822136163711548, 'val_mae_mean': 0.7462458610534668, 'val_r2_mean': -14.973262786865234, 'val_rmse_target_0': 0.9466641545295715, 'val_mae_target_0': 0.6301827430725098, 'val_r2_target_0': -15.34320068359375, 'val_rmse_target_1': 0.9238435626029968, 'val_mae_target_1': 0.7093443274497986, 'val_r2_target_1': -16.282596588134766, 'val_rmse_target_2': 1.034044861793518, 'val_mae_target_2': 0.9082254767417908, 'val_r2_target_2': -13.750362396240234, 'val_rmse_target_3': 1.0243020057678223, 'val_mae_target_3': 0.7372307777404785, 'val_r2_target_3': -14.516886711120605}",COMPLETE
24,0.405552053893054,2026-01-31 11:31:38.370868,2026-01-31 11:32:13.686607,0 days 00:00:35.315739,mean,0.00028875484104623814,3.271468492094386e-05,"{'val_rmse_mean': 1.0092625617980957, 'val_mae_mean': 0.7459076642990112, 'val_r2_mean': -14.653984069824219, 'val_rmse_target_0': 1.0054000616073608, 'val_mae_target_0': 0.6773476600646973, 'val_r2_target_0': -8.398974418640137, 'val_rmse_target_1': 1.0030710697174072, 'val_mae_target_1': 0.7547809481620789, 'val_r2_target_1': -9.2156982421875, 'val_rmse_target_2': 1.0260204076766968, 'val_mae_target_2': 0.8633716106414795, 'val_r2_target_2': -11.539043426513672, 'val_rmse_target_3': 1.0025588274002075, 'val_mae_target_3': 0.688130259513855, 'val_r2_target_3': -29.462217330932617}",COMPLETE
25,0.3931615211897426,2026-01-31 11:32:13.829756,2026-01-31 11:32:52.288172,0 days 00:00:38.458416,mean,0.00037914710766167177,0.0009143661603214255,"{'val_rmse_mean': 0.9759500622749329, 'val_mae_mean': 0.7546074390411377, 'val_r2_mean': -9.240360260009766, 'val_rmse_target_0': 0.9343051314353943, 'val_mae_target_0': 0.6884204149246216, 'val_r2_target_0': -3.6404271125793457, 'val_rmse_target_1': 0.9184494018554688, 'val_mae_target_1': 0.6941967606544495, 'val_r2_target_1': -7.947918891906738, 'val_rmse_target_2': 1.0087718963623047, 'val_mae_target_2': 0.8914366364479065, 'val_r2_target_2': -8.812145233154297, 'val_rmse_target_3': 1.042273759841919, 'val_mae_target_3': 0.744376003742218, 'val_r2_target_3': -16.560949325561523}",COMPLETE
26,0.39812410760808875,2026-01-31 11:32:52.432563,2026-01-31 11:33:30.694296,0 days 00:00:38.261733,mean,0.00013855137781132448,0.0001270569640624928,"{'val_rmse_mean': 1.0054190158843994, 'val_mae_mean': 0.7377540469169617, 'val_r2_mean': -14.188167572021484, 'val_rmse_target_0': 0.9752456545829773, 'val_mae_target_0': 0.6663681268692017, 'val_r2_target_0': -10.060830116271973, 'val_rmse_target_1': 0.9560208916664124, 'val_mae_target_1': 0.6643990874290466, 'val_r2_target_1': -21.989200592041016, 'val_rmse_target_2': 0.9874056577682495, 'val_mae_target_2': 0.8619033098220825, 'val_r2_target_2': -12.153603553771973, 'val_rmse_target_3': 1.103003978729248, 'val_mae_target_3': 0.7583458423614502, 'val_r2_target_3': -12.549034118652344}",COMPLETE
27,0.4292311007501902,2026-01-31 11:33:30.839237,2026-01-31 11:34:09.926338,0 days 00:00:39.087101,mean,0.0010230884767625423,1.572987106249907e-05,"{'val_rmse_mean': 1.0170692205429077, 'val_mae_mean': 0.7974793910980225, 'val_r2_mean': -2.869272232055664, 'val_rmse_target_0': 0.9897303581237793, 'val_mae_target_0': 0.7503125667572021, 'val_r2_target_0': -1.6650214195251465, 'val_rmse_target_1': 0.9331374764442444, 'val_mae_target_1': 0.6791057586669922, 'val_r2_target_1': -2.382753372192383, 'val_rmse_target_2': 1.009546160697937, 'val_mae_target_2': 0.8622950315475464, 'val_r2_target_2': -2.0359511375427246, 'val_rmse_target_3': 1.1358627080917358, 'val_mae_target_3': 0.8982044458389282, 'val_r2_target_3': -5.393363952636719}",COMPLETE
