number,value,datetime_start,datetime_complete,duration,params_batch_size,params_dropout,params_lr,params_num_conv_layers,params_path_attention_type,params_path_dim,params_regressor_dim,params_ts_out_channels,params_weight_decay,user_attrs_val_metrics,state
189,0.3519682067411917,2026-01-29 13:26:30.354924,2026-01-29 13:27:13.601072,0 days 00:00:43.246148,16,0.3882402443507244,0.00012374108383861982,2,mean,4,256,16,0.0016974463727305212,"{'val_rmse_mean': 0.9472554922103882, 'val_mae_mean': 0.6930835247039795, 'val_r2_mean': -17.40810203552246, 'val_rmse_target_0': 1.0256364345550537, 'val_mae_target_0': 0.664556086063385, 'val_r2_target_0': -23.458539962768555, 'val_rmse_target_1': 0.9452041983604431, 'val_mae_target_1': 0.6619483232498169, 'val_r2_target_1': -11.517873764038086, 'val_rmse_target_2': 0.7791771292686462, 'val_mae_target_2': 0.6805310845375061, 'val_r2_target_2': -2.0345065593719482, 'val_rmse_target_3': 1.0390042066574097, 'val_mae_target_3': 0.76529860496521, 'val_r2_target_3': -32.62148666381836}",COMPLETE
190,0.3629240624054714,2026-01-29 13:27:13.672080,2026-01-29 13:27:58.257324,0 days 00:00:44.585244,16,0.33058503068174055,0.00011978374872310789,2,mean,8,32,16,0.002201582757334227,"{'val_rmse_mean': 0.967812180519104, 'val_mae_mean': 0.6951644420623779, 'val_r2_mean': -59.794677734375, 'val_rmse_target_0': 1.003952980041504, 'val_mae_target_0': 0.632215142250061, 'val_r2_target_0': -88.15925598144531, 'val_rmse_target_1': 0.9873165488243103, 'val_mae_target_1': 0.6934197545051575, 'val_r2_target_1': -48.62285232543945, 'val_rmse_target_2': 0.9256309866905212, 'val_mae_target_2': 0.7888420224189758, 'val_r2_target_2': -27.835233688354492, 'val_rmse_target_3': 0.954348087310791, 'val_mae_target_3': 0.6661808490753174, 'val_r2_target_3': -74.56137084960938}",COMPLETE
191,0.36088048694310365,2026-01-29 13:27:58.328792,2026-01-29 13:28:42.375670,0 days 00:00:44.046878,16,0.39677863994366824,0.00014211655347439107,2,mean,4,256,16,0.0017905562845982777,"{'val_rmse_mean': 0.9594254493713379, 'val_mae_mean': 0.7066832184791565, 'val_r2_mean': -20.140527725219727, 'val_rmse_target_0': 1.0073262453079224, 'val_mae_target_0': 0.6593230366706848, 'val_r2_target_0': -29.91051483154297, 'val_rmse_target_1': 0.9725521206855774, 'val_mae_target_1': 0.6995012760162354, 'val_r2_target_1': -8.808228492736816, 'val_rmse_target_2': 0.7806538939476013, 'val_mae_target_2': 0.6879505515098572, 'val_r2_target_2': -1.5023176670074463, 'val_rmse_target_3': 1.0771695375442505, 'val_mae_target_3': 0.7799579501152039, 'val_r2_target_3': -40.34104537963867}",COMPLETE
192,0.3518739970469916,2026-01-29 13:28:42.446839,2026-01-29 13:29:26.893119,0 days 00:00:44.446280,16,0.39775481427087783,0.0001555492877758853,2,mean,4,256,16,0.0017933677723876507,"{'val_rmse_mean': 0.949192225933075, 'val_mae_mean': 0.6906973719596863, 'val_r2_mean': -16.73684310913086, 'val_rmse_target_0': 1.024260401725769, 'val_mae_target_0': 0.6658942699432373, 'val_r2_target_0': -22.61064910888672, 'val_rmse_target_1': 0.9569466710090637, 'val_mae_target_1': 0.67597895860672, 'val_r2_target_1': -10.526358604431152, 'val_rmse_target_2': 0.7626669406890869, 'val_mae_target_2': 0.6619875431060791, 'val_r2_target_2': -1.6583805084228516, 'val_rmse_target_3': 1.0528948307037354, 'val_mae_target_3': 0.7589287757873535, 'val_r2_target_3': -32.15199279785156}",COMPLETE
193,0.3499680608510971,2026-01-29 13:29:26.965062,2026-01-29 13:30:12.558767,0 days 00:00:45.593705,16,0.39095387451060815,0.00011408363026822835,2,mean,4,256,16,0.0015568470906017682,"{'val_rmse_mean': 0.9487158060073853, 'val_mae_mean': 0.6869769096374512, 'val_r2_mean': -24.04925537109375, 'val_rmse_target_0': 1.0221986770629883, 'val_mae_target_0': 0.6468081474304199, 'val_r2_target_0': -37.07639694213867, 'val_rmse_target_1': 0.9605286121368408, 'val_mae_target_1': 0.6798049211502075, 'val_r2_target_1': -12.620447158813477, 'val_rmse_target_2': 0.7649369835853577, 'val_mae_target_2': 0.6668580174446106, 'val_r2_target_2': -2.6045081615448, 'val_rmse_target_3': 1.0471988916397095, 'val_mae_target_3': 0.7544364333152771, 'val_r2_target_3': -43.89567947387695}",COMPLETE
194,0.35189546851648223,2026-01-29 13:30:12.632543,2026-01-29 13:30:58.006407,0 days 00:00:45.373864,16,0.399308867150593,0.00013139392829083802,2,mean,4,256,16,0.0016564346635922563,"{'val_rmse_mean': 0.9507208466529846, 'val_mae_mean': 0.6931084394454956, 'val_r2_mean': -21.341262817382812, 'val_rmse_target_0': 1.0047794580459595, 'val_mae_target_0': 0.6455501914024353, 'val_r2_target_0': -32.83845901489258, 'val_rmse_target_1': 0.9543208479881287, 'val_mae_target_1': 0.6782554984092712, 'val_r2_target_1': -11.122519493103027, 'val_rmse_target_2': 0.7751787304878235, 'val_mae_target_2': 0.6854965090751648, 'val_r2_target_2': -1.8463363647460938, 'val_rmse_target_3': 1.0686044692993164, 'val_mae_target_3': 0.7631317377090454, 'val_r2_target_3': -39.5577392578125}",COMPLETE
195,0.35578747314435466,2026-01-29 13:30:58.078273,2026-01-29 13:31:41.840409,0 days 00:00:43.762136,16,0.38400595512201224,0.0001689686902812504,2,mean,4,256,16,0.001837523843879305,"{'val_rmse_mean': 0.9531739950180054, 'val_mae_mean': 0.6995477080345154, 'val_r2_mean': -17.060653686523438, 'val_rmse_target_0': 1.0244148969650269, 'val_mae_target_0': 0.6661638617515564, 'val_r2_target_0': -22.035564422607422, 'val_rmse_target_1': 0.9691256284713745, 'val_mae_target_1': 0.7046456336975098, 'val_r2_target_1': -8.012430191040039, 'val_rmse_target_2': 0.7742419242858887, 'val_mae_target_2': 0.6746513247489929, 'val_r2_target_2': -1.105273723602295, 'val_rmse_target_3': 1.044913649559021, 'val_mae_target_3': 0.7527299523353577, 'val_r2_target_3': -37.08934020996094}",COMPLETE
196,0.35056450797451866,2026-01-29 13:31:41.914965,2026-01-29 13:32:27.721300,0 days 00:00:45.806335,16,0.3750689531425371,0.00013877189966657333,2,static,4,256,16,0.0013681166234367564,"{'val_rmse_mean': 0.9504585266113281, 'val_mae_mean': 0.691116452217102, 'val_r2_mean': -20.823101043701172, 'val_rmse_target_0': 1.027181625366211, 'val_mae_target_0': 0.6698481440544128, 'val_r2_target_0': -25.47672462463379, 'val_rmse_target_1': 0.9757148623466492, 'val_mae_target_1': 0.6867087483406067, 'val_r2_target_1': -10.647461891174316, 'val_rmse_target_2': 0.7610581517219543, 'val_mae_target_2': 0.6672229766845703, 'val_r2_target_2': -1.4014105796813965, 'val_rmse_target_3': 1.037879467010498, 'val_mae_target_3': 0.7406860589981079, 'val_r2_target_3': -45.766815185546875}",COMPLETE
197,0.3739481592481887,2026-01-29 13:32:27.793325,2026-01-29 13:33:09.444284,0 days 00:00:41.650959,16,0.38401685628344095,0.00010287053522956616,2,mean,16,64,16,0.003522917640157069,"{'val_rmse_mean': 0.9842896461486816, 'val_mae_mean': 0.7162020802497864, 'val_r2_mean': -82.79606628417969, 'val_rmse_target_0': 1.0176713466644287, 'val_mae_target_0': 0.6667687296867371, 'val_r2_target_0': -69.26824188232422, 'val_rmse_target_1': 0.9688634872436523, 'val_mae_target_1': 0.6739289164543152, 'val_r2_target_1': -110.50624084472656, 'val_rmse_target_2': 0.9538475275039673, 'val_mae_target_2': 0.815980076789856, 'val_r2_target_2': -34.612483978271484, 'val_rmse_target_3': 0.9967759847640991, 'val_mae_target_3': 0.7081305980682373, 'val_r2_target_3': -116.79730224609375}",COMPLETE
198,0.34818501163412025,2026-01-29 13:33:09.516811,2026-01-29 13:33:56.492071,0 days 00:00:46.975260,16,0.3912073772791085,0.00015126034622660548,2,mean,4,256,16,0.002927655821996289,"{'val_rmse_mean': 0.9391210675239563, 'val_mae_mean': 0.6949099898338318, 'val_r2_mean': -16.827823638916016, 'val_rmse_target_0': 0.998638927936554, 'val_mae_target_0': 0.663433849811554, 'val_r2_target_0': -21.208349227905273, 'val_rmse_target_1': 0.9660681486129761, 'val_mae_target_1': 0.6975253224372864, 'val_r2_target_1': -9.882730484008789, 'val_rmse_target_2': 0.7505430579185486, 'val_mae_target_2': 0.6591657996177673, 'val_r2_target_2': -1.395136833190918, 'val_rmse_target_3': 1.041234016418457, 'val_mae_target_3': 0.7595150470733643, 'val_r2_target_3': -34.82508087158203}",COMPLETE
199,0.35177780246293106,2026-01-29 13:33:56.565501,2026-01-29 13:34:48.481012,0 days 00:00:51.915511,16,0.378378640305106,0.0001285140267130846,2,gated,4,256,16,0.0019393606014728858,"{'val_rmse_mean': 0.9543456435203552, 'val_mae_mean': 0.6897246837615967, 'val_r2_mean': -23.473159790039062, 'val_rmse_target_0': 1.0193095207214355, 'val_mae_target_0': 0.648417592048645, 'val_r2_target_0': -43.058937072753906, 'val_rmse_target_1': 0.9710027575492859, 'val_mae_target_1': 0.6815459132194519, 'val_r2_target_1': -12.826773643493652, 'val_rmse_target_2': 0.7689749002456665, 'val_mae_target_2': 0.6762128472328186, 'val_r2_target_2': -1.4605824947357178, 'val_rmse_target_3': 1.0580952167510986, 'val_mae_target_3': 0.7527225613594055, 'val_r2_target_3': -36.546348571777344}",COMPLETE
