number,value,datetime_start,datetime_complete,duration,params_batch_size,params_dropout,params_lr,params_num_conv_layers,params_path_attention_type,params_path_dim,params_regressor_dim,params_ts_out_channels,params_weight_decay,user_attrs_val_metrics,state
54,0.3581402483913634,2026-01-29 11:42:51.775895,2026-01-29 11:43:35.002031,0 days 00:00:43.226136,16,0.36568085473817946,8.00679606488566e-05,2,mean,4,256,16,0.0020255258735847664,"{'val_rmse_mean': 0.9629663825035095, 'val_mae_mean': 0.6962306499481201, 'val_r2_mean': -36.41398620605469, 'val_rmse_target_0': 1.0078325271606445, 'val_mae_target_0': 0.6548914909362793, 'val_r2_target_0': -46.87839126586914, 'val_rmse_target_1': 0.9802749752998352, 'val_mae_target_1': 0.6874986290931702, 'val_r2_target_1': -26.826618194580078, 'val_rmse_target_2': 0.8325725197792053, 'val_mae_target_2': 0.7134769558906555, 'val_r2_target_2': -5.539093494415283, 'val_rmse_target_3': 1.0311856269836426, 'val_mae_target_3': 0.729055643081665, 'val_r2_target_3': -66.41184997558594}",COMPLETE
55,0.3569474394812628,2026-01-29 11:43:35.074288,2026-01-29 11:44:20.755428,0 days 00:00:45.681140,16,0.3914414719683082,0.0002050716530718908,2,mean,4,128,16,0.0010720094325822507,"{'val_rmse_mean': 0.9646962881088257, 'val_mae_mean': 0.6927365660667419, 'val_r2_mean': -31.756637573242188, 'val_rmse_target_0': 1.0142953395843506, 'val_mae_target_0': 0.639456033706665, 'val_r2_target_0': -55.94306564331055, 'val_rmse_target_1': 0.9943981170654297, 'val_mae_target_1': 0.6924904584884644, 'val_r2_target_1': -24.090145111083984, 'val_rmse_target_2': 0.7987998127937317, 'val_mae_target_2': 0.6932060122489929, 'val_r2_target_2': -2.8331124782562256, 'val_rmse_target_3': 1.051291823387146, 'val_mae_target_3': 0.7457938194274902, 'val_r2_target_3': -44.16025161743164}",COMPLETE
56,0.35139215020117937,2026-01-29 11:44:20.828539,2026-01-29 11:45:06.118582,0 days 00:00:45.290043,16,0.3382546927883711,0.00013552050570669698,2,mean,4,256,16,0.004652749519835746,"{'val_rmse_mean': 0.9453663229942322, 'val_mae_mean': 0.6931646466255188, 'val_r2_mean': -20.04190444946289, 'val_rmse_target_0': 0.9994955062866211, 'val_mae_target_0': 0.6462504267692566, 'val_r2_target_0': -27.289051055908203, 'val_rmse_target_1': 0.9677531123161316, 'val_mae_target_1': 0.6909053325653076, 'val_r2_target_1': -12.831056594848633, 'val_rmse_target_2': 0.7702473998069763, 'val_mae_target_2': 0.6772540807723999, 'val_r2_target_2': -1.7501626014709473, 'val_rmse_target_3': 1.0439691543579102, 'val_mae_target_3': 0.7582486271858215, 'val_r2_target_3': -38.29734420776367}",COMPLETE
57,0.3494614081250297,2026-01-29 11:45:06.185380,2026-01-29 11:45:54.187022,0 days 00:00:48.001642,16,0.37682421223457174,0.00012198528278117427,2,gated,4,256,16,0.001617222009993529,"{'val_rmse_mean': 0.9472164511680603, 'val_mae_mean': 0.6863612532615662, 'val_r2_mean': -24.29733657836914, 'val_rmse_target_0': 0.998218297958374, 'val_mae_target_0': 0.6387064456939697, 'val_r2_target_0': -37.26773452758789, 'val_rmse_target_1': 0.9685533046722412, 'val_mae_target_1': 0.6832427978515625, 'val_r2_target_1': -15.707304000854492, 'val_rmse_target_2': 0.7823131084442139, 'val_mae_target_2': 0.6893622279167175, 'val_r2_target_2': -1.8044748306274414, 'val_rmse_target_3': 1.039781093597412, 'val_mae_target_3': 0.7341335415840149, 'val_r2_target_3': -42.40983581542969}",COMPLETE
58,0.36672814431841727,2026-01-29 11:45:54.254275,2026-01-29 11:46:41.541389,0 days 00:00:47.287114,16,0.3555076503508594,0.00010784602539008188,2,static,4,128,16,0.0021843895426700275,"{'val_rmse_mean': 0.9753506183624268, 'val_mae_mean': 0.7005911469459534, 'val_r2_mean': -50.246665954589844, 'val_rmse_target_0': 1.0124458074569702, 'val_mae_target_0': 0.6411598324775696, 'val_r2_target_0': -69.86507415771484, 'val_rmse_target_1': 0.9647811055183411, 'val_mae_target_1': 0.6660308241844177, 'val_r2_target_1': -38.79243469238281, 'val_rmse_target_2': 0.8910786509513855, 'val_mae_target_2': 0.7657508850097656, 'val_r2_target_2': -11.215871810913086, 'val_rmse_target_3': 1.0330967903137207, 'val_mae_target_3': 0.7294229865074158, 'val_r2_target_3': -81.11327362060547}",COMPLETE
59,0.36479657884963135,2026-01-29 11:46:41.608534,2026-01-29 11:47:29.400475,0 days 00:00:47.791941,16,0.28405907506952066,6.776569214011233e-05,2,mean,16,256,16,0.0037533800148776093,"{'val_rmse_mean': 0.9787924885749817, 'val_mae_mean': 0.6967050433158875, 'val_r2_mean': -98.90721130371094, 'val_rmse_target_0': 0.988335132598877, 'val_mae_target_0': 0.6130738258361816, 'val_r2_target_0': -168.50650024414062, 'val_rmse_target_1': 1.0035699605941772, 'val_mae_target_1': 0.6881663799285889, 'val_r2_target_1': -64.02392578125, 'val_rmse_target_2': 0.8934498429298401, 'val_mae_target_2': 0.7647753357887268, 'val_r2_target_2': -18.943143844604492, 'val_rmse_target_3': 1.0298149585723877, 'val_mae_target_3': 0.7208046317100525, 'val_r2_target_3': -144.15528869628906}",COMPLETE
60,0.3675035047862265,2026-01-29 11:47:29.466655,2026-01-29 11:48:14.866708,0 days 00:00:45.400053,16,0.14145963183002436,0.00023444379538959707,2,mean,4,256,16,0.008440583254403987,"{'val_rmse_mean': 0.9606521129608154, 'val_mae_mean': 0.7103986740112305, 'val_r2_mean': -9.686756134033203, 'val_rmse_target_0': 1.0175869464874268, 'val_mae_target_0': 0.6558969020843506, 'val_r2_target_0': -13.226470947265625, 'val_rmse_target_1': 0.9674564003944397, 'val_mae_target_1': 0.705220103263855, 'val_r2_target_1': -5.259976863861084, 'val_rmse_target_2': 0.7809288501739502, 'val_mae_target_2': 0.6787081956863403, 'val_r2_target_2': -0.23814308643341064, 'val_rmse_target_3': 1.0766361951828003, 'val_mae_target_3': 0.8017695546150208, 'val_r2_target_3': -20.022428512573242}",COMPLETE
61,0.3533814070677316,2026-01-29 11:48:14.933601,2026-01-29 11:48:59.998309,0 days 00:00:45.064708,16,0.38717200089956,0.00013064444178283464,2,mean,4,256,16,0.0012574228089217768,"{'val_rmse_mean': 0.9528336524963379, 'val_mae_mean': 0.6946824193000793, 'val_r2_mean': -24.791595458984375, 'val_rmse_target_0': 1.016461730003357, 'val_mae_target_0': 0.6577322483062744, 'val_r2_target_0': -39.72745132446289, 'val_rmse_target_1': 0.9917471408843994, 'val_mae_target_1': 0.6973332762718201, 'val_r2_target_1': -14.290202140808105, 'val_rmse_target_2': 0.779991865158081, 'val_mae_target_2': 0.6889665126800537, 'val_r2_target_2': -1.7593841552734375, 'val_rmse_target_3': 1.0231339931488037, 'val_mae_target_3': 0.7346975803375244, 'val_r2_target_3': -43.389366149902344}",COMPLETE
62,0.3563657095310865,2026-01-29 11:49:00.066945,2026-01-29 11:49:46.468783,0 days 00:00:46.401838,16,0.10406871222751604,8.859411469575623e-05,2,mean,4,256,16,0.0013508702227220811,"{'val_rmse_mean': 0.9590939283370972, 'val_mae_mean': 0.7006083130836487, 'val_r2_mean': -27.27030372619629, 'val_rmse_target_0': 1.0101433992385864, 'val_mae_target_0': 0.6510457396507263, 'val_r2_target_0': -52.18632125854492, 'val_rmse_target_1': 0.9772725701332092, 'val_mae_target_1': 0.6918565034866333, 'val_r2_target_1': -22.17889976501465, 'val_rmse_target_2': 0.7918100953102112, 'val_mae_target_2': 0.6935864090919495, 'val_r2_target_2': -2.886381149291992, 'val_rmse_target_3': 1.0571496486663818, 'val_mae_target_3': 0.7659447193145752, 'val_r2_target_3': -31.829608917236328}",COMPLETE
63,0.3556831190707507,2026-01-29 11:49:46.536377,2026-01-29 11:50:31.156774,0 days 00:00:44.620397,16,0.3915650011701644,9.929489139082604e-05,2,mean,4,256,16,0.0013204807751252849,"{'val_rmse_mean': 0.9661514759063721, 'val_mae_mean': 0.6914253830909729, 'val_r2_mean': -37.745574951171875, 'val_rmse_target_0': 1.0131564140319824, 'val_mae_target_0': 0.6304784417152405, 'val_r2_target_0': -63.80711364746094, 'val_rmse_target_1': 0.9810726642608643, 'val_mae_target_1': 0.6834266781806946, 'val_r2_target_1': -15.7109375, 'val_rmse_target_2': 0.8218110203742981, 'val_mae_target_2': 0.7206565737724304, 'val_r2_target_2': -3.673811912536621, 'val_rmse_target_3': 1.0485659837722778, 'val_mae_target_3': 0.7311398983001709, 'val_r2_target_3': -67.79045104980469}",COMPLETE
64,0.34846724004105284,2026-01-29 11:50:31.223339,2026-01-29 11:51:16.933875,0 days 00:00:45.710536,16,0.3724438283686132,0.00013893401759600235,2,mean,4,256,16,0.0017409444129418891,"{'val_rmse_mean': 0.9434527158737183, 'val_mae_mean': 0.6878631114959717, 'val_r2_mean': -22.48316192626953, 'val_rmse_target_0': 0.9943981170654297, 'val_mae_target_0': 0.6463268399238586, 'val_r2_target_0': -29.401683807373047, 'val_rmse_target_1': 0.9638956785202026, 'val_mae_target_1': 0.683932363986969, 'val_r2_target_1': -11.478302001953125, 'val_rmse_target_2': 0.7664985060691833, 'val_mae_target_2': 0.6740821599960327, 'val_r2_target_2': -1.3879649639129639, 'val_rmse_target_3': 1.0490185022354126, 'val_mae_target_3': 0.7471110820770264, 'val_r2_target_3': -47.66469955444336}",COMPLETE
65,0.35698836365783654,2026-01-29 11:51:17.000406,2026-01-29 11:52:02.823231,0 days 00:00:45.822825,16,0.39991970874443716,0.00016382207989539221,2,mean,4,256,16,0.001098982323063659,"{'val_rmse_mean': 0.9550957679748535, 'val_mae_mean': 0.696270227432251, 'val_r2_mean': -16.438188552856445, 'val_rmse_target_0': 1.0254837274551392, 'val_mae_target_0': 0.6548470854759216, 'val_r2_target_0': -28.304445266723633, 'val_rmse_target_1': 0.9761286377906799, 'val_mae_target_1': 0.7005227208137512, 'val_r2_target_1': -8.16025161743164, 'val_rmse_target_2': 0.7612544298171997, 'val_mae_target_2': 0.652437686920166, 'val_r2_target_2': -0.834190845489502, 'val_rmse_target_3': 1.0575162172317505, 'val_mae_target_3': 0.7772734761238098, 'val_r2_target_3': -28.453866958618164}",COMPLETE
66,0.36875763563094316,2026-01-29 11:52:02.894258,2026-01-29 11:52:47.666726,0 days 00:00:44.772468,16,0.21520997027656713,0.00014769120496314572,2,static,4,32,16,0.003136964641230439,"{'val_rmse_mean': 0.9730905294418335, 'val_mae_mean': 0.7041673064231873, 'val_r2_mean': -45.39362716674805, 'val_rmse_target_0': 0.9589158892631531, 'val_mae_target_0': 0.6224491000175476, 'val_r2_target_0': -44.51825714111328, 'val_rmse_target_1': 1.0330687761306763, 'val_mae_target_1': 0.7476990222930908, 'val_r2_target_1': -51.51669692993164, 'val_rmse_target_2': 0.879281222820282, 'val_mae_target_2': 0.7567042708396912, 'val_r2_target_2': -18.970129013061523, 'val_rmse_target_3': 1.021096110343933, 'val_mae_target_3': 0.6898167729377747, 'val_r2_target_3': -66.56941986083984}",COMPLETE
67,0.3492409172985289,2026-01-29 11:52:47.732691,2026-01-29 11:53:33.305974,0 days 00:00:45.573283,16,0.38291940646782274,0.0001811368638912777,2,mean,8,128,16,0.0014790285047529181,"{'val_rmse_mean': 0.9495974779129028, 'val_mae_mean': 0.6821556687355042, 'val_r2_mean': -39.9306640625, 'val_rmse_target_0': 0.9999510049819946, 'val_mae_target_0': 0.6330888271331787, 'val_r2_target_0': -52.85951614379883, 'val_rmse_target_1': 0.9814179539680481, 'val_mae_target_1': 0.6771283745765686, 'val_r2_target_1': -27.153705596923828, 'val_rmse_target_2': 0.788213312625885, 'val_mae_target_2': 0.6849406361579895, 'val_r2_target_2': -3.0996551513671875, 'val_rmse_target_3': 1.0288076400756836, 'val_mae_target_3': 0.7334649562835693, 'val_r2_target_3': -76.60977935791016}",COMPLETE
68,0.3497290967239274,2026-01-29 11:53:33.372578,2026-01-29 11:54:17.868941,0 days 00:00:44.496363,16,0.3458598330961386,0.00012413971455988668,2,mean,16,256,16,0.0026182196986648974,"{'val_rmse_mean': 0.948931097984314, 'val_mae_mean': 0.6849472522735596, 'val_r2_mean': -42.84741973876953, 'val_rmse_target_0': 1.0124067068099976, 'val_mae_target_0': 0.6407219767570496, 'val_r2_target_0': -79.7381820678711, 'val_rmse_target_1': 0.9445663094520569, 'val_mae_target_1': 0.6635390520095825, 'val_r2_target_1': -24.519411087036133, 'val_rmse_target_2': 0.820132315158844, 'val_mae_target_2': 0.7101384401321411, 'val_r2_target_2': -4.773434638977051, 'val_rmse_target_3': 1.0186190605163574, 'val_mae_target_3': 0.7253895998001099, 'val_r2_target_3': -62.358680725097656}",COMPLETE
69,0.3706098798731411,2026-01-29 11:54:17.935816,2026-01-29 11:55:01.774229,0 days 00:00:43.838413,16,0.3594572619433004,0.00011485886605411092,2,mean,4,64,16,0.0019940147251075765,"{'val_rmse_mean': 0.9837822914123535, 'val_mae_mean': 0.711014986038208, 'val_r2_mean': -54.17290496826172, 'val_rmse_target_0': 1.0002844333648682, 'val_mae_target_0': 0.6217331886291504, 'val_r2_target_0': -83.81197357177734, 'val_rmse_target_1': 1.0043110847473145, 'val_mae_target_1': 0.718005895614624, 'val_r2_target_1': -35.72344207763672, 'val_rmse_target_2': 0.9004484415054321, 'val_mae_target_2': 0.7717331051826477, 'val_r2_target_2': -9.258796691894531, 'val_rmse_target_3': 1.0300849676132202, 'val_mae_target_3': 0.7325878739356995, 'val_r2_target_3': -87.89737701416016}",COMPLETE
70,0.35241676384100207,2026-01-29 11:55:01.845367,2026-01-29 11:55:48.491949,0 days 00:00:46.646582,16,0.3177398388625894,0.00019605455503984208,2,static,4,256,16,0.0018321516758317254,"{'val_rmse_mean': 0.9452278017997742, 'val_mae_mean': 0.6927905082702637, 'val_r2_mean': -16.854393005371094, 'val_rmse_target_0': 1.0077793598175049, 'val_mae_target_0': 0.6482645869255066, 'val_r2_target_0': -25.89267921447754, 'val_rmse_target_1': 0.9508218765258789, 'val_mae_target_1': 0.6907311677932739, 'val_r2_target_1': -6.855605125427246, 'val_rmse_target_2': 0.7548711895942688, 'val_mae_target_2': 0.6497321128845215, 'val_r2_target_2': -0.5949009656906128, 'val_rmse_target_3': 1.0674388408660889, 'val_mae_target_3': 0.7824342250823975, 'val_r2_target_3': -34.07439422607422}",COMPLETE
71,0.35534774843189454,2026-01-29 11:55:48.557992,2026-01-29 11:56:34.704801,0 days 00:00:46.146809,16,0.37430758439099,0.00011253672210212649,2,mean,4,256,16,0.0016946222890447296,"{'val_rmse_mean': 0.958996057510376, 'val_mae_mean': 0.6903548836708069, 'val_r2_mean': -30.02920913696289, 'val_rmse_target_0': 1.023894190788269, 'val_mae_target_0': 0.6478548645973206, 'val_r2_target_0': -42.060245513916016, 'val_rmse_target_1': 0.9551260471343994, 'val_mae_target_1': 0.6602044105529785, 'val_r2_target_1': -17.235000610351562, 'val_rmse_target_2': 0.8129870891571045, 'val_mae_target_2': 0.7025249600410461, 'val_r2_target_2': -3.0142970085144043, 'val_rmse_target_3': 1.0439767837524414, 'val_mae_target_3': 0.7508354783058167, 'val_r2_target_3': -57.80730056762695}",COMPLETE
72,0.35246809599576173,2026-01-29 11:56:34.771924,2026-01-29 11:57:19.834222,0 days 00:00:45.062298,16,0.18707050064946407,0.00010354630443404312,2,mean,4,256,16,0.005196016856178848,"{'val_rmse_mean': 0.9509580135345459, 'val_mae_mean': 0.6939390897750854, 'val_r2_mean': -21.448759078979492, 'val_rmse_target_0': 1.008225679397583, 'val_mae_target_0': 0.6382994651794434, 'val_r2_target_0': -37.09131622314453, 'val_rmse_target_1': 0.9503759145736694, 'val_mae_target_1': 0.6752001643180847, 'val_r2_target_1': -12.586321830749512, 'val_rmse_target_2': 0.7849451899528503, 'val_mae_target_2': 0.693702757358551, 'val_r2_target_2': -2.823960065841675, 'val_rmse_target_3': 1.0602854490280151, 'val_mae_target_3': 0.7685539722442627, 'val_r2_target_3': -33.2934455871582}",COMPLETE
73,0.3478610634251877,2026-01-29 11:57:19.904248,2026-01-29 11:58:06.302717,0 days 00:00:46.398469,16,0.38014257782227806,0.0001566490857598351,2,mean,4,256,16,0.001592104744806229,"{'val_rmse_mean': 0.9447289109230042, 'val_mae_mean': 0.6892138719558716, 'val_r2_mean': -22.749568939208984, 'val_rmse_target_0': 1.014047384262085, 'val_mae_target_0': 0.6464798450469971, 'val_r2_target_0': -40.04547119140625, 'val_rmse_target_1': 0.9784455895423889, 'val_mae_target_1': 0.697847843170166, 'val_r2_target_1': -11.77146053314209, 'val_rmse_target_2': 0.7496556639671326, 'val_mae_target_2': 0.6604843735694885, 'val_r2_target_2': -1.0157825946807861, 'val_rmse_target_3': 1.0367670059204102, 'val_mae_target_3': 0.7520435452461243, 'val_r2_target_3': -38.16556167602539}",COMPLETE
74,0.3491893915666474,2026-01-29 11:58:06.369583,2026-01-29 11:58:49.908004,0 days 00:00:43.538421,16,0.3912141830478583,0.00012749462608052523,2,mean,4,256,16,0.002219117212462165,"{'val_rmse_mean': 0.9458324313163757, 'val_mae_mean': 0.6864139437675476, 'val_r2_mean': -21.294780731201172, 'val_rmse_target_0': 1.0133717060089111, 'val_mae_target_0': 0.646682858467102, 'val_r2_target_0': -32.51713562011719, 'val_rmse_target_1': 0.9781528115272522, 'val_mae_target_1': 0.6875535249710083, 'val_r2_target_1': -12.13206958770752, 'val_rmse_target_2': 0.7535775899887085, 'val_mae_target_2': 0.6579219102859497, 'val_r2_target_2': -1.8800981044769287, 'val_rmse_target_3': 1.0382277965545654, 'val_mae_target_3': 0.7534974217414856, 'val_r2_target_3': -38.64982223510742}",COMPLETE
75,0.3529654372897413,2026-01-29 11:58:49.975213,2026-01-29 11:59:33.934773,0 days 00:00:43.959560,16,0.36472894473258266,0.00011259203151526678,2,mean,4,256,16,0.004211210280147144,"{'val_rmse_mean': 0.9568143486976624, 'val_mae_mean': 0.6909148693084717, 'val_r2_mean': -25.31749725341797, 'val_rmse_target_0': 1.0176470279693604, 'val_mae_target_0': 0.6459628343582153, 'val_r2_target_0': -41.417850494384766, 'val_rmse_target_1': 0.9549625515937805, 'val_mae_target_1': 0.6594023108482361, 'val_r2_target_1': -15.716724395751953, 'val_rmse_target_2': 0.8020660877227783, 'val_mae_target_2': 0.6972362995147705, 'val_r2_target_2': -2.573883533477783, 'val_rmse_target_3': 1.052581787109375, 'val_mae_target_3': 0.7610580921173096, 'val_r2_target_3': -41.56153106689453}",COMPLETE
76,0.3553608782865383,2026-01-29 11:59:34.001693,2026-01-29 12:00:24.215048,0 days 00:00:50.213355,16,0.25817253983130095,0.00014938294218346857,2,gated,16,128,16,0.002079482873870419,"{'val_rmse_mean': 0.9578521847724915, 'val_mae_mean': 0.6905945539474487, 'val_r2_mean': -53.44655990600586, 'val_rmse_target_0': 0.995810329914093, 'val_mae_target_0': 0.63149094581604, 'val_r2_target_0': -84.31744384765625, 'val_rmse_target_1': 0.973589301109314, 'val_mae_target_1': 0.6837798357009888, 'val_r2_target_1': -39.18777847290039, 'val_rmse_target_2': 0.8308932781219482, 'val_mae_target_2': 0.7240898609161377, 'val_r2_target_2': -6.573398590087891, 'val_rmse_target_3': 1.0311157703399658, 'val_mae_target_3': 0.7230177521705627, 'val_r2_target_3': -83.70764923095703}",COMPLETE
77,0.3580517161775518,2026-01-29 12:00:24.282564,2026-01-29 12:01:10.614816,0 days 00:00:46.332252,16,0.37228921305087126,8.558537488273223e-05,2,mean,4,256,16,0.0013190010360270737,"{'val_rmse_mean': 0.9630573987960815, 'val_mae_mean': 0.6947847604751587, 'val_r2_mean': -43.11362838745117, 'val_rmse_target_0': 0.9834720492362976, 'val_mae_target_0': 0.6204997897148132, 'val_r2_target_0': -82.87042999267578, 'val_rmse_target_1': 0.981845498085022, 'val_mae_target_1': 0.6865610480308533, 'val_r2_target_1': -31.389328002929688, 'val_rmse_target_2': 0.8234673142433167, 'val_mae_target_2': 0.7205387949943542, 'val_r2_target_2': -5.033046245574951, 'val_rmse_target_3': 1.0634448528289795, 'val_mae_target_3': 0.7515395879745483, 'val_r2_target_3': -53.16170120239258}",COMPLETE
78,0.35262857136075143,2026-01-29 12:01:10.681451,2026-01-29 12:01:55.929118,0 days 00:00:45.247667,16,0.272395955117697,9.330090348823326e-05,2,mean,8,256,16,0.0024225059911376933,"{'val_rmse_mean': 0.9560000896453857, 'val_mae_mean': 0.6859626173973083, 'val_r2_mean': -32.081478118896484, 'val_rmse_target_0': 1.0073153972625732, 'val_mae_target_0': 0.6284115314483643, 'val_r2_target_0': -51.40984344482422, 'val_rmse_target_1': 0.9620885252952576, 'val_mae_target_1': 0.6700093150138855, 'val_r2_target_1': -17.574909210205078, 'val_rmse_target_2': 0.815055251121521, 'val_mae_target_2': 0.7004806995391846, 'val_r2_target_2': -4.067119598388672, 'val_rmse_target_3': 1.0395411252975464, 'val_mae_target_3': 0.7449488043785095, 'val_r2_target_3': -55.27402114868164}",COMPLETE
79,0.3473591289862438,2026-01-29 12:01:55.996151,2026-01-29 12:02:42.042755,0 days 00:00:46.046604,16,0.33492148437886743,0.00011932303440208593,2,static,4,256,16,0.0018905516519303277,"{'val_rmse_mean': 0.9457255601882935, 'val_mae_mean': 0.6847103238105774, 'val_r2_mean': -28.042869567871094, 'val_rmse_target_0': 1.0195651054382324, 'val_mae_target_0': 0.6386275291442871, 'val_r2_target_0': -52.950279235839844, 'val_rmse_target_1': 0.9358075857162476, 'val_mae_target_1': 0.6570909023284912, 'val_r2_target_1': -14.71553897857666, 'val_rmse_target_2': 0.7731695175170898, 'val_mae_target_2': 0.6893372535705566, 'val_r2_target_2': -1.771721601486206, 'val_rmse_target_3': 1.054359793663025, 'val_mae_target_3': 0.7537855505943298, 'val_r2_target_3': -42.73394012451172}",COMPLETE
80,0.373868047501202,2026-01-29 12:02:42.109771,2026-01-29 12:03:27.639997,0 days 00:00:45.530226,16,0.3348846693113027,0.0001722485357881325,2,static,16,32,16,0.0028095875105247454,"{'val_rmse_mean': 0.9838323593139648, 'val_mae_mean': 0.7113817930221558, 'val_r2_mean': -83.03517150878906, 'val_rmse_target_0': 0.9871606230735779, 'val_mae_target_0': 0.6412681341171265, 'val_r2_target_0': -84.61666870117188, 'val_rmse_target_1': 0.995908260345459, 'val_mae_target_1': 0.6850932836532593, 'val_r2_target_1': -104.66752624511719, 'val_rmse_target_2': 0.935702383518219, 'val_mae_target_2': 0.8141278624534607, 'val_r2_target_2': -42.74483108520508, 'val_rmse_target_3': 1.016558051109314, 'val_mae_target_3': 0.7050379514694214, 'val_r2_target_3': -100.11162567138672}",COMPLETE
