number,value,datetime_start,datetime_complete,duration,params_batch_size,params_dropout,params_lr,params_num_conv_layers,params_path_attention_type,params_path_dim,params_regressor_dim,params_ts_out_channels,params_weight_decay,user_attrs_val_metrics,state
0,0.349834559140382,2026-01-29 11:01:15.382635,2026-01-29 11:02:10.053256,0 days 00:00:54.670621,16,0.2619395503634353,0.00024014474331452822,2,gated,4,256,16,0.0011623576084912766,"{'val_rmse_mean': 0.9346014261245728, 'val_mae_mean': 0.6899424195289612, 'val_r2_mean': -11.39539909362793, 'val_rmse_target_0': 1.0151880979537964, 'val_mae_target_0': 0.6714015603065491, 'val_r2_target_0': -14.955757141113281, 'val_rmse_target_1': 0.9351648688316345, 'val_mae_target_1': 0.6892436742782593, 'val_r2_target_1': -5.344765663146973, 'val_rmse_target_2': 0.7207351922988892, 'val_mae_target_2': 0.603169858455658, 'val_r2_target_2': -0.28695201873779297, 'val_rmse_target_3': 1.0673176050186157, 'val_mae_target_3': 0.7959544658660889, 'val_r2_target_3': -24.994123458862305}",COMPLETE
1,0.3616871016996878,2026-01-29 11:02:10.122176,2026-01-29 11:03:01.952907,0 days 00:00:51.830731,16,0.36784495285099106,0.00019601718052474442,2,gated,4,64,16,0.004971444557485181,"{'val_rmse_mean': 0.96544349193573, 'val_mae_mean': 0.6961613297462463, 'val_r2_mean': -55.907344818115234, 'val_rmse_target_0': 0.9866380095481873, 'val_mae_target_0': 0.6234259605407715, 'val_r2_target_0': -114.01034545898438, 'val_rmse_target_1': 0.9619522094726562, 'val_mae_target_1': 0.6721921563148499, 'val_r2_target_1': -27.910572052001953, 'val_rmse_target_2': 0.8956945538520813, 'val_mae_target_2': 0.7680845856666565, 'val_r2_target_2': -11.3645601272583, 'val_rmse_target_3': 1.0174891948699951, 'val_mae_target_3': 0.7209427952766418, 'val_r2_target_3': -70.3438720703125}",COMPLETE
2,0.36447967450927804,2026-01-29 11:03:02.023188,2026-01-29 11:03:47.386144,0 days 00:00:45.362956,16,0.19440611122553103,9.860400555831164e-05,2,mean,4,64,16,0.0029608287937378506,"{'val_rmse_mean': 0.9819570183753967, 'val_mae_mean': 0.6962708234786987, 'val_r2_mean': -45.33875274658203, 'val_rmse_target_0': 1.0018011331558228, 'val_mae_target_0': 0.6288778781890869, 'val_r2_target_0': -48.08320999145508, 'val_rmse_target_1': 0.9959837794303894, 'val_mae_target_1': 0.6650167107582092, 'val_r2_target_1': -62.005836486816406, 'val_rmse_target_2': 0.9159323573112488, 'val_mae_target_2': 0.7676273584365845, 'val_r2_target_2': -16.36142349243164, 'val_rmse_target_3': 1.014110803604126, 'val_mae_target_3': 0.72356116771698, 'val_r2_target_3': -54.90456008911133}",COMPLETE
3,0.3754699208118297,2026-01-29 11:03:47.455225,2026-01-29 11:04:37.668794,0 days 00:00:50.213569,16,0.24917330404419744,0.0004237822676899218,2,gated,8,256,16,0.006128419419143309,"{'val_rmse_mean': 0.955729067325592, 'val_mae_mean': 0.7395003437995911, 'val_r2_mean': -5.917695045471191, 'val_rmse_target_0': 1.0127254724502563, 'val_mae_target_0': 0.7065020203590393, 'val_r2_target_0': -7.713539123535156, 'val_rmse_target_1': 0.9813829660415649, 'val_mae_target_1': 0.7904640436172485, 'val_r2_target_1': -2.3255791664123535, 'val_rmse_target_2': 0.7317706346511841, 'val_mae_target_2': 0.6016917824745178, 'val_r2_target_2': -0.15391647815704346, 'val_rmse_target_3': 1.0970370769500732, 'val_mae_target_3': 0.8593435883522034, 'val_r2_target_3': -13.47774600982666}",COMPLETE
4,0.3669334909430257,2026-01-29 11:04:37.743650,2026-01-29 11:05:22.603012,0 days 00:00:44.859362,16,0.17100310524510498,0.00032977005952044083,2,mean,8,128,16,0.0015786614465566945,"{'val_rmse_mean': 0.9629156589508057, 'val_mae_mean': 0.7214290499687195, 'val_r2_mean': -10.775541305541992, 'val_rmse_target_0': 1.022139310836792, 'val_mae_target_0': 0.6896430253982544, 'val_r2_target_0': -14.081137657165527, 'val_rmse_target_1': 0.9787078499794006, 'val_mae_target_1': 0.7213813662528992, 'val_r2_target_1': -6.181496620178223, 'val_rmse_target_2': 0.7754501104354858, 'val_mae_target_2': 0.6663544178009033, 'val_r2_target_2': -0.5644326210021973, 'val_rmse_target_3': 1.0753655433654785, 'val_mae_target_3': 0.8083375096321106, 'val_r2_target_3': -22.275094985961914}",COMPLETE
5,0.3851977305279838,2026-01-29 11:05:22.675205,2026-01-29 11:06:08.988736,0 days 00:00:46.313531,16,0.16342097669757494,0.0003432540486208455,2,static,8,256,16,0.0017416277788531581,"{'val_rmse_mean': 0.9723708629608154, 'val_mae_mean': 0.7364904880523682, 'val_r2_mean': -5.269410133361816, 'val_rmse_target_0': 1.0244691371917725, 'val_mae_target_0': 0.6859424710273743, 'val_r2_target_0': -6.116652965545654, 'val_rmse_target_1': 0.9641678929328918, 'val_mae_target_1': 0.7466580867767334, 'val_r2_target_1': -2.290688991546631, 'val_rmse_target_2': 0.7903610467910767, 'val_mae_target_2': 0.6788995265960693, 'val_r2_target_2': -0.04382896423339844, 'val_rmse_target_3': 1.1104856729507446, 'val_mae_target_3': 0.8344619870185852, 'val_r2_target_3': -12.626469612121582}",COMPLETE
6,0.3726184194286664,2026-01-29 11:06:09.061699,2026-01-29 11:06:55.077477,0 days 00:00:46.015778,16,0.19859819720760397,0.00015737489405093596,2,static,8,32,16,0.0027915552890702003,"{'val_rmse_mean': 0.9911856651306152, 'val_mae_mean': 0.7172988653182983, 'val_r2_mean': -36.16348648071289, 'val_rmse_target_0': 1.0288186073303223, 'val_mae_target_0': 0.6568149924278259, 'val_r2_target_0': -66.39706420898438, 'val_rmse_target_1': 0.9977248907089233, 'val_mae_target_1': 0.6890164017677307, 'val_r2_target_1': -20.070707321166992, 'val_rmse_target_2': 0.8979377746582031, 'val_mae_target_2': 0.758715808391571, 'val_r2_target_2': -15.312808990478516, 'val_rmse_target_3': 1.040261149406433, 'val_mae_target_3': 0.7646480798721313, 'val_r2_target_3': -42.87335968017578}",COMPLETE
7,0.36337441564710055,2026-01-29 11:06:55.147921,2026-01-29 11:07:46.552793,0 days 00:00:51.404872,16,0.19059732556799652,6.054753805262433e-05,2,gated,16,64,16,0.0013859270248935318,"{'val_rmse_mean': 0.9631402492523193, 'val_mae_mean': 0.7012392282485962, 'val_r2_mean': -97.50995635986328, 'val_rmse_target_0': 0.9529545903205872, 'val_mae_target_0': 0.6235421299934387, 'val_r2_target_0': -102.27498626708984, 'val_rmse_target_1': 0.9600712656974792, 'val_mae_target_1': 0.6872953772544861, 'val_r2_target_1': -82.74401092529297, 'val_rmse_target_2': 0.9229311347007751, 'val_mae_target_2': 0.7982075810432434, 'val_r2_target_2': -49.791282653808594, 'val_rmse_target_3': 1.0166038274765015, 'val_mae_target_3': 0.6959119439125061, 'val_r2_target_3': -155.22958374023438}",COMPLETE
8,0.35025781524126176,2026-01-29 11:07:46.623050,2026-01-29 11:08:26.334645,0 days 00:00:39.711595,16,0.2612391501863235,0.00023587105198170563,2,mean,4,128,16,0.0026038100515810947,"{'val_rmse_mean': 0.9484491944313049, 'val_mae_mean': 0.684769332408905, 'val_r2_mean': -23.18027687072754, 'val_rmse_target_0': 1.0137444734573364, 'val_mae_target_0': 0.6317128539085388, 'val_r2_target_0': -45.255638122558594, 'val_rmse_target_1': 0.9764723777770996, 'val_mae_target_1': 0.7046384215354919, 'val_r2_target_1': -11.153291702270508, 'val_rmse_target_2': 0.7508981823921204, 'val_mae_target_2': 0.6371926665306091, 'val_r2_target_2': -1.376741647720337, 'val_rmse_target_3': 1.0526816844940186, 'val_mae_target_3': 0.765533447265625, 'val_r2_target_3': -34.93545150756836}",COMPLETE
9,0.35372342941937623,2026-01-29 11:08:26.406657,2026-01-29 11:09:10.589977,0 days 00:00:44.183320,16,0.3250859952240387,7.540193652998286e-05,2,mean,4,256,16,0.0031440036012650944,"{'val_rmse_mean': 0.9584943056106567, 'val_mae_mean': 0.6909749507904053, 'val_r2_mean': -29.569631576538086, 'val_rmse_target_0': 0.9939179420471191, 'val_mae_target_0': 0.6240986585617065, 'val_r2_target_0': -32.13392639160156, 'val_rmse_target_1': 0.9850232601165771, 'val_mae_target_1': 0.6998124122619629, 'val_r2_target_1': -20.266448974609375, 'val_rmse_target_2': 0.8248550295829773, 'val_mae_target_2': 0.7002185583114624, 'val_r2_target_2': -6.099501132965088, 'val_rmse_target_3': 1.0301810503005981, 'val_mae_target_3': 0.7397700548171997, 'val_r2_target_3': -59.778629302978516}",COMPLETE
10,0.37865798892798247,2026-01-29 11:09:10.660192,2026-01-29 11:10:02.208912,0 days 00:00:51.548720,16,0.12164751737379864,0.00013300324274456878,2,gated,16,32,16,0.0010032590162942522,"{'val_rmse_mean': 0.9949361085891724, 'val_mae_mean': 0.7170754671096802, 'val_r2_mean': -85.2509765625, 'val_rmse_target_0': 0.9691773653030396, 'val_mae_target_0': 0.6261258125305176, 'val_r2_target_0': -61.484031677246094, 'val_rmse_target_1': 1.044465184211731, 'val_mae_target_1': 0.7178534269332886, 'val_r2_target_1': -83.20452880859375, 'val_rmse_target_2': 0.9475911855697632, 'val_mae_target_2': 0.8194299340248108, 'val_r2_target_2': -30.306169509887695, 'val_rmse_target_3': 1.0185106992721558, 'val_mae_target_3': 0.7048926949501038, 'val_r2_target_3': -166.0091552734375}",COMPLETE
11,0.3461651713759811,2026-01-29 11:10:02.282792,2026-01-29 11:10:46.962657,0 days 00:00:44.679865,16,0.29305154736595795,0.00020983646078960176,2,mean,4,128,16,0.0020649818304383652,"{'val_rmse_mean': 0.9396201372146606, 'val_mae_mean': 0.6832744479179382, 'val_r2_mean': -23.391014099121094, 'val_rmse_target_0': 0.9876987338066101, 'val_mae_target_0': 0.6355485320091248, 'val_r2_target_0': -34.70918655395508, 'val_rmse_target_1': 0.9622092247009277, 'val_mae_target_1': 0.6661439538002014, 'val_r2_target_1': -18.379451751708984, 'val_rmse_target_2': 0.7648288011550903, 'val_mae_target_2': 0.6746692061424255, 'val_r2_target_2': -1.9573559761047363, 'val_rmse_target_3': 1.04374361038208, 'val_mae_target_3': 0.7567359805107117, 'val_r2_target_3': -38.518062591552734}",COMPLETE
12,0.35951746144780405,2026-01-29 11:10:47.033187,2026-01-29 11:11:29.472623,0 days 00:00:42.439436,16,0.28780154998395746,0.00027263635684764056,2,mean,4,128,16,0.0010176366908736067,"{'val_rmse_mean': 0.9597982168197632, 'val_mae_mean': 0.7086564302444458, 'val_r2_mean': -16.659809112548828, 'val_rmse_target_0': 1.0039504766464233, 'val_mae_target_0': 0.6434312462806702, 'val_r2_target_0': -24.21323585510254, 'val_rmse_target_1': 0.9747346639633179, 'val_mae_target_1': 0.6984589695930481, 'val_r2_target_1': -9.787858009338379, 'val_rmse_target_2': 0.794721782207489, 'val_mae_target_2': 0.7086742520332336, 'val_r2_target_2': -1.5105109214782715, 'val_rmse_target_3': 1.0657860040664673, 'val_mae_target_3': 0.7840611934661865, 'val_r2_target_3': -31.12763214111328}",COMPLETE
13,0.3642055668212749,2026-01-29 11:11:29.545975,2026-01-29 11:12:17.391791,0 days 00:00:47.845816,16,0.3225072143073683,0.00019161292550822054,2,gated,4,128,16,0.00928419096729064,"{'val_rmse_mean': 0.9699868559837341, 'val_mae_mean': 0.713301956653595, 'val_r2_mean': -25.244340896606445, 'val_rmse_target_0': 1.009412407875061, 'val_mae_target_0': 0.6422227025032043, 'val_r2_target_0': -41.1688346862793, 'val_rmse_target_1': 0.9918792843818665, 'val_mae_target_1': 0.708486795425415, 'val_r2_target_1': -13.728994369506836, 'val_rmse_target_2': 0.8307008743286133, 'val_mae_target_2': 0.7419943809509277, 'val_r2_target_2': -4.049478054046631, 'val_rmse_target_3': 1.047954797744751, 'val_mae_target_3': 0.7605040669441223, 'val_r2_target_3': -42.03004837036133}",COMPLETE
14,0.34579403408699566,2026-01-29 11:12:17.462691,2026-01-29 11:12:59.910615,0 days 00:00:42.447924,16,0.3845155034583296,0.00011781569441405368,2,static,4,256,16,0.0020814281562678257,"{'val_rmse_mean': 0.9440615177154541, 'val_mae_mean': 0.6814907193183899, 'val_r2_mean': -29.55276107788086, 'val_rmse_target_0': 1.0090259313583374, 'val_mae_target_0': 0.6289960145950317, 'val_r2_target_0': -46.017215728759766, 'val_rmse_target_1': 0.9521189332008362, 'val_mae_target_1': 0.677975058555603, 'val_r2_target_1': -13.29219913482666, 'val_rmse_target_2': 0.7704463601112366, 'val_mae_target_2': 0.6751564145088196, 'val_r2_target_2': -2.2590248584747314, 'val_rmse_target_3': 1.0446547269821167, 'val_mae_target_3': 0.7438355088233948, 'val_r2_target_3': -56.642601013183594}",COMPLETE
15,0.3491964460247093,2026-01-29 11:12:59.982657,2026-01-29 11:13:44.762033,0 days 00:00:44.779376,16,0.3949858520031801,0.00011495368803929041,2,static,4,256,16,0.0021681069355691724,"{'val_rmse_mean': 0.9491530656814575, 'val_mae_mean': 0.6886633038520813, 'val_r2_mean': -25.70163917541504, 'val_rmse_target_0': 1.0133484601974487, 'val_mae_target_0': 0.6463949680328369, 'val_r2_target_0': -42.83524703979492, 'val_rmse_target_1': 0.978633463382721, 'val_mae_target_1': 0.6908344626426697, 'val_r2_target_1': -16.38555145263672, 'val_rmse_target_2': 0.7739152908325195, 'val_mae_target_2': 0.6752631664276123, 'val_r2_target_2': -2.2454261779785156, 'val_rmse_target_3': 1.0307151079177856, 'val_mae_target_3': 0.7421605587005615, 'val_r2_target_3': -41.34033203125}",COMPLETE
16,0.3658298959058744,2026-01-29 11:13:44.835854,2026-01-29 11:14:30.537861,0 days 00:00:45.702007,16,0.3570203328216329,9.172827606692744e-05,2,static,16,128,16,0.0042168129313661425,"{'val_rmse_mean': 0.9778074622154236, 'val_mae_mean': 0.7005912065505981, 'val_r2_mean': -79.5279769897461, 'val_rmse_target_0': 0.9964517951011658, 'val_mae_target_0': 0.6317488551139832, 'val_r2_target_0': -104.8897705078125, 'val_rmse_target_1': 0.9809418320655823, 'val_mae_target_1': 0.6679246425628662, 'val_r2_target_1': -52.6514892578125, 'val_rmse_target_2': 0.9067994356155396, 'val_mae_target_2': 0.7769775390625, 'val_r2_target_2': -25.72210121154785, 'val_rmse_target_3': 1.0270369052886963, 'val_mae_target_3': 0.7257136702537537, 'val_r2_target_3': -134.84852600097656}",COMPLETE
17,0.38496275480698655,2026-01-29 11:14:30.609361,2026-01-29 11:15:14.392012,0 days 00:00:43.782651,16,0.30843102418724067,5.055469787424892e-05,2,static,4,32,16,0.002011217271003255,"{'val_rmse_mean': 0.9923299551010132, 'val_mae_mean': 0.7267515659332275, 'val_r2_mean': -42.88804244995117, 'val_rmse_target_0': 0.9060652256011963, 'val_mae_target_0': 0.5915261507034302, 'val_r2_target_0': -25.424448013305664, 'val_rmse_target_1': 1.073559045791626, 'val_mae_target_1': 0.7649654150009155, 'val_r2_target_1': -49.95961380004883, 'val_rmse_target_2': 0.9505765438079834, 'val_mae_target_2': 0.8240185379981995, 'val_r2_target_2': -52.42473602294922, 'val_rmse_target_3': 1.0391188859939575, 'val_mae_target_3': 0.726496160030365, 'val_r2_target_3': -43.743377685546875}",COMPLETE
18,0.34636798570001565,2026-01-29 11:15:14.463948,2026-01-29 11:15:59.635281,0 days 00:00:45.171333,16,0.38816880594876074,0.000142763844938665,2,mean,4,256,16,0.004149109501106564,"{'val_rmse_mean': 0.9419565796852112, 'val_mae_mean': 0.684812605381012, 'val_r2_mean': -29.1622314453125, 'val_rmse_target_0': 1.0120795965194702, 'val_mae_target_0': 0.6462898850440979, 'val_r2_target_0': -40.17729949951172, 'val_rmse_target_1': 0.9507344961166382, 'val_mae_target_1': 0.6806682348251343, 'val_r2_target_1': -13.99608039855957, 'val_rmse_target_2': 0.7727512717247009, 'val_mae_target_2': 0.6779771447181702, 'val_r2_target_2': -1.4297616481781006, 'val_rmse_target_3': 1.0322608947753906, 'val_mae_target_3': 0.7343151569366455, 'val_r2_target_3': -61.04579544067383}",COMPLETE
19,0.3543695841950399,2026-01-29 11:15:59.705840,2026-01-29 11:16:45.034510,0 days 00:00:45.328670,16,0.348079442033358,0.00019065470849358138,2,static,16,128,16,0.0021735153062170894,"{'val_rmse_mean': 0.9494397640228271, 'val_mae_mean': 0.6966906189918518, 'val_r2_mean': -33.537654876708984, 'val_rmse_target_0': 0.996005117893219, 'val_mae_target_0': 0.6455716490745544, 'val_r2_target_0': -58.22881317138672, 'val_rmse_target_1': 0.9538537263870239, 'val_mae_target_1': 0.6853999495506287, 'val_r2_target_1': -23.452863693237305, 'val_rmse_target_2': 0.8141741156578064, 'val_mae_target_2': 0.705943763256073, 'val_r2_target_2': -5.6237406730651855, 'val_rmse_target_3': 1.0337259769439697, 'val_mae_target_3': 0.7498471736907959, 'val_r2_target_3': -46.84518814086914}",COMPLETE
20,0.36500503081414437,2026-01-29 11:16:45.106187,2026-01-29 11:17:29.945011,0 days 00:00:44.838824,16,0.29271137585988605,0.0004655113654327456,2,mean,4,256,16,0.0014264977219012767,"{'val_rmse_mean': 0.9451950788497925, 'val_mae_mean': 0.7072875499725342, 'val_r2_mean': -6.448373794555664, 'val_rmse_target_0': 1.0084147453308105, 'val_mae_target_0': 0.6790209412574768, 'val_r2_target_0': -8.116439819335938, 'val_rmse_target_1': 0.9674555659294128, 'val_mae_target_1': 0.7390220165252686, 'val_r2_target_1': -2.4589927196502686, 'val_rmse_target_2': 0.7316659688949585, 'val_mae_target_2': 0.6234169602394104, 'val_r2_target_2': -0.08874261379241943, 'val_rmse_target_3': 1.0732439756393433, 'val_mae_target_3': 0.7876903414726257, 'val_r2_target_3': -15.129323959350586}",COMPLETE
21,0.35040993878134974,2026-01-29 11:17:30.017312,2026-01-29 11:18:15.356321,0 days 00:00:45.339009,16,0.38729170066376656,0.00014271252734844578,2,mean,4,256,16,0.003880428843695041,"{'val_rmse_mean': 0.9434282779693604, 'val_mae_mean': 0.6916320323944092, 'val_r2_mean': -16.384910583496094, 'val_rmse_target_0': 1.0245780944824219, 'val_mae_target_0': 0.6623984575271606, 'val_r2_target_0': -22.36613655090332, 'val_rmse_target_1': 0.9567241072654724, 'val_mae_target_1': 0.6976931095123291, 'val_r2_target_1': -9.635610580444336, 'val_rmse_target_2': 0.759955108165741, 'val_mae_target_2': 0.6521387696266174, 'val_r2_target_2': -1.3454248905181885, 'val_rmse_target_3': 1.0324558019638062, 'val_mae_target_3': 0.7542976140975952, 'val_r2_target_3': -32.192466735839844}",COMPLETE
22,0.35663453917260524,2026-01-29 11:18:15.425014,2026-01-29 11:19:00.397753,0 days 00:00:44.972739,16,0.3975265755956293,0.00011825761804141461,2,mean,4,256,16,0.00688073743002238,"{'val_rmse_mean': 0.9560370445251465, 'val_mae_mean': 0.7002389430999756, 'val_r2_mean': -29.8831787109375, 'val_rmse_target_0': 1.0106009244918823, 'val_mae_target_0': 0.6488109827041626, 'val_r2_target_0': -64.77466583251953, 'val_rmse_target_1': 0.9733151197433472, 'val_mae_target_1': 0.7006015777587891, 'val_r2_target_1': -11.486407279968262, 'val_rmse_target_2': 0.785380482673645, 'val_mae_target_2': 0.6913330554962158, 'val_r2_target_2': -2.1937568187713623, 'val_rmse_target_3': 1.0548516511917114, 'val_mae_target_3': 0.7602101564407349, 'val_r2_target_3': -41.07788848876953}",COMPLETE
23,0.3529138988642781,2026-01-29 11:19:00.468253,2026-01-29 11:19:44.617742,0 days 00:00:44.149489,16,0.3414386125700499,8.377216320460633e-05,2,mean,4,256,16,0.0035746815815883384,"{'val_rmse_mean': 0.9550275206565857, 'val_mae_mean': 0.6874455809593201, 'val_r2_mean': -34.87184524536133, 'val_rmse_target_0': 0.9986587762832642, 'val_mae_target_0': 0.6413541436195374, 'val_r2_target_0': -63.47046661376953, 'val_rmse_target_1': 0.9843705296516418, 'val_mae_target_1': 0.6852524280548096, 'val_r2_target_1': -15.350309371948242, 'val_rmse_target_2': 0.8060210347175598, 'val_mae_target_2': 0.6967663168907166, 'val_r2_target_2': -4.20180082321167, 'val_rmse_target_3': 1.031059741973877, 'val_mae_target_3': 0.726409375667572, 'val_r2_target_3': -56.46481704711914}",COMPLETE
24,0.34993630633861933,2026-01-29 11:19:44.688065,2026-01-29 11:20:30.791143,0 days 00:00:46.103078,16,0.3740653576898727,0.00016878310117178865,2,mean,4,256,16,0.002469429597446151,"{'val_rmse_mean': 0.9429574608802795, 'val_mae_mean': 0.6882003545761108, 'val_r2_mean': -16.733139038085938, 'val_rmse_target_0': 1.0097970962524414, 'val_mae_target_0': 0.6531083583831787, 'val_r2_target_0': -23.928102493286133, 'val_rmse_target_1': 0.9584261178970337, 'val_mae_target_1': 0.6934636235237122, 'val_r2_target_1': -7.453021049499512, 'val_rmse_target_2': 0.752556562423706, 'val_mae_target_2': 0.6480475068092346, 'val_r2_target_2': -0.8576745986938477, 'val_rmse_target_3': 1.0510499477386475, 'val_mae_target_3': 0.7581819891929626, 'val_r2_target_3': -34.693756103515625}",COMPLETE
25,0.3632443056062416,2026-01-29 11:20:30.861664,2026-01-29 11:21:19.507698,0 days 00:00:48.646034,16,0.24589025835604422,0.00011988784379324926,2,static,4,128,16,0.004828655094556877,"{'val_rmse_mean': 0.9687682390213013, 'val_mae_mean': 0.7052925825119019, 'val_r2_mean': -35.24961853027344, 'val_rmse_target_0': 1.0092592239379883, 'val_mae_target_0': 0.6483253836631775, 'val_r2_target_0': -56.50935363769531, 'val_rmse_target_1': 0.9761260151863098, 'val_mae_target_1': 0.673577606678009, 'val_r2_target_1': -22.534196853637695, 'val_rmse_target_2': 0.847206711769104, 'val_mae_target_2': 0.749948263168335, 'val_r2_target_2': -9.756747245788574, 'val_rmse_target_3': 1.0424808263778687, 'val_mae_target_3': 0.7493189573287964, 'val_r2_target_3': -52.198184967041016}",COMPLETE
26,0.37464889608047625,2026-01-29 11:21:19.579975,2026-01-29 11:22:04.636850,0 days 00:00:45.056875,16,0.22639113833325497,0.00010277800371815882,2,mean,4,64,16,0.0019061788184256553,"{'val_rmse_mean': 0.9930853843688965, 'val_mae_mean': 0.712768018245697, 'val_r2_mean': -63.767547607421875, 'val_rmse_target_0': 1.00906503200531, 'val_mae_target_0': 0.6263656616210938, 'val_r2_target_0': -110.8780288696289, 'val_rmse_target_1': 1.0127387046813965, 'val_mae_target_1': 0.7069459557533264, 'val_r2_target_1': -60.74884033203125, 'val_rmse_target_2': 0.9179403185844421, 'val_mae_target_2': 0.7752217054367065, 'val_r2_target_2': -28.240144729614258, 'val_rmse_target_3': 1.0325974225997925, 'val_mae_target_3': 0.7425387501716614, 'val_r2_target_3': -55.20317840576172}",COMPLETE
