number,value,datetime_start,datetime_complete,duration,params_batch_size,params_dropout,params_lr,params_num_conv_layers,params_path_attention_type,params_path_dim,params_regressor_dim,params_ts_out_channels,params_weight_decay,user_attrs_val_metrics,state
81,0.3499559003997732,2026-01-29 12:03:27.706666,2026-01-29 12:04:15.666691,0 days 00:00:47.960025,16,0.3001508786762878,0.00011705528105191878,2,static,4,256,16,0.0014235603954876803,"{'val_rmse_mean': 0.946564257144928, 'val_mae_mean': 0.6887215971946716, 'val_r2_mean': -23.218219757080078, 'val_rmse_target_0': 1.0131664276123047, 'val_mae_target_0': 0.6505500674247742, 'val_r2_target_0': -34.2159309387207, 'val_rmse_target_1': 0.951650857925415, 'val_mae_target_1': 0.6646487712860107, 'val_r2_target_1': -15.857097625732422, 'val_rmse_target_2': 0.7583394646644592, 'val_mae_target_2': 0.6683716773986816, 'val_r2_target_2': -1.9201197624206543, 'val_rmse_target_3': 1.0631003379821777, 'val_mae_target_3': 0.7713158130645752, 'val_r2_target_3': -40.87972640991211}",COMPLETE
82,0.35528517955983124,2026-01-29 12:04:15.733206,2026-01-29 12:05:02.919869,0 days 00:00:47.186663,16,0.35614982541261325,0.00013196610683284803,2,static,4,256,16,0.001881291712020474,"{'val_rmse_mean': 0.9537663459777832, 'val_mae_mean': 0.700126051902771, 'val_r2_mean': -21.194026947021484, 'val_rmse_target_0': 1.0214319229125977, 'val_mae_target_0': 0.6753126978874207, 'val_r2_target_0': -24.57436752319336, 'val_rmse_target_1': 0.962871789932251, 'val_mae_target_1': 0.6869229078292847, 'val_r2_target_1': -10.514287948608398, 'val_rmse_target_2': 0.7779799103736877, 'val_mae_target_2': 0.6823284029960632, 'val_r2_target_2': -1.8750786781311035, 'val_rmse_target_3': 1.0527817010879517, 'val_mae_target_3': 0.755940318107605, 'val_r2_target_3': -47.81237030029297}",COMPLETE
83,0.3555096554811354,2026-01-29 12:05:02.987713,2026-01-29 12:05:50.387929,0 days 00:00:47.400216,16,0.3436738285388755,0.00010832276415111196,2,static,4,256,16,0.0017348837730384913,"{'val_rmse_mean': 0.9560915231704712, 'val_mae_mean': 0.698354184627533, 'val_r2_mean': -23.480588912963867, 'val_rmse_target_0': 1.0371766090393066, 'val_mae_target_0': 0.6622825860977173, 'val_r2_target_0': -27.358489990234375, 'val_rmse_target_1': 0.9702209234237671, 'val_mae_target_1': 0.6873317360877991, 'val_r2_target_1': -15.069438934326172, 'val_rmse_target_2': 0.7715620398521423, 'val_mae_target_2': 0.6912240386009216, 'val_r2_target_2': -2.1223785877227783, 'val_rmse_target_3': 1.045406460762024, 'val_mae_target_3': 0.7525781989097595, 'val_r2_target_3': -49.372047424316406}",COMPLETE
84,0.3498550147094108,2026-01-29 12:05:50.454458,2026-01-29 12:06:33.751722,0 days 00:00:43.297264,16,0.381309040787971,0.0001397847161508678,2,static,4,256,16,0.0019671770819254196,"{'val_rmse_mean': 0.9451448917388916, 'val_mae_mean': 0.6894840002059937, 'val_r2_mean': -22.001571655273438, 'val_rmse_target_0': 1.0195951461791992, 'val_mae_target_0': 0.6660700440406799, 'val_r2_target_0': -30.420007705688477, 'val_rmse_target_1': 0.9604916572570801, 'val_mae_target_1': 0.6742637157440186, 'val_r2_target_1': -15.034061431884766, 'val_rmse_target_2': 0.762575626373291, 'val_mae_target_2': 0.6705791354179382, 'val_r2_target_2': -1.54538893699646, 'val_rmse_target_3': 1.0379172563552856, 'val_mae_target_3': 0.7470231056213379, 'val_r2_target_3': -41.00682830810547}",COMPLETE
85,0.3669205367979076,2026-01-29 12:06:33.818479,2026-01-29 12:07:18.152008,0 days 00:00:44.333529,16,0.387828188942619,0.0001620809214091794,2,mean,4,64,16,0.003326682560109508,"{'val_rmse_mean': 0.9808268547058105, 'val_mae_mean': 0.6980040073394775, 'val_r2_mean': -67.89240264892578, 'val_rmse_target_0': 1.0116026401519775, 'val_mae_target_0': 0.6489933729171753, 'val_r2_target_0': -149.0313262939453, 'val_rmse_target_1': 1.0095995664596558, 'val_mae_target_1': 0.691970705986023, 'val_r2_target_1': -38.603336334228516, 'val_rmse_target_2': 0.9048298001289368, 'val_mae_target_2': 0.7674537301063538, 'val_r2_target_2': -15.978899002075195, 'val_rmse_target_3': 0.9972756505012512, 'val_mae_target_3': 0.6835983991622925, 'val_r2_target_3': -67.95604705810547}",COMPLETE
86,0.3481247027715047,2026-01-29 12:07:18.219615,2026-01-29 12:08:04.553272,0 days 00:00:46.333657,16,0.2921400643995207,0.00012373441000984668,2,mean,4,256,16,0.0016603525755567066,"{'val_rmse_mean': 0.9496467709541321, 'val_mae_mean': 0.6815873384475708, 'val_r2_mean': -26.13813591003418, 'val_rmse_target_0': 1.0078126192092896, 'val_mae_target_0': 0.6361575126647949, 'val_r2_target_0': -48.7065544128418, 'val_rmse_target_1': 0.9805449843406677, 'val_mae_target_1': 0.6839234232902527, 'val_r2_target_1': -13.430299758911133, 'val_rmse_target_2': 0.773382306098938, 'val_mae_target_2': 0.6579570174217224, 'val_r2_target_2': -1.5572586059570312, 'val_rmse_target_3': 1.0368473529815674, 'val_mae_target_3': 0.7483113408088684, 'val_r2_target_3': -40.858428955078125}",COMPLETE
87,0.361753448361048,2026-01-29 12:08:04.619508,2026-01-29 12:08:46.827079,0 days 00:00:42.207571,16,0.36954921554379117,0.00010240365038710363,2,static,4,128,16,0.0015592218749148684,"{'val_rmse_mean': 0.968084454536438, 'val_mae_mean': 0.7031421065330505, 'val_r2_mean': -40.658626556396484, 'val_rmse_target_0': 0.9807905554771423, 'val_mae_target_0': 0.6301560997962952, 'val_r2_target_0': -56.594764709472656, 'val_rmse_target_1': 0.9801422953605652, 'val_mae_target_1': 0.695751965045929, 'val_r2_target_1': -33.74173355102539, 'val_rmse_target_2': 0.8978025317192078, 'val_mae_target_2': 0.7567241787910461, 'val_r2_target_2': -13.80258846282959, 'val_rmse_target_3': 1.013602614402771, 'val_mae_target_3': 0.7299361824989319, 'val_r2_target_3': -58.495426177978516}",COMPLETE
88,0.3508904158241219,2026-01-29 12:08:46.894123,2026-01-29 12:09:33.253715,0 days 00:00:46.359592,16,0.3097960777855717,0.00014270565801143567,2,mean,4,256,16,0.003733267808042512,"{'val_rmse_mean': 0.9486409425735474, 'val_mae_mean': 0.6849855780601501, 'val_r2_mean': -18.954795837402344, 'val_rmse_target_0': 1.0248198509216309, 'val_mae_target_0': 0.6491315364837646, 'val_r2_target_0': -24.641624450683594, 'val_rmse_target_1': 0.9475618004798889, 'val_mae_target_1': 0.6725375056266785, 'val_r2_target_1': -10.307385444641113, 'val_rmse_target_2': 0.7551929354667664, 'val_mae_target_2': 0.6474179029464722, 'val_r2_target_2': -1.329514741897583, 'val_rmse_target_3': 1.0669890642166138, 'val_mae_target_3': 0.7708553671836853, 'val_r2_target_3': -39.54065704345703}",COMPLETE
89,0.3603646357854207,2026-01-29 12:09:33.320492,2026-01-29 12:10:24.641099,0 days 00:00:51.320607,16,0.3961627675267556,9.41541366859356e-05,2,gated,4,256,16,0.0022868854388578505,"{'val_rmse_mean': 0.9607667922973633, 'val_mae_mean': 0.700075626373291, 'val_r2_mean': -30.06818389892578, 'val_rmse_target_0': 0.9987441301345825, 'val_mae_target_0': 0.6403625011444092, 'val_r2_target_0': -36.21623992919922, 'val_rmse_target_1': 0.9821110367774963, 'val_mae_target_1': 0.7009472846984863, 'val_r2_target_1': -17.172916412353516, 'val_rmse_target_2': 0.8261051177978516, 'val_mae_target_2': 0.7194648385047913, 'val_r2_target_2': -5.7733330726623535, 'val_rmse_target_3': 1.036106824874878, 'val_mae_target_3': 0.7395278215408325, 'val_r2_target_3': -61.110233306884766}",COMPLETE
90,0.35099514766975687,2026-01-29 12:10:24.707565,2026-01-29 12:11:09.769191,0 days 00:00:45.061626,16,0.3509295564423909,0.00011969344835280934,2,mean,16,256,16,0.002083123948028657,"{'val_rmse_mean': 0.949577271938324, 'val_mae_mean': 0.6880684494972229, 'val_r2_mean': -33.930328369140625, 'val_rmse_target_0': 0.9935622811317444, 'val_mae_target_0': 0.6273725032806396, 'val_r2_target_0': -56.244503021240234, 'val_rmse_target_1': 0.9521943926811218, 'val_mae_target_1': 0.6818706393241882, 'val_r2_target_1': -19.88373374938965, 'val_rmse_target_2': 0.8211526274681091, 'val_mae_target_2': 0.7153246998786926, 'val_r2_target_2': -4.127862930297852, 'val_rmse_target_3': 1.0313997268676758, 'val_mae_target_3': 0.7277060151100159, 'val_r2_target_3': -55.4652099609375}",COMPLETE
91,0.34643412933305456,2026-01-29 12:11:09.835561,2026-01-29 12:11:52.870394,0 days 00:00:43.034833,16,0.38076705389785154,0.00015951888807258936,2,mean,4,256,16,0.001551541277341395,"{'val_rmse_mean': 0.9375505447387695, 'val_mae_mean': 0.6868016123771667, 'val_r2_mean': -20.296998977661133, 'val_rmse_target_0': 1.0013267993927002, 'val_mae_target_0': 0.6523550748825073, 'val_r2_target_0': -29.88226890563965, 'val_rmse_target_1': 0.9680468440055847, 'val_mae_target_1': 0.6859766840934753, 'val_r2_target_1': -10.73951244354248, 'val_rmse_target_2': 0.746783971786499, 'val_mae_target_2': 0.6575961112976074, 'val_r2_target_2': -1.080740213394165, 'val_rmse_target_3': 1.0340445041656494, 'val_mae_target_3': 0.7512786388397217, 'val_r2_target_3': -39.4854621887207}",COMPLETE
92,0.3533727959902198,2026-01-29 12:11:52.937061,2026-01-29 12:12:39.547968,0 days 00:00:46.610907,16,0.36024946091554155,0.00015308132787932613,2,mean,4,256,16,0.001483381737564688,"{'val_rmse_mean': 0.9529311656951904, 'val_mae_mean': 0.6917704343795776, 'val_r2_mean': -17.27109718322754, 'val_rmse_target_0': 1.0143970251083374, 'val_mae_target_0': 0.6479068398475647, 'val_r2_target_0': -29.691625595092773, 'val_rmse_target_1': 0.9677899479866028, 'val_mae_target_1': 0.67771315574646, 'val_r2_target_1': -9.33047103881836, 'val_rmse_target_2': 0.7547335624694824, 'val_mae_target_2': 0.6615328788757324, 'val_r2_target_2': -1.3490753173828125, 'val_rmse_target_3': 1.0748040676116943, 'val_mae_target_3': 0.7799289226531982, 'val_r2_target_3': -28.71321678161621}",COMPLETE
93,0.35268244202490207,2026-01-29 12:12:39.614684,2026-01-29 12:13:25.806023,0 days 00:00:46.191339,16,0.3781296410981886,0.00019804373430507816,2,mean,4,256,16,0.0018065983002992266,"{'val_rmse_mean': 0.944412112236023, 'val_mae_mean': 0.6945156455039978, 'val_r2_mean': -13.960451126098633, 'val_rmse_target_0': 1.020979404449463, 'val_mae_target_0': 0.6566426753997803, 'val_r2_target_0': -19.768163681030273, 'val_rmse_target_1': 0.954372763633728, 'val_mae_target_1': 0.689930260181427, 'val_r2_target_1': -5.5870585441589355, 'val_rmse_target_2': 0.752251148223877, 'val_mae_target_2': 0.6636040210723877, 'val_r2_target_2': -0.7812185287475586, 'val_rmse_target_3': 1.0500448942184448, 'val_mae_target_3': 0.7678856253623962, 'val_r2_target_3': -29.705368041992188}",COMPLETE
94,0.35487281696663964,2026-01-29 12:13:25.872664,2026-01-29 12:14:11.550902,0 days 00:00:45.678238,16,0.23825524975151544,0.00012938514755533618,2,mean,4,256,16,0.001155915616923132,"{'val_rmse_mean': 0.9537668228149414, 'val_mae_mean': 0.6929323077201843, 'val_r2_mean': -23.688953399658203, 'val_rmse_target_0': 1.0050866603851318, 'val_mae_target_0': 0.638185441493988, 'val_r2_target_0': -46.87230682373047, 'val_rmse_target_1': 0.9724041223526001, 'val_mae_target_1': 0.6818889379501343, 'val_r2_target_1': -10.011039733886719, 'val_rmse_target_2': 0.7659401297569275, 'val_mae_target_2': 0.676850438117981, 'val_r2_target_2': -1.2719449996948242, 'val_rmse_target_3': 1.0716365575790405, 'val_mae_target_3': 0.7748045325279236, 'val_r2_target_3': -36.600528717041016}",COMPLETE
95,0.34747217071277126,2026-01-29 12:14:11.617845,2026-01-29 12:14:56.199523,0 days 00:00:44.581678,16,0.3847588135942062,0.00018502915232379458,2,mean,4,256,16,0.0012909196428037256,"{'val_rmse_mean': 0.9390974640846252, 'val_mae_mean': 0.6839041709899902, 'val_r2_mean': -15.27169418334961, 'val_rmse_target_0': 1.0206767320632935, 'val_mae_target_0': 0.6542404890060425, 'val_r2_target_0': -20.99555778503418, 'val_rmse_target_1': 0.9496366381645203, 'val_mae_target_1': 0.6806004643440247, 'val_r2_target_1': -8.042740821838379, 'val_rmse_target_2': 0.7437555193901062, 'val_mae_target_2': 0.6424521207809448, 'val_r2_target_2': -0.7309889793395996, 'val_rmse_target_3': 1.042320966720581, 'val_mae_target_3': 0.758323609828949, 'val_r2_target_3': -31.317485809326172}",COMPLETE
96,0.35154890945112266,2026-01-29 12:14:56.267703,2026-01-29 12:15:41.848768,0 days 00:00:45.581065,16,0.3929785129658942,0.00017724587141244614,2,mean,4,128,16,0.0011969861879962595,"{'val_rmse_mean': 0.9557663798332214, 'val_mae_mean': 0.6815462112426758, 'val_r2_mean': -28.260650634765625, 'val_rmse_target_0': 1.0153779983520508, 'val_mae_target_0': 0.626525342464447, 'val_r2_target_0': -44.50309371948242, 'val_rmse_target_1': 0.9533151388168335, 'val_mae_target_1': 0.6527060866355896, 'val_r2_target_1': -17.988248825073242, 'val_rmse_target_2': 0.8021425604820251, 'val_mae_target_2': 0.6922455430030823, 'val_r2_target_2': -3.4913010597229004, 'val_rmse_target_3': 1.052229881286621, 'val_mae_target_3': 0.7547078728675842, 'val_r2_target_3': -47.059959411621094}",COMPLETE
97,0.3476604289478726,2026-01-29 12:15:41.915482,2026-01-29 12:16:26.853914,0 days 00:00:44.938432,16,0.32359457923495494,0.00016486064894430296,2,mean,8,256,16,0.0013597013346746804,"{'val_rmse_mean': 0.9439710378646851, 'val_mae_mean': 0.6888485550880432, 'val_r2_mean': -22.48394775390625, 'val_rmse_target_0': 1.019242763519287, 'val_mae_target_0': 0.6550580263137817, 'val_r2_target_0': -31.165828704833984, 'val_rmse_target_1': 0.9664860963821411, 'val_mae_target_1': 0.6929699182510376, 'val_r2_target_1': -9.993142127990723, 'val_rmse_target_2': 0.7565215229988098, 'val_mae_target_2': 0.6664891242980957, 'val_r2_target_2': -1.2595698833465576, 'val_rmse_target_3': 1.033633828163147, 'val_mae_target_3': 0.740877091884613, 'val_r2_target_3': -47.51724624633789}",COMPLETE
98,0.35241615896423656,2026-01-29 12:16:26.920378,2026-01-29 12:17:11.716101,0 days 00:00:44.795723,16,0.38523078581613346,0.00018900209317678458,2,static,4,256,16,0.0012741155725261048,"{'val_rmse_mean': 0.9432395696640015, 'val_mae_mean': 0.6934636831283569, 'val_r2_mean': -13.887298583984375, 'val_rmse_target_0': 1.0143111944198608, 'val_mae_target_0': 0.6534401178359985, 'val_r2_target_0': -22.339160919189453, 'val_rmse_target_1': 0.9693740010261536, 'val_mae_target_1': 0.6965699791908264, 'val_r2_target_1': -6.954159259796143, 'val_rmse_target_2': 0.7449085116386414, 'val_mae_target_2': 0.6509118676185608, 'val_r2_target_2': -0.6943392753601074, 'val_rmse_target_3': 1.04436457157135, 'val_mae_target_3': 0.7729328870773315, 'val_r2_target_3': -25.561542510986328}",COMPLETE
99,0.3529947151740392,2026-01-29 12:17:11.783784,2026-01-29 12:17:59.074816,0 days 00:00:47.291032,16,0.3695423080132975,0.00021745746418979278,2,mean,4,256,16,0.0010901177281800567,"{'val_rmse_mean': 0.943447470664978, 'val_mae_mean': 0.6952378153800964, 'val_r2_mean': -13.057040214538574, 'val_rmse_target_0': 1.0109705924987793, 'val_mae_target_0': 0.6664942502975464, 'val_r2_target_0': -17.119447708129883, 'val_rmse_target_1': 0.9498329162597656, 'val_mae_target_1': 0.6974372863769531, 'val_r2_target_1': -6.63350772857666, 'val_rmse_target_2': 0.7422098517417908, 'val_mae_target_2': 0.6433008909225464, 'val_r2_target_2': -0.43404364585876465, 'val_rmse_target_3': 1.0707764625549316, 'val_mae_target_3': 0.7737187743186951, 'val_r2_target_3': -28.041156768798828}",COMPLETE
100,0.3735681911585508,2026-01-29 12:17:59.141771,2026-01-29 12:18:44.955828,0 days 00:00:45.814057,16,0.3998087653578729,0.00023362793158384964,2,mean,4,32,16,0.00452261387662809,"{'val_rmse_mean': 0.984459638595581, 'val_mae_mean': 0.713798999786377, 'val_r2_mean': -54.024375915527344, 'val_rmse_target_0': 0.9910348653793335, 'val_mae_target_0': 0.6292517185211182, 'val_r2_target_0': -66.11983489990234, 'val_rmse_target_1': 0.9919395446777344, 'val_mae_target_1': 0.6878368258476257, 'val_r2_target_1': -44.75654983520508, 'val_rmse_target_2': 0.9169286489486694, 'val_mae_target_2': 0.7909657955169678, 'val_r2_target_2': -17.271671295166016, 'val_rmse_target_3': 1.0379356145858765, 'val_mae_target_3': 0.7471415400505066, 'val_r2_target_3': -87.949462890625}",COMPLETE
101,0.3492295441252214,2026-01-29 12:18:45.023887,2026-01-29 12:19:29.954057,0 days 00:00:44.930170,16,0.3220569733255398,0.0001802914624897695,2,mean,8,256,16,0.0013953960959005507,"{'val_rmse_mean': 0.9454787969589233, 'val_mae_mean': 0.686613917350769, 'val_r2_mean': -18.809534072875977, 'val_rmse_target_0': 1.0237007141113281, 'val_mae_target_0': 0.6637265086174011, 'val_r2_target_0': -23.575645446777344, 'val_rmse_target_1': 0.9608131051063538, 'val_mae_target_1': 0.6838670372962952, 'val_r2_target_1': -10.42634391784668, 'val_rmse_target_2': 0.7528281807899475, 'val_mae_target_2': 0.6493461728096008, 'val_r2_target_2': -1.0094380378723145, 'val_rmse_target_3': 1.0445733070373535, 'val_mae_target_3': 0.749515950679779, 'val_r2_target_3': -40.22671127319336}",COMPLETE
102,0.35014053199578216,2026-01-29 12:19:30.021398,2026-01-29 12:20:14.939999,0 days 00:00:44.918601,16,0.38614283203150856,0.0002037124747581512,2,mean,8,256,16,0.0013530982699975133,"{'val_rmse_mean': 0.9400948286056519, 'val_mae_mean': 0.692206084728241, 'val_r2_mean': -18.03050994873047, 'val_rmse_target_0': 1.0042967796325684, 'val_mae_target_0': 0.6551234722137451, 'val_r2_target_0': -27.900651931762695, 'val_rmse_target_1': 0.9456904530525208, 'val_mae_target_1': 0.6887805461883545, 'val_r2_target_1': -8.569067001342773, 'val_rmse_target_2': 0.7564977407455444, 'val_mae_target_2': 0.6558850407600403, 'val_r2_target_2': -0.9671300649642944, 'val_rmse_target_3': 1.0538945198059082, 'val_mae_target_3': 0.7690353393554688, 'val_r2_target_3': -34.68519592285156}",COMPLETE
103,0.34570683414737385,2026-01-29 12:20:15.006950,2026-01-29 12:21:01.676940,0 days 00:00:46.669990,16,0.3626258957367563,0.00015905643991713647,2,mean,8,256,16,0.00150851142299287,"{'val_rmse_mean': 0.9390323758125305, 'val_mae_mean': 0.6825934052467346, 'val_r2_mean': -22.75922393798828, 'val_rmse_target_0': 0.9873954057693481, 'val_mae_target_0': 0.63062983751297, 'val_r2_target_0': -37.11115264892578, 'val_rmse_target_1': 0.9612236618995667, 'val_mae_target_1': 0.6787447929382324, 'val_r2_target_1': -12.64535903930664, 'val_rmse_target_2': 0.7594205737113953, 'val_mae_target_2': 0.6644791960716248, 'val_r2_target_2': -1.715700626373291, 'val_rmse_target_3': 1.0480897426605225, 'val_mae_target_3': 0.7565198540687561, 'val_r2_target_3': -39.56468200683594}",COMPLETE
104,0.34710704162716866,2026-01-29 12:21:01.743399,2026-01-29 12:21:47.981168,0 days 00:00:46.237769,16,0.36447529619572366,0.0001471252747954004,2,mean,8,256,16,0.0014872420464716386,"{'val_rmse_mean': 0.9405859112739563, 'val_mae_mean': 0.6835523843765259, 'val_r2_mean': -21.204065322875977, 'val_rmse_target_0': 1.0082978010177612, 'val_mae_target_0': 0.6493395566940308, 'val_r2_target_0': -28.50839614868164, 'val_rmse_target_1': 0.9598053693771362, 'val_mae_target_1': 0.6915491819381714, 'val_r2_target_1': -12.028629302978516, 'val_rmse_target_2': 0.7461816072463989, 'val_mae_target_2': 0.6464319825172424, 'val_r2_target_2': -1.5669162273406982, 'val_rmse_target_3': 1.0480587482452393, 'val_mae_target_3': 0.7468888759613037, 'val_r2_target_3': -42.71231460571289}",COMPLETE
105,0.35107871227794224,2026-01-29 12:21:48.049703,2026-01-29 12:22:33.587089,0 days 00:00:45.537386,16,0.3634214796046197,0.00014773536516867643,2,mean,8,256,16,0.0014967705365506164,"{'val_rmse_mean': 0.94785475730896, 'val_mae_mean': 0.6960206031799316, 'val_r2_mean': -19.69599151611328, 'val_rmse_target_0': 1.014831304550171, 'val_mae_target_0': 0.6583810448646545, 'val_r2_target_0': -28.187036514282227, 'val_rmse_target_1': 0.9693562388420105, 'val_mae_target_1': 0.6928460597991943, 'val_r2_target_1': -13.212315559387207, 'val_rmse_target_2': 0.7736499905586243, 'val_mae_target_2': 0.6862391829490662, 'val_r2_target_2': -2.0398571491241455, 'val_rmse_target_3': 1.0335813760757446, 'val_mae_target_3': 0.7466161251068115, 'val_r2_target_3': -35.344757080078125}",COMPLETE
106,0.37826887904493894,2026-01-29 12:22:33.653952,2026-01-29 12:23:17.848036,0 days 00:00:44.194084,16,0.3525839963012024,0.00015893336986047676,2,mean,8,64,16,0.0015626286735626153,"{'val_rmse_mean': 0.9888300895690918, 'val_mae_mean': 0.721625030040741, 'val_r2_mean': -58.15803146362305, 'val_rmse_target_0': 0.9913462996482849, 'val_mae_target_0': 0.6300964951515198, 'val_r2_target_0': -102.46247863769531, 'val_rmse_target_1': 1.0057815313339233, 'val_mae_target_1': 0.7364808320999146, 'val_r2_target_1': -46.88359451293945, 'val_rmse_target_2': 0.9185506105422974, 'val_mae_target_2': 0.7894524335861206, 'val_r2_target_2': -22.463563919067383, 'val_rmse_target_3': 1.0396417379379272, 'val_mae_target_3': 0.7304704189300537, 'val_r2_target_3': -60.8225212097168}",COMPLETE
107,0.3563881892434977,2026-01-29 12:23:17.915692,2026-01-29 12:24:01.064579,0 days 00:00:43.148887,16,0.333425295013222,0.00013562076758572654,2,mean,8,256,16,0.0019072665002790657,"{'val_rmse_mean': 0.9552090167999268, 'val_mae_mean': 0.6969984769821167, 'val_r2_mean': -25.531606674194336, 'val_rmse_target_0': 0.9981011152267456, 'val_mae_target_0': 0.6329454779624939, 'val_r2_target_0': -43.15597152709961, 'val_rmse_target_1': 0.9579222798347473, 'val_mae_target_1': 0.6989132165908813, 'val_r2_target_1': -12.592504501342773, 'val_rmse_target_2': 0.794249415397644, 'val_mae_target_2': 0.691582977771759, 'val_r2_target_2': -3.0606513023376465, 'val_rmse_target_3': 1.0705631971359253, 'val_mae_target_3': 0.7645522952079773, 'val_r2_target_3': -43.31729507446289}",COMPLETE
