number,value,datetime_start,datetime_complete,duration,params_batch_size,params_bidirectional,params_dropout_lstm,params_dropout_path,params_dropout_reg,params_lr,params_lstm_hidden_dim,params_lstm_layers,params_path_aggregation,params_path_dim,params_regressor_dim,params_weight_decay,user_attrs_val_metrics,state
0,0.503412558891998,2026-02-04 01:53:37.988885,2026-02-04 01:54:28.719376,0 days 00:00:50.730491,16,False,0.27312781867171576,0.27215617255207597,0.3606715314329749,0.0001437052019494735,8,2,static,16,512,0.008397853734832542,"{'val_rmse_mean': 1.0778969526290894, 'val_mae_mean': 0.9094471335411072, 'val_r2_mean': -55.63224792480469, 'val_rmse_target_0': 1.0778969526290894, 'val_mae_target_0': 0.9094471335411072, 'val_r2_target_0': -55.63224792480469}",COMPLETE
1,0.5263932018567714,2026-02-04 01:54:28.920404,2026-02-04 01:55:20.184438,0 days 00:00:51.264034,16,False,0.16365411748151049,0.3466515191115191,0.24626813347793544,0.0003089478219792497,32,2,static,16,128,5.934803084157209e-05,"{'val_rmse_mean': 1.109991192817688, 'val_mae_mean': 0.9025266170501709, 'val_r2_mean': -18.5529727935791, 'val_rmse_target_0': 1.109991192817688, 'val_mae_target_0': 0.9025266170501709, 'val_r2_target_0': -18.5529727935791}",COMPLETE
2,0.5255294589205058,2026-02-04 01:55:20.384466,2026-02-04 01:56:11.829408,0 days 00:00:51.444942,16,False,0.286185855176066,0.20488195925006447,0.36795179724367466,0.00029421609163667023,32,2,static,8,512,2.07089521576501e-05,"{'val_rmse_mean': 1.1068180799484253, 'val_mae_mean': 0.9185867309570312, 'val_r2_mean': -20.01252555847168, 'val_rmse_target_0': 1.1068180799484253, 'val_mae_target_0': 0.9185867309570312, 'val_r2_target_0': -20.01252555847168}",COMPLETE
3,0.46750528969008615,2026-02-04 01:56:12.030121,2026-02-04 01:57:05.436390,0 days 00:00:53.406269,16,False,0.2519989804364283,0.22349942590110083,0.3680572177074943,0.00010568251552613548,16,2,static,8,128,1.1717336304471896e-05,"{'val_rmse_mean': 1.0382673740386963, 'val_mae_mean': 0.8672612309455872, 'val_r2_mean': -139.31039428710938, 'val_rmse_target_0': 1.0382673740386963, 'val_mae_target_0': 0.8672612309455872, 'val_r2_target_0': -139.31039428710938}",COMPLETE
4,0.5018602435871058,2026-02-04 01:57:05.638130,2026-02-04 01:57:56.223149,0 days 00:00:50.585019,16,False,0.21088451087014032,0.2409934205565324,0.35327797547042916,0.0002288345910207613,16,2,static,8,256,0.00015015574242203218,"{'val_rmse_mean': 1.072137713432312, 'val_mae_mean': 0.9084532260894775, 'val_r2_mean': -45.78509521484375, 'val_rmse_target_0': 1.072137713432312, 'val_mae_target_0': 0.9084532260894775, 'val_r2_target_0': -45.78509521484375}",COMPLETE
5,0.5116082967983352,2026-02-04 01:57:56.424271,2026-02-04 01:58:49.572722,0 days 00:00:53.148451,16,False,0.2539766786858166,0.37651294438265426,0.32044044420456597,0.0003564615020007899,32,2,static,8,128,0.0005592261720149559,"{'val_rmse_mean': 1.0780036449432373, 'val_mae_mean': 0.9159573316574097, 'val_r2_mean': -29.12134552001953, 'val_rmse_target_0': 1.0780036449432373, 'val_mae_target_0': 0.9159573316574097, 'val_r2_target_0': -29.12134552001953}",COMPLETE
6,0.5236915788247845,2026-02-04 01:58:49.773824,2026-02-04 01:59:40.985337,0 days 00:00:51.211513,16,False,0.19107951644703286,0.31382018536692735,0.2128745694534505,0.00025909336748185593,32,2,static,16,512,2.705666292222486e-05,"{'val_rmse_mean': 1.0909157991409302, 'val_mae_mean': 0.9115560054779053, 'val_r2_mean': -12.194395065307617, 'val_rmse_target_0': 1.0909157991409302, 'val_mae_target_0': 0.9115560054779053, 'val_r2_target_0': -12.194395065307617}",COMPLETE
7,0.5437932969631489,2026-02-04 01:59:41.186638,2026-02-04 02:00:34.550117,0 days 00:00:53.363479,16,False,0.23873410041156412,0.39691298932852315,0.2856678955983528,0.0004963878851761682,32,2,static,8,512,0.004471130303095405,"{'val_rmse_mean': 1.1211779117584229, 'val_mae_mean': 0.9613233208656311, 'val_r2_mean': -6.101352691650391, 'val_rmse_target_0': 1.1211779117584229, 'val_mae_target_0': 0.9613233208656311, 'val_r2_target_0': -6.101352691650391}",COMPLETE
8,0.48921038106911713,2026-02-04 02:00:34.751366,2026-02-04 02:01:26.072363,0 days 00:00:51.320997,16,False,0.2972498089153308,0.3130316107498681,0.23946334625098478,0.0002920188092333443,8,2,static,8,512,0.000434270048513687,"{'val_rmse_mean': 1.0540249347686768, 'val_mae_mean': 0.906326413154602, 'val_r2_mean': -19.227447509765625, 'val_rmse_target_0': 1.0540249347686768, 'val_mae_target_0': 0.906326413154602, 'val_r2_target_0': -19.227447509765625}",COMPLETE
9,0.4963571750354571,2026-02-04 02:01:26.273840,2026-02-04 02:02:16.884732,0 days 00:00:50.610892,16,False,0.11084135446184953,0.24830522237771105,0.22872445091442623,7.283159045185673e-05,8,2,static,8,256,0.0007099428756868806,"{'val_rmse_mean': 1.0734519958496094, 'val_mae_mean': 0.905864417552948, 'val_r2_mean': -70.33060455322266, 'val_rmse_target_0': 1.0734519958496094, 'val_mae_target_0': 0.905864417552948, 'val_r2_target_0': -70.33060455322266}",COMPLETE
10,0.4436695469819285,2026-02-04 02:02:17.087082,2026-02-04 02:03:08.719620,0 days 00:00:51.632538,16,False,0.14497490580168998,0.20125224565288632,0.31625129377152306,5.4317435885750225e-05,16,2,static,16,128,1.3129044137078314e-05,"{'val_rmse_mean': 1.0118426084518433, 'val_mae_mean': 0.8317259550094604, 'val_r2_mean': -170.43585205078125, 'val_rmse_target_0': 1.0118426084518433, 'val_mae_target_0': 0.8317259550094604, 'val_r2_target_0': -170.43585205078125}",COMPLETE
11,0.47958319036476066,2026-02-04 02:03:08.939554,2026-02-04 02:03:59.278594,0 days 00:00:50.339040,16,False,0.1252579563639576,0.2011796019549475,0.3992909815845183,5.113125414133301e-05,16,2,static,16,128,1.1675035673863089e-05,"{'val_rmse_mean': 1.056778073310852, 'val_mae_mean': 0.8791648149490356, 'val_r2_mean': -132.95648193359375, 'val_rmse_target_0': 1.056778073310852, 'val_mae_target_0': 0.8791648149490356, 'val_r2_target_0': -132.95648193359375}",COMPLETE
12,0.4762520586933803,2026-02-04 02:03:59.480027,2026-02-04 02:04:50.709748,0 days 00:00:51.229721,16,False,0.1531217147528518,0.23237015089482327,0.31517080395709085,0.00010222918432576431,16,2,static,16,128,6.752625414745124e-05,"{'val_rmse_mean': 1.0444064140319824, 'val_mae_mean': 0.8868060111999512, 'val_r2_mean': -119.14390563964844, 'val_rmse_target_0': 1.0444064140319824, 'val_mae_target_0': 0.8868060111999512, 'val_r2_target_0': -119.14390563964844}",COMPLETE
13,0.4933132170020447,2026-02-04 02:04:50.911047,2026-02-04 02:05:40.728385,0 days 00:00:49.817338,16,False,0.21691167384988919,0.27736229137209156,0.2912946035526672,5.009508399271298e-05,16,2,static,16,128,1.0786989729857501e-05,"{'val_rmse_mean': 1.0752464532852173, 'val_mae_mean': 0.9004830121994019, 'val_r2_mean': -78.30485534667969, 'val_rmse_target_0': 1.0752464532852173, 'val_mae_target_0': 0.9004830121994019, 'val_r2_target_0': -78.30485534667969}",COMPLETE
14,0.4967201871331781,2026-02-04 02:05:40.930282,2026-02-04 02:06:30.848493,0 days 00:00:49.918211,16,False,0.17554954579842702,0.22549958199610606,0.33015554798482966,8.995072846730193e-05,16,2,static,8,128,5.7558784399735954e-05,"{'val_rmse_mean': 1.0826711654663086, 'val_mae_mean': 0.8949042558670044, 'val_r2_mean': -67.71189880371094, 'val_rmse_target_0': 1.0826711654663086, 'val_mae_target_0': 0.8949042558670044, 'val_r2_target_0': -67.71189880371094}",COMPLETE
15,0.4903396934365716,2026-02-04 02:06:31.050234,2026-02-04 02:07:21.997640,0 days 00:00:50.947406,16,False,0.14397944640913546,0.2614345545687451,0.39297841704952297,0.00015200945758300942,16,2,static,16,128,0.00018071803797790333,"{'val_rmse_mean': 1.0604702234268188, 'val_mae_mean': 0.8968411684036255, 'val_r2_mean': -94.2735366821289, 'val_rmse_target_0': 1.0604702234268188, 'val_mae_target_0': 0.8968411684036255, 'val_r2_target_0': -94.2735366821289}",COMPLETE
16,0.47149630846817875,2026-02-04 02:07:22.199399,2026-02-04 02:08:12.900619,0 days 00:00:50.701220,16,False,0.24073222762827462,0.21995959650583535,0.28059480943802245,7.114099333291062e-05,16,2,static,16,128,0.0012327738136658924,"{'val_rmse_mean': 1.0524507761001587, 'val_mae_mean': 0.870296061038971, 'val_r2_mean': -93.0498046875, 'val_rmse_target_0': 1.0524507761001587, 'val_mae_target_0': 0.870296061038971, 'val_r2_target_0': -93.0498046875}",COMPLETE
17,0.501197010127793,2026-02-04 02:08:13.101588,2026-02-04 02:09:01.874204,0 days 00:00:48.772616,16,False,0.19101822800283638,0.2909399767451533,0.34265584374586955,0.00011384604028452368,16,2,static,8,256,2.863975239893158e-05,"{'val_rmse_mean': 1.082142949104309, 'val_mae_mean': 0.9105899333953857, 'val_r2_mean': -72.25147247314453, 'val_rmse_target_0': 1.082142949104309, 'val_mae_target_0': 0.9105899333953857, 'val_r2_target_0': -72.25147247314453}",COMPLETE
18,0.4499066706083357,2026-02-04 02:09:02.074393,2026-02-04 02:09:53.692640,0 days 00:00:51.618247,16,False,0.10502105942030855,0.21358461197757223,0.2689149720897109,6.724282153756814e-05,16,2,static,16,128,0.0001552663871997751,"{'val_rmse_mean': 1.025382399559021, 'val_mae_mean': 0.8498287796974182, 'val_r2_mean': -151.42266845703125, 'val_rmse_target_0': 1.025382399559021, 'val_mae_target_0': 0.8498287796974182, 'val_r2_target_0': -151.42266845703125}",COMPLETE
19,0.46376842230178966,2026-02-04 02:09:53.913285,2026-02-04 02:10:46.476331,0 days 00:00:52.563046,16,False,0.10539224863937029,0.2012523992847864,0.25867491574194823,6.551583912755794e-05,16,2,static,16,128,0.0018108611389008595,"{'val_rmse_mean': 1.0237791538238525, 'val_mae_mean': 0.8663985729217529, 'val_r2_mean': -102.68383026123047, 'val_rmse_target_0': 1.0237791538238525, 'val_mae_target_0': 0.8663985729217529, 'val_r2_target_0': -102.68383026123047}",COMPLETE
20,0.5080041842893815,2026-02-04 02:10:46.677024,2026-02-04 02:11:37.127072,0 days 00:00:50.450048,16,False,0.13141485581441623,0.25185325259754215,0.268333690144924,0.00018999743943415792,8,2,static,16,256,0.0001205367966702469,"{'val_rmse_mean': 1.08665931224823, 'val_mae_mean': 0.9120522737503052, 'val_r2_mean': -53.929080963134766, 'val_rmse_target_0': 1.08665931224823, 'val_mae_target_0': 0.9120522737503052, 'val_r2_target_0': -53.929080963134766}",COMPLETE
21,0.4702641633921303,2026-02-04 02:11:37.328112,2026-02-04 02:12:27.003634,0 days 00:00:49.675522,16,False,0.10017245369623813,0.20244968213781814,0.25888612762666796,6.683251799629266e-05,16,2,static,16,128,0.0022776382390629797,"{'val_rmse_mean': 1.0397273302078247, 'val_mae_mean': 0.8786134123802185, 'val_r2_mean': -111.16780853271484, 'val_rmse_target_0': 1.0397273302078247, 'val_mae_target_0': 0.8786134123802185, 'val_r2_target_0': -111.16780853271484}",COMPLETE
22,0.4629423705744355,2026-02-04 02:12:27.204248,2026-02-04 02:13:17.743261,0 days 00:00:50.539013,16,False,0.11834327560424539,0.21664875056989838,0.30237870106578824,6.285007065449928e-05,16,2,static,16,128,0.0012232699269869194,"{'val_rmse_mean': 1.03683602809906, 'val_mae_mean': 0.8571181297302246, 'val_r2_mean': -141.522216796875, 'val_rmse_target_0': 1.03683602809906, 'val_mae_target_0': 0.8571181297302246, 'val_r2_target_0': -141.522216796875}",COMPLETE
23,0.44941291908078174,2026-02-04 02:13:17.942551,2026-02-04 02:14:06.648482,0 days 00:00:48.705931,16,False,0.12443435706972783,0.2233956757427455,0.304930208367573,5.60693163755195e-05,16,2,static,16,128,0.00028921944220335175,"{'val_rmse_mean': 1.0179582834243774, 'val_mae_mean': 0.85193932056427, 'val_r2_mean': -102.65396118164062, 'val_rmse_target_0': 1.0179582834243774, 'val_mae_target_0': 0.85193932056427, 'val_r2_target_0': -102.65396118164062}",COMPLETE
24,0.4551175298574553,2026-02-04 02:14:06.849219,2026-02-04 02:14:58.048560,0 days 00:00:51.199341,16,False,0.1388909399544987,0.24189465283034658,0.3064613785274783,8.507571232067973e-05,16,2,static,16,128,0.00023235733221344074,"{'val_rmse_mean': 1.0316462516784668, 'val_mae_mean': 0.8540201783180237, 'val_r2_mean': -160.00100708007812, 'val_rmse_target_0': 1.0316462516784668, 'val_mae_target_0': 0.8540201783180237, 'val_r2_target_0': -160.00100708007812}",COMPLETE
25,0.4364367164401941,2026-02-04 02:14:58.248749,2026-02-04 02:15:47.616161,0 days 00:00:49.367412,16,False,0.15850797679723083,0.2631786646632366,0.2705738049337117,5.67133885151631e-05,16,2,static,16,128,0.0003297002341404614,"{'val_rmse_mean': 1.0058668851852417, 'val_mae_mean': 0.8233821392059326, 'val_r2_mean': -133.62966918945312, 'val_rmse_target_0': 1.0058668851852417, 'val_mae_target_0': 0.8233821392059326, 'val_r2_target_0': -133.62966918945312}",COMPLETE
26,0.45599546247486883,2026-02-04 02:15:47.817079,2026-02-04 02:16:37.914026,0 days 00:00:50.096947,16,False,0.1721366873914205,0.26443366077209635,0.32410454763537855,5.3788554885176856e-05,16,2,static,16,128,0.000330125992038516,"{'val_rmse_mean': 1.0340542793273926, 'val_mae_mean': 0.8427839875221252, 'val_r2_mean': -138.4915008544922, 'val_rmse_target_0': 1.0340542793273926, 'val_mae_target_0': 0.8427839875221252, 'val_r2_target_0': -138.4915008544922}",COMPLETE
27,0.46065449811242243,2026-02-04 02:16:38.115657,2026-02-04 02:17:29.282031,0 days 00:00:51.166374,16,False,0.15595835164927366,0.28116592551344183,0.339653109326795,7.938699468015893e-05,16,2,static,16,128,8.443512055877493e-05,"{'val_rmse_mean': 1.0346081256866455, 'val_mae_mean': 0.8569694757461548, 'val_r2_mean': -105.38906860351562, 'val_rmse_target_0': 1.0346081256866455, 'val_mae_target_0': 0.8569694757461548, 'val_r2_target_0': -105.38906860351562}",COMPLETE
28,0.4767277850596993,2026-02-04 02:17:29.502935,2026-02-04 02:18:21.636717,0 days 00:00:52.133782,16,False,0.1441547210473033,0.3056835781058239,0.2976137142211794,5.440994711436415e-05,16,2,static,16,256,0.0008260489483542196,"{'val_rmse_mean': 1.0541187524795532, 'val_mae_mean': 0.8776569366455078, 'val_r2_mean': -134.57968139648438, 'val_rmse_target_0': 1.0541187524795532, 'val_mae_target_0': 0.8776569366455078, 'val_r2_target_0': -134.57968139648438}",COMPLETE
29,0.4833847238782743,2026-02-04 02:18:21.836971,2026-02-04 02:19:12.959130,0 days 00:00:51.122159,16,False,0.17248475566237448,0.33555061587745627,0.3109452948232622,0.00013828023049355158,8,2,static,16,128,0.009009771897610713,"{'val_rmse_mean': 1.0538740158081055, 'val_mae_mean': 0.8869279026985168, 'val_r2_mean': -96.86198425292969, 'val_rmse_target_0': 1.0538740158081055, 'val_mae_target_0': 0.8869279026985168, 'val_r2_target_0': -96.86198425292969}",COMPLETE
30,0.5035467985747986,2026-02-04 02:19:13.160639,2026-02-04 02:20:04.084835,0 days 00:00:50.924196,16,False,0.12605417041337094,0.23290238530043883,0.27466519198689865,0.00012597033169554512,8,2,static,16,512,0.0002983225588811537,"{'val_rmse_mean': 1.075493335723877, 'val_mae_mean': 0.9098286628723145, 'val_r2_mean': -59.792724609375, 'val_rmse_target_0': 1.075493335723877, 'val_mae_target_0': 0.9098286628723145, 'val_r2_target_0': -59.792724609375}",COMPLETE
31,0.45014038218694086,2026-02-04 02:20:04.285892,2026-02-04 02:20:54.541637,0 days 00:00:50.255745,16,False,0.11530361061681596,0.2117605944172271,0.2544243858627065,6.008891606691718e-05,16,2,static,16,128,0.00010546965324076885,"{'val_rmse_mean': 1.0160942077636719, 'val_mae_mean': 0.8527054786682129, 'val_r2_mean': -126.55455780029297, 'val_rmse_target_0': 1.0160942077636719, 'val_mae_target_0': 0.8527054786682129, 'val_r2_target_0': -126.55455780029297}",COMPLETE
32,0.45653056079107857,2026-02-04 02:20:54.743267,2026-02-04 02:21:45.230582,0 days 00:00:50.487315,16,False,0.1356110327851386,0.2529117469808554,0.27098655752175393,5.979757951080657e-05,16,2,static,16,128,4.1688506028464815e-05,"{'val_rmse_mean': 1.0279346704483032, 'val_mae_mean': 0.8538112044334412, 'val_r2_mean': -142.4195098876953, 'val_rmse_target_0': 1.0279346704483032, 'val_mae_target_0': 0.8538112044334412, 'val_r2_target_0': -142.4195098876953}",COMPLETE
33,0.47011837965952924,2026-02-04 02:21:45.432974,2026-02-04 02:22:37.730736,0 days 00:00:52.297762,16,False,0.1626580274874941,0.23328335138409959,0.23737810272761278,9.27963377246274e-05,16,2,static,16,128,0.00019964590946177236,"{'val_rmse_mean': 1.0412886142730713, 'val_mae_mean': 0.87087082862854, 'val_r2_mean': -158.89366149902344, 'val_rmse_target_0': 1.0412886142730713, 'val_mae_target_0': 0.87087082862854, 'val_r2_target_0': -158.89366149902344}",COMPLETE
34,0.45994479040166847,2026-02-04 02:22:37.934190,2026-02-04 02:23:28.758312,0 days 00:00:50.824122,16,False,0.11867180309516354,0.21325001258163626,0.2918046318941376,7.667695261201109e-05,16,2,static,16,128,0.00040767641330319716,"{'val_rmse_mean': 1.0277771949768066, 'val_mae_mean': 0.8680546283721924, 'val_r2_mean': -125.14846801757812, 'val_rmse_target_0': 1.0277771949768066, 'val_mae_target_0': 0.8680546283721924, 'val_r2_target_0': -125.14846801757812}",COMPLETE
35,0.45666995288141793,2026-02-04 02:23:28.958952,2026-02-04 02:24:20.563730,0 days 00:00:51.604778,16,False,0.1508355535591103,0.26574327408663,0.21518257701485033,5.8319841464154915e-05,32,2,static,16,128,1.88402972046213e-05,"{'val_rmse_mean': 1.0291213989257812, 'val_mae_mean': 0.8509410619735718, 'val_r2_mean': -198.14395141601562, 'val_rmse_target_0': 1.0291213989257812, 'val_mae_target_0': 0.8509410619735718, 'val_r2_target_0': -198.14395141601562}",COMPLETE
36,0.4717015403460849,2026-02-04 02:24:20.764528,2026-02-04 02:25:11.186204,0 days 00:00:50.421676,16,False,0.13005347225765465,0.2278276494748009,0.28331412123408295,7.06193952912977e-05,16,2,static,16,128,0.005204825834993825,"{'val_rmse_mean': 1.048600435256958, 'val_mae_mean': 0.8745253682136536, 'val_r2_mean': -114.52472686767578, 'val_rmse_target_0': 1.048600435256958, 'val_mae_target_0': 0.8745253682136536, 'val_r2_target_0': -114.52472686767578}",COMPLETE
37,0.47523323881129426,2026-02-04 02:25:11.387496,2026-02-04 02:26:03.241400,0 days 00:00:51.853904,16,False,0.18499386074031673,0.21287134598393778,0.36006510690786997,9.913574266175129e-05,32,2,static,16,128,0.00012997497562689688,"{'val_rmse_mean': 1.04685378074646, 'val_mae_mean': 0.8756773471832275, 'val_r2_mean': -91.44205474853516, 'val_rmse_target_0': 1.04685378074646, 'val_mae_target_0': 0.8756773471832275, 'val_r2_target_0': -91.44205474853516}",COMPLETE
38,0.5113023844875257,2026-02-04 02:26:03.442456,2026-02-04 02:26:54.932929,0 days 00:00:51.490473,16,False,0.10067683125248957,0.2444947431617804,0.3317337294605696,0.0001702750081193582,16,2,static,16,512,4.486286885243179e-05,"{'val_rmse_mean': 1.083670973777771, 'val_mae_mean': 0.9135818481445312, 'val_r2_mean': -41.52845764160156, 'val_rmse_target_0': 1.083670973777771, 'val_mae_target_0': 0.9135818481445312, 'val_r2_target_0': -41.52845764160156}",COMPLETE
39,0.47910826184131483,2026-02-04 02:26:55.132997,2026-02-04 02:27:46.139924,0 days 00:00:51.006927,16,False,0.2118776130659576,0.2885953269639744,0.26822806858020787,8.425776291673958e-05,16,2,static,16,128,0.0002646955539397189,"{'val_rmse_mean': 1.0583841800689697, 'val_mae_mean': 0.8793374300003052, 'val_r2_mean': -146.93048095703125, 'val_rmse_target_0': 1.0583841800689697, 'val_mae_target_0': 0.8793374300003052, 'val_r2_target_0': -146.93048095703125}",COMPLETE
40,0.4553739485186438,2026-02-04 02:27:46.342224,2026-02-04 02:28:38.224376,0 days 00:00:51.882152,16,False,0.16431203245706683,0.33338667775352193,0.25125357545272803,5.951164451147485e-05,32,2,static,16,256,0.0005310221699271405,"{'val_rmse_mean': 1.023724913597107, 'val_mae_mean': 0.8580086827278137, 'val_r2_mean': -138.40452575683594, 'val_rmse_target_0': 1.023724913597107, 'val_mae_target_0': 0.8580086827278137, 'val_r2_target_0': -138.40452575683594}",COMPLETE
41,0.45384254600624746,2026-02-04 02:28:38.425220,2026-02-04 02:29:29.239480,0 days 00:00:50.814260,16,False,0.11408262691690035,0.21298752178766167,0.25458054697680355,5.7325954138730336e-05,16,2,static,16,128,0.00012594428835949404,"{'val_rmse_mean': 1.0262506008148193, 'val_mae_mean': 0.8455159068107605, 'val_r2_mean': -245.92576599121094, 'val_rmse_target_0': 1.0262506008148193, 'val_mae_target_0': 0.8455159068107605, 'val_r2_target_0': -245.92576599121094}",COMPLETE
42,0.4463347235815255,2026-02-04 02:29:29.441248,2026-02-04 02:30:22.037255,0 days 00:00:52.596007,16,False,0.11967194432490305,0.20987847923107772,0.2275817251856128,5.0004765362938436e-05,16,2,static,16,128,8.743790293132094e-05,"{'val_rmse_mean': 1.018679141998291, 'val_mae_mean': 0.8356037139892578, 'val_r2_mean': -171.3708953857422, 'val_rmse_target_0': 1.018679141998291, 'val_mae_target_0': 0.8356037139892578, 'val_r2_target_0': -171.3708953857422}",COMPLETE
43,0.4863062760171791,2026-02-04 02:30:22.238764,2026-02-04 02:31:10.815083,0 days 00:00:48.576319,16,False,0.12457467269001025,0.22185264155287707,0.2228672078439909,5.057065516656714e-05,16,2,static,16,128,8.439507557363172e-05,"{'val_rmse_mean': 1.0520843267440796, 'val_mae_mean': 0.8931292295455933, 'val_r2_mean': -61.55781555175781, 'val_rmse_target_0': 1.0520843267440796, 'val_mae_target_0': 0.8931292295455933, 'val_r2_target_0': -61.55781555175781}",COMPLETE
44,0.4964332946821944,2026-02-04 02:31:11.016363,2026-02-04 02:32:00.697104,0 days 00:00:49.680741,16,False,0.14418030180133132,0.23716640797631555,0.24149713475405102,6.578654548859061e-05,16,2,static,8,512,1.9172723861476793e-05,"{'val_rmse_mean': 1.0727136135101318, 'val_mae_mean': 0.9010065793991089, 'val_r2_mean': -62.38388442993164, 'val_rmse_target_0': 1.0727136135101318, 'val_mae_target_0': 0.9010065793991089, 'val_r2_target_0': -62.38388442993164}",COMPLETE
