number,value,datetime_start,datetime_complete,duration,params_batch_size,params_bidirectional,params_dropout_lstm,params_dropout_path,params_dropout_reg,params_lr,params_lstm_hidden_dim,params_lstm_layers,params_path_aggregation,params_path_dim,params_regressor_dim,params_weight_decay,user_attrs_val_metrics,state
45,0.4726910713232226,2026-02-04 02:32:00.898749,2026-02-04 02:32:52.913751,0 days 00:00:52.015002,16,False,0.10716849519664451,0.2001529569432434,0.20002609191580972,7.567885099864737e-05,16,2,static,16,128,0.00019037144058796222,"{'val_rmse_mean': 1.0442919731140137, 'val_mae_mean': 0.8734027147293091, 'val_r2_mean': -118.72442626953125, 'val_rmse_target_0': 1.0442919731140137, 'val_mae_target_0': 0.8734027147293091, 'val_r2_target_0': -118.72442626953125}",COMPLETE
46,0.5459386208482707,2026-02-04 02:32:53.114194,2026-02-04 02:33:41.834027,0 days 00:00:48.719833,16,False,0.12230371972202736,0.20863922881332592,0.3167523558311351,0.0004945707599703484,8,2,static,16,128,0.0006917247204933798,"{'val_rmse_mean': 1.1265089511871338, 'val_mae_mean': 0.9279585480690002, 'val_r2_mean': -15.013641357421875, 'val_rmse_target_0': 1.1265089511871338, 'val_mae_target_0': 0.9279585480690002, 'val_r2_target_0': -15.013641357421875}",COMPLETE
47,0.4745587867995103,2026-02-04 02:33:42.034137,2026-02-04 02:34:30.394278,0 days 00:00:48.360141,16,False,0.13821332060166322,0.36571587345145984,0.22894540240881167,5.426533969374705e-05,16,2,static,8,128,2.8911637363631733e-05,"{'val_rmse_mean': 1.0430002212524414, 'val_mae_mean': 0.883305013179779, 'val_r2_mean': -65.40227508544922, 'val_rmse_target_0': 1.0430002212524414, 'val_mae_target_0': 0.883305013179779, 'val_r2_target_0': -65.40227508544922}",COMPLETE
48,0.44876542094560273,2026-02-04 02:34:30.595958,2026-02-04 02:35:22.369324,0 days 00:00:51.773366,16,False,0.15721076288160132,0.222146877001153,0.2974416544951943,6.709070745566634e-05,32,2,static,16,128,0.00039262741341515,"{'val_rmse_mean': 1.0180881023406982, 'val_mae_mean': 0.8421893119812012, 'val_r2_mean': -294.7530212402344, 'val_rmse_target_0': 1.0180881023406982, 'val_mae_target_0': 0.8421893119812012, 'val_r2_target_0': -294.7530212402344}",COMPLETE
49,0.4802625006888303,2026-02-04 02:35:22.571642,2026-02-04 02:36:11.475111,0 days 00:00:48.903469,16,False,0.2008442500936226,0.25445700722910103,0.2908195768374038,5.174752515937467e-05,32,2,static,16,512,0.0009217434847851588,"{'val_rmse_mean': 1.0615121126174927, 'val_mae_mean': 0.8830910325050354, 'val_r2_mean': -122.51322174072266, 'val_rmse_target_0': 1.0615121126174927, 'val_mae_target_0': 0.8830910325050354, 'val_r2_target_0': -122.51322174072266}",COMPLETE
