number,value,datetime_start,datetime_complete,duration,params_aggregation,params_alpha,params_l1_ratio,params_lr,user_attrs_val_metrics,state
0,0.2656475894392416,2026-02-03 12:33:10.362072,2026-02-03 12:33:41.343690,0 days 00:00:30.981618,attention,0.0028453244026365606,0.8729400643840162,0.0009231068811693051,"{'val_rmse_mean': 0.7343315482139587, 'val_mae_mean': 0.647418737411499, 'val_r2_mean': -0.4541398286819458, 'val_rmse_target_0': 0.7343315482139587, 'val_mae_target_0': 0.647418737411499, 'val_r2_target_0': -0.4541398286819458}",COMPLETE
1,0.2774488479416404,2026-02-03 12:33:41.504870,2026-02-03 12:34:12.872627,0 days 00:00:31.367757,attention,0.13824979286139563,0.8113159451522803,0.0042013293402614425,"{'val_rmse_mean': 0.7764219045639038, 'val_mae_mean': 0.5956600308418274, 'val_r2_mean': -0.028583288192749023, 'val_rmse_target_0': 0.7764219045639038, 'val_mae_target_0': 0.5956600308418274, 'val_r2_target_0': -0.028583288192749023}",COMPLETE
2,0.34585826531164693,2026-02-03 12:34:13.032280,2026-02-03 12:34:43.006677,0 days 00:00:29.974397,attention,0.015376489166382217,0.2424437378298664,0.00044816351741569705,"{'val_rmse_mean': 0.8623790740966797, 'val_mae_mean': 0.7457654476165771, 'val_r2_mean': -1.9071390628814697, 'val_rmse_target_0': 0.8623790740966797, 'val_mae_target_0': 0.7457654476165771, 'val_r2_target_0': -1.9071390628814697}",COMPLETE
3,0.40129581521506663,2026-02-03 12:34:43.166475,2026-02-03 12:35:14.269713,0 days 00:00:31.103238,attention,0.27613795401623153,0.22643898756501457,0.00020386045541680755,"{'val_rmse_mean': 0.9444591999053955, 'val_mae_mean': 0.7847477793693542, 'val_r2_mean': -6.288944244384766, 'val_rmse_target_0': 0.9444591999053955, 'val_mae_target_0': 0.7847477793693542, 'val_r2_target_0': -6.288944244384766}",COMPLETE
4,0.25831603070859005,2026-02-03 12:35:14.428801,2026-02-03 12:35:44.776751,0 days 00:00:30.347950,attention,0.053018338170574095,0.6168132190105257,0.00471562668454886,"{'val_rmse_mean': 0.7254181504249573, 'val_mae_mean': 0.6182698011398315, 'val_r2_mean': 0.205308735370636, 'val_rmse_target_0': 0.7254181504249573, 'val_mae_target_0': 0.6182698011398315, 'val_r2_target_0': 0.205308735370636}",COMPLETE
5,0.35669532389416686,2026-02-03 12:35:44.936123,2026-02-03 12:36:12.501636,0 days 00:00:27.565513,mean,0.012871760868573015,0.2132770052570906,0.00026747170027796824,"{'val_rmse_mean': 0.8783225417137146, 'val_mae_mean': 0.7141867280006409, 'val_r2_mean': -4.479477882385254, 'val_rmse_target_0': 0.8783225417137146, 'val_mae_target_0': 0.7141867280006409, 'val_r2_target_0': -4.479477882385254}",COMPLETE
6,0.269670467405511,2026-02-03 12:36:12.661959,2026-02-03 12:36:40.169540,0 days 00:00:27.507581,mean,0.00030027847990134605,0.4759657055484813,0.002293852874559289,"{'val_rmse_mean': 0.7505597472190857, 'val_mae_mean': 0.6122614741325378, 'val_r2_mean': -0.08637845516204834, 'val_rmse_target_0': 0.7505597472190857, 'val_mae_target_0': 0.6122614741325378, 'val_r2_target_0': -0.08637845516204834}",COMPLETE
7,0.2986671706870159,2026-02-03 12:36:40.330068,2026-02-03 12:37:11.613011,0 days 00:00:31.282943,attention,0.015495177575408336,0.8556895889396189,0.0014322080805432478,"{'val_rmse_mean': 0.8316018581390381, 'val_mae_mean': 0.634653627872467, 'val_r2_mean': -0.3628551959991455, 'val_rmse_target_0': 0.8316018581390381, 'val_mae_target_0': 0.634653627872467, 'val_r2_target_0': -0.3628551959991455}",COMPLETE
8,0.2996974588949578,2026-02-03 12:37:11.773774,2026-02-03 12:37:40.228997,0 days 00:00:28.455223,mean,0.007853068641305916,0.2370522725669605,0.0010301088457763147,"{'val_rmse_mean': 0.7904748320579529, 'val_mae_mean': 0.6826608180999756, 'val_r2_mean': -0.8066465854644775, 'val_rmse_target_0': 0.7904748320579529, 'val_mae_target_0': 0.6826608180999756, 'val_r2_target_0': -0.8066465854644775}",COMPLETE
9,0.30296398406251146,2026-02-03 12:37:40.389134,2026-02-03 12:38:11.853854,0 days 00:00:31.464720,attention,0.2072562561021523,0.8570297807921256,0.004025722895175137,"{'val_rmse_mean': 0.8003324270248413, 'val_mae_mean': 0.6538904905319214, 'val_r2_mean': 0.1375201940536499, 'val_rmse_target_0': 0.8003324270248413, 'val_mae_target_0': 0.6538904905319214, 'val_r2_target_0': 0.1375201940536499}",COMPLETE
10,0.3996790859404158,2026-02-03 12:38:12.013162,2026-02-03 12:38:41.359523,0 days 00:00:29.346361,mean,0.8594921410790765,0.6150349480026329,0.00014208585996352074,"{'val_rmse_mean': 0.9320435523986816, 'val_mae_mean': 0.773680567741394, 'val_r2_mean': -7.522210121154785, 'val_rmse_target_0': 0.9320435523986816, 'val_mae_target_0': 0.773680567741394, 'val_r2_target_0': -7.522210121154785}",COMPLETE
11,0.28243784621116463,2026-02-03 12:38:41.519120,2026-02-03 12:39:12.646873,0 days 00:00:31.127753,attention,0.0011751129490175376,0.6511653697603071,0.000576099137947758,"{'val_rmse_mean': 0.7653891444206238, 'val_mae_mean': 0.6568371653556824, 'val_r2_mean': -0.5690559148788452, 'val_rmse_target_0': 0.7653891444206238, 'val_mae_target_0': 0.6568371653556824, 'val_r2_target_0': -0.5690559148788452}",COMPLETE
12,0.27115129933096155,2026-02-03 12:39:12.806285,2026-02-03 12:39:43.846641,0 days 00:00:31.040356,attention,0.0016499399503015798,0.4427808517219133,0.001965733980639153,"{'val_rmse_mean': 0.777824342250824, 'val_mae_mean': 0.596459150314331, 'val_r2_mean': -0.4585767984390259, 'val_rmse_target_0': 0.777824342250824, 'val_mae_target_0': 0.596459150314331, 'val_r2_target_0': -0.4585767984390259}",COMPLETE
13,0.2861205674492306,2026-02-03 12:39:44.005765,2026-02-03 12:40:13.471067,0 days 00:00:29.465302,attention,0.04872627834377109,0.7053760004206764,0.00084595394608441,"{'val_rmse_mean': 0.7745338082313538, 'val_mae_mean': 0.6189526915550232, 'val_r2_mean': -0.7683048248291016, 'val_rmse_target_0': 0.7745338082313538, 'val_mae_target_0': 0.6189526915550232, 'val_r2_target_0': -0.7683048248291016}",COMPLETE
14,0.2656444853594251,2026-02-03 12:40:13.631800,2026-02-03 12:40:45.577175,0 days 00:00:31.945375,attention,0.0026201685712050355,0.7256590821981207,0.0028017745543779077,"{'val_rmse_mean': 0.7466506958007812, 'val_mae_mean': 0.644417941570282, 'val_r2_mean': -0.2035161256790161, 'val_rmse_target_0': 0.7466506958007812, 'val_mae_target_0': 0.644417941570282, 'val_r2_target_0': -0.2035161256790161}",COMPLETE
15,0.24701696526265263,2026-02-03 12:40:45.739385,2026-02-03 12:41:17.204145,0 days 00:00:31.464760,attention,0.00010401836542917057,0.5769624579377737,0.002813878327503814,"{'val_rmse_mean': 0.7308623790740967, 'val_mae_mean': 0.5792883038520813, 'val_r2_mean': -0.04429507255554199, 'val_rmse_target_0': 0.7308623790740967, 'val_mae_target_0': 0.5792883038520813, 'val_r2_target_0': -0.04429507255554199}",COMPLETE
16,0.23331948332283733,2026-02-03 12:41:17.363201,2026-02-03 12:41:48.493141,0 days 00:00:31.129940,attention,0.00015792424926632607,0.5452731954638171,0.00458338194483652,"{'val_rmse_mean': 0.6959180235862732, 'val_mae_mean': 0.5815845131874084, 'val_r2_mean': 0.01071631908416748, 'val_rmse_target_0': 0.6959180235862732, 'val_mae_target_0': 0.5815845131874084, 'val_r2_target_0': 0.01071631908416748}",COMPLETE
17,0.3503171568671759,2026-02-03 12:41:48.652721,2026-02-03 12:42:19.915283,0 days 00:00:31.262562,attention,0.00011662174901666471,0.38378657651225745,0.0015976393695276317,"{'val_rmse_mean': 0.8647503852844238, 'val_mae_mean': 0.7302995324134827, 'val_r2_mean': -0.7563023567199707, 'val_rmse_target_0': 0.8647503852844238, 'val_mae_target_0': 0.7302995324134827, 'val_r2_target_0': -0.7563023567199707}",COMPLETE
18,0.25641451484681155,2026-02-03 12:42:20.075158,2026-02-03 12:42:48.413468,0 days 00:00:28.338310,mean,0.00037022101270874514,0.3546289232667198,0.0029377073259386523,"{'val_rmse_mean': 0.7305704951286316, 'val_mae_mean': 0.5731915831565857, 'val_r2_mean': 0.08644223213195801, 'val_rmse_target_0': 0.7305704951286316, 'val_mae_target_0': 0.5731915831565857, 'val_r2_target_0': 0.08644223213195801}",COMPLETE
19,0.2419250681478944,2026-02-03 12:42:48.574694,2026-02-03 12:43:19.735790,0 days 00:00:31.161096,attention,0.000101790894890242,0.5459556479636243,0.003275793723442694,"{'val_rmse_mean': 0.7093809247016907, 'val_mae_mean': 0.5966789722442627, 'val_r2_mean': 0.2275550365447998, 'val_rmse_target_0': 0.7093809247016907, 'val_mae_target_0': 0.5966789722442627, 'val_r2_target_0': 0.2275550365447998}",COMPLETE
20,0.3184692818803241,2026-02-03 12:43:19.904269,2026-02-03 12:43:51.499341,0 days 00:00:31.595072,attention,0.00046700953688816587,0.5332656529565919,0.0013814562984769735,"{'val_rmse_mean': 0.8281494975090027, 'val_mae_mean': 0.6636465787887573, 'val_r2_mean': -0.6537408828735352, 'val_rmse_target_0': 0.8281494975090027, 'val_mae_target_0': 0.6636465787887573, 'val_r2_target_0': -0.6537408828735352}",COMPLETE
21,0.19170618894578959,2026-02-03 12:43:51.658584,2026-02-03 12:44:22.074562,0 days 00:00:30.415978,attention,0.00010548502168710897,0.5347047757057309,0.003234808985291351,"{'val_rmse_mean': 0.6390206217765808, 'val_mae_mean': 0.4924429655075073, 'val_r2_mean': 0.30330371856689453, 'val_rmse_target_0': 0.6390206217765808, 'val_mae_target_0': 0.4924429655075073, 'val_r2_target_0': 0.30330371856689453}",COMPLETE
22,0.25800953878900956,2026-02-03 12:44:22.234326,2026-02-03 12:44:53.940656,0 days 00:00:31.706330,attention,0.0002203574751156388,0.5200548584439318,0.0036193160551242676,"{'val_rmse_mean': 0.7706682085990906, 'val_mae_mean': 0.5784653425216675, 'val_r2_mean': -0.0140000581741333, 'val_rmse_target_0': 0.7706682085990906, 'val_mae_target_0': 0.5784653425216675, 'val_r2_target_0': -0.0140000581741333}",COMPLETE
23,0.2609686416172836,2026-02-03 12:44:54.100285,2026-02-03 12:45:23.914666,0 days 00:00:29.814381,attention,0.0007520316788675713,0.3605043440134132,0.004761840623736996,"{'val_rmse_mean': 0.7317842245101929, 'val_mae_mean': 0.6208131313323975, 'val_r2_mean': -0.14676916599273682, 'val_rmse_target_0': 0.7317842245101929, 'val_mae_target_0': 0.6208131313323975, 'val_r2_target_0': -0.14676916599273682}",COMPLETE
24,0.2789588074406816,2026-02-03 12:45:24.073859,2026-02-03 12:45:54.323661,0 days 00:00:30.249802,attention,0.00015936248899656053,0.10081140240225289,0.0020758144559760677,"{'val_rmse_mean': 0.7648931741714478, 'val_mae_mean': 0.6316875219345093, 'val_r2_mean': -0.11032354831695557, 'val_rmse_target_0': 0.7648931741714478, 'val_mae_target_0': 0.6316875219345093, 'val_r2_target_0': -0.11032354831695557}",COMPLETE
25,0.2911770684440853,2026-02-03 12:45:54.484384,2026-02-03 12:46:25.681635,0 days 00:00:31.197251,attention,0.0006460948111368792,0.4264661585690869,0.0032227076920513793,"{'val_rmse_mean': 0.7926570773124695, 'val_mae_mean': 0.6626567840576172, 'val_r2_mean': -0.057125210762023926, 'val_rmse_target_0': 0.7926570773124695, 'val_mae_target_0': 0.6626567840576172, 'val_r2_target_0': -0.057125210762023926}",COMPLETE
26,0.2865726177857579,2026-02-03 12:46:25.840770,2026-02-03 12:46:55.272267,0 days 00:00:29.431497,mean,0.00024507432868616907,0.696950407897624,0.004980097235108628,"{'val_rmse_mean': 0.7765212059020996, 'val_mae_mean': 0.6176375150680542, 'val_r2_mean': 0.07726162672042847, 'val_rmse_target_0': 0.7765212059020996, 'val_mae_target_0': 0.6176375150680542, 'val_r2_target_0': 0.07726162672042847}",COMPLETE
27,0.2990029634588777,2026-02-03 12:46:55.430503,2026-02-03 12:47:23.773918,0 days 00:00:28.343415,attention,0.00011973311191142269,0.5638301535478364,0.0022543932708272755,"{'val_rmse_mean': 0.808810830116272, 'val_mae_mean': 0.6371685266494751, 'val_r2_mean': -0.2343769073486328, 'val_rmse_target_0': 0.808810830116272, 'val_mae_target_0': 0.6371685266494751, 'val_r2_target_0': -0.2343769073486328}",COMPLETE
28,0.2796025734671814,2026-02-03 12:47:23.932028,2026-02-03 12:47:53.727109,0 days 00:00:29.795081,attention,0.000832937987359646,0.7756763103062483,0.0012873390042122625,"{'val_rmse_mean': 0.7686536312103271, 'val_mae_mean': 0.6331462860107422, 'val_r2_mean': -0.5752679109573364, 'val_rmse_target_0': 0.7686536312103271, 'val_mae_target_0': 0.6331462860107422, 'val_r2_target_0': -0.5752679109573364}",COMPLETE
29,0.3065552599464017,2026-02-03 12:47:53.886640,2026-02-03 12:48:23.917813,0 days 00:00:30.031173,attention,0.005272412672969065,0.42289645669007536,0.0006052387103594924,"{'val_rmse_mean': 0.8033486008644104, 'val_mae_mean': 0.6744258403778076, 'val_r2_mean': -0.8468234539031982, 'val_rmse_target_0': 0.8033486008644104, 'val_mae_target_0': 0.6744258403778076, 'val_r2_target_0': -0.8468234539031982}",COMPLETE
30,0.27680651412595547,2026-02-03 12:48:24.077932,2026-02-03 12:48:54.929053,0 days 00:00:30.851121,attention,0.0016989049663667089,0.48518072002086543,0.001749640664973433,"{'val_rmse_mean': 0.7584160566329956, 'val_mae_mean': 0.6187548041343689, 'val_r2_mean': -0.5984084606170654, 'val_rmse_target_0': 0.7584160566329956, 'val_mae_target_0': 0.6187548041343689, 'val_r2_target_0': -0.5984084606170654}",COMPLETE
31,0.22508566440794514,2026-02-03 12:48:55.091145,2026-02-03 12:49:26.142556,0 days 00:00:31.051411,attention,0.00010258830368633063,0.5761950426529254,0.002762480394797546,"{'val_rmse_mean': 0.707541823387146, 'val_mae_mean': 0.5521759986877441, 'val_r2_mean': 0.0036079883575439453, 'val_rmse_target_0': 0.707541823387146, 'val_mae_target_0': 0.5521759986877441, 'val_r2_target_0': 0.0036079883575439453}",COMPLETE
32,0.2738885970486283,2026-02-03 12:49:26.305320,2026-02-03 12:49:56.030523,0 days 00:00:29.725203,attention,0.00022676693785435187,0.6431227037310303,0.0035188547113409042,"{'val_rmse_mean': 0.7742802500724792, 'val_mae_mean': 0.6024678349494934, 'val_r2_mean': -0.19413113594055176, 'val_rmse_target_0': 0.7742802500724792, 'val_mae_target_0': 0.6024678349494934, 'val_r2_target_0': -0.19413113594055176}",COMPLETE
33,0.23983776500810766,2026-02-03 12:49:56.189833,2026-02-03 12:50:26.798572,0 days 00:00:30.608739,attention,0.00010203135408345159,0.567491143779967,0.002583352494545107,"{'val_rmse_mean': 0.7031179666519165, 'val_mae_mean': 0.5890268683433533, 'val_r2_mean': 0.19751513004302979, 'val_rmse_target_0': 0.7031179666519165, 'val_mae_target_0': 0.5890268683433533, 'val_r2_target_0': 0.19751513004302979}",COMPLETE
34,0.2095135503218949,2026-02-03 12:50:26.958819,2026-02-03 12:50:55.965974,0 days 00:00:29.007155,attention,0.00042351631995796743,0.5808016193669736,0.002762109453155895,"{'val_rmse_mean': 0.653968095779419, 'val_mae_mean': 0.552636981010437, 'val_r2_mean': 0.31132376194000244, 'val_rmse_target_0': 0.653968095779419, 'val_mae_target_0': 0.552636981010437, 'val_r2_target_0': 0.31132376194000244}",COMPLETE
35,0.3163321198328588,2026-02-03 12:50:56.125120,2026-02-03 12:51:26.795181,0 days 00:00:30.670061,attention,0.00043346521019547903,0.3004875144846546,0.001112125005028413,"{'val_rmse_mean': 0.8370810151100159, 'val_mae_mean': 0.6781840920448303, 'val_r2_mean': -0.909575343132019, 'val_rmse_target_0': 0.8370810151100159, 'val_mae_target_0': 0.6781840920448303, 'val_r2_target_0': -0.909575343132019}",COMPLETE
36,0.3377202418783714,2026-02-03 12:51:26.954102,2026-02-03 12:51:55.673250,0 days 00:00:28.719148,attention,0.0001945435117564146,0.6067852400893683,0.0038799221892990288,"{'val_rmse_mean': 0.8550599813461304, 'val_mae_mean': 0.7114925980567932, 'val_r2_mean': -0.3904379606246948, 'val_rmse_target_0': 0.8550599813461304, 'val_mae_target_0': 0.7114925980567932, 'val_r2_target_0': -0.3904379606246948}",COMPLETE
37,0.35610401605366926,2026-02-03 12:51:55.831990,2026-02-03 12:52:25.201039,0 days 00:00:29.369049,attention,0.0004521690071824201,0.49701534134575714,0.0003593286450967355,"{'val_rmse_mean': 0.8771176338195801, 'val_mae_mean': 0.7345694303512573, 'val_r2_mean': -3.2313947677612305, 'val_rmse_target_0': 0.8771176338195801, 'val_mae_target_0': 0.7345694303512573, 'val_r2_target_0': -3.2313947677612305}",COMPLETE
38,0.28640540139490944,2026-02-03 12:52:25.360261,2026-02-03 12:52:54.504482,0 days 00:00:29.144221,mean,0.00020182327469512977,0.6684543910734457,0.0025129207955013576,"{'val_rmse_mean': 0.785763680934906, 'val_mae_mean': 0.6223896741867065, 'val_r2_mean': -0.24412941932678223, 'val_rmse_target_0': 0.785763680934906, 'val_mae_target_0': 0.6223896741867065, 'val_r2_target_0': -0.24412941932678223}",COMPLETE
39,0.25847119493065057,2026-02-03 12:52:54.667352,2026-02-03 12:53:25.472692,0 days 00:00:30.805340,attention,0.003809762800175413,0.7828758238482632,0.0017810210190559532,"{'val_rmse_mean': 0.7417545318603516, 'val_mae_mean': 0.6236626505851746, 'val_r2_mean': -0.13404536247253418, 'val_rmse_target_0': 0.7417545318603516, 'val_mae_target_0': 0.6236626505851746, 'val_r2_target_0': -0.13404536247253418}",COMPLETE
40,0.2976163275953796,2026-02-03 12:53:25.632379,2026-02-03 12:53:55.244561,0 days 00:00:29.612182,attention,0.00031901899797820286,0.4640319861927753,0.004202329879816964,"{'val_rmse_mean': 0.7946403622627258, 'val_mae_mean': 0.6487575769424438, 'val_r2_mean': -0.17769479751586914, 'val_rmse_target_0': 0.7946403622627258, 'val_mae_target_0': 0.6487575769424438, 'val_r2_target_0': -0.17769479751586914}",COMPLETE
41,0.3169950340395897,2026-02-03 12:53:55.405065,2026-02-03 12:54:24.277396,0 days 00:00:28.872331,attention,0.0001565992937625924,0.5954350861052145,0.00247405253887854,"{'val_rmse_mean': 0.8279208540916443, 'val_mae_mean': 0.6540150046348572, 'val_r2_mean': -0.7013156414031982, 'val_rmse_target_0': 0.8279208540916443, 'val_mae_target_0': 0.6540150046348572, 'val_r2_target_0': -0.7013156414031982}",COMPLETE
42,0.3202520901400863,2026-02-03 12:54:24.436532,2026-02-03 12:54:55.126912,0 days 00:00:30.690380,attention,0.00014476198706694845,0.567476440443666,0.004155073957225309,"{'val_rmse_mean': 0.8247191905975342, 'val_mae_mean': 0.6841117739677429, 'val_r2_mean': -0.1569448709487915, 'val_rmse_target_0': 0.8247191905975342, 'val_mae_target_0': 0.6841117739677429, 'val_r2_target_0': -0.1569448709487915}",COMPLETE
43,0.2626168736153179,2026-02-03 12:54:55.286390,2026-02-03 12:55:25.594652,0 days 00:00:30.308262,attention,0.026649593530991337,0.5161435905945564,0.002657589158228306,"{'val_rmse_mean': 0.7492388486862183, 'val_mae_mean': 0.6243354082107544, 'val_r2_mean': 0.33593612909317017, 'val_rmse_target_0': 0.7492388486862183, 'val_mae_target_0': 0.6243354082107544, 'val_r2_target_0': 0.33593612909317017}",COMPLETE
44,0.2915736404999431,2026-02-03 12:55:25.754514,2026-02-03 12:55:56.029700,0 days 00:00:30.275186,attention,0.0002929359049929564,0.6336001634048856,0.0019880759504884,"{'val_rmse_mean': 0.8036047220230103, 'val_mae_mean': 0.6569927930831909, 'val_r2_mean': -0.12284159660339355, 'val_rmse_target_0': 0.8036047220230103, 'val_mae_target_0': 0.6569927930831909, 'val_r2_target_0': -0.12284159660339355}",COMPLETE
45,0.25971535623532166,2026-02-03 12:55:56.189045,2026-02-03 12:56:23.395609,0 days 00:00:27.206564,mean,0.00010272051759986112,0.6761903826102129,0.0031779310065576417,"{'val_rmse_mean': 0.7453577518463135, 'val_mae_mean': 0.5774251222610474, 'val_r2_mean': 0.03007185459136963, 'val_rmse_target_0': 0.7453577518463135, 'val_mae_target_0': 0.5774251222610474, 'val_r2_target_0': 0.03007185459136963}",COMPLETE
46,0.2482936933466354,2026-02-03 12:56:23.555154,2026-02-03 12:56:53.513455,0 days 00:00:29.958301,attention,0.0005816083269471574,0.5921977021755758,0.0008362466110008924,"{'val_rmse_mean': 0.7169428467750549, 'val_mae_mean': 0.6184586882591248, 'val_r2_mean': -0.25211596488952637, 'val_rmse_target_0': 0.7169428467750549, 'val_mae_target_0': 0.6184586882591248, 'val_r2_target_0': -0.25211596488952637}",COMPLETE
47,0.40083930975998994,2026-02-03 12:56:53.674631,2026-02-03 12:57:23.975022,0 days 00:00:30.300391,attention,0.0001694735130308059,0.5418827566648917,0.00011844471267586054,"{'val_rmse_mean': 0.9373738765716553, 'val_mae_mean': 0.818030059337616, 'val_r2_mean': -6.325754165649414, 'val_rmse_target_0': 0.9373738765716553, 'val_mae_target_0': 0.818030059337616, 'val_r2_target_0': -6.325754165649414}",COMPLETE
48,0.3861529406847829,2026-02-03 12:57:24.135514,2026-02-03 12:57:52.268653,0 days 00:00:28.133139,attention,0.0009293974088169218,0.7464132144588331,0.00019046113923930878,"{'val_rmse_mean': 0.9301918745040894, 'val_mae_mean': 0.754069447517395, 'val_r2_mean': -4.240084648132324, 'val_rmse_target_0': 0.9301918745040894, 'val_mae_target_0': 0.754069447517395, 'val_r2_target_0': -4.240084648132324}",COMPLETE
49,0.2859195665611575,2026-02-03 12:57:52.428274,2026-02-03 12:58:21.314166,0 days 00:00:28.885892,mean,0.0013816307614951517,0.45586056444352924,0.00417427120586457,"{'val_rmse_mean': 0.7778592109680176, 'val_mae_mean': 0.6308155655860901, 'val_r2_mean': -0.026932477951049805, 'val_rmse_target_0': 0.7778592109680176, 'val_mae_target_0': 0.6308155655860901, 'val_r2_target_0': -0.026932477951049805}",COMPLETE
