number,value,datetime_start,datetime_complete,duration,params_batch_size,params_bidirectional,params_dropout_lstm,params_dropout_path,params_dropout_reg,params_lr,params_lstm_hidden_dim,params_lstm_layers,params_path_aggregation,params_path_dim,params_regressor_dim,params_weight_decay,user_attrs_val_metrics,state
30,0.36279397982138173,2026-02-01 18:34:46.236898,2026-02-01 18:35:30.108528,0 days 00:00:43.871630,16,False,0.10253105842202129,0.3482782044643416,0.3781903982064195,0.00044481706355116777,16,2,static,16,256,0.005378334713719607,"{'val_rmse_mean': 0.9174661636352539, 'val_mae_mean': 0.7087281942367554, 'val_r2_mean': -6.017147064208984, 'val_rmse_target_0': 1.002548336982727, 'val_mae_target_0': 0.6387765407562256, 'val_r2_target_0': -7.606499671936035, 'val_rmse_target_1': 0.9783167243003845, 'val_mae_target_1': 0.7114611268043518, 'val_r2_target_1': -4.458159446716309, 'val_rmse_target_2': 0.7745959758758545, 'val_mae_target_2': 0.6452721357345581, 'val_r2_target_2': -0.6312941312789917, 'val_rmse_target_3': 0.8792569041252136, 'val_mae_target_3': 0.6849319934844971, 'val_r2_target_3': -1.7968852519989014, 'val_rmse_target_4': 0.7991924285888672, 'val_mae_target_4': 0.6461353898048401, 'val_r2_target_4': -0.38404178619384766, 'val_rmse_target_5': 0.7655014991760254, 'val_mae_target_5': 0.6187699437141418, 'val_r2_target_5': -0.03802132606506348, 'val_rmse_target_6': 0.7987209558486938, 'val_mae_target_6': 0.6724886894226074, 'val_r2_target_6': -0.18910717964172363, 'val_rmse_target_7': 0.937819242477417, 'val_mae_target_7': 0.7229184508323669, 'val_r2_target_7': -1.4604930877685547, 'val_rmse_target_8': 1.133665919303894, 'val_mae_target_8': 0.9599257707595825, 'val_r2_target_8': -27.175580978393555, 'val_rmse_target_9': 0.775242030620575, 'val_mae_target_9': 0.5953440070152283, 'val_r2_target_9': -0.7193776369094849, 'val_rmse_target_10': 1.0128772258758545, 'val_mae_target_10': 0.8467587232589722, 'val_r2_target_10': -3.279550075531006, 'val_rmse_target_11': 1.0885636806488037, 'val_mae_target_11': 0.7968788743019104, 'val_r2_target_11': -24.419313430786133, 'val_rmse_target_12': 1.0089458227157593, 'val_mae_target_12': 0.6948050856590271, 'val_r2_target_12': -11.096830368041992, 'val_rmse_target_13': 0.8892791867256165, 'val_mae_target_13': 0.6877270340919495, 'val_r2_target_13': -0.9849157333374023}",COMPLETE
31,0.3761115626052574,2026-02-01 18:35:30.177315,2026-02-01 18:36:12.873784,0 days 00:00:42.696469,16,False,0.22929962824860584,0.36816392403236264,0.3105146261511135,0.000343957419042645,8,2,static,16,256,0.0026608714844539574,"{'val_rmse_mean': 0.9365755319595337, 'val_mae_mean': 0.7265604734420776, 'val_r2_mean': -7.455288887023926, 'val_rmse_target_0': 1.0086477994918823, 'val_mae_target_0': 0.6610340476036072, 'val_r2_target_0': -13.181449890136719, 'val_rmse_target_1': 0.9869108200073242, 'val_mae_target_1': 0.7187286615371704, 'val_r2_target_1': -4.401294231414795, 'val_rmse_target_2': 0.8985678553581238, 'val_mae_target_2': 0.7546790242195129, 'val_r2_target_2': -1.7967424392700195, 'val_rmse_target_3': 0.9188119173049927, 'val_mae_target_3': 0.6928820610046387, 'val_r2_target_3': -2.6393237113952637, 'val_rmse_target_4': 0.8290331959724426, 'val_mae_target_4': 0.659826934337616, 'val_r2_target_4': -0.7336044311523438, 'val_rmse_target_5': 0.7415906190872192, 'val_mae_target_5': 0.5933172702789307, 'val_r2_target_5': -0.1471714973449707, 'val_rmse_target_6': 0.7718030214309692, 'val_mae_target_6': 0.6612162590026855, 'val_r2_target_6': -0.3043379783630371, 'val_rmse_target_7': 0.9402211904525757, 'val_mae_target_7': 0.7555861473083496, 'val_r2_target_7': -2.188014507293701, 'val_rmse_target_8': 1.1466656923294067, 'val_mae_target_8': 0.9732875227928162, 'val_r2_target_8': -31.596675872802734, 'val_rmse_target_9': 0.8786519169807434, 'val_mae_target_9': 0.6695271134376526, 'val_r2_target_9': -2.049353837966919, 'val_rmse_target_10': 1.006622314453125, 'val_mae_target_10': 0.8079509735107422, 'val_r2_target_10': -4.611652374267578, 'val_rmse_target_11': 1.0952656269073486, 'val_mae_target_11': 0.806248128414154, 'val_r2_target_11': -21.968591690063477, 'val_rmse_target_12': 1.035577654838562, 'val_mae_target_12': 0.728825032711029, 'val_r2_target_12': -17.33136558532715, 'val_rmse_target_13': 0.8536878824234009, 'val_mae_target_13': 0.6887378692626953, 'val_r2_target_13': -1.4244740009307861}",COMPLETE
32,0.35384681324164075,2026-02-01 18:36:12.942373,2026-02-01 18:36:58.298794,0 days 00:00:45.356421,16,False,0.1587977112628799,0.374587688095073,0.34613431556339874,0.0004330844101927532,8,2,static,16,256,0.00419008924059055,"{'val_rmse_mean': 0.9049870371818542, 'val_mae_mean': 0.6954342126846313, 'val_r2_mean': -6.360251426696777, 'val_rmse_target_0': 0.9804636836051941, 'val_mae_target_0': 0.6231725215911865, 'val_r2_target_0': -8.004186630249023, 'val_rmse_target_1': 1.00868558883667, 'val_mae_target_1': 0.7369229197502136, 'val_r2_target_1': -3.5734968185424805, 'val_rmse_target_2': 0.7842035889625549, 'val_mae_target_2': 0.632927417755127, 'val_r2_target_2': -0.5106743574142456, 'val_rmse_target_3': 0.8919370174407959, 'val_mae_target_3': 0.6799731254577637, 'val_r2_target_3': -1.789273977279663, 'val_rmse_target_4': 0.7614291906356812, 'val_mae_target_4': 0.6068505644798279, 'val_r2_target_4': -0.2555280923843384, 'val_rmse_target_5': 0.727059543132782, 'val_mae_target_5': 0.579738199710846, 'val_r2_target_5': 0.013127386569976807, 'val_rmse_target_6': 0.7771709561347961, 'val_mae_target_6': 0.6551006436347961, 'val_r2_target_6': -0.13033592700958252, 'val_rmse_target_7': 0.8723885416984558, 'val_mae_target_7': 0.6758814454078674, 'val_r2_target_7': -1.4899353981018066, 'val_rmse_target_8': 1.126327633857727, 'val_mae_target_8': 0.9509026408195496, 'val_r2_target_8': -36.70645523071289, 'val_rmse_target_9': 0.7819401621818542, 'val_mae_target_9': 0.6020435094833374, 'val_r2_target_9': -0.8939417600631714, 'val_rmse_target_10': 0.9742475748062134, 'val_mae_target_10': 0.7951455116271973, 'val_r2_target_10': -2.9209976196289062, 'val_rmse_target_11': 1.1083089113235474, 'val_mae_target_11': 0.8047675490379333, 'val_r2_target_11': -18.434755325317383, 'val_rmse_target_12': 1.0210258960723877, 'val_mae_target_12': 0.7209456562995911, 'val_r2_target_12': -13.105101585388184, 'val_rmse_target_13': 0.8546305894851685, 'val_mae_target_13': 0.6717081665992737, 'val_r2_target_13': -1.241960048675537}",COMPLETE
33,0.3617472968719624,2026-02-01 18:36:58.367295,2026-02-01 18:37:40.333881,0 days 00:00:41.966586,16,False,0.15561917612569232,0.38881320012038717,0.346743080191413,0.00043809979392866457,8,2,static,16,256,0.0006717927469349508,"{'val_rmse_mean': 0.9145580530166626, 'val_mae_mean': 0.7089409828186035, 'val_r2_mean': -5.8821797370910645, 'val_rmse_target_0': 1.0097652673721313, 'val_mae_target_0': 0.6260975003242493, 'val_r2_target_0': -7.790282249450684, 'val_rmse_target_1': 0.9832788109779358, 'val_mae_target_1': 0.7233467102050781, 'val_r2_target_1': -4.539495944976807, 'val_rmse_target_2': 0.8276466727256775, 'val_mae_target_2': 0.7003441452980042, 'val_r2_target_2': -0.9245834350585938, 'val_rmse_target_3': 0.903664767742157, 'val_mae_target_3': 0.7091159820556641, 'val_r2_target_3': -1.9791982173919678, 'val_rmse_target_4': 0.7835299372673035, 'val_mae_target_4': 0.618407666683197, 'val_r2_target_4': -0.4113438129425049, 'val_rmse_target_5': 0.727763831615448, 'val_mae_target_5': 0.5772301554679871, 'val_r2_target_5': -0.0277249813079834, 'val_rmse_target_6': 0.7728391885757446, 'val_mae_target_6': 0.6641768217086792, 'val_r2_target_6': -0.1442023515701294, 'val_rmse_target_7': 0.9063789248466492, 'val_mae_target_7': 0.7029759287834167, 'val_r2_target_7': -1.0536293983459473, 'val_rmse_target_8': 1.1284589767456055, 'val_mae_target_8': 0.9566969871520996, 'val_r2_target_8': -28.102216720581055, 'val_rmse_target_9': 0.7983028292655945, 'val_mae_target_9': 0.6159976124763489, 'val_r2_target_9': -0.6544064283370972, 'val_rmse_target_10': 0.996605396270752, 'val_mae_target_10': 0.8194066286087036, 'val_r2_target_10': -2.8988964557647705, 'val_rmse_target_11': 1.0857895612716675, 'val_mae_target_11': 0.7928866744041443, 'val_r2_target_11': -21.700714111328125, 'val_rmse_target_12': 1.0161805152893066, 'val_mae_target_12': 0.7267643809318542, 'val_r2_target_12': -11.140109062194824, 'val_rmse_target_13': 0.8636083006858826, 'val_mae_target_13': 0.6917266845703125, 'val_r2_target_13': -0.9837111234664917}",COMPLETE
34,0.35852140133027677,2026-02-01 18:37:40.404158,2026-02-01 18:38:23.882981,0 days 00:00:43.478823,16,False,0.1476530122417714,0.35709659909676456,0.3429613108773345,0.00048795765039596686,8,2,static,16,256,0.005812223390682233,"{'val_rmse_mean': 0.9087475538253784, 'val_mae_mean': 0.7056560516357422, 'val_r2_mean': -4.8997955322265625, 'val_rmse_target_0': 0.9772724509239197, 'val_mae_target_0': 0.6387617588043213, 'val_r2_target_0': -5.381431579589844, 'val_rmse_target_1': 1.00697660446167, 'val_mae_target_1': 0.7373954653739929, 'val_r2_target_1': -3.1705074310302734, 'val_rmse_target_2': 0.7779406905174255, 'val_mae_target_2': 0.63874351978302, 'val_r2_target_2': -0.5956575870513916, 'val_rmse_target_3': 0.9068297743797302, 'val_mae_target_3': 0.7230618596076965, 'val_r2_target_3': -1.6866247653961182, 'val_rmse_target_4': 0.7948883175849915, 'val_mae_target_4': 0.6236269474029541, 'val_r2_target_4': -0.3495347499847412, 'val_rmse_target_5': 0.76381915807724, 'val_mae_target_5': 0.6039638519287109, 'val_r2_target_5': -0.06720006465911865, 'val_rmse_target_6': 0.7803983092308044, 'val_mae_target_6': 0.6605446338653564, 'val_r2_target_6': -0.10574805736541748, 'val_rmse_target_7': 0.9010447859764099, 'val_mae_target_7': 0.701404869556427, 'val_r2_target_7': -1.3496346473693848, 'val_rmse_target_8': 1.1360974311828613, 'val_mae_target_8': 0.9562947750091553, 'val_r2_target_8': -27.472896575927734, 'val_rmse_target_9': 0.799751341342926, 'val_mae_target_9': 0.5953891277313232, 'val_r2_target_9': -0.6277060508728027, 'val_rmse_target_10': 0.9254952073097229, 'val_mae_target_10': 0.788284420967102, 'val_r2_target_10': -1.884551763534546, 'val_rmse_target_11': 1.1242049932479858, 'val_mae_target_11': 0.8366761207580566, 'val_r2_target_11': -15.756303787231445, 'val_rmse_target_12': 0.99723881483078, 'val_mae_target_12': 0.7131885886192322, 'val_r2_target_12': -9.279145240783691, 'val_rmse_target_13': 0.8305084109306335, 'val_mae_target_13': 0.6618485450744629, 'val_r2_target_13': -0.8701941967010498}",COMPLETE
35,0.36766168419961576,2026-02-01 18:38:23.951630,2026-02-01 18:39:08.341111,0 days 00:00:44.389481,16,False,0.1585017217855993,0.33900767730563575,0.3771662066024948,0.0004948266274476329,8,2,static,8,256,0.005816852128163363,"{'val_rmse_mean': 0.9230345487594604, 'val_mae_mean': 0.7185749411582947, 'val_r2_mean': -5.801408290863037, 'val_rmse_target_0': 1.0182057619094849, 'val_mae_target_0': 0.6565431952476501, 'val_r2_target_0': -8.046058654785156, 'val_rmse_target_1': 1.0017781257629395, 'val_mae_target_1': 0.7382197976112366, 'val_r2_target_1': -4.436245441436768, 'val_rmse_target_2': 0.8461239337921143, 'val_mae_target_2': 0.7134929299354553, 'val_r2_target_2': -1.0566306114196777, 'val_rmse_target_3': 0.8939864039421082, 'val_mae_target_3': 0.7024168968200684, 'val_r2_target_3': -1.8956315517425537, 'val_rmse_target_4': 0.7983891367912292, 'val_mae_target_4': 0.6363806128501892, 'val_r2_target_4': -0.6028426885604858, 'val_rmse_target_5': 0.7579596638679504, 'val_mae_target_5': 0.6146751046180725, 'val_r2_target_5': -0.02013993263244629, 'val_rmse_target_6': 0.7557978630065918, 'val_mae_target_6': 0.63367760181427, 'val_r2_target_6': -0.043410658836364746, 'val_rmse_target_7': 0.9347018599510193, 'val_mae_target_7': 0.731801450252533, 'val_r2_target_7': -1.1736729145050049, 'val_rmse_target_8': 1.13533353805542, 'val_mae_target_8': 0.9629649519920349, 'val_r2_target_8': -25.452251434326172, 'val_rmse_target_9': 0.8254561424255371, 'val_mae_target_9': 0.6580033302307129, 'val_r2_target_9': -0.7877076864242554, 'val_rmse_target_10': 0.9877215623855591, 'val_mae_target_10': 0.8249534368515015, 'val_r2_target_10': -2.8807592391967773, 'val_rmse_target_11': 1.095119833946228, 'val_mae_target_11': 0.8039686679840088, 'val_r2_target_11': -20.229028701782227, 'val_rmse_target_12': 1.0190657377243042, 'val_mae_target_12': 0.7023972272872925, 'val_r2_target_12': -13.614463806152344, 'val_rmse_target_13': 0.8528435826301575, 'val_mae_target_13': 0.6805537939071655, 'val_r2_target_13': -0.9808797836303711}",COMPLETE
36,0.36201863046045657,2026-02-01 18:39:08.411051,2026-02-01 18:39:53.548261,0 days 00:00:45.137210,16,False,0.13716760570652056,0.3589283982615995,0.28562443010582805,0.0002656902241285405,32,2,static,16,256,0.00024054719485752166,"{'val_rmse_mean': 0.9204931259155273, 'val_mae_mean': 0.705604076385498, 'val_r2_mean': -10.480332374572754, 'val_rmse_target_0': 1.007343053817749, 'val_mae_target_0': 0.6516997814178467, 'val_r2_target_0': -15.068334579467773, 'val_rmse_target_1': 0.954800009727478, 'val_mae_target_1': 0.6688938140869141, 'val_r2_target_1': -6.478366374969482, 'val_rmse_target_2': 0.8466417789459229, 'val_mae_target_2': 0.6882349848747253, 'val_r2_target_2': -1.9645180702209473, 'val_rmse_target_3': 0.917877733707428, 'val_mae_target_3': 0.6801373958587646, 'val_r2_target_3': -2.6652674674987793, 'val_rmse_target_4': 0.8262545466423035, 'val_mae_target_4': 0.6786279082298279, 'val_r2_target_4': -0.9599558115005493, 'val_rmse_target_5': 0.7746497988700867, 'val_mae_target_5': 0.6143580675125122, 'val_r2_target_5': -0.4260139465332031, 'val_rmse_target_6': 0.7712298631668091, 'val_mae_target_6': 0.6690072417259216, 'val_r2_target_6': -0.5862315893173218, 'val_rmse_target_7': 0.8809937834739685, 'val_mae_target_7': 0.7041539549827576, 'val_r2_target_7': -2.5765185356140137, 'val_rmse_target_8': 1.104367733001709, 'val_mae_target_8': 0.9279280304908752, 'val_r2_target_8': -53.05952453613281, 'val_rmse_target_9': 0.8467167615890503, 'val_mae_target_9': 0.6340439319610596, 'val_r2_target_9': -2.4396421909332275, 'val_rmse_target_10': 0.9814659357070923, 'val_mae_target_10': 0.7868471741676331, 'val_r2_target_10': -6.5255351066589355, 'val_rmse_target_11': 1.0693109035491943, 'val_mae_target_11': 0.7691466808319092, 'val_r2_target_11': -33.299407958984375, 'val_rmse_target_12': 1.0352518558502197, 'val_mae_target_12': 0.7404256463050842, 'val_r2_target_12': -18.219799041748047, 'val_rmse_target_13': 0.8700003623962402, 'val_mae_target_13': 0.6649524569511414, 'val_r2_target_13': -2.455554246902466}",COMPLETE
37,0.37818192497447684,2026-02-01 18:39:53.617186,2026-02-01 18:40:34.384983,0 days 00:00:40.767797,16,False,0.12061077152872751,0.31450997910365575,0.3677186482432558,0.00031970916390093666,16,2,static,8,256,0.004012613464276026,"{'val_rmse_mean': 0.9424746632575989, 'val_mae_mean': 0.7300569415092468, 'val_r2_mean': -9.85689640045166, 'val_rmse_target_0': 1.042997121810913, 'val_mae_target_0': 0.6713226437568665, 'val_r2_target_0': -17.726011276245117, 'val_rmse_target_1': 0.9680066704750061, 'val_mae_target_1': 0.7040318846702576, 'val_r2_target_1': -5.8588385581970215, 'val_rmse_target_2': 0.9500161409378052, 'val_mae_target_2': 0.796781599521637, 'val_r2_target_2': -2.4970080852508545, 'val_rmse_target_3': 0.9602153301239014, 'val_mae_target_3': 0.7423202991485596, 'val_r2_target_3': -3.1100502014160156, 'val_rmse_target_4': 0.8750581741333008, 'val_mae_target_4': 0.7061353325843811, 'val_r2_target_4': -1.2283945083618164, 'val_rmse_target_5': 0.7489369511604309, 'val_mae_target_5': 0.5901665091514587, 'val_r2_target_5': -0.19632375240325928, 'val_rmse_target_6': 0.7643173336982727, 'val_mae_target_6': 0.6487147212028503, 'val_r2_target_6': -0.2430875301361084, 'val_rmse_target_7': 0.9089601039886475, 'val_mae_target_7': 0.7307565212249756, 'val_r2_target_7': -2.0819811820983887, 'val_rmse_target_8': 1.1206084489822388, 'val_mae_target_8': 0.944543719291687, 'val_r2_target_8': -48.06113815307617, 'val_rmse_target_9': 0.8617040514945984, 'val_mae_target_9': 0.65970379114151, 'val_r2_target_9': -2.330418348312378, 'val_rmse_target_10': 1.0044565200805664, 'val_mae_target_10': 0.8053826093673706, 'val_r2_target_10': -6.754727363586426, 'val_rmse_target_11': 1.069009780883789, 'val_mae_target_11': 0.7750140428543091, 'val_r2_target_11': -25.386720657348633, 'val_rmse_target_12': 1.0200952291488647, 'val_mae_target_12': 0.7263220548629761, 'val_r2_target_12': -20.635591506958008, 'val_rmse_target_13': 0.9002636671066284, 'val_mae_target_13': 0.7196017503738403, 'val_r2_target_13': -1.8862667083740234}",COMPLETE
38,0.37715371008272525,2026-02-01 18:40:34.455201,2026-02-01 18:41:17.590361,0 days 00:00:43.135160,16,False,0.15138789541747455,0.3356735810740411,0.3411696584522239,0.00022993668997205044,32,2,static,16,256,0.0018855916306263188,"{'val_rmse_mean': 0.9411993026733398, 'val_mae_mean': 0.7239746451377869, 'val_r2_mean': -11.759313583374023, 'val_rmse_target_0': 1.0031332969665527, 'val_mae_target_0': 0.6487739682197571, 'val_r2_target_0': -22.10345458984375, 'val_rmse_target_1': 0.9798055291175842, 'val_mae_target_1': 0.6846675872802734, 'val_r2_target_1': -9.660958290100098, 'val_rmse_target_2': 0.867802083492279, 'val_mae_target_2': 0.7112774848937988, 'val_r2_target_2': -3.38850736618042, 'val_rmse_target_3': 0.9352226853370667, 'val_mae_target_3': 0.7038035988807678, 'val_r2_target_3': -5.235243797302246, 'val_rmse_target_4': 0.8609167337417603, 'val_mae_target_4': 0.7010772824287415, 'val_r2_target_4': -2.502199649810791, 'val_rmse_target_5': 0.7700055837631226, 'val_mae_target_5': 0.5810500979423523, 'val_r2_target_5': -0.9204902648925781, 'val_rmse_target_6': 0.7836730480194092, 'val_mae_target_6': 0.6910132169723511, 'val_r2_target_6': -1.0707316398620605, 'val_rmse_target_7': 0.9200902581214905, 'val_mae_target_7': 0.7534477114677429, 'val_r2_target_7': -4.2936577796936035, 'val_rmse_target_8': 1.13963782787323, 'val_mae_target_8': 0.9596328139305115, 'val_r2_target_8': -37.53435516357422, 'val_rmse_target_9': 0.8546056151390076, 'val_mae_target_9': 0.6684197187423706, 'val_r2_target_9': -3.725187301635742, 'val_rmse_target_10': 1.025770902633667, 'val_mae_target_10': 0.8069078922271729, 'val_r2_target_10': -9.642965316772461, 'val_rmse_target_11': 1.0733461380004883, 'val_mae_target_11': 0.784204363822937, 'val_r2_target_11': -38.58238220214844, 'val_rmse_target_12': 1.0570470094680786, 'val_mae_target_12': 0.7370705008506775, 'val_r2_target_12': -22.06733512878418, 'val_rmse_target_13': 0.9057333469390869, 'val_mae_target_13': 0.7042987942695618, 'val_r2_target_13': -3.9029126167297363}",COMPLETE
39,0.404683628016048,2026-02-01 18:41:17.660067,2026-02-01 18:42:00.401818,0 days 00:00:42.741751,16,False,0.18912399383450662,0.37208393549561825,0.31334343889973015,7.556812907389263e-05,8,2,static,8,128,0.008197102050464429,"{'val_rmse_mean': 0.9888943433761597, 'val_mae_mean': 0.7633511424064636, 'val_r2_mean': -68.21959686279297, 'val_rmse_target_0': 1.0368008613586426, 'val_mae_target_0': 0.6828627586364746, 'val_r2_target_0': -165.41690063476562, 'val_rmse_target_1': 0.9959114789962769, 'val_mae_target_1': 0.6848694682121277, 'val_r2_target_1': -52.08079147338867, 'val_rmse_target_2': 0.9999271631240845, 'val_mae_target_2': 0.828436017036438, 'val_r2_target_2': -85.25813293457031, 'val_rmse_target_3': 0.9748306274414062, 'val_mae_target_3': 0.7203726172447205, 'val_r2_target_3': -33.60342025756836, 'val_rmse_target_4': 0.9791145920753479, 'val_mae_target_4': 0.8148703575134277, 'val_r2_target_4': -70.9119873046875, 'val_rmse_target_5': 0.9615228772163391, 'val_mae_target_5': 0.7736119031906128, 'val_r2_target_5': -28.156850814819336, 'val_rmse_target_6': 0.9003064632415771, 'val_mae_target_6': 0.7674388289451599, 'val_r2_target_6': -31.388507843017578, 'val_rmse_target_7': 0.9541170001029968, 'val_mae_target_7': 0.7796996235847473, 'val_r2_target_7': -37.04856491088867, 'val_rmse_target_8': 1.0534796714782715, 'val_mae_target_8': 0.8769381642341614, 'val_r2_target_8': -76.61612701416016, 'val_rmse_target_9': 0.9708716869354248, 'val_mae_target_9': 0.7471430897712708, 'val_r2_target_9': -50.26881790161133, 'val_rmse_target_10': 0.9979745745658875, 'val_mae_target_10': 0.796069860458374, 'val_r2_target_10': -78.08719635009766, 'val_rmse_target_11': 1.0120902061462402, 'val_mae_target_11': 0.7065688371658325, 'val_r2_target_11': -177.9010009765625, 'val_rmse_target_12': 1.026901364326477, 'val_mae_target_12': 0.7244071364402771, 'val_r2_target_12': -32.88392639160156, 'val_rmse_target_13': 0.9806726574897766, 'val_mae_target_13': 0.7836272120475769, 'val_r2_target_13': -35.452125549316406}",COMPLETE
