number,value,datetime_start,datetime_complete,duration,params_batch_size,params_bidirectional,params_dropout_lstm,params_dropout_path,params_dropout_reg,params_lr,params_lstm_hidden_dim,params_lstm_layers,params_path_aggregation,params_path_dim,params_regressor_dim,params_weight_decay,user_attrs_val_metrics,state
20,0.3679982125759125,2026-02-01 18:27:39.687974,2026-02-01 18:28:22.994712,0 days 00:00:43.306738,16,False,0.26324213247902506,0.23949741580082676,0.28265762419099283,0.00025649577168842944,8,2,static,16,512,0.0011051864951197427,"{'val_rmse_mean': 0.9274183511734009, 'val_mae_mean': 0.7177121043205261, 'val_r2_mean': -6.302574157714844, 'val_rmse_target_0': 1.0161892175674438, 'val_mae_target_0': 0.6656943559646606, 'val_r2_target_0': -9.10254955291748, 'val_rmse_target_1': 0.99394291639328, 'val_mae_target_1': 0.7246434688568115, 'val_r2_target_1': -4.4827446937561035, 'val_rmse_target_2': 0.8409140706062317, 'val_mae_target_2': 0.6884258985519409, 'val_r2_target_2': -1.2421631813049316, 'val_rmse_target_3': 0.9237302541732788, 'val_mae_target_3': 0.7086449861526489, 'val_r2_target_3': -2.0080010890960693, 'val_rmse_target_4': 0.8186617493629456, 'val_mae_target_4': 0.6420771479606628, 'val_r2_target_4': -0.5452392101287842, 'val_rmse_target_5': 0.7655432224273682, 'val_mae_target_5': 0.6235775947570801, 'val_r2_target_5': -0.10929620265960693, 'val_rmse_target_6': 0.7704772353172302, 'val_mae_target_6': 0.6541895866394043, 'val_r2_target_6': -0.10260093212127686, 'val_rmse_target_7': 0.9315940737724304, 'val_mae_target_7': 0.7436016798019409, 'val_r2_target_7': -1.4805562496185303, 'val_rmse_target_8': 1.1337274312973022, 'val_mae_target_8': 0.9675721526145935, 'val_r2_target_8': -29.66201400756836, 'val_rmse_target_9': 0.8243134617805481, 'val_mae_target_9': 0.6410929560661316, 'val_r2_target_9': -1.0644433498382568, 'val_rmse_target_10': 0.9755568504333496, 'val_mae_target_10': 0.779664933681488, 'val_r2_target_10': -4.545248985290527, 'val_rmse_target_11': 1.0968514680862427, 'val_mae_target_11': 0.8004474639892578, 'val_r2_target_11': -19.17879295349121, 'val_rmse_target_12': 1.0101600885391235, 'val_mae_target_12': 0.7149288654327393, 'val_r2_target_12': -13.398794174194336, 'val_rmse_target_13': 0.8821956515312195, 'val_mae_target_13': 0.693409264087677, 'val_r2_target_13': -1.3135969638824463}",COMPLETE
21,0.36244163579410976,2026-02-01 18:28:23.063578,2026-02-01 18:29:07.093709,0 days 00:00:44.030131,16,False,0.27589656668420787,0.37460945049675015,0.3273195067706878,0.00039951707673692476,8,2,static,16,256,0.0028998955990274947,"{'val_rmse_mean': 0.9162363409996033, 'val_mae_mean': 0.7097176909446716, 'val_r2_mean': -5.371126651763916, 'val_rmse_target_0': 0.9770154356956482, 'val_mae_target_0': 0.627899169921875, 'val_r2_target_0': -7.584226608276367, 'val_rmse_target_1': 0.9796485304832458, 'val_mae_target_1': 0.7274383306503296, 'val_r2_target_1': -3.353367328643799, 'val_rmse_target_2': 0.7997974753379822, 'val_mae_target_2': 0.664720892906189, 'val_r2_target_2': -1.0712087154388428, 'val_rmse_target_3': 0.9297531843185425, 'val_mae_target_3': 0.7115128040313721, 'val_r2_target_3': -2.2165796756744385, 'val_rmse_target_4': 0.8077263832092285, 'val_mae_target_4': 0.6410745978355408, 'val_r2_target_4': -0.5335774421691895, 'val_rmse_target_5': 0.7263465523719788, 'val_mae_target_5': 0.5805220603942871, 'val_r2_target_5': -0.014104604721069336, 'val_rmse_target_6': 0.7663741707801819, 'val_mae_target_6': 0.6526683568954468, 'val_r2_target_6': -0.13902819156646729, 'val_rmse_target_7': 0.88526850938797, 'val_mae_target_7': 0.6904804110527039, 'val_r2_target_7': -1.3923461437225342, 'val_rmse_target_8': 1.1419124603271484, 'val_mae_target_8': 0.977483332157135, 'val_r2_target_8': -25.54458999633789, 'val_rmse_target_9': 0.8250554800033569, 'val_mae_target_9': 0.6446314454078674, 'val_r2_target_9': -1.0245542526245117, 'val_rmse_target_10': 0.9768083691596985, 'val_mae_target_10': 0.7993868589401245, 'val_r2_target_10': -3.225857734680176, 'val_rmse_target_11': 1.0977284908294678, 'val_mae_target_11': 0.798227071762085, 'val_r2_target_11': -16.22686767578125, 'val_rmse_target_12': 1.0295159816741943, 'val_mae_target_12': 0.7335525751113892, 'val_r2_target_12': -11.653897285461426, 'val_rmse_target_13': 0.8843573927879333, 'val_mae_target_13': 0.6864489316940308, 'val_r2_target_13': -1.2155673503875732}",COMPLETE
22,0.35764067702823216,2026-02-01 18:29:07.162298,2026-02-01 18:29:49.110786,0 days 00:00:41.948488,16,False,0.2780158809889561,0.38478679715110786,0.3213766324462104,0.0004102458828725423,8,2,static,16,256,0.006444736181713711,"{'val_rmse_mean': 0.9103835821151733, 'val_mae_mean': 0.7033702731132507, 'val_r2_mean': -6.409050941467285, 'val_rmse_target_0': 0.9987649321556091, 'val_mae_target_0': 0.6481109261512756, 'val_r2_target_0': -8.917969703674316, 'val_rmse_target_1': 0.9824256300926208, 'val_mae_target_1': 0.7133333683013916, 'val_r2_target_1': -4.593353271484375, 'val_rmse_target_2': 0.8035237193107605, 'val_mae_target_2': 0.6671777367591858, 'val_r2_target_2': -1.047929048538208, 'val_rmse_target_3': 0.8597235679626465, 'val_mae_target_3': 0.6570366621017456, 'val_r2_target_3': -1.8014779090881348, 'val_rmse_target_4': 0.782740592956543, 'val_mae_target_4': 0.6162646412849426, 'val_r2_target_4': -0.346565842628479, 'val_rmse_target_5': 0.7513458728790283, 'val_mae_target_5': 0.6012572050094604, 'val_r2_target_5': -0.08380722999572754, 'val_rmse_target_6': 0.7728789448738098, 'val_mae_target_6': 0.6654711961746216, 'val_r2_target_6': -0.14385247230529785, 'val_rmse_target_7': 0.9079519510269165, 'val_mae_target_7': 0.7006404399871826, 'val_r2_target_7': -1.4602062702178955, 'val_rmse_target_8': 1.12921142578125, 'val_mae_target_8': 0.9664167761802673, 'val_r2_target_8': -32.19942855834961, 'val_rmse_target_9': 0.804103434085846, 'val_mae_target_9': 0.6229878664016724, 'val_r2_target_9': -1.1013991832733154, 'val_rmse_target_10': 0.9901238083839417, 'val_mae_target_10': 0.804841935634613, 'val_r2_target_10': -3.840534210205078, 'val_rmse_target_11': 1.0659596920013428, 'val_mae_target_11': 0.780163586139679, 'val_r2_target_11': -21.2332763671875, 'val_rmse_target_12': 1.031657338142395, 'val_mae_target_12': 0.7229945063591003, 'val_r2_target_12': -11.973289489746094, 'val_rmse_target_13': 0.8649590015411377, 'val_mae_target_13': 0.6804875731468201, 'val_r2_target_13': -0.9836221933364868}",COMPLETE
23,0.368332842985789,2026-02-01 18:29:49.179754,2026-02-01 18:30:32.489222,0 days 00:00:43.309468,16,False,0.2524551414127888,0.38242627709953997,0.33508360171787827,0.000470848936710171,8,2,static,16,256,0.009197214895271116,"{'val_rmse_mean': 0.9203324913978577, 'val_mae_mean': 0.7142531275749207, 'val_r2_mean': -3.9936130046844482, 'val_rmse_target_0': 1.0107659101486206, 'val_mae_target_0': 0.6537203192710876, 'val_r2_target_0': -5.225549697875977, 'val_rmse_target_1': 1.0369980335235596, 'val_mae_target_1': 0.7449683547019958, 'val_r2_target_1': -2.606196880340576, 'val_rmse_target_2': 0.7898223996162415, 'val_mae_target_2': 0.6570916175842285, 'val_r2_target_2': -0.6165643930435181, 'val_rmse_target_3': 0.8858051300048828, 'val_mae_target_3': 0.6971214413642883, 'val_r2_target_3': -1.8047921657562256, 'val_rmse_target_4': 0.7519844770431519, 'val_mae_target_4': 0.5911561250686646, 'val_r2_target_4': -0.4280388355255127, 'val_rmse_target_5': 0.7532005310058594, 'val_mae_target_5': 0.594267725944519, 'val_r2_target_5': -0.10089623928070068, 'val_rmse_target_6': 0.7852354049682617, 'val_mae_target_6': 0.6737880110740662, 'val_r2_target_6': -0.2010507583618164, 'val_rmse_target_7': 0.8982690572738647, 'val_mae_target_7': 0.6872780323028564, 'val_r2_target_7': -1.134063720703125, 'val_rmse_target_8': 1.1843583583831787, 'val_mae_target_8': 1.0086519718170166, 'val_r2_target_8': -18.465452194213867, 'val_rmse_target_9': 0.7881902456283569, 'val_mae_target_9': 0.6221211552619934, 'val_r2_target_9': -0.5692946910858154, 'val_rmse_target_10': 0.9897348284721375, 'val_mae_target_10': 0.8332362771034241, 'val_r2_target_10': -2.097092628479004, 'val_rmse_target_11': 1.1020269393920898, 'val_mae_target_11': 0.8060675263404846, 'val_r2_target_11': -15.491653442382812, 'val_rmse_target_12': 1.0121639966964722, 'val_mae_target_12': 0.734835147857666, 'val_r2_target_12': -6.346099376678467, 'val_rmse_target_13': 0.8960995674133301, 'val_mae_target_13': 0.6952396035194397, 'val_r2_target_13': -0.8238284587860107}",COMPLETE
24,0.3637886069439076,2026-02-01 18:30:32.558593,2026-02-01 18:31:13.435720,0 days 00:00:40.877127,16,False,0.22066932925646643,0.37889621123930345,0.320808894576938,0.0003407896219179275,8,2,static,16,256,0.005095423228514197,"{'val_rmse_mean': 0.9178346395492554, 'val_mae_mean': 0.7134248614311218, 'val_r2_mean': -6.741737365722656, 'val_rmse_target_0': 1.0309616327285767, 'val_mae_target_0': 0.6565596461296082, 'val_r2_target_0': -11.139322280883789, 'val_rmse_target_1': 0.9662996530532837, 'val_mae_target_1': 0.707901656627655, 'val_r2_target_1': -5.4594807624816895, 'val_rmse_target_2': 0.8372930288314819, 'val_mae_target_2': 0.7218250036239624, 'val_r2_target_2': -1.5767853260040283, 'val_rmse_target_3': 0.9174849390983582, 'val_mae_target_3': 0.6907088756561279, 'val_r2_target_3': -2.960963249206543, 'val_rmse_target_4': 0.7743201851844788, 'val_mae_target_4': 0.636299192905426, 'val_r2_target_4': -0.7172744274139404, 'val_rmse_target_5': 0.7266249060630798, 'val_mae_target_5': 0.5786212682723999, 'val_r2_target_5': -0.13827192783355713, 'val_rmse_target_6': 0.7434248924255371, 'val_mae_target_6': 0.6442047953605652, 'val_r2_target_6': -0.173498272895813, 'val_rmse_target_7': 0.8915368318557739, 'val_mae_target_7': 0.7248980402946472, 'val_r2_target_7': -1.9182677268981934, 'val_rmse_target_8': 1.1534479856491089, 'val_mae_target_8': 0.9705595374107361, 'val_r2_target_8': -28.4447021484375, 'val_rmse_target_9': 0.8156992793083191, 'val_mae_target_9': 0.6210756897926331, 'val_r2_target_9': -1.452061414718628, 'val_rmse_target_10': 0.991081714630127, 'val_mae_target_10': 0.7878236174583435, 'val_r2_target_10': -6.037359714508057, 'val_rmse_target_11': 1.0948859453201294, 'val_mae_target_11': 0.801109790802002, 'val_r2_target_11': -19.796428680419922, 'val_rmse_target_12': 1.0372008085250854, 'val_mae_target_12': 0.755885660648346, 'val_r2_target_12': -13.090792655944824, 'val_rmse_target_13': 0.8694228529930115, 'val_mae_target_13': 0.6904742121696472, 'val_r2_target_13': -1.4791295528411865}",COMPLETE
25,0.36606094737847644,2026-02-01 18:31:13.504673,2026-02-01 18:31:54.296690,0 days 00:00:40.792017,16,False,0.2826955963788737,0.3501931276282396,0.35471300044465975,0.00042007046809626914,8,2,static,16,256,0.003351512254706856,"{'val_rmse_mean': 0.9207830429077148, 'val_mae_mean': 0.7121931910514832, 'val_r2_mean': -5.638681888580322, 'val_rmse_target_0': 1.0170233249664307, 'val_mae_target_0': 0.6461358070373535, 'val_r2_target_0': -9.367203712463379, 'val_rmse_target_1': 1.0015400648117065, 'val_mae_target_1': 0.7364105582237244, 'val_r2_target_1': -3.501461982727051, 'val_rmse_target_2': 0.8002249002456665, 'val_mae_target_2': 0.6793583631515503, 'val_r2_target_2': -1.1213650703430176, 'val_rmse_target_3': 0.899222195148468, 'val_mae_target_3': 0.6891618371009827, 'val_r2_target_3': -2.059037208557129, 'val_rmse_target_4': 0.7820456624031067, 'val_mae_target_4': 0.6254066228866577, 'val_r2_target_4': -0.47412002086639404, 'val_rmse_target_5': 0.7471838593482971, 'val_mae_target_5': 0.5890306830406189, 'val_r2_target_5': -0.08237349987030029, 'val_rmse_target_6': 0.7956904172897339, 'val_mae_target_6': 0.6786248683929443, 'val_r2_target_6': -0.25485026836395264, 'val_rmse_target_7': 0.9276431202888489, 'val_mae_target_7': 0.719343900680542, 'val_r2_target_7': -1.3478810787200928, 'val_rmse_target_8': 1.1471525430679321, 'val_mae_target_8': 0.9796879291534424, 'val_r2_target_8': -27.769386291503906, 'val_rmse_target_9': 0.8195316195487976, 'val_mae_target_9': 0.6173741817474365, 'val_r2_target_9': -1.0677120685577393, 'val_rmse_target_10': 1.0113359689712524, 'val_mae_target_10': 0.8045535087585449, 'val_r2_target_10': -3.1524672508239746, 'val_rmse_target_11': 1.078545331954956, 'val_mae_target_11': 0.8051313757896423, 'val_r2_target_11': -15.750770568847656, 'val_rmse_target_12': 1.0178807973861694, 'val_mae_target_12': 0.7322952747344971, 'val_r2_target_12': -11.903432846069336, 'val_rmse_target_13': 0.8459423780441284, 'val_mae_target_13': 0.668189525604248, 'val_r2_target_13': -1.0894787311553955}",COMPLETE
26,0.3741925866515548,2026-02-01 18:31:54.365978,2026-02-01 18:32:36.232140,0 days 00:00:41.866162,16,False,0.25586843094145967,0.379681864079094,0.31303936543845473,0.0002617768504426723,8,2,static,16,256,0.002481880782259243,"{'val_rmse_mean': 0.9374324679374695, 'val_mae_mean': 0.7230871319770813, 'val_r2_mean': -10.266999244689941, 'val_rmse_target_0': 1.0367268323898315, 'val_mae_target_0': 0.6568665504455566, 'val_r2_target_0': -16.46531105041504, 'val_rmse_target_1': 0.9800854325294495, 'val_mae_target_1': 0.7002970576286316, 'val_r2_target_1': -6.857841968536377, 'val_rmse_target_2': 0.8834821581840515, 'val_mae_target_2': 0.7410942912101746, 'val_r2_target_2': -2.368929147720337, 'val_rmse_target_3': 0.9350094199180603, 'val_mae_target_3': 0.7101941108703613, 'val_r2_target_3': -3.5164794921875, 'val_rmse_target_4': 0.8323870301246643, 'val_mae_target_4': 0.6693167686462402, 'val_r2_target_4': -1.4409785270690918, 'val_rmse_target_5': 0.7615582942962646, 'val_mae_target_5': 0.5958943367004395, 'val_r2_target_5': -0.5029361248016357, 'val_rmse_target_6': 0.7631585001945496, 'val_mae_target_6': 0.6675705313682556, 'val_r2_target_6': -0.5197429656982422, 'val_rmse_target_7': 0.923859715461731, 'val_mae_target_7': 0.7484115958213806, 'val_r2_target_7': -3.0739598274230957, 'val_rmse_target_8': 1.1313199996948242, 'val_mae_target_8': 0.9516838192939758, 'val_r2_target_8': -45.92776107788086, 'val_rmse_target_9': 0.8476962447166443, 'val_mae_target_9': 0.648836612701416, 'val_r2_target_9': -2.3628897666931152, 'val_rmse_target_10': 0.9977030754089355, 'val_mae_target_10': 0.7887113094329834, 'val_r2_target_10': -7.807523727416992, 'val_rmse_target_11': 1.0876282453536987, 'val_mae_target_11': 0.7918383479118347, 'val_r2_target_11': -30.066387176513672, 'val_rmse_target_12': 1.0324465036392212, 'val_mae_target_12': 0.7424622178077698, 'val_r2_target_12': -20.32981300354004, 'val_rmse_target_13': 0.9109928607940674, 'val_mae_target_13': 0.710041344165802, 'val_r2_target_13': -2.49741792678833}",COMPLETE
27,0.3619732680144133,2026-02-01 18:32:36.301227,2026-02-01 18:33:18.569872,0 days 00:00:42.268645,16,False,0.1999173616040806,0.39802524702378583,0.3518729247225078,0.0004193635976032957,8,2,static,16,256,0.0010502791150077324,"{'val_rmse_mean': 0.9170369505882263, 'val_mae_mean': 0.7100111246109009, 'val_r2_mean': -6.8372578620910645, 'val_rmse_target_0': 0.9765414595603943, 'val_mae_target_0': 0.6359413862228394, 'val_r2_target_0': -11.376012802124023, 'val_rmse_target_1': 0.9607333540916443, 'val_mae_target_1': 0.692721426486969, 'val_r2_target_1': -4.671576976776123, 'val_rmse_target_2': 0.8208965063095093, 'val_mae_target_2': 0.6857745051383972, 'val_r2_target_2': -0.7847037315368652, 'val_rmse_target_3': 0.886759877204895, 'val_mae_target_3': 0.6749976277351379, 'val_r2_target_3': -1.6956250667572021, 'val_rmse_target_4': 0.7959723472595215, 'val_mae_target_4': 0.6448487639427185, 'val_r2_target_4': -0.3057671785354614, 'val_rmse_target_5': 0.7661113739013672, 'val_mae_target_5': 0.612844705581665, 'val_r2_target_5': -0.03472471237182617, 'val_rmse_target_6': 0.790882408618927, 'val_mae_target_6': 0.6763866543769836, 'val_r2_target_6': -0.09255504608154297, 'val_rmse_target_7': 0.9052393436431885, 'val_mae_target_7': 0.7104531526565552, 'val_r2_target_7': -1.6133298873901367, 'val_rmse_target_8': 1.1430859565734863, 'val_mae_target_8': 0.9703080058097839, 'val_r2_target_8': -34.23294448852539, 'val_rmse_target_9': 0.8135032057762146, 'val_mae_target_9': 0.6329439878463745, 'val_r2_target_9': -1.3211021423339844, 'val_rmse_target_10': 1.000793218612671, 'val_mae_target_10': 0.8098192811012268, 'val_r2_target_10': -4.214712142944336, 'val_rmse_target_11': 1.0872955322265625, 'val_mae_target_11': 0.8099362254142761, 'val_r2_target_11': -19.49420738220215, 'val_rmse_target_12': 1.0337285995483398, 'val_mae_target_12': 0.7227785587310791, 'val_r2_target_12': -14.712407112121582, 'val_rmse_target_13': 0.8569732904434204, 'val_mae_target_13': 0.6604027152061462, 'val_r2_target_13': -1.17193603515625}",COMPLETE
28,0.3807898069973345,2026-02-01 18:33:18.639173,2026-02-01 18:34:02.973169,0 days 00:00:44.333996,16,False,0.1913351054068842,0.39792195096672156,0.35420719131135736,0.00018115469724176651,16,2,static,16,256,0.0010700273046887422,"{'val_rmse_mean': 0.9530619978904724, 'val_mae_mean': 0.7322388887405396, 'val_r2_mean': -20.946666717529297, 'val_rmse_target_0': 1.0522940158843994, 'val_mae_target_0': 0.6728014945983887, 'val_r2_target_0': -41.67119598388672, 'val_rmse_target_1': 0.9669215083122253, 'val_mae_target_1': 0.6634364724159241, 'val_r2_target_1': -12.674491882324219, 'val_rmse_target_2': 0.9537268877029419, 'val_mae_target_2': 0.7961678504943848, 'val_r2_target_2': -8.812454223632812, 'val_rmse_target_3': 0.9457131624221802, 'val_mae_target_3': 0.7166988849639893, 'val_r2_target_3': -10.702547073364258, 'val_rmse_target_4': 0.8830438256263733, 'val_mae_target_4': 0.7256126403808594, 'val_r2_target_4': -5.234036445617676, 'val_rmse_target_5': 0.8068448901176453, 'val_mae_target_5': 0.6098341345787048, 'val_r2_target_5': -2.783137798309326, 'val_rmse_target_6': 0.787904679775238, 'val_mae_target_6': 0.7015224695205688, 'val_r2_target_6': -2.3781638145446777, 'val_rmse_target_7': 0.9287999272346497, 'val_mae_target_7': 0.7612723708152771, 'val_r2_target_7': -7.278924942016602, 'val_rmse_target_8': 1.0839563608169556, 'val_mae_target_8': 0.9086962938308716, 'val_r2_target_8': -90.42537689208984, 'val_rmse_target_9': 0.9066352844238281, 'val_mae_target_9': 0.686495840549469, 'val_r2_target_9': -8.048868179321289, 'val_rmse_target_10': 1.0076828002929688, 'val_mae_target_10': 0.7992607951164246, 'val_r2_target_10': -18.949472427368164, 'val_rmse_target_11': 1.0699957609176636, 'val_mae_target_11': 0.7721505165100098, 'val_r2_target_11': -45.65386199951172, 'val_rmse_target_12': 1.0348541736602783, 'val_mae_target_12': 0.733206033706665, 'val_r2_target_12': -32.9161376953125, 'val_rmse_target_13': 0.914494514465332, 'val_mae_target_13': 0.7041890025138855, 'val_r2_target_13': -5.7246527671813965}",COMPLETE
29,0.37978368169731563,2026-02-01 18:34:03.042549,2026-02-01 18:34:46.166824,0 days 00:00:43.124275,16,False,0.17859004704656084,0.3888621409674095,0.361848529483114,0.00030914099334650646,32,2,static,8,128,0.0011908399198487154,"{'val_rmse_mean': 0.9496402144432068, 'val_mae_mean': 0.7308989763259888, 'val_r2_mean': -17.547550201416016, 'val_rmse_target_0': 1.0498539209365845, 'val_mae_target_0': 0.6513728499412537, 'val_r2_target_0': -50.065040588378906, 'val_rmse_target_1': 0.9641512036323547, 'val_mae_target_1': 0.6760817170143127, 'val_r2_target_1': -12.392178535461426, 'val_rmse_target_2': 0.9236962199211121, 'val_mae_target_2': 0.7812209725379944, 'val_r2_target_2': -6.008584499359131, 'val_rmse_target_3': 0.9345403909683228, 'val_mae_target_3': 0.7013022899627686, 'val_r2_target_3': -7.0525970458984375, 'val_rmse_target_4': 0.8716886043548584, 'val_mae_target_4': 0.733553409576416, 'val_r2_target_4': -3.4125375747680664, 'val_rmse_target_5': 0.7909390926361084, 'val_mae_target_5': 0.612979531288147, 'val_r2_target_5': -1.938913345336914, 'val_rmse_target_6': 0.7627631425857544, 'val_mae_target_6': 0.6745696663856506, 'val_r2_target_6': -1.6087701320648193, 'val_rmse_target_7': 0.9173398613929749, 'val_mae_target_7': 0.7398005127906799, 'val_r2_target_7': -5.873530864715576, 'val_rmse_target_8': 1.0959492921829224, 'val_mae_target_8': 0.9165419340133667, 'val_r2_target_8': -59.79195785522461, 'val_rmse_target_9': 0.9337146878242493, 'val_mae_target_9': 0.701297402381897, 'val_r2_target_9': -8.908594131469727, 'val_rmse_target_10': 1.025829553604126, 'val_mae_target_10': 0.7980777025222778, 'val_r2_target_10': -14.558300971984863, 'val_rmse_target_11': 1.049414038658142, 'val_mae_target_11': 0.7617715001106262, 'val_r2_target_11': -36.49610900878906, 'val_rmse_target_12': 1.0348800420761108, 'val_mae_target_12': 0.7451499104499817, 'val_r2_target_12': -30.682147979736328, 'val_rmse_target_13': 0.9402034282684326, 'val_mae_target_13': 0.7388664484024048, 'val_r2_target_13': -6.876443862915039}",COMPLETE
