number,value,datetime_start,datetime_complete,duration,params_batch_size,params_bidirectional,params_dropout_lstm,params_dropout_path,params_dropout_reg,params_lr,params_lstm_hidden_dim,params_lstm_layers,params_path_aggregation,params_path_dim,params_regressor_dim,params_weight_decay,user_attrs_val_metrics,state
40,0.3638443323197188,2026-02-01 18:42:00.470582,2026-02-01 18:42:42.933910,0 days 00:00:42.463328,16,False,0.12169310551030954,0.3862019056365286,0.25198624891648547,0.0003591283827046597,16,2,static,16,256,0.0016245422059599135,"{'val_rmse_mean': 0.9202627539634705, 'val_mae_mean': 0.7092867493629456, 'val_r2_mean': -6.057445526123047, 'val_rmse_target_0': 1.0013887882232666, 'val_mae_target_0': 0.6521004438400269, 'val_r2_target_0': -8.153388977050781, 'val_rmse_target_1': 0.9828909635543823, 'val_mae_target_1': 0.7054911851882935, 'val_r2_target_1': -4.256500720977783, 'val_rmse_target_2': 0.8199393153190613, 'val_mae_target_2': 0.690444827079773, 'val_r2_target_2': -1.1937432289123535, 'val_rmse_target_3': 0.8984012007713318, 'val_mae_target_3': 0.6931219696998596, 'val_r2_target_3': -2.0151326656341553, 'val_rmse_target_4': 0.7900067567825317, 'val_mae_target_4': 0.6312415599822998, 'val_r2_target_4': -0.6045703887939453, 'val_rmse_target_5': 0.7340109348297119, 'val_mae_target_5': 0.5718904137611389, 'val_r2_target_5': -0.01750504970550537, 'val_rmse_target_6': 0.7627812623977661, 'val_mae_target_6': 0.6572892069816589, 'val_r2_target_6': -0.13806891441345215, 'val_rmse_target_7': 0.9071293473243713, 'val_mae_target_7': 0.720270037651062, 'val_r2_target_7': -1.5886714458465576, 'val_rmse_target_8': 1.1803162097930908, 'val_mae_target_8': 0.984726071357727, 'val_r2_target_8': -25.82380485534668, 'val_rmse_target_9': 0.8321977257728577, 'val_mae_target_9': 0.6242877244949341, 'val_r2_target_9': -1.3008091449737549, 'val_rmse_target_10': 1.0006681680679321, 'val_mae_target_10': 0.8053659796714783, 'val_r2_target_10': -4.433035850524902, 'val_rmse_target_11': 1.095585584640503, 'val_mae_target_11': 0.7957993149757385, 'val_r2_target_11': -20.786752700805664, 'val_rmse_target_12': 1.0401957035064697, 'val_mae_target_12': 0.732695996761322, 'val_r2_target_12': -13.410743713378906, 'val_rmse_target_13': 0.8381660580635071, 'val_mae_target_13': 0.665289580821991, 'val_r2_target_13': -1.0815107822418213}",COMPLETE
41,0.36029157373640275,2026-02-01 18:42:43.005047,2026-02-01 18:43:24.826946,0 days 00:00:41.821899,16,False,0.16404504417440421,0.3888461119854343,0.34607244507995694,0.00045721384180196206,8,2,static,16,256,0.0006477657259910673,"{'val_rmse_mean': 0.9124283194541931, 'val_mae_mean': 0.7045890688896179, 'val_r2_mean': -5.532284736633301, 'val_rmse_target_0': 1.0000334978103638, 'val_mae_target_0': 0.6509989500045776, 'val_r2_target_0': -8.125141143798828, 'val_rmse_target_1': 0.9952079653739929, 'val_mae_target_1': 0.7239819169044495, 'val_r2_target_1': -3.9755568504333496, 'val_rmse_target_2': 0.7660683989524841, 'val_mae_target_2': 0.6345734000205994, 'val_r2_target_2': -0.829814076423645, 'val_rmse_target_3': 0.9105674624443054, 'val_mae_target_3': 0.7095240354537964, 'val_r2_target_3': -2.016063928604126, 'val_rmse_target_4': 0.7889474034309387, 'val_mae_target_4': 0.645034670829773, 'val_r2_target_4': -0.5030579566955566, 'val_rmse_target_5': 0.7233041524887085, 'val_mae_target_5': 0.565909743309021, 'val_r2_target_5': -0.04991936683654785, 'val_rmse_target_6': 0.7478642463684082, 'val_mae_target_6': 0.6277318596839905, 'val_r2_target_6': -0.11562705039978027, 'val_rmse_target_7': 0.9081567525863647, 'val_mae_target_7': 0.6920192837715149, 'val_r2_target_7': -1.2835934162139893, 'val_rmse_target_8': 1.1667346954345703, 'val_mae_target_8': 0.9979920387268066, 'val_r2_target_8': -25.618581771850586, 'val_rmse_target_9': 0.8226457834243774, 'val_mae_target_9': 0.6363610029220581, 'val_r2_target_9': -1.0612916946411133, 'val_rmse_target_10': 0.9795481562614441, 'val_mae_target_10': 0.8036351203918457, 'val_r2_target_10': -3.4103198051452637, 'val_rmse_target_11': 1.0889962911605835, 'val_mae_target_11': 0.8069892525672913, 'val_r2_target_11': -18.6666259765625, 'val_rmse_target_12': 1.0081238746643066, 'val_mae_target_12': 0.6970344185829163, 'val_r2_target_12': -10.93780517578125, 'val_rmse_target_13': 0.8677980899810791, 'val_mae_target_13': 0.6724604368209839, 'val_r2_target_13': -0.858588457107544}",COMPLETE
42,0.36322562396526337,2026-02-01 18:43:24.905700,2026-02-01 18:44:07.111637,0 days 00:00:42.205937,16,False,0.16838471057641674,0.3589679350077157,0.32522106905465414,0.00043584319417244125,8,2,static,16,256,0.0005666754357724021,"{'val_rmse_mean': 0.91777104139328, 'val_mae_mean': 0.7134299278259277, 'val_r2_mean': -5.287367820739746, 'val_rmse_target_0': 1.0051722526550293, 'val_mae_target_0': 0.6314005255699158, 'val_r2_target_0': -8.356810569763184, 'val_rmse_target_1': 1.0217581987380981, 'val_mae_target_1': 0.7431432008743286, 'val_r2_target_1': -3.6206068992614746, 'val_rmse_target_2': 0.758066713809967, 'val_mae_target_2': 0.6371892094612122, 'val_r2_target_2': -0.6059496402740479, 'val_rmse_target_3': 0.9249650835990906, 'val_mae_target_3': 0.7246735095977783, 'val_r2_target_3': -1.6100490093231201, 'val_rmse_target_4': 0.8199581503868103, 'val_mae_target_4': 0.6582816243171692, 'val_r2_target_4': -0.3557741641998291, 'val_rmse_target_5': 0.7443512082099915, 'val_mae_target_5': 0.6032741069793701, 'val_r2_target_5': 0.016085445880889893, 'val_rmse_target_6': 0.785128653049469, 'val_mae_target_6': 0.6688527464866638, 'val_r2_target_6': -0.11376476287841797, 'val_rmse_target_7': 0.9162319302558899, 'val_mae_target_7': 0.7164878845214844, 'val_r2_target_7': -1.1602201461791992, 'val_rmse_target_8': 1.1284780502319336, 'val_mae_target_8': 0.9545860290527344, 'val_r2_target_8': -26.890722274780273, 'val_rmse_target_9': 0.8059952259063721, 'val_mae_target_9': 0.6325147151947021, 'val_r2_target_9': -0.649856448173523, 'val_rmse_target_10': 0.9830449223518372, 'val_mae_target_10': 0.789264440536499, 'val_r2_target_10': -3.4826736450195312, 'val_rmse_target_11': 1.0958242416381836, 'val_mae_target_11': 0.8124774098396301, 'val_r2_target_11': -16.343120574951172, 'val_rmse_target_12': 1.0095664262771606, 'val_mae_target_12': 0.722244143486023, 'val_r2_target_12': -10.056195259094238, 'val_rmse_target_13': 0.8502548336982727, 'val_mae_target_13': 0.6936293244361877, 'val_r2_target_13': -0.7935004234313965}",COMPLETE
43,0.3654366450177299,2026-02-01 18:44:07.180844,2026-02-01 18:44:49.509610,0 days 00:00:42.328766,16,False,0.16393356268672613,0.3876265137589271,0.3848242888327183,0.0004862022978878514,8,2,static,16,256,0.0044182280724530025,"{'val_rmse_mean': 0.9198040962219238, 'val_mae_mean': 0.7143586277961731, 'val_r2_mean': -5.2891926765441895, 'val_rmse_target_0': 1.0059467554092407, 'val_mae_target_0': 0.6342385411262512, 'val_r2_target_0': -8.232377052307129, 'val_rmse_target_1': 1.0354280471801758, 'val_mae_target_1': 0.7544170022010803, 'val_r2_target_1': -4.222604751586914, 'val_rmse_target_2': 0.7890083193778992, 'val_mae_target_2': 0.6583740711212158, 'val_r2_target_2': -0.49964356422424316, 'val_rmse_target_3': 0.887162983417511, 'val_mae_target_3': 0.6965115666389465, 'val_r2_target_3': -1.3858344554901123, 'val_rmse_target_4': 0.7565088272094727, 'val_mae_target_4': 0.598059892654419, 'val_r2_target_4': -0.15984892845153809, 'val_rmse_target_5': 0.7503691911697388, 'val_mae_target_5': 0.6046323180198669, 'val_r2_target_5': 0.05049818754196167, 'val_rmse_target_6': 0.77384352684021, 'val_mae_target_6': 0.6600935459136963, 'val_r2_target_6': -0.09606051445007324, 'val_rmse_target_7': 0.9101325273513794, 'val_mae_target_7': 0.7097758650779724, 'val_r2_target_7': -1.6656806468963623, 'val_rmse_target_8': 1.1535313129425049, 'val_mae_target_8': 0.9785239696502686, 'val_r2_target_8': -25.345928192138672, 'val_rmse_target_9': 0.8162236213684082, 'val_mae_target_9': 0.6307472586631775, 'val_r2_target_9': -1.0446717739105225, 'val_rmse_target_10': 1.0326097011566162, 'val_mae_target_10': 0.846627950668335, 'val_r2_target_10': -3.269486427307129, 'val_rmse_target_11': 1.102603554725647, 'val_mae_target_11': 0.8334457278251648, 'val_r2_target_11': -16.464271545410156, 'val_rmse_target_12': 1.0291526317596436, 'val_mae_target_12': 0.7207773923873901, 'val_r2_target_12': -10.754286766052246, 'val_rmse_target_13': 0.834736168384552, 'val_mae_target_13': 0.6747956275939941, 'val_r2_target_13': -0.9584972858428955}",COMPLETE
44,0.37035267110224124,2026-02-01 18:44:49.578809,2026-02-01 18:45:31.112483,0 days 00:00:41.533674,16,False,0.14584970041056727,0.3697012039811063,0.30319157688279524,0.00028206021480560944,8,2,static,16,256,0.006093981864441869,"{'val_rmse_mean': 0.9326087236404419, 'val_mae_mean': 0.7216218709945679, 'val_r2_mean': -9.703590393066406, 'val_rmse_target_0': 1.0167425870895386, 'val_mae_target_0': 0.6550125479698181, 'val_r2_target_0': -18.684444427490234, 'val_rmse_target_1': 0.961140513420105, 'val_mae_target_1': 0.6773579120635986, 'val_r2_target_1': -7.642490386962891, 'val_rmse_target_2': 0.9010792374610901, 'val_mae_target_2': 0.7653784155845642, 'val_r2_target_2': -2.6137311458587646, 'val_rmse_target_3': 0.9225695133209229, 'val_mae_target_3': 0.7084925174713135, 'val_r2_target_3': -3.450045108795166, 'val_rmse_target_4': 0.8384979963302612, 'val_mae_target_4': 0.6989481449127197, 'val_r2_target_4': -1.365504264831543, 'val_rmse_target_5': 0.7452941536903381, 'val_mae_target_5': 0.5770964622497559, 'val_r2_target_5': -0.37309277057647705, 'val_rmse_target_6': 0.7613449096679688, 'val_mae_target_6': 0.674127459526062, 'val_r2_target_6': -0.4718519449234009, 'val_rmse_target_7': 0.9101384878158569, 'val_mae_target_7': 0.7371264100074768, 'val_r2_target_7': -2.717313528060913, 'val_rmse_target_8': 1.140098214149475, 'val_mae_target_8': 0.9597210884094238, 'val_r2_target_8': -38.33631896972656, 'val_rmse_target_9': 0.8646789193153381, 'val_mae_target_9': 0.6639113426208496, 'val_r2_target_9': -2.520479917526245, 'val_rmse_target_10': 1.0021448135375977, 'val_mae_target_10': 0.7856432795524597, 'val_r2_target_10': -7.316621780395508, 'val_rmse_target_11': 1.0702989101409912, 'val_mae_target_11': 0.7862256169319153, 'val_r2_target_11': -24.967851638793945, 'val_rmse_target_12': 1.0382486581802368, 'val_mae_target_12': 0.7293205261230469, 'val_r2_target_12': -23.078575134277344, 'val_rmse_target_13': 0.8842434883117676, 'val_mae_target_13': 0.6843445301055908, 'val_r2_target_13': -2.3119637966156006}",COMPLETE
45,0.3666383839315838,2026-02-01 18:45:31.182427,2026-02-01 18:46:14.026041,0 days 00:00:42.843614,16,False,0.18014241000301096,0.34427252758427723,0.3629070868002311,0.00032845081454819516,8,2,static,16,256,0.0019373522850919458,"{'val_rmse_mean': 0.9249446988105774, 'val_mae_mean': 0.7138925194740295, 'val_r2_mean': -8.527702331542969, 'val_rmse_target_0': 1.0053528547286987, 'val_mae_target_0': 0.6425703763961792, 'val_r2_target_0': -12.691123962402344, 'val_rmse_target_1': 0.9873059391975403, 'val_mae_target_1': 0.7064582705497742, 'val_r2_target_1': -6.638406753540039, 'val_rmse_target_2': 0.8930509090423584, 'val_mae_target_2': 0.7495051026344299, 'val_r2_target_2': -2.196587324142456, 'val_rmse_target_3': 0.948776125907898, 'val_mae_target_3': 0.7291691899299622, 'val_r2_target_3': -2.789419174194336, 'val_rmse_target_4': 0.8275375366210938, 'val_mae_target_4': 0.6696488261222839, 'val_r2_target_4': -1.0134994983673096, 'val_rmse_target_5': 0.7539311647415161, 'val_mae_target_5': 0.5852307677268982, 'val_r2_target_5': -0.28015410900115967, 'val_rmse_target_6': 0.7748740315437317, 'val_mae_target_6': 0.6661076545715332, 'val_r2_target_6': -0.3695608377456665, 'val_rmse_target_7': 0.8919594287872314, 'val_mae_target_7': 0.7131457924842834, 'val_r2_target_7': -1.7197959423065186, 'val_rmse_target_8': 1.1192699670791626, 'val_mae_target_8': 0.9438087344169617, 'val_r2_target_8': -37.19854736328125, 'val_rmse_target_9': 0.8067988753318787, 'val_mae_target_9': 0.6007899641990662, 'val_r2_target_9': -1.3890435695648193, 'val_rmse_target_10': 0.9766936898231506, 'val_mae_target_10': 0.788145124912262, 'val_r2_target_10': -5.380756855010986, 'val_rmse_target_11': 1.0744476318359375, 'val_mae_target_11': 0.7868834733963013, 'val_r2_target_11': -30.197250366210938, 'val_rmse_target_12': 1.0128445625305176, 'val_mae_target_12': 0.7280622124671936, 'val_r2_target_12': -15.603048324584961, 'val_rmse_target_13': 0.8763814568519592, 'val_mae_target_13': 0.6849700212478638, 'val_r2_target_13': -1.920630693435669}",COMPLETE
46,0.3903075980919379,2026-02-01 18:46:14.095349,2026-02-01 18:46:58.069651,0 days 00:00:43.974302,16,False,0.14455789729464666,0.3789971262275632,0.3993514199024082,0.0001395254182237791,32,2,static,16,256,3.982435968942675e-05,"{'val_rmse_mean': 0.9667819738388062, 'val_mae_mean': 0.7453362345695496, 'val_r2_mean': -27.85556983947754, 'val_rmse_target_0': 1.030750036239624, 'val_mae_target_0': 0.6545191407203674, 'val_r2_target_0': -65.64207458496094, 'val_rmse_target_1': 0.9925814270973206, 'val_mae_target_1': 0.6770748496055603, 'val_r2_target_1': -20.543949127197266, 'val_rmse_target_2': 0.9721758961677551, 'val_mae_target_2': 0.7951244711875916, 'val_r2_target_2': -13.481664657592773, 'val_rmse_target_3': 0.9612157940864563, 'val_mae_target_3': 0.7181195616722107, 'val_r2_target_3': -16.22003173828125, 'val_rmse_target_4': 0.9276978969573975, 'val_mae_target_4': 0.7710661888122559, 'val_r2_target_4': -10.154559135437012, 'val_rmse_target_5': 0.836793065071106, 'val_mae_target_5': 0.6557715535163879, 'val_r2_target_5': -5.138749122619629, 'val_rmse_target_6': 0.8359894156455994, 'val_mae_target_6': 0.7265273332595825, 'val_r2_target_6': -5.177693843841553, 'val_rmse_target_7': 0.9458901882171631, 'val_mae_target_7': 0.7755471467971802, 'val_r2_target_7': -11.974369049072266, 'val_rmse_target_8': 1.0929460525512695, 'val_mae_target_8': 0.9260750412940979, 'val_r2_target_8': -61.47301483154297, 'val_rmse_target_9': 0.9060510396957397, 'val_mae_target_9': 0.6899774074554443, 'val_r2_target_9': -15.140573501586914, 'val_rmse_target_10': 1.0254820585250854, 'val_mae_target_10': 0.8089043498039246, 'val_r2_target_10': -25.564359664916992, 'val_rmse_target_11': 1.046934962272644, 'val_mae_target_11': 0.7567681074142456, 'val_r2_target_11': -65.86412048339844, 'val_rmse_target_12': 1.0412061214447021, 'val_mae_target_12': 0.7478607296943665, 'val_r2_target_12': -61.53606414794922, 'val_rmse_target_13': 0.9192332029342651, 'val_mae_target_13': 0.7313705086708069, 'val_r2_target_13': -12.06674575805664}",COMPLETE
47,0.3672141791493804,2026-02-01 18:46:58.138384,2026-02-01 18:47:41.669032,0 days 00:00:43.530648,16,False,0.12951164086684339,0.32097618576351583,0.3334060085895324,0.00037067471209550163,8,2,static,8,512,0.00022222040257172416,"{'val_rmse_mean': 0.9226478934288025, 'val_mae_mean': 0.7209290862083435, 'val_r2_mean': -4.477707862854004, 'val_rmse_target_0': 0.9804754257202148, 'val_mae_target_0': 0.6197882890701294, 'val_r2_target_0': -6.876287937164307, 'val_rmse_target_1': 1.0007251501083374, 'val_mae_target_1': 0.7539016604423523, 'val_r2_target_1': -2.9124343395233154, 'val_rmse_target_2': 0.834478497505188, 'val_mae_target_2': 0.7199671268463135, 'val_r2_target_2': -1.1439056396484375, 'val_rmse_target_3': 0.8891596794128418, 'val_mae_target_3': 0.6653255224227905, 'val_r2_target_3': -2.2047278881073, 'val_rmse_target_4': 0.799322247505188, 'val_mae_target_4': 0.635924220085144, 'val_r2_target_4': -0.4287682771682739, 'val_rmse_target_5': 0.7530410885810852, 'val_mae_target_5': 0.6248246431350708, 'val_r2_target_5': 0.030309617519378662, 'val_rmse_target_6': 0.7758731245994568, 'val_mae_target_6': 0.6505439281463623, 'val_r2_target_6': -0.035811543464660645, 'val_rmse_target_7': 0.9167217016220093, 'val_mae_target_7': 0.708686113357544, 'val_r2_target_7': -1.0027105808258057, 'val_rmse_target_8': 1.1326775550842285, 'val_mae_target_8': 0.9676684737205505, 'val_r2_target_8': -19.886451721191406, 'val_rmse_target_9': 0.8196219205856323, 'val_mae_target_9': 0.6426597833633423, 'val_r2_target_9': -0.7043200731277466, 'val_rmse_target_10': 0.9665340185165405, 'val_mae_target_10': 0.7994541525840759, 'val_r2_target_10': -2.56101655960083, 'val_rmse_target_11': 1.1401387453079224, 'val_mae_target_11': 0.8560672402381897, 'val_r2_target_11': -13.708674430847168, 'val_rmse_target_12': 1.0299725532531738, 'val_mae_target_12': 0.7273261547088623, 'val_r2_target_12': -10.391067504882812, 'val_rmse_target_13': 0.8783299326896667, 'val_mae_target_13': 0.7208691835403442, 'val_r2_target_13': -0.8620404005050659}",COMPLETE
48,0.36414106300583593,2026-02-01 18:47:41.737413,2026-02-01 18:48:24.242867,0 days 00:00:42.505454,16,False,0.17192797302279664,0.39934763552862373,0.34327486547878616,0.000459900150264842,8,2,static,16,256,0.0001022440872593249,"{'val_rmse_mean': 0.9192385673522949, 'val_mae_mean': 0.7132883071899414, 'val_r2_mean': -5.463484764099121, 'val_rmse_target_0': 0.987873911857605, 'val_mae_target_0': 0.6408806443214417, 'val_r2_target_0': -7.670952796936035, 'val_rmse_target_1': 0.9897600412368774, 'val_mae_target_1': 0.7099704146385193, 'val_r2_target_1': -4.460013389587402, 'val_rmse_target_2': 0.8175710439682007, 'val_mae_target_2': 0.6862622499465942, 'val_r2_target_2': -0.7276341915130615, 'val_rmse_target_3': 0.9069554805755615, 'val_mae_target_3': 0.7212012410163879, 'val_r2_target_3': -1.5889995098114014, 'val_rmse_target_4': 0.7954752445220947, 'val_mae_target_4': 0.6414601802825928, 'val_r2_target_4': -0.298447847366333, 'val_rmse_target_5': 0.7506504058837891, 'val_mae_target_5': 0.5987748503684998, 'val_r2_target_5': -0.03010427951812744, 'val_rmse_target_6': 0.7809766530990601, 'val_mae_target_6': 0.6699290871620178, 'val_r2_target_6': -0.13468289375305176, 'val_rmse_target_7': 0.9149211645126343, 'val_mae_target_7': 0.7156651020050049, 'val_r2_target_7': -1.2059063911437988, 'val_rmse_target_8': 1.1608911752700806, 'val_mae_target_8': 0.9849326610565186, 'val_r2_target_8': -24.856481552124023, 'val_rmse_target_9': 0.8106676340103149, 'val_mae_target_9': 0.6189463138580322, 'val_r2_target_9': -0.9181585311889648, 'val_rmse_target_10': 0.9836084246635437, 'val_mae_target_10': 0.807982861995697, 'val_r2_target_10': -3.5370984077453613, 'val_rmse_target_11': 1.091339349746704, 'val_mae_target_11': 0.7993788719177246, 'val_r2_target_11': -19.722728729248047, 'val_rmse_target_12': 1.0153093338012695, 'val_mae_target_12': 0.719556450843811, 'val_r2_target_12': -10.425874710083008, 'val_rmse_target_13': 0.8633399605751038, 'val_mae_target_13': 0.6710952520370483, 'val_r2_target_13': -0.9116991758346558}",COMPLETE
49,0.36719730882732954,2026-02-01 18:48:24.312248,2026-02-01 18:49:06.219755,0 days 00:00:41.907507,16,False,0.20444661198509465,0.3620994475117333,0.32021190544218076,0.0003935659332425279,8,2,static,16,128,0.009554092677411663,"{'val_rmse_mean': 0.9304521679878235, 'val_mae_mean': 0.7111966013908386, 'val_r2_mean': -10.959755897521973, 'val_rmse_target_0': 1.0255513191223145, 'val_mae_target_0': 0.6508726477622986, 'val_r2_target_0': -17.204439163208008, 'val_rmse_target_1': 0.9703525304794312, 'val_mae_target_1': 0.6678641438484192, 'val_r2_target_1': -9.912565231323242, 'val_rmse_target_2': 0.8550570011138916, 'val_mae_target_2': 0.698924720287323, 'val_r2_target_2': -2.3088886737823486, 'val_rmse_target_3': 0.9062022566795349, 'val_mae_target_3': 0.673908531665802, 'val_r2_target_3': -4.056893348693848, 'val_rmse_target_4': 0.8247120380401611, 'val_mae_target_4': 0.6820046305656433, 'val_r2_target_4': -1.5438404083251953, 'val_rmse_target_5': 0.7701335549354553, 'val_mae_target_5': 0.5853818655014038, 'val_r2_target_5': -0.7470489740371704, 'val_rmse_target_6': 0.7716368436813354, 'val_mae_target_6': 0.6762988567352295, 'val_r2_target_6': -0.7707786560058594, 'val_rmse_target_7': 0.924346923828125, 'val_mae_target_7': 0.735618531703949, 'val_r2_target_7': -4.682560443878174, 'val_rmse_target_8': 1.1041433811187744, 'val_mae_target_8': 0.9388589262962341, 'val_r2_target_8': -51.61091232299805, 'val_rmse_target_9': 0.8255903720855713, 'val_mae_target_9': 0.643997073173523, 'val_r2_target_9': -3.4363975524902344, 'val_rmse_target_10': 1.0123151540756226, 'val_mae_target_10': 0.7992109656333923, 'val_r2_target_10': -8.534904479980469, 'val_rmse_target_11': 1.0853289365768433, 'val_mae_target_11': 0.8008174896240234, 'val_r2_target_11': -25.529497146606445, 'val_rmse_target_12': 1.0375657081604004, 'val_mae_target_12': 0.7221384644508362, 'val_r2_target_12': -19.498525619506836, 'val_rmse_target_13': 0.9133939743041992, 'val_mae_target_13': 0.6808554530143738, 'val_r2_target_13': -3.599329948425293}",COMPLETE
