number,value,datetime_start,datetime_complete,duration,params_aggregation,params_alpha,params_l1_ratio,params_lr,user_attrs_val_metrics,state
0,0.3345353877413328,2026-02-03 17:17:26.288871,2026-02-03 17:17:56.571579,0 days 00:00:30.282708,attention,0.09176362588153113,0.24889255876270033,0.0003472714874989525,"{'val_rmse_mean': 0.8447870016098022, 'val_mae_mean': 0.7317256927490234, 'val_r2_mean': -5.085535049438477, 'val_rmse_target_0': 0.8447870016098022, 'val_mae_target_0': 0.7317256927490234, 'val_r2_target_0': -5.085535049438477}",COMPLETE
1,0.3331482571213403,2026-02-03 17:17:56.745068,2026-02-03 17:18:26.950195,0 days 00:00:30.205127,attention,0.1382475303167474,0.30311102609980656,0.001756655118578047,"{'val_rmse_mean': 0.8492748141288757, 'val_mae_mean': 0.7114045023918152, 'val_r2_mean': -0.47814881801605225, 'val_rmse_target_0': 0.8492748141288757, 'val_mae_target_0': 0.7114045023918152, 'val_r2_target_0': -0.47814881801605225}",COMPLETE
2,0.30278467110690177,2026-02-03 17:18:27.123607,2026-02-03 17:18:59.101901,0 days 00:00:31.978294,attention,0.0031012679265827606,0.8986592017385181,0.0020682917612722673,"{'val_rmse_mean': 0.7969675660133362, 'val_mae_mean': 0.6380270719528198, 'val_r2_mean': -0.16100597381591797, 'val_rmse_target_0': 0.7969675660133362, 'val_mae_target_0': 0.6380270719528198, 'val_r2_target_0': -0.16100597381591797}",COMPLETE
3,0.4151822066589914,2026-02-03 17:18:59.276426,2026-02-03 17:19:28.539965,0 days 00:00:29.263539,mean,0.0004556326216049783,0.43331236954373376,0.0033311519274733968,"{'val_rmse_mean': 0.9632611274719238, 'val_mae_mean': 0.8075329661369324, 'val_r2_mean': -0.43414461612701416, 'val_rmse_target_0': 0.9632611274719238, 'val_mae_target_0': 0.8075329661369324, 'val_r2_target_0': -0.43414461612701416}",COMPLETE
4,0.35773433860460363,2026-02-03 17:19:28.714967,2026-02-03 17:19:59.671449,0 days 00:00:30.956482,attention,0.0011123333649403883,0.33392373911648454,0.0014120545266484768,"{'val_rmse_mean': 0.8911640048027039, 'val_mae_mean': 0.725112795829773, 'val_r2_mean': -0.6818853616714478, 'val_rmse_target_0': 0.8911640048027039, 'val_mae_target_0': 0.725112795829773, 'val_r2_target_0': -0.6818853616714478}",COMPLETE
5,0.4650015629724496,2026-02-03 17:19:59.847134,2026-02-03 17:20:30.523064,0 days 00:00:30.675930,attention,0.00843721179509667,0.36285194076580063,0.0001551503384795128,"{'val_rmse_mean': 1.016953706741333, 'val_mae_mean': 0.8796471953392029, 'val_r2_mean': -8.0162992477417, 'val_rmse_target_0': 1.016953706741333, 'val_mae_target_0': 0.8796471953392029, 'val_r2_target_0': -8.0162992477417}",COMPLETE
6,0.3480818432031406,2026-02-03 17:20:30.696862,2026-02-03 17:21:01.052812,0 days 00:00:30.355950,mean,0.011589867353728486,0.7588780353231673,0.0010771167983746686,"{'val_rmse_mean': 0.8623626232147217, 'val_mae_mean': 0.7508500218391418, 'val_r2_mean': -1.3719375133514404, 'val_rmse_target_0': 0.8623626232147217, 'val_mae_target_0': 0.7508500218391418, 'val_r2_target_0': -1.3719375133514404}",COMPLETE
7,0.40025816623259475,2026-02-03 17:21:01.228023,2026-02-03 17:21:29.878366,0 days 00:00:28.650343,mean,0.03848529111257522,0.20798306518380008,0.0001884205259038106,"{'val_rmse_mean': 0.9271897673606873, 'val_mae_mean': 0.809373140335083, 'val_r2_mean': -11.886483192443848, 'val_rmse_target_0': 0.9271897673606873, 'val_mae_target_0': 0.809373140335083, 'val_r2_target_0': -11.886483192443848}",COMPLETE
8,0.4313325020139692,2026-02-03 17:21:30.051532,2026-02-03 17:22:02.805349,0 days 00:00:32.753817,attention,0.015191951570888327,0.26532621942874957,0.00011328005804279263,"{'val_rmse_mean': 0.9790055155754089, 'val_mae_mean': 0.8317771553993225, 'val_r2_mean': -12.203707695007324, 'val_rmse_target_0': 0.9790055155754089, 'val_mae_target_0': 0.8317771553993225, 'val_r2_target_0': -12.203707695007324}",COMPLETE
9,0.4058216796429069,2026-02-03 17:22:02.980539,2026-02-03 17:22:32.657267,0 days 00:00:29.676728,mean,0.00012040583989879478,0.15536993237102098,0.00028061783955955993,"{'val_rmse_mean': 0.9467096924781799, 'val_mae_mean': 0.8147118091583252, 'val_r2_mean': -11.995529174804688, 'val_rmse_target_0': 0.9467096924781799, 'val_mae_target_0': 0.8147118091583252, 'val_r2_target_0': -11.995529174804688}",COMPLETE
10,0.4154480883444194,2026-02-03 17:22:32.830140,2026-02-03 17:23:05.177119,0 days 00:00:32.346979,attention,0.596058986508911,0.8714290662780241,0.004588838721687511,"{'val_rmse_mean': 0.9734834432601929, 'val_mae_mean': 0.8062601685523987, 'val_r2_mean': -0.6868420839309692, 'val_rmse_target_0': 0.9734834432601929, 'val_mae_target_0': 0.8062601685523987, 'val_r2_target_0': -0.6868420839309692}",COMPLETE
11,0.33158815860817276,2026-02-03 17:23:05.350213,2026-02-03 17:23:36.789492,0 days 00:00:31.439279,attention,0.9223041799826,0.622322471476508,0.0018177544786835847,"{'val_rmse_mean': 0.8485231995582581, 'val_mae_mean': 0.7142254114151001, 'val_r2_mean': -0.7896778583526611, 'val_rmse_target_0': 0.8485231995582581, 'val_mae_target_0': 0.7142254114151001, 'val_r2_target_0': -0.7896778583526611}",COMPLETE
12,0.2756309192886369,2026-02-03 17:23:36.963587,2026-02-03 17:24:08.982671,0 days 00:00:32.019084,attention,0.002347585011259198,0.6040242108059074,0.0023973478674655067,"{'val_rmse_mean': 0.7574408650398254, 'val_mae_mean': 0.6389777064323425, 'val_r2_mean': -0.08636152744293213, 'val_rmse_target_0': 0.7574408650398254, 'val_mae_target_0': 0.6389777064323425, 'val_r2_target_0': -0.08636152744293213}",COMPLETE
13,0.3393985426325041,2026-02-03 17:24:09.156523,2026-02-03 17:24:41.883935,0 days 00:00:32.727412,attention,0.0017863725534815863,0.5849750750294476,0.0006764891187172377,"{'val_rmse_mean': 0.8587777018547058, 'val_mae_mean': 0.7346076965332031, 'val_r2_mean': -2.0832748413085938, 'val_rmse_target_0': 0.8587777018547058, 'val_mae_target_0': 0.7346076965332031, 'val_r2_target_0': -2.0832748413085938}",COMPLETE
14,0.29411339386543084,2026-02-03 17:24:42.057241,2026-02-03 17:25:14.983168,0 days 00:00:32.925927,attention,0.002900183640830539,0.8931942445895972,0.002535408865886178,"{'val_rmse_mean': 0.8014096617698669, 'val_mae_mean': 0.6574092507362366, 'val_r2_mean': 0.047077834606170654, 'val_rmse_target_0': 0.8014096617698669, 'val_mae_target_0': 0.6574092507362366, 'val_r2_target_0': 0.047077834606170654}",COMPLETE
15,0.359665907945277,2026-02-03 17:25:15.156796,2026-02-03 17:25:44.759439,0 days 00:00:29.602643,attention,0.00035407414680930854,0.7327486586183461,0.0007009370291681154,"{'val_rmse_mean': 0.8725168108940125, 'val_mae_mean': 0.758482038974762, 'val_r2_mean': -1.4678034782409668, 'val_rmse_target_0': 0.8725168108940125, 'val_mae_target_0': 0.758482038974762, 'val_r2_target_0': -1.4678034782409668}",COMPLETE
16,0.29010129951193114,2026-02-03 17:25:44.932858,2026-02-03 17:26:15.642475,0 days 00:00:30.709617,attention,0.004553451900580673,0.5402867273200853,0.0033191277041724697,"{'val_rmse_mean': 0.7803738117218018, 'val_mae_mean': 0.6613346338272095, 'val_r2_mean': -0.28345787525177, 'val_rmse_target_0': 0.7803738117218018, 'val_mae_target_0': 0.6613346338272095, 'val_r2_target_0': -0.28345787525177}",COMPLETE
17,0.3270672078921322,2026-02-03 17:26:15.815182,2026-02-03 17:26:47.266307,0 days 00:00:31.451125,attention,0.005204187967025016,0.5115407690067231,0.004724961597118362,"{'val_rmse_mean': 0.8351682424545288, 'val_mae_mean': 0.6889818906784058, 'val_r2_mean': -0.2105187177658081, 'val_rmse_target_0': 0.8351682424545288, 'val_mae_target_0': 0.6889818906784058, 'val_r2_target_0': -0.2105187177658081}",COMPLETE
18,0.3254357382928127,2026-02-03 17:26:47.440462,2026-02-03 17:27:17.284962,0 days 00:00:29.844500,mean,0.0009093490104796003,0.6561628768704664,0.0010373156123144852,"{'val_rmse_mean': 0.8241721987724304, 'val_mae_mean': 0.7153591513633728, 'val_r2_mean': -1.4565138816833496, 'val_rmse_target_0': 0.8241721987724304, 'val_mae_target_0': 0.7153591513633728, 'val_r2_target_0': -1.4565138816833496}",COMPLETE
19,0.34607870802857277,2026-02-03 17:27:17.459280,2026-02-03 17:27:48.526227,0 days 00:00:31.066947,attention,0.0313127763065781,0.4759502869037877,0.003074006167141605,"{'val_rmse_mean': 0.8952511548995972, 'val_mae_mean': 0.6901043653488159, 'val_r2_mean': -0.3648463487625122, 'val_rmse_target_0': 0.8952511548995972, 'val_mae_target_0': 0.6901043653488159, 'val_r2_target_0': -0.3648463487625122}",COMPLETE
20,0.40516442501986466,2026-02-03 17:27:48.700358,2026-02-03 17:28:20.011824,0 days 00:00:31.311466,attention,0.0001455517331873963,0.550794011679182,0.000546040234553907,"{'val_rmse_mean': 0.9216408729553223, 'val_mae_mean': 0.8371752500534058, 'val_r2_mean': -3.2197823524475098, 'val_rmse_target_0': 0.9216408729553223, 'val_mae_target_0': 0.8371752500534058, 'val_r2_target_0': -3.2197823524475098}",COMPLETE
21,0.42741312571214857,2026-02-03 17:28:20.187758,2026-02-03 17:28:51.378910,0 days 00:00:31.191152,attention,0.002741270012523459,0.7962715863651247,0.002835495815983705,"{'val_rmse_mean': 0.9774885177612305, 'val_mae_mean': 0.8186869621276855, 'val_r2_mean': -0.6168737411499023, 'val_rmse_target_0': 0.9774885177612305, 'val_mae_target_0': 0.8186869621276855, 'val_r2_target_0': -0.6168737411499023}",COMPLETE
22,0.3251934287006777,2026-02-03 17:28:51.551643,2026-02-03 17:29:21.689969,0 days 00:00:30.138326,attention,0.004599736396992356,0.6842429882666738,0.002365086105724102,"{'val_rmse_mean': 0.8404111266136169, 'val_mae_mean': 0.6866370439529419, 'val_r2_mean': -0.6067267656326294, 'val_rmse_target_0': 0.8404111266136169, 'val_mae_target_0': 0.6866370439529419, 'val_r2_target_0': -0.6067267656326294}",COMPLETE
23,0.3551938319686559,2026-02-03 17:29:21.863948,2026-02-03 17:29:52.626527,0 days 00:00:30.762579,attention,0.000588937343555708,0.3922877650383205,0.0011942366781459283,"{'val_rmse_mean': 0.8589252233505249, 'val_mae_mean': 0.7840918898582458, 'val_r2_mean': -1.687619686126709, 'val_rmse_target_0': 0.8589252233505249, 'val_mae_target_0': 0.7840918898582458, 'val_r2_target_0': -1.687619686126709}",COMPLETE
24,0.4587043116248592,2026-02-03 17:29:52.801592,2026-02-03 17:30:22.740572,0 days 00:00:29.938980,attention,0.0014180558362799926,0.8081679627148792,0.0037406302529931273,"{'val_rmse_mean': 1.0134958028793335, 'val_mae_mean': 0.8640727996826172, 'val_r2_mean': -0.5959641933441162, 'val_rmse_target_0': 1.0134958028793335, 'val_mae_target_0': 0.8640727996826172, 'val_r2_target_0': -0.5959641933441162}",COMPLETE
25,0.4144836379354173,2026-02-03 17:30:22.916638,2026-02-03 17:30:54.621197,0 days 00:00:31.704559,attention,0.01859402531121332,0.6958486094016201,0.0025052774345127897,"{'val_rmse_mean': 0.9520916938781738, 'val_mae_mean': 0.8041073083877563, 'val_r2_mean': -1.2338814735412598, 'val_rmse_target_0': 0.9520916938781738, 'val_mae_target_0': 0.8041073083877563, 'val_r2_target_0': -1.2338814735412598}",COMPLETE
26,0.3367264083828087,2026-02-03 17:30:54.795330,2026-02-03 17:31:24.174541,0 days 00:00:29.379211,mean,0.006315514696946845,0.5402917384600033,0.001432844243663845,"{'val_rmse_mean': 0.8486908674240112, 'val_mae_mean': 0.7339670658111572, 'val_r2_mean': -1.2136895656585693, 'val_rmse_target_0': 0.8486908674240112, 'val_mae_target_0': 0.7339670658111572, 'val_r2_target_0': -1.2136895656585693}",COMPLETE
27,0.37517356054202,2026-02-03 17:31:24.348515,2026-02-03 17:31:57.152718,0 days 00:00:32.804203,attention,0.0024738435442288784,0.4587223422779045,0.0034447470228358714,"{'val_rmse_mean': 0.9098044633865356, 'val_mae_mean': 0.7487027645111084, 'val_r2_mean': -0.34186041355133057, 'val_rmse_target_0': 0.9098044633865356, 'val_mae_target_0': 0.7487027645111084, 'val_r2_target_0': -0.34186041355133057}",COMPLETE
28,0.3322948690296875,2026-02-03 17:31:57.326952,2026-02-03 17:32:28.806464,0 days 00:00:31.479512,attention,0.00027987791412977154,0.6141419507022685,0.004805629394020847,"{'val_rmse_mean': 0.8692715764045715, 'val_mae_mean': 0.6996498703956604, 'val_r2_mean': 0.016042470932006836, 'val_rmse_target_0': 0.8692715764045715, 'val_mae_target_0': 0.6996498703956604, 'val_r2_target_0': 0.016042470932006836}",COMPLETE
29,0.3434999739544798,2026-02-03 17:32:28.980475,2026-02-03 17:33:01.148325,0 days 00:00:32.167850,attention,0.12972651952086284,0.8366829986028574,0.0004141460756573278,"{'val_rmse_mean': 0.8615758419036865, 'val_mae_mean': 0.7387198209762573, 'val_r2_mean': -5.284192085266113, 'val_rmse_target_0': 0.8615758419036865, 'val_mae_target_0': 0.7387198209762573, 'val_r2_target_0': -5.284192085266113}",COMPLETE
30,0.3660907051633802,2026-02-03 17:33:01.322893,2026-02-03 17:33:33.676026,0 days 00:00:32.353133,attention,0.02888295483191247,0.41294345516124886,0.0009468570134874332,"{'val_rmse_mean': 0.868069052696228, 'val_mae_mean': 0.773716390132904, 'val_r2_mean': -0.7974255084991455, 'val_rmse_target_0': 0.868069052696228, 'val_mae_target_0': 0.773716390132904, 'val_r2_target_0': -0.7974255084991455}",COMPLETE
31,0.4174868945200514,2026-02-03 17:33:33.849775,2026-02-03 17:34:06.053500,0 days 00:00:32.203725,attention,0.0026379517038205213,0.8928037784362426,0.0018611164033638745,"{'val_rmse_mean': 0.9543406367301941, 'val_mae_mean': 0.8238136172294617, 'val_r2_mean': -0.43831396102905273, 'val_rmse_target_0': 0.9543406367301941, 'val_mae_target_0': 0.8238136172294617, 'val_r2_target_0': -0.43831396102905273}",COMPLETE
32,0.3282663299533952,2026-02-03 17:34:06.228664,2026-02-03 17:34:37.983842,0 days 00:00:31.755178,attention,0.003878969434706349,0.7498922828471062,0.002000887457557937,"{'val_rmse_mean': 0.8582754731178284, 'val_mae_mean': 0.7107993960380554, 'val_r2_mean': -0.12045717239379883, 'val_rmse_target_0': 0.8582754731178284, 'val_mae_target_0': 0.7107993960380554, 'val_r2_target_0': -0.12045717239379883}",COMPLETE
33,0.3720880591443145,2026-02-03 17:34:38.156650,2026-02-03 17:35:08.773841,0 days 00:00:30.617191,attention,0.0006778107979670227,0.8341057463203903,0.002291842085493146,"{'val_rmse_mean': 0.8998758792877197, 'val_mae_mean': 0.7558661699295044, 'val_r2_mean': -0.5898131132125854, 'val_rmse_target_0': 0.8998758792877197, 'val_mae_target_0': 0.7558661699295044, 'val_r2_target_0': -0.5898131132125854}",COMPLETE
34,0.3363367526024511,2026-02-03 17:35:08.948995,2026-02-03 17:35:40.887660,0 days 00:00:31.938665,attention,0.06690068889932087,0.8683907735003731,0.001555777292973024,"{'val_rmse_mean': 0.8587322235107422, 'val_mae_mean': 0.7246681451797485, 'val_r2_mean': -0.5388325452804565, 'val_rmse_target_0': 0.8587322235107422, 'val_mae_target_0': 0.7246681451797485, 'val_r2_target_0': -0.5388325452804565}",COMPLETE
35,0.3652221229891371,2026-02-03 17:35:41.063656,2026-02-03 17:36:12.098391,0 days 00:00:31.034735,attention,0.008868953530869864,0.7046977994565765,0.003723509051856518,"{'val_rmse_mean': 0.8948133587837219, 'val_mae_mean': 0.7180614471435547, 'val_r2_mean': -1.0701446533203125, 'val_rmse_target_0': 0.8948133587837219, 'val_mae_target_0': 0.7180614471435547, 'val_r2_target_0': -1.0701446533203125}",COMPLETE
36,0.410220770208441,2026-02-03 17:36:12.273053,2026-02-03 17:36:42.636727,0 days 00:00:30.363674,mean,0.0016025436310320865,0.7795592041268066,0.002797960358210852,"{'val_rmse_mean': 0.9396001696586609, 'val_mae_mean': 0.8119394779205322, 'val_r2_mean': -0.7847651243209839, 'val_rmse_target_0': 0.9396001696586609, 'val_mae_target_0': 0.8119394779205322, 'val_r2_target_0': -0.7847651243209839}",COMPLETE
37,0.3386671336074532,2026-02-03 17:36:42.810033,2026-02-03 17:37:14.796654,0 days 00:00:31.986621,attention,0.0035772581824416658,0.3246722939472672,0.0013259508857178435,"{'val_rmse_mean': 0.8532289862632751, 'val_mae_mean': 0.7387098670005798, 'val_r2_mean': -0.9501758813858032, 'val_rmse_target_0': 0.8532289862632751, 'val_mae_target_0': 0.7387098670005798, 'val_r2_target_0': -0.9501758813858032}",COMPLETE
38,0.3727959936540746,2026-02-03 17:37:14.971985,2026-02-03 17:37:45.410596,0 days 00:00:30.438611,attention,0.0009232257038242892,0.6432933562834448,0.0008468643404352827,"{'val_rmse_mean': 0.9053395390510559, 'val_mae_mean': 0.7558922171592712, 'val_r2_mean': -1.3143842220306396, 'val_rmse_target_0': 0.9053395390510559, 'val_mae_target_0': 0.7558922171592712, 'val_r2_target_0': -1.3143842220306396}",COMPLETE
39,0.39682040837080285,2026-02-03 17:37:45.584351,2026-02-03 17:38:14.614911,0 days 00:00:29.030560,mean,0.007249294624420875,0.1070505770932787,0.0021447518552103056,"{'val_rmse_mean': 0.9286088347434998, 'val_mae_mean': 0.7929798364639282, 'val_r2_mean': -0.948782205581665, 'val_rmse_target_0': 0.9286088347434998, 'val_mae_target_0': 0.7929798364639282, 'val_r2_target_0': -0.948782205581665}",COMPLETE
40,0.394186238891928,2026-02-03 17:38:14.789524,2026-02-03 17:38:45.801485,0 days 00:00:31.011961,attention,0.011605182706724003,0.5621602374541116,0.003961768222559817,"{'val_rmse_mean': 0.942879855632782, 'val_mae_mean': 0.7746989727020264, 'val_r2_mean': 0.03402268886566162, 'val_rmse_target_0': 0.942879855632782, 'val_mae_target_0': 0.7746989727020264, 'val_r2_target_0': 0.03402268886566162}",COMPLETE
41,0.4118821405874634,2026-02-03 17:38:45.974862,2026-02-03 17:39:17.824430,0 days 00:00:31.849568,attention,0.0036497321805806313,0.6797079007161304,0.0024746901983329754,"{'val_rmse_mean': 0.9553784132003784, 'val_mae_mean': 0.8010103702545166, 'val_r2_mean': -1.4705994129180908, 'val_rmse_target_0': 0.9553784132003784, 'val_mae_target_0': 0.8010103702545166, 'val_r2_target_0': -1.4705994129180908}",COMPLETE
42,0.3835592786091621,2026-02-03 17:39:17.997990,2026-02-03 17:39:50.725165,0 days 00:00:32.727175,attention,0.005390703626884522,0.5952064548103123,0.0016331933372753073,"{'val_rmse_mean': 0.9132100939750671, 'val_mae_mean': 0.7852484583854675, 'val_r2_mean': -0.5032060146331787, 'val_rmse_target_0': 0.9132100939750671, 'val_mae_target_0': 0.7852484583854675, 'val_r2_target_0': -0.5032060146331787}",COMPLETE
43,0.30336386530177184,2026-02-03 17:39:50.899426,2026-02-03 17:40:23.550083,0 days 00:00:32.650657,attention,0.001962445867351603,0.8955255029591327,0.003056937080969244,"{'val_rmse_mean': 0.8110535740852356, 'val_mae_mean': 0.6511199474334717, 'val_r2_mean': -0.4807206392288208, 'val_rmse_target_0': 0.8110535740852356, 'val_mae_target_0': 0.6511199474334717, 'val_r2_target_0': -0.4807206392288208}",COMPLETE
44,0.32009320903603955,2026-02-03 17:40:23.724548,2026-02-03 17:40:56.198868,0 days 00:00:32.474320,attention,0.0017730775167970848,0.8984481338604661,0.0032161655193228924,"{'val_rmse_mean': 0.8559854030609131, 'val_mae_mean': 0.6497660279273987, 'val_r2_mean': -0.4936203956604004, 'val_rmse_target_0': 0.8559854030609131, 'val_mae_target_0': 0.6497660279273987, 'val_r2_target_0': -0.4936203956604004}",COMPLETE
45,0.33378178214914267,2026-02-03 17:40:56.372422,2026-02-03 17:41:29.066975,0 days 00:00:32.694553,attention,0.00129612862552041,0.8366607281092309,0.004242124168211049,"{'val_rmse_mean': 0.8305001258850098, 'val_mae_mean': 0.7291222214698792, 'val_r2_mean': -0.5817675590515137, 'val_rmse_target_0': 0.8305001258850098, 'val_mae_target_0': 0.7291222214698792, 'val_r2_target_0': -0.5817675590515137}",COMPLETE
46,0.38758715086927015,2026-02-03 17:41:29.242429,2026-02-03 17:41:58.683990,0 days 00:00:29.441561,mean,0.017993454214782132,0.8635005746729931,0.0030006315686651407,"{'val_rmse_mean': 0.9078898429870605, 'val_mae_mean': 0.7807545065879822, 'val_r2_mean': -0.43096423149108887, 'val_rmse_target_0': 0.9078898429870605, 'val_mae_target_0': 0.7807545065879822, 'val_r2_target_0': -0.43096423149108887}",COMPLETE
47,0.37128115060773714,2026-02-03 17:41:58.858879,2026-02-03 17:42:30.650475,0 days 00:00:31.791596,attention,0.002278119938168159,0.7369442051929855,0.0017687647952321188,"{'val_rmse_mean': 0.8922243118286133, 'val_mae_mean': 0.7512207627296448, 'val_r2_mean': -0.6633623838424683, 'val_rmse_target_0': 0.8922243118286133, 'val_mae_target_0': 0.7512207627296448, 'val_r2_target_0': -0.6633623838424683}",COMPLETE
48,0.35199471391091786,2026-02-03 17:42:30.823185,2026-02-03 17:43:02.449938,0 days 00:00:31.626753,attention,0.0004676147063587245,0.25114377751145556,0.0027343770647243948,"{'val_rmse_mean': 0.8689948916435242, 'val_mae_mean': 0.7514836192131042, 'val_r2_mean': -0.39135003089904785, 'val_rmse_target_0': 0.8689948916435242, 'val_mae_target_0': 0.7514836192131042, 'val_r2_target_0': -0.39135003089904785}",COMPLETE
49,0.373448153267856,2026-02-03 17:43:02.624985,2026-02-03 17:43:33.829014,0 days 00:00:31.204029,attention,0.0002662422947300602,0.5070944472799751,0.0020790128627529657,"{'val_rmse_mean': 0.9176121354103088, 'val_mae_mean': 0.7841759920120239, 'val_r2_mean': -0.8362990617752075, 'val_rmse_target_0': 0.9176121354103088, 'val_mae_target_0': 0.7841759920120239, 'val_r2_target_0': -0.8362990617752075}",COMPLETE
