number,value,datetime_start,datetime_complete,duration,params_batch_size,params_bidirectional,params_dropout_lstm,params_dropout_path,params_dropout_reg,params_lr,params_lstm_hidden_dim,params_lstm_layers,params_path_aggregation,params_path_dim,params_regressor_dim,params_weight_decay,user_attrs_val_metrics,state
0,0.302660515807845,2026-02-03 16:12:48.224385,2026-02-03 16:13:40.220407,0 days 00:00:51.996022,16,False,0.15913922408158726,0.25224648354983426,0.23435482223564355,0.00010174870994240002,32,2,static,8,256,0.0003869031092932357,"{'val_rmse_mean': 0.8033486604690552, 'val_mae_mean': 0.6969989538192749, 'val_r2_mean': -4.21014404296875, 'val_rmse_target_0': 0.8033486604690552, 'val_mae_target_0': 0.6969989538192749, 'val_r2_target_0': -4.21014404296875}",COMPLETE
1,0.24876881212090934,2026-02-03 16:13:40.396338,2026-02-03 16:14:28.661440,0 days 00:00:48.265102,16,False,0.21963317407150157,0.30346540009087813,0.327528083475945,0.0002418514105377304,8,2,static,8,256,0.0019650761260841965,"{'val_rmse_mean': 0.7115206122398376, 'val_mae_mean': 0.6225507259368896, 'val_r2_mean': -0.1833336353302002, 'val_rmse_target_0': 0.7115206122398376, 'val_mae_target_0': 0.6225507259368896, 'val_r2_target_0': -0.1833336353302002}",COMPLETE
2,0.42155144666321576,2026-02-03 16:14:28.836612,2026-02-03 16:15:18.541460,0 days 00:00:49.704848,16,False,0.10758246266672132,0.32525904956825646,0.3012691301556366,5.2476386966970535e-05,16,2,static,16,128,0.0001014995329789375,"{'val_rmse_mean': 0.9625039100646973, 'val_mae_mean': 0.8175790309906006, 'val_r2_mean': -65.42799377441406, 'val_rmse_target_0': 0.9625039100646973, 'val_mae_target_0': 0.8175790309906006, 'val_r2_target_0': -65.42799377441406}",COMPLETE
3,0.2524047536016614,2026-02-03 16:15:18.718847,2026-02-03 16:16:09.600873,0 days 00:00:50.882026,16,False,0.11294567079292138,0.3427773017555798,0.2917489964545651,0.00022972288684266204,8,2,static,8,256,1.7952136142252423e-05,"{'val_rmse_mean': 0.7180663347244263, 'val_mae_mean': 0.6197777390480042, 'val_r2_mean': -0.1845468282699585, 'val_rmse_target_0': 0.7180663347244263, 'val_mae_target_0': 0.6197777390480042, 'val_r2_target_0': -0.1845468282699585}",COMPLETE
4,0.28507329513215357,2026-02-03 16:16:09.775189,2026-02-03 16:16:59.515966,0 days 00:00:49.740777,16,False,0.20846377434772417,0.2753968921789071,0.2059761290364872,0.00013237599397767218,16,2,static,16,256,2.574577191462145e-05,"{'val_rmse_mean': 0.7716578245162964, 'val_mae_mean': 0.6826145052909851, 'val_r2_mean': -2.116107702255249, 'val_rmse_target_0': 0.7716578245162964, 'val_mae_target_0': 0.6826145052909851, 'val_r2_target_0': -2.116107702255249}",COMPLETE
5,0.2972366062587955,2026-02-03 16:16:59.691934,2026-02-03 16:17:51.763536,0 days 00:00:52.071602,16,False,0.17195742038191483,0.31699638518172096,0.33936476498681795,0.000171301471193118,32,2,static,16,128,1.5110575724146365e-05,"{'val_rmse_mean': 0.7895509600639343, 'val_mae_mean': 0.6997517943382263, 'val_r2_mean': -3.436436653137207, 'val_rmse_target_0': 0.7895509600639343, 'val_mae_target_0': 0.6997517943382263, 'val_r2_target_0': -3.436436653137207}",COMPLETE
6,0.2831614073703787,2026-02-03 16:17:51.938162,2026-02-03 16:18:42.554573,0 days 00:00:50.616411,16,False,0.23936750439990925,0.2933390219655282,0.251598478371138,0.0004955954691093117,16,2,static,16,256,0.0005417070386241639,"{'val_rmse_mean': 0.7651919722557068, 'val_mae_mean': 0.6106845140457153, 'val_r2_mean': 0.16240721940994263, 'val_rmse_target_0': 0.7651919722557068, 'val_mae_target_0': 0.6106845140457153, 'val_r2_target_0': 0.16240721940994263}",COMPLETE
7,0.2355639225613602,2026-02-03 16:18:42.730103,2026-02-03 16:19:32.699191,0 days 00:00:49.969088,16,False,0.12512613936694159,0.32985738101681594,0.29555401549908056,0.0002922631297194421,16,2,static,16,256,0.0013637579446891031,"{'val_rmse_mean': 0.6943689584732056, 'val_mae_mean': 0.5810054540634155, 'val_r2_mean': 0.04466027021408081, 'val_rmse_target_0': 0.6943689584732056, 'val_mae_target_0': 0.5810054540634155, 'val_r2_target_0': 0.04466027021408081}",COMPLETE
8,0.30786538189621987,2026-02-03 16:19:32.874244,2026-02-03 16:20:23.162575,0 days 00:00:50.288331,16,False,0.13381783470300476,0.23034267277218068,0.23246660796366547,5.0311718192184604e-05,16,2,static,8,512,0.0008923455467041974,"{'val_rmse_mean': 0.8121800422668457, 'val_mae_mean': 0.6950350403785706, 'val_r2_mean': -5.3831634521484375, 'val_rmse_target_0': 0.8121800422668457, 'val_mae_target_0': 0.6950350403785706, 'val_r2_target_0': -5.3831634521484375}",COMPLETE
9,0.24433061043668272,2026-02-03 16:20:23.337729,2026-02-03 16:21:12.807673,0 days 00:00:49.469944,16,False,0.1888201637703646,0.37873833541643986,0.3399432611379958,0.00035874922318938066,8,2,static,16,128,0.0009542203040885911,"{'val_rmse_mean': 0.7064538598060608, 'val_mae_mean': 0.6017876267433167, 'val_r2_mean': -0.0742560625076294, 'val_rmse_target_0': 0.7064538598060608, 'val_mae_target_0': 0.6017876267433167, 'val_r2_target_0': -0.0742560625076294}",COMPLETE
10,0.25952832715497437,2026-02-03 16:21:12.983227,2026-02-03 16:22:02.245628,0 days 00:00:49.262401,16,False,0.291767060708945,0.3979649767850659,0.3946923072684069,0.00031639247855283026,16,2,static,16,512,0.006639647365912984,"{'val_rmse_mean': 0.7292398810386658, 'val_mae_mean': 0.5923280715942383, 'val_r2_mean': 0.0021411776542663574, 'val_rmse_target_0': 0.7292398810386658, 'val_mae_target_0': 0.5923280715942383, 'val_r2_target_0': 0.0021411776542663574}",COMPLETE
11,0.24338488644032083,2026-02-03 16:22:02.422274,2026-02-03 16:22:52.306241,0 days 00:00:49.883967,16,False,0.17203631823875068,0.3714735657111378,0.3683712539088004,0.000452468572701041,8,2,static,16,128,0.0028109497428785994,"{'val_rmse_mean': 0.7036995887756348, 'val_mae_mean': 0.5811042189598083, 'val_r2_mean': 0.07998460531234741, 'val_rmse_target_0': 0.7036995887756348, 'val_mae_target_0': 0.5811042189598083, 'val_r2_target_0': 0.07998460531234741}",COMPLETE
12,0.2683814210527257,2026-02-03 16:22:52.480687,2026-02-03 16:23:42.207433,0 days 00:00:49.726746,16,False,0.14805372009385842,0.3590888176270232,0.3735715677045103,0.0004887219263853192,8,2,static,16,128,0.009056441838051777,"{'val_rmse_mean': 0.7438851594924927, 'val_mae_mean': 0.6003799438476562, 'val_r2_mean': -0.037972092628479004, 'val_rmse_target_0': 0.7438851594924927, 'val_mae_target_0': 0.6003799438476562, 'val_r2_target_0': -0.037972092628479004}",COMPLETE
13,0.24797642413499557,2026-02-03 16:23:42.383339,2026-02-03 16:24:33.286774,0 days 00:00:50.903435,16,False,0.1332691145486673,0.3604210090228683,0.28211915249906244,0.00033430868395311925,8,2,static,16,128,0.0023401334014241234,"{'val_rmse_mean': 0.7171235084533691, 'val_mae_mean': 0.5930317044258118, 'val_r2_mean': -0.10219061374664307, 'val_rmse_target_0': 0.7171235084533691, 'val_mae_target_0': 0.5930317044258118, 'val_r2_target_0': -0.10219061374664307}",COMPLETE
14,0.24386829501492213,2026-02-03 16:24:33.460720,2026-02-03 16:25:23.743672,0 days 00:00:50.282952,16,False,0.17800566714223442,0.39061763149852313,0.38118047817549244,0.00023287532102017722,32,2,static,16,512,9.615781740096521e-05,"{'val_rmse_mean': 0.7078459858894348, 'val_mae_mean': 0.5861518979072571, 'val_r2_mean': 0.07462871074676514, 'val_rmse_target_0': 0.7078459858894348, 'val_mae_target_0': 0.5861518979072571, 'val_r2_target_0': 0.07462871074676514}",COMPLETE
15,0.2518913109735068,2026-02-03 16:25:23.920154,2026-02-03 16:26:14.529498,0 days 00:00:50.609344,16,False,0.2442932104875235,0.33795441439666357,0.31403030431026724,0.000372292196041419,16,2,static,16,256,0.004275395194978759,"{'val_rmse_mean': 0.7260369658470154, 'val_mae_mean': 0.5843465328216553, 'val_r2_mean': 0.043243348598480225, 'val_rmse_target_0': 0.7260369658470154, 'val_mae_target_0': 0.5843465328216553, 'val_r2_target_0': 0.043243348598480225}",COMPLETE
16,0.3067391109739051,2026-02-03 16:26:14.704752,2026-02-03 16:27:03.500261,0 days 00:00:48.795509,16,False,0.10197925695525126,0.20155246019703404,0.3614788625865675,0.00017512001221373663,8,2,static,16,128,0.00016823436991820725,"{'val_rmse_mean': 0.8062629103660583, 'val_mae_mean': 0.6984859704971313, 'val_r2_mean': -4.4107985496521, 'val_rmse_target_0': 0.8062629103660583, 'val_mae_target_0': 0.6984859704971313, 'val_r2_target_0': -4.4107985496521}",COMPLETE
17,0.32885858220268144,2026-02-03 16:27:03.675083,2026-02-03 16:27:54.582532,0 days 00:00:50.907449,16,False,0.1352337301807337,0.36653471364458673,0.2620616348023036,8.90894995496341e-05,16,2,static,16,256,0.0022529896410802756,"{'val_rmse_mean': 0.833570659160614, 'val_mae_mean': 0.7226153016090393, 'val_r2_mean': -6.793055534362793, 'val_rmse_target_0': 0.833570659160614, 'val_mae_target_0': 0.7226153016090393, 'val_r2_target_0': -6.793055534362793}",COMPLETE
18,0.2614008940247543,2026-02-03 16:27:54.758962,2026-02-03 16:28:42.590332,0 days 00:00:47.831370,16,False,0.15779444776368773,0.2800730704677007,0.3545411784346783,0.00028061559453185567,8,2,static,8,128,0.0012599329760891024,"{'val_rmse_mean': 0.736677885055542, 'val_mae_mean': 0.6443465948104858, 'val_r2_mean': -0.9691452980041504, 'val_rmse_target_0': 0.736677885055542, 'val_mae_target_0': 0.6443465948104858, 'val_r2_target_0': -0.9691452980041504}",COMPLETE
19,0.28379521867571855,2026-02-03 16:28:42.764672,2026-02-03 16:29:32.132466,0 days 00:00:49.367794,16,False,0.19491574302087233,0.3449322198194735,0.2753545132968837,0.0004345885431622466,32,2,static,16,512,0.004584725989789764,"{'val_rmse_mean': 0.7681086659431458, 'val_mae_mean': 0.6245941519737244, 'val_r2_mean': 0.16212713718414307, 'val_rmse_target_0': 0.7681086659431458, 'val_mae_target_0': 0.6245941519737244, 'val_r2_target_0': 0.16212713718414307}",COMPLETE
20,0.24904679556170273,2026-02-03 16:29:32.308461,2026-02-03 16:30:22.228630,0 days 00:00:49.920169,16,False,0.2989914308845676,0.3186540416486417,0.31303021371022594,0.0002018444000182104,8,2,static,16,256,0.00022097239838263311,"{'val_rmse_mean': 0.7148309946060181, 'val_mae_mean': 0.6303237676620483, 'val_r2_mean': -0.36756038665771484, 'val_rmse_target_0': 0.7148309946060181, 'val_mae_target_0': 0.6303237676620483, 'val_r2_target_0': -0.36756038665771484}",COMPLETE
21,0.27820210130906803,2026-02-03 16:30:22.404124,2026-02-03 16:31:13.830025,0 days 00:00:51.425901,16,False,0.17917330052146282,0.39933940202452006,0.39625199288403645,0.00027231986795639364,32,2,static,16,512,5.7162543622798536e-05,"{'val_rmse_mean': 0.7621341347694397, 'val_mae_mean': 0.6319236755371094, 'val_r2_mean': 0.07152551412582397, 'val_rmse_target_0': 0.7621341347694397, 'val_mae_target_0': 0.6319236755371094, 'val_r2_target_0': 0.07152551412582397}",COMPLETE
22,0.28129207261156774,2026-02-03 16:31:14.004561,2026-02-03 16:32:05.623146,0 days 00:00:51.618585,16,False,0.1666600266492328,0.3814582405299289,0.37560994370004114,0.0004152583742685728,32,2,static,16,512,4.840435600354849e-05,"{'val_rmse_mean': 0.7631329298019409, 'val_mae_mean': 0.6210065484046936, 'val_r2_mean': 0.17585766315460205, 'val_rmse_target_0': 0.7631329298019409, 'val_mae_target_0': 0.6210065484046936, 'val_r2_target_0': 0.17585766315460205}",COMPLETE
23,0.2497509268146974,2026-02-03 16:32:05.797727,2026-02-03 16:32:55.544492,0 days 00:00:49.746765,16,False,0.21914857662953746,0.38394181123167337,0.3770298944641074,0.00020785772625823794,32,2,static,16,512,0.0005311786095907348,"{'val_rmse_mean': 0.7194687128067017, 'val_mae_mean': 0.6035013794898987, 'val_r2_mean': 0.03845810890197754, 'val_rmse_target_0': 0.7194687128067017, 'val_mae_target_0': 0.6035013794898987, 'val_r2_target_0': 0.03845810890197754}",COMPLETE
24,0.24378782530375584,2026-02-03 16:32:55.719808,2026-02-03 16:33:45.651965,0 days 00:00:49.932157,16,False,0.14523251677913734,0.367505912405272,0.34827608910618457,0.0002891047590638154,32,2,static,16,512,9.897992366057503e-05,"{'val_rmse_mean': 0.7079676985740662, 'val_mae_mean': 0.5647258162498474, 'val_r2_mean': 0.22378981113433838, 'val_rmse_target_0': 0.7079676985740662, 'val_mae_target_0': 0.5647258162498474, 'val_r2_target_0': 0.22378981113433838}",COMPLETE
25,0.243589395264819,2026-02-03 16:33:45.827508,2026-02-03 16:34:36.865388,0 days 00:00:51.037880,16,False,0.11985409862405327,0.3687588568292215,0.3504833090080499,0.0002952269672768307,32,2,static,16,128,0.0034691731529041888,"{'val_rmse_mean': 0.7090892791748047, 'val_mae_mean': 0.6212149262428284, 'val_r2_mean': -0.3483699560165405, 'val_rmse_target_0': 0.7090892791748047, 'val_mae_target_0': 0.6212149262428284, 'val_r2_target_0': -0.3483699560165405}",COMPLETE
26,0.33881952698963386,2026-02-03 16:34:37.040434,2026-02-03 16:35:27.933882,0 days 00:00:50.893448,16,False,0.12022598507744398,0.3495376811239451,0.3208825957100133,0.00013673543590551725,16,2,static,8,128,0.003640964743566182,"{'val_rmse_mean': 0.8516591191291809, 'val_mae_mean': 0.7438643574714661, 'val_r2_mean': -6.900790691375732, 'val_rmse_target_0': 0.8516591191291809, 'val_mae_target_0': 0.7438643574714661, 'val_r2_target_0': -6.900790691375732}",COMPLETE
27,0.26391783969948945,2026-02-03 16:35:28.109653,2026-02-03 16:36:20.000485,0 days 00:00:51.890832,16,False,0.12347891613902272,0.3331584821512733,0.3002030208855313,0.00039917125238345173,32,2,static,16,128,0.0014076458284435227,"{'val_rmse_mean': 0.7364643216133118, 'val_mae_mean': 0.6031636595726013, 'val_r2_mean': -0.05785048007965088, 'val_rmse_target_0': 0.7364643216133118, 'val_mae_target_0': 0.6031636595726013, 'val_r2_target_0': -0.05785048007965088}",COMPLETE
28,0.27172945585442465,2026-02-03 16:36:20.173079,2026-02-03 16:37:09.527190,0 days 00:00:49.354111,16,False,0.1478523712482079,0.3091926213227388,0.33401628312406934,0.0003079088939902113,16,2,static,16,128,0.0028102274319922204,"{'val_rmse_mean': 0.7593063712120056, 'val_mae_mean': 0.6364999413490295, 'val_r2_mean': -0.533195972442627, 'val_rmse_target_0': 0.7593063712120056, 'val_mae_target_0': 0.6364999413490295, 'val_r2_target_0': -0.533195972442627}",COMPLETE
29,0.33484478186626265,2026-02-03 16:37:09.698336,2026-02-03 16:37:58.368740,0 days 00:00:48.670404,16,False,0.16077885215652604,0.3724671179365343,0.36359086731469026,8.815112430788146e-05,8,2,static,8,128,0.00035844332688503153,"{'val_rmse_mean': 0.856038510799408, 'val_mae_mean': 0.6996443867683411, 'val_r2_mean': -8.823410034179688, 'val_rmse_target_0': 0.856038510799408, 'val_mae_target_0': 0.6996443867683411, 'val_r2_target_0': -8.823410034179688}",COMPLETE
30,0.2722787416369775,2026-02-03 16:37:58.540707,2026-02-03 16:38:49.880374,0 days 00:00:51.339667,16,False,0.1010089248488165,0.3516964481937961,0.3513808281343209,0.00014064988557701695,32,2,static,16,256,0.007162591621114569,"{'val_rmse_mean': 0.7500020265579224, 'val_mae_mean': 0.6652546525001526, 'val_r2_mean': -1.547701358795166, 'val_rmse_target_0': 0.7500020265579224, 'val_mae_target_0': 0.6652546525001526, 'val_r2_target_0': -1.547701358795166}",COMPLETE
31,0.251652015329994,2026-02-03 16:38:50.051230,2026-02-03 16:39:39.143051,0 days 00:00:49.091821,16,False,0.14793157689680947,0.3696835664826279,0.34559682669437514,0.0002913987759548472,32,2,static,16,512,0.0005968382761373188,"{'val_rmse_mean': 0.7139448523521423, 'val_mae_mean': 0.5985847115516663, 'val_r2_mean': 0.17450213432312012, 'val_rmse_target_0': 0.7139448523521423, 'val_mae_target_0': 0.5985847115516663, 'val_r2_target_0': 0.17450213432312012}",COMPLETE
32,0.26622235734356325,2026-02-03 16:39:39.314610,2026-02-03 16:40:29.006350,0 days 00:00:49.691740,16,False,0.12340651344781145,0.3301241612728256,0.3284942327326614,0.0002530926303896421,32,2,static,16,128,0.001519586363288012,"{'val_rmse_mean': 0.7407378554344177, 'val_mae_mean': 0.6392874121665955, 'val_r2_mean': -0.5562623739242554, 'val_rmse_target_0': 0.7407378554344177, 'val_mae_target_0': 0.6392874121665955, 'val_r2_target_0': -0.5562623739242554}",COMPLETE
33,0.2664015320500497,2026-02-03 16:40:29.177668,2026-02-03 16:41:18.631598,0 days 00:00:49.453930,16,False,0.13701208538040072,0.36081530563042646,0.3072467716725411,0.0003584133023401227,32,2,static,16,256,0.0002137459977483864,"{'val_rmse_mean': 0.7414225339889526, 'val_mae_mean': 0.6051814556121826, 'val_r2_mean': 0.04390692710876465, 'val_rmse_target_0': 0.7414225339889526, 'val_mae_target_0': 0.6051814556121826, 'val_r2_target_0': 0.04390692710876465}",COMPLETE
34,0.2467505872479739,2026-02-03 16:41:18.804030,2026-02-03 16:42:07.281524,0 days 00:00:48.477494,16,False,0.11648864504695491,0.35235323871817625,0.362707445325731,0.00044751023525645974,32,2,static,8,128,0.0056165248936110275,"{'val_rmse_mean': 0.7114505767822266, 'val_mae_mean': 0.6036000847816467, 'val_r2_mean': 0.006103456020355225, 'val_rmse_target_0': 0.7114505767822266, 'val_mae_target_0': 0.6036000847816467, 'val_r2_target_0': 0.006103456020355225}",COMPLETE
35,0.2527658040980222,2026-02-03 16:42:07.454070,2026-02-03 16:42:56.397337,0 days 00:00:48.943267,16,False,0.151064682623792,0.29661117555526917,0.2883911689798267,0.0002078110903878135,8,2,static,16,256,0.0029279389214625596,"{'val_rmse_mean': 0.7215055227279663, 'val_mae_mean': 0.628089964389801, 'val_r2_mean': -0.2411137819290161, 'val_rmse_target_0': 0.7215055227279663, 'val_mae_target_0': 0.628089964389801, 'val_r2_target_0': -0.2411137819290161}",COMPLETE
36,0.31132706606769245,2026-02-03 16:42:56.568543,2026-02-03 16:43:47.262777,0 days 00:00:50.694234,16,False,0.11040406022906152,0.38827956709468187,0.3886153465155294,6.658955114734258e-05,32,2,static,16,512,0.00011072304072167486,"{'val_rmse_mean': 0.8105878233909607, 'val_mae_mean': 0.7014417052268982, 'val_r2_mean': -5.110755920410156, 'val_rmse_target_0': 0.8105878233909607, 'val_mae_target_0': 0.7014417052268982, 'val_r2_target_0': -5.110755920410156}",COMPLETE
37,0.30981587861983656,2026-02-03 16:43:47.436784,2026-02-03 16:44:37.538268,0 days 00:00:50.101484,16,False,0.13979305695338062,0.3743950625440199,0.3205694270117281,0.00018084507973908747,16,2,static,16,128,0.0008737730239808018,"{'val_rmse_mean': 0.8101437091827393, 'val_mae_mean': 0.7088272571563721, 'val_r2_mean': -3.735781192779541, 'val_rmse_target_0': 0.8101437091827393, 'val_mae_target_0': 0.7088272571563721, 'val_r2_target_0': -3.735781192779541}",COMPLETE
38,0.2856221450837674,2026-02-03 16:44:37.709934,2026-02-03 16:45:25.796760,0 days 00:00:48.086826,16,False,0.12732556568149897,0.32516849800840936,0.26584377867655684,0.00011952486050449531,16,2,static,8,256,0.0015595909321938248,"{'val_rmse_mean': 0.7736445665359497, 'val_mae_mean': 0.680959939956665, 'val_r2_mean': -2.3757596015930176, 'val_rmse_target_0': 0.7736445665359497, 'val_mae_target_0': 0.680959939956665, 'val_r2_target_0': -2.3757596015930176}",COMPLETE
39,0.2759619491947955,2026-02-03 16:45:25.968448,2026-02-03 16:46:11.311061,0 days 00:00:45.342613,16,False,0.1655854648545828,0.2526639559561014,0.24473594731251969,0.00025056273237499037,8,2,static,16,128,2.4919126242735642e-05,"{'val_rmse_mean': 0.7574502229690552, 'val_mae_mean': 0.6556599736213684, 'val_r2_mean': -1.1369752883911133, 'val_rmse_target_0': 0.7574502229690552, 'val_mae_target_0': 0.6556599736213684, 'val_r2_target_0': -1.1369752883911133}",COMPLETE
40,0.25196810575478057,2026-02-03 16:46:11.482076,2026-02-03 16:46:56.580033,0 days 00:00:45.097957,16,False,0.18650339201049468,0.30734553907763035,0.21849999588975816,0.0003522333896164883,32,2,static,16,256,5.553721165046847e-05,"{'val_rmse_mean': 0.7206836342811584, 'val_mae_mean': 0.5854944586753845, 'val_r2_mean': 0.11663305759429932, 'val_rmse_target_0': 0.7206836342811584, 'val_mae_target_0': 0.5854944586753845, 'val_r2_target_0': 0.11663305759429932}",COMPLETE
41,0.272736605912171,2026-02-03 16:46:56.750910,2026-02-03 16:47:42.860181,0 days 00:00:46.109271,16,False,0.17932002916146664,0.3920250170855443,0.38536948088729106,0.00022151731484455512,32,2,static,16,512,1.0082988842880211e-05,"{'val_rmse_mean': 0.7489469051361084, 'val_mae_mean': 0.6410216689109802, 'val_r2_mean': 0.002586960792541504, 'val_rmse_target_0': 0.7489469051361084, 'val_mae_target_0': 0.6410216689109802, 'val_r2_target_0': 0.002586960792541504}",COMPLETE
42,0.24262670707051054,2026-02-03 16:47:43.031761,2026-02-03 16:48:32.565408,0 days 00:00:49.533647,16,False,0.20586470331596396,0.38851367701751477,0.3694192483038919,0.00027528922537049095,32,2,static,16,512,8.81731909960095e-05,"{'val_rmse_mean': 0.7058205604553223, 'val_mae_mean': 0.5753755569458008, 'val_r2_mean': 0.1453821063041687, 'val_rmse_target_0': 0.7058205604553223, 'val_mae_target_0': 0.5753755569458008, 'val_r2_target_0': 0.1453821063041687}",COMPLETE
43,0.25788838295637917,2026-02-03 16:48:32.737937,2026-02-03 16:49:19.744025,0 days 00:00:47.006088,16,False,0.20145418961088826,0.36320105135430264,0.36789522657376994,0.0003195352011766466,32,2,static,16,512,8.498609509375556e-05,"{'val_rmse_mean': 0.7288621664047241, 'val_mae_mean': 0.6155242323875427, 'val_r2_mean': 0.08442741632461548, 'val_rmse_target_0': 0.7288621664047241, 'val_mae_target_0': 0.6155242323875427, 'val_r2_target_0': 0.08442741632461548}",COMPLETE
44,0.22982432630866007,2026-02-03 16:49:19.914824,2026-02-03 16:50:08.648822,0 days 00:00:48.733998,16,False,0.24181780739684772,0.37900254859659394,0.3499743123875275,0.0002714434141146619,32,2,static,16,512,4.035757000284072e-05,"{'val_rmse_mean': 0.6813816428184509, 'val_mae_mean': 0.5585190653800964, 'val_r2_mean': 0.16963791847229004, 'val_rmse_target_0': 0.6813816428184509, 'val_mae_target_0': 0.5585190653800964, 'val_r2_target_0': 0.16963791847229004}",COMPLETE
