number,value,datetime_start,datetime_complete,duration,params_batch_size,params_bidirectional,params_dropout_lstm,params_dropout_path,params_dropout_reg,params_lr,params_lstm_hidden_dim,params_lstm_layers,params_path_aggregation,params_path_dim,params_regressor_dim,params_weight_decay,user_attrs_val_metrics,state
45,0.24592513504224675,2026-02-03 16:50:08.820996,2026-02-03 16:50:55.599554,0 days 00:00:46.778558,16,False,0.23957297850845197,0.38333705716388744,0.3388597931258657,0.0002549715546512793,16,2,static,16,512,3.717685712375271e-05,"{'val_rmse_mean': 0.7103955745697021, 'val_mae_mean': 0.5838032364845276, 'val_r2_mean': 0.14598441123962402, 'val_rmse_target_0': 0.7103955745697021, 'val_mae_target_0': 0.5838032364845276, 'val_r2_target_0': 0.14598441123962402}",COMPLETE
46,0.2601650957733876,2026-02-03 16:50:55.772133,2026-02-03 16:51:45.213525,0 days 00:00:49.441392,16,False,0.2502112702695005,0.37766170458528037,0.35763206207218684,0.00015641327312064228,32,2,static,16,512,2.902036481145118e-05,"{'val_rmse_mean': 0.7331843972206116, 'val_mae_mean': 0.6342410445213318, 'val_r2_mean': -0.28283631801605225, 'val_rmse_target_0': 0.7331843972206116, 'val_mae_target_0': 0.6342410445213318, 'val_r2_target_0': -0.28283631801605225}",COMPLETE
47,0.24576890422297396,2026-02-03 16:51:45.385152,2026-02-03 16:52:34.117858,0 days 00:00:48.732706,16,False,0.26438800835335113,0.39429017216073403,0.32747161829112903,0.0004703999508381864,8,2,static,16,128,1.885301632146725e-05,"{'val_rmse_mean': 0.7147364020347595, 'val_mae_mean': 0.5758252739906311, 'val_r2_mean': 0.013586342334747314, 'val_rmse_target_0': 0.7147364020347595, 'val_mae_target_0': 0.5758252739906311, 'val_r2_target_0': 0.013586342334747314}",COMPLETE
48,0.3108271186033057,2026-02-03 16:52:34.290693,2026-02-03 16:53:21.958857,0 days 00:00:47.668164,16,False,0.22097446172401264,0.3427596751062243,0.2942340792899667,0.0004033646955900737,16,2,static,16,512,0.009723844547639419,"{'val_rmse_mean': 0.8011796474456787, 'val_mae_mean': 0.6753867864608765, 'val_r2_mean': 0.13935112953186035, 'val_rmse_target_0': 0.8011796474456787, 'val_mae_target_0': 0.6753867864608765, 'val_r2_target_0': 0.13935112953186035}",COMPLETE
49,0.2594306263641489,2026-02-03 16:53:22.131084,2026-02-03 16:54:11.371478,0 days 00:00:49.240394,16,False,0.26899717358081643,0.3559575731652206,0.3686032048569937,0.00033883697903092146,8,2,static,8,256,0.0021011447319216037,"{'val_rmse_mean': 0.7323688268661499, 'val_mae_mean': 0.6201469302177429, 'val_r2_mean': 0.002344191074371338, 'val_rmse_target_0': 0.7323688268661499, 'val_mae_target_0': 0.6201469302177429, 'val_r2_target_0': 0.002344191074371338}",COMPLETE
