number,value,datetime_start,datetime_complete,duration,params_aggregation,params_lr,params_weight_decay,user_attrs_val_metrics,state
0,0.373697640305316,2026-01-30 16:28:04.709463,2026-01-30 16:28:13.266055,0 days 00:00:08.556592,mean,0.0004198922918829878,1.3307154145444963e-06,"{'val_rmse_mean': 0.9660771489143372, 'val_mae_mean': 0.7150294780731201, 'val_r2_mean': -20.32059097290039, 'val_rmse_target_0': 0.952893853187561, 'val_mae_target_0': 0.6108149290084839, 'val_r2_target_0': -22.174619674682617, 'val_rmse_target_1': 0.9709720611572266, 'val_mae_target_1': 0.7394616007804871, 'val_r2_target_1': -17.674964904785156, 'val_rmse_target_2': 0.9373272657394409, 'val_mae_target_2': 0.8043278455734253, 'val_r2_target_2': -13.706099510192871, 'val_rmse_target_3': 1.0031154155731201, 'val_mae_target_3': 0.7055133581161499, 'val_r2_target_3': -27.7266845703125}",COMPLETE
1,0.4056131559665556,2026-01-30 16:28:13.352070,2026-01-30 16:28:22.727542,0 days 00:00:09.375472,attention,0.00015885028288840117,0.003043990430365907,"{'val_rmse_mean': 1.039676547050476, 'val_mae_mean': 0.7676877975463867, 'val_r2_mean': -20.560707092285156, 'val_rmse_target_0': 1.0350514650344849, 'val_mae_target_0': 0.7196196913719177, 'val_r2_target_0': -12.876667022705078, 'val_rmse_target_1': 1.0739376544952393, 'val_mae_target_1': 0.7460383772850037, 'val_r2_target_1': -25.05852508544922, 'val_rmse_target_2': 0.9785703420639038, 'val_mae_target_2': 0.8493599891662598, 'val_r2_target_2': -13.925748825073242, 'val_rmse_target_3': 1.0711463689804077, 'val_mae_target_3': 0.7557329535484314, 'val_r2_target_3': -30.38188934326172}",COMPLETE
2,0.39928228518477193,2026-01-30 16:28:22.803328,2026-01-30 16:28:31.283438,0 days 00:00:08.480110,mean,0.0050062787905517485,0.001212058870492228,"{'val_rmse_mean': 0.9825231432914734, 'val_mae_mean': 0.7457654476165771, 'val_r2_mean': -2.182314157485962, 'val_rmse_target_0': 0.9334789514541626, 'val_mae_target_0': 0.6358460187911987, 'val_r2_target_0': -2.6316967010498047, 'val_rmse_target_1': 1.069676399230957, 'val_mae_target_1': 0.7537951469421387, 'val_r2_target_1': -2.623873710632324, 'val_rmse_target_2': 0.9467849135398865, 'val_mae_target_2': 0.804901659488678, 'val_r2_target_2': -1.2784819602966309, 'val_rmse_target_3': 0.9801523089408875, 'val_mae_target_3': 0.7885189056396484, 'val_r2_target_3': -2.1952054500579834}",COMPLETE
3,0.38808879090680015,2026-01-30 16:28:31.362990,2026-01-30 16:28:41.030844,0 days 00:00:09.667854,attention,0.0015307045839160563,0.00023834457549517892,"{'val_rmse_mean': 0.9881196022033691, 'val_mae_mean': 0.7407194375991821, 'val_r2_mean': -6.957924842834473, 'val_rmse_target_0': 1.014487862586975, 'val_mae_target_0': 0.6679717302322388, 'val_r2_target_0': -8.306215286254883, 'val_rmse_target_1': 0.9371984601020813, 'val_mae_target_1': 0.6774920225143433, 'val_r2_target_1': -8.359207153320312, 'val_rmse_target_2': 0.9287599325180054, 'val_mae_target_2': 0.7922942042350769, 'val_r2_target_2': -1.892704725265503, 'val_rmse_target_3': 1.0720319747924805, 'val_mae_target_3': 0.82511967420578, 'val_r2_target_3': -9.273568153381348}",COMPLETE
4,0.3759928765810198,2026-01-30 16:28:41.114541,2026-01-30 16:28:50.359921,0 days 00:00:09.245380,attention,0.0004229916216260705,3.92673166112022e-05,"{'val_rmse_mean': 0.9787020087242126, 'val_mae_mean': 0.7153432369232178, 'val_r2_mean': -19.358030319213867, 'val_rmse_target_0': 1.029486060142517, 'val_mae_target_0': 0.68154376745224, 'val_r2_target_0': -11.464750289916992, 'val_rmse_target_1': 0.941606342792511, 'val_mae_target_1': 0.6985924243927002, 'val_r2_target_1': -25.35283851623535, 'val_rmse_target_2': 0.9189684987068176, 'val_mae_target_2': 0.7646844387054443, 'val_r2_target_2': -12.64588451385498, 'val_rmse_target_3': 1.0247471332550049, 'val_mae_target_3': 0.7165523171424866, 'val_r2_target_3': -27.968643188476562}",COMPLETE
5,0.39024422379831475,2026-01-30 16:28:50.443889,2026-01-30 16:28:59.290273,0 days 00:00:08.846384,mean,0.0005395844984989234,2.4006428263165384e-06,"{'val_rmse_mean': 0.9922086596488953, 'val_mae_mean': 0.739392876625061, 'val_r2_mean': -20.223880767822266, 'val_rmse_target_0': 0.9600295424461365, 'val_mae_target_0': 0.6292405724525452, 'val_r2_target_0': -18.285663604736328, 'val_rmse_target_1': 0.9916408061981201, 'val_mae_target_1': 0.727336049079895, 'val_r2_target_1': -29.161081314086914, 'val_rmse_target_2': 1.003461480140686, 'val_mae_target_2': 0.8958727717399597, 'val_r2_target_2': -15.29139518737793, 'val_rmse_target_3': 1.013702630996704, 'val_mae_target_3': 0.7051221132278442, 'val_r2_target_3': -18.157394409179688}",COMPLETE
6,0.4060626396978343,2026-01-30 16:28:59.366629,2026-01-30 16:29:08.104674,0 days 00:00:08.738045,mean,0.00013972256344178818,0.004364987716274878,"{'val_rmse_mean': 1.029867172241211, 'val_mae_mean': 0.7590548992156982, 'val_r2_mean': -30.7161808013916, 'val_rmse_target_0': 1.021665334701538, 'val_mae_target_0': 0.6617028117179871, 'val_r2_target_0': -25.45819664001465, 'val_rmse_target_1': 1.0502463579177856, 'val_mae_target_1': 0.7325745224952698, 'val_r2_target_1': -33.64986038208008, 'val_rmse_target_2': 1.0273387432098389, 'val_mae_target_2': 0.8900847434997559, 'val_r2_target_2': -21.248340606689453, 'val_rmse_target_3': 1.0202183723449707, 'val_mae_target_3': 0.7518575191497803, 'val_r2_target_3': -42.508323669433594}",COMPLETE
7,0.377074267577242,2026-01-30 16:29:08.185555,2026-01-30 16:29:17.456101,0 days 00:00:09.270546,attention,0.00041497649111855506,1.2465481643500004e-06,"{'val_rmse_mean': 0.9919644594192505, 'val_mae_mean': 0.722751796245575, 'val_r2_mean': -16.005022048950195, 'val_rmse_target_0': 1.0951076745986938, 'val_mae_target_0': 0.6960337162017822, 'val_r2_target_0': -16.841815948486328, 'val_rmse_target_1': 0.8894112706184387, 'val_mae_target_1': 0.6269656419754028, 'val_r2_target_1': -8.50602912902832, 'val_rmse_target_2': 1.0104124546051025, 'val_mae_target_2': 0.8559123277664185, 'val_r2_target_2': -21.009235382080078, 'val_rmse_target_3': 0.9729264378547668, 'val_mae_target_3': 0.7120954990386963, 'val_r2_target_3': -17.66299819946289}",COMPLETE
8,0.37995774188527354,2026-01-30 16:29:17.542331,2026-01-30 16:29:27.044205,0 days 00:00:09.501874,attention,0.0004602668002460082,0.0031856057100551065,"{'val_rmse_mean': 0.9826443195343018, 'val_mae_mean': 0.7194831967353821, 'val_r2_mean': -17.969036102294922, 'val_rmse_target_0': 0.9868888854980469, 'val_mae_target_0': 0.6591961979866028, 'val_r2_target_0': -13.13707447052002, 'val_rmse_target_1': 0.9965444803237915, 'val_mae_target_1': 0.7012900710105896, 'val_r2_target_1': -28.661785125732422, 'val_rmse_target_2': 0.95287024974823, 'val_mae_target_2': 0.7896555662155151, 'val_r2_target_2': -14.50399398803711, 'val_rmse_target_3': 0.9942735433578491, 'val_mae_target_3': 0.7277911305427551, 'val_r2_target_3': -15.573287963867188}",COMPLETE
9,0.3724486298031277,2026-01-30 16:29:27.123967,2026-01-30 16:29:35.972134,0 days 00:00:08.848167,mean,0.0017178581617557128,1.173264894547139e-06,"{'val_rmse_mean': 0.9562022686004639, 'val_mae_mean': 0.7214094996452332, 'val_r2_mean': -7.834188938140869, 'val_rmse_target_0': 0.9719988703727722, 'val_mae_target_0': 0.6614830493927002, 'val_r2_target_0': -7.5887250900268555, 'val_rmse_target_1': 0.9376744031906128, 'val_mae_target_1': 0.6958919763565063, 'val_r2_target_1': -6.724020481109619, 'val_rmse_target_2': 0.9145036935806274, 'val_mae_target_2': 0.821740984916687, 'val_r2_target_2': -3.068448066711426, 'val_rmse_target_3': 1.0006321668624878, 'val_mae_target_3': 0.7065219283103943, 'val_r2_target_3': -13.955561637878418}",COMPLETE
10,0.45299360542385664,2026-01-30 16:29:36.051070,2026-01-30 16:29:45.001123,0 days 00:00:08.950053,mean,0.008327353230236471,1.333821918231853e-05,"{'val_rmse_mean': 1.059691071510315, 'val_mae_mean': 0.8177052736282349, 'val_r2_mean': -1.468457579612732, 'val_rmse_target_0': 1.0193735361099243, 'val_mae_target_0': 0.7299805879592896, 'val_r2_target_0': -1.4127087593078613, 'val_rmse_target_1': 1.101142406463623, 'val_mae_target_1': 0.735809862613678, 'val_r2_target_1': -1.405566930770874, 'val_rmse_target_2': 1.0158265829086304, 'val_mae_target_2': 0.8905904293060303, 'val_r2_target_2': -0.9724384546279907, 'val_rmse_target_3': 1.102421760559082, 'val_mae_target_3': 0.9144402146339417, 'val_r2_target_3': -2.083116292953491}",COMPLETE
11,0.3761135904049432,2026-01-30 16:29:45.089489,2026-01-30 16:29:53.743988,0 days 00:00:08.654499,mean,0.0017075422552443422,6.036113137944619e-06,"{'val_rmse_mean': 0.9532612562179565, 'val_mae_mean': 0.7325584888458252, 'val_r2_mean': -7.328029632568359, 'val_rmse_target_0': 0.992332398891449, 'val_mae_target_0': 0.7175126671791077, 'val_r2_target_0': -11.025055885314941, 'val_rmse_target_1': 0.9309701323509216, 'val_mae_target_1': 0.698054850101471, 'val_r2_target_1': -4.459763050079346, 'val_rmse_target_2': 0.9163139462471008, 'val_mae_target_2': 0.8155013918876648, 'val_r2_target_2': -3.7220029830932617, 'val_rmse_target_3': 0.9734285473823547, 'val_mae_target_3': 0.6991649866104126, 'val_r2_target_3': -10.105297088623047}",COMPLETE
12,0.3655352799428834,2026-01-30 16:29:53.824739,2026-01-30 16:30:02.656801,0 days 00:00:08.832062,mean,0.0024083489393684045,1.087440397986457e-06,"{'val_rmse_mean': 0.9403970241546631, 'val_mae_mean': 0.7128722071647644, 'val_r2_mean': -4.184007167816162, 'val_rmse_target_0': 0.9403318762779236, 'val_mae_target_0': 0.6072620153427124, 'val_r2_target_0': -4.524138927459717, 'val_rmse_target_1': 0.9567310214042664, 'val_mae_target_1': 0.7096045017242432, 'val_r2_target_1': -4.901476860046387, 'val_rmse_target_2': 0.9031656384468079, 'val_mae_target_2': 0.7927987575531006, 'val_r2_target_2': -1.8342483043670654, 'val_rmse_target_3': 0.9613593816757202, 'val_mae_target_3': 0.7418234348297119, 'val_r2_target_3': -5.476166725158691}",COMPLETE
13,0.3952716081230729,2026-01-30 16:30:02.743034,2026-01-30 16:30:11.618731,0 days 00:00:08.875697,mean,0.0028213476131218004,9.370211074685184e-06,"{'val_rmse_mean': 0.990225076675415, 'val_mae_mean': 0.7509146332740784, 'val_r2_mean': -3.994760036468506, 'val_rmse_target_0': 0.9900898933410645, 'val_mae_target_0': 0.6249086856842041, 'val_r2_target_0': -5.161372184753418, 'val_rmse_target_1': 1.0368822813034058, 'val_mae_target_1': 0.7864677309989929, 'val_r2_target_1': -4.142577171325684, 'val_rmse_target_2': 0.9727432131767273, 'val_mae_target_2': 0.8600099086761475, 'val_r2_target_2': -2.0074520111083984, 'val_rmse_target_3': 0.9611846208572388, 'val_mae_target_3': 0.732272207736969, 'val_r2_target_3': -4.667638778686523}",COMPLETE
14,0.38860226063816633,2026-01-30 16:30:11.699136,2026-01-30 16:30:20.386412,0 days 00:00:08.687276,mean,0.003636588966681641,8.757512324350136e-05,"{'val_rmse_mean': 0.9772953987121582, 'val_mae_mean': 0.729166567325592, 'val_r2_mean': -3.095679759979248, 'val_rmse_target_0': 0.9279620051383972, 'val_mae_target_0': 0.6411288976669312, 'val_r2_target_0': -3.167264938354492, 'val_rmse_target_1': 1.0778595209121704, 'val_mae_target_1': 0.732731282711029, 'val_r2_target_1': -3.5130181312561035, 'val_rmse_target_2': 0.8966280221939087, 'val_mae_target_2': 0.7677059769630432, 'val_r2_target_2': -1.050154447555542, 'val_rmse_target_3': 1.0067319869995117, 'val_mae_target_3': 0.7751002311706543, 'val_r2_target_3': -4.652281761169434}",COMPLETE
15,0.3878499599242652,2026-01-30 16:30:20.474977,2026-01-30 16:30:28.967404,0 days 00:00:08.492427,mean,0.000890744754972875,4.300496421105949e-06,"{'val_rmse_mean': 0.9858924150466919, 'val_mae_mean': 0.7407492995262146, 'val_r2_mean': -17.037052154541016, 'val_rmse_target_0': 0.983120858669281, 'val_mae_target_0': 0.6723800301551819, 'val_r2_target_0': -11.057487487792969, 'val_rmse_target_1': 0.9894511103630066, 'val_mae_target_1': 0.722959041595459, 'val_r2_target_1': -14.60586166381836, 'val_rmse_target_2': 0.9693827033042908, 'val_mae_target_2': 0.8430534601211548, 'val_r2_target_2': -8.500848770141602, 'val_rmse_target_3': 1.0016151666641235, 'val_mae_target_3': 0.7246048450469971, 'val_r2_target_3': -33.9839973449707}",COMPLETE
16,0.3650314514007833,2026-01-30 16:30:29.055010,2026-01-30 16:30:37.856759,0 days 00:00:08.801749,mean,0.00193317438767924,4.177938309056392e-05,"{'val_rmse_mean': 0.936133623123169, 'val_mae_mean': 0.7126670479774475, 'val_r2_mean': -6.195477485656738, 'val_rmse_target_0': 0.9050721526145935, 'val_mae_target_0': 0.6028549671173096, 'val_r2_target_0': -5.470717430114746, 'val_rmse_target_1': 0.9361773133277893, 'val_mae_target_1': 0.6971694827079773, 'val_r2_target_1': -4.121906280517578, 'val_rmse_target_2': 0.8875001072883606, 'val_mae_target_2': 0.8041889667510986, 'val_r2_target_2': -2.6177589893341064, 'val_rmse_target_3': 1.0157849788665771, 'val_mae_target_3': 0.7464547157287598, 'val_r2_target_3': -12.571527481079102}",COMPLETE
17,0.46589101781999626,2026-01-30 16:30:37.945004,2026-01-30 16:30:46.754708,0 days 00:00:08.809704,mean,0.009286394619314015,0.00030968197034158255,"{'val_rmse_mean': 1.0906224250793457, 'val_mae_mean': 0.832727313041687, 'val_r2_mean': -1.4024434089660645, 'val_rmse_target_0': 0.9993090033531189, 'val_mae_target_0': 0.72960364818573, 'val_r2_target_0': -1.413299560546875, 'val_rmse_target_1': 1.1424081325531006, 'val_mae_target_1': 0.7719731330871582, 'val_r2_target_1': -1.8043663501739502, 'val_rmse_target_2': 1.1224322319030762, 'val_mae_target_2': 0.9254695773124695, 'val_r2_target_2': -0.7214869260787964, 'val_rmse_target_3': 1.0983405113220215, 'val_mae_target_3': 0.9038628339767456, 'val_r2_target_3': -1.670621395111084}",COMPLETE
18,0.36487740802544133,2026-01-30 16:30:46.833579,2026-01-30 16:30:55.753809,0 days 00:00:08.920230,mean,0.0010146028251998636,2.656880985660927e-05,"{'val_rmse_mean': 0.9602774977684021, 'val_mae_mean': 0.7130436301231384, 'val_r2_mean': -15.861984252929688, 'val_rmse_target_0': 0.9589065313339233, 'val_mae_target_0': 0.6116458773612976, 'val_r2_target_0': -9.434297561645508, 'val_rmse_target_1': 0.9510270357131958, 'val_mae_target_1': 0.7175174951553345, 'val_r2_target_1': -23.546546936035156, 'val_rmse_target_2': 0.9352078437805176, 'val_mae_target_2': 0.8215466141700745, 'val_r2_target_2': -5.792962074279785, 'val_rmse_target_3': 0.9959686398506165, 'val_mae_target_3': 0.7014645934104919, 'val_r2_target_3': -24.674135208129883}",COMPLETE
19,0.3610582413772742,2026-01-30 16:30:55.841371,2026-01-30 16:31:04.710444,0 days 00:00:08.869073,mean,0.001041158067559603,2.2450978873066995e-05,"{'val_rmse_mean': 0.9470620155334473, 'val_mae_mean': 0.6987219452857971, 'val_r2_mean': -11.494720458984375, 'val_rmse_target_0': 0.962626576423645, 'val_mae_target_0': 0.614667534828186, 'val_r2_target_0': -12.913917541503906, 'val_rmse_target_1': 0.9590237736701965, 'val_mae_target_1': 0.6894938945770264, 'val_r2_target_1': -13.067390441894531, 'val_rmse_target_2': 0.9113672375679016, 'val_mae_target_2': 0.7901629209518433, 'val_r2_target_2': -7.471735000610352, 'val_rmse_target_3': 0.9552303552627563, 'val_mae_target_3': 0.7005634903907776, 'val_r2_target_3': -12.52584171295166}",COMPLETE
20,0.37689119218676176,2026-01-30 16:31:04.799873,2026-01-30 16:31:13.555380,0 days 00:00:08.755507,mean,0.0008497298689609346,2.475257040372586e-05,"{'val_rmse_mean': 0.9587521553039551, 'val_mae_mean': 0.7351791858673096, 'val_r2_mean': -11.598074913024902, 'val_rmse_target_0': 0.9859135150909424, 'val_mae_target_0': 0.674796998500824, 'val_r2_target_0': -10.871103286743164, 'val_rmse_target_1': 0.9347361922264099, 'val_mae_target_1': 0.7216628789901733, 'val_r2_target_1': -13.617125511169434, 'val_rmse_target_2': 0.9379283785820007, 'val_mae_target_2': 0.8238427639007568, 'val_r2_target_2': -11.080482482910156, 'val_rmse_target_3': 0.9764304757118225, 'val_mae_target_3': 0.7204142212867737, 'val_r2_target_3': -10.823585510253906}",COMPLETE
21,0.3705538929336601,2026-01-30 16:31:13.639109,2026-01-30 16:31:22.668430,0 days 00:00:09.029321,mean,0.0012067519012936541,6.357626105714707e-05,"{'val_rmse_mean': 0.9580882787704468, 'val_mae_mean': 0.7258688807487488, 'val_r2_mean': -10.747923851013184, 'val_rmse_target_0': 0.993026852607727, 'val_mae_target_0': 0.6504173278808594, 'val_r2_target_0': -12.01441764831543, 'val_rmse_target_1': 0.9256646037101746, 'val_mae_target_1': 0.6972900629043579, 'val_r2_target_1': -13.559440612792969, 'val_rmse_target_2': 0.9343746900558472, 'val_mae_target_2': 0.8322350382804871, 'val_r2_target_2': -5.973602294921875, 'val_rmse_target_3': 0.9792872667312622, 'val_mae_target_3': 0.7235332131385803, 'val_r2_target_3': -11.444229125976562}",COMPLETE
22,0.3739066919380868,2026-01-30 16:31:22.752086,2026-01-30 16:31:31.629283,0 days 00:00:08.877197,mean,0.0007229245086091247,0.00019309394105466903,"{'val_rmse_mean': 0.957944393157959, 'val_mae_mean': 0.7266062498092651, 'val_r2_mean': -13.541996955871582, 'val_rmse_target_0': 0.9880605936050415, 'val_mae_target_0': 0.6614367961883545, 'val_r2_target_0': -17.058086395263672, 'val_rmse_target_1': 0.9319322109222412, 'val_mae_target_1': 0.6864386796951294, 'val_r2_target_1': -11.403159141540527, 'val_rmse_target_2': 0.9308724999427795, 'val_mae_target_2': 0.8372024297714233, 'val_r2_target_2': -9.378484725952148, 'val_rmse_target_3': 0.9809120893478394, 'val_mae_target_3': 0.7213471531867981, 'val_r2_target_3': -16.328256607055664}",COMPLETE
23,0.3711742372424514,2026-01-30 16:31:31.715823,2026-01-30 16:31:40.795377,0 days 00:00:09.079554,mean,0.001172065113811197,2.3589837026906032e-05,"{'val_rmse_mean': 0.9661121368408203, 'val_mae_mean': 0.7192882299423218, 'val_r2_mean': -9.380218505859375, 'val_rmse_target_0': 0.960839033126831, 'val_mae_target_0': 0.6313230991363525, 'val_r2_target_0': -8.915115356445312, 'val_rmse_target_1': 0.9456186294555664, 'val_mae_target_1': 0.6710853576660156, 'val_r2_target_1': -8.563982963562012, 'val_rmse_target_2': 0.9299166202545166, 'val_mae_target_2': 0.8251663446426392, 'val_r2_target_2': -7.174652099609375, 'val_rmse_target_3': 1.0280741453170776, 'val_mae_target_3': 0.7495781183242798, 'val_r2_target_3': -12.867119789123535}",COMPLETE
24,0.3883509830468231,2026-01-30 16:31:40.884381,2026-01-30 16:31:49.643374,0 days 00:00:08.758993,mean,0.00023724287525985963,0.0006809674607430948,"{'val_rmse_mean': 1.0069172382354736, 'val_mae_mean': 0.7336894273757935, 'val_r2_mean': -21.740528106689453, 'val_rmse_target_0': 1.0340293645858765, 'val_mae_target_0': 0.6516788005828857, 'val_r2_target_0': -17.65702247619629, 'val_rmse_target_1': 0.9796132445335388, 'val_mae_target_1': 0.7582466006278992, 'val_r2_target_1': -22.11859893798828, 'val_rmse_target_2': 0.9690151810646057, 'val_mae_target_2': 0.8364425301551819, 'val_r2_target_2': -21.217439651489258, 'val_rmse_target_3': 1.045011281967163, 'val_mae_target_3': 0.6883896589279175, 'val_r2_target_3': -25.969053268432617}",COMPLETE
25,0.3759680541439189,2026-01-30 16:31:49.733647,2026-01-30 16:31:58.685787,0 days 00:00:08.952140,mean,0.002482747016279996,1.7926628845303627e-05,"{'val_rmse_mean': 0.9545251131057739, 'val_mae_mean': 0.724232017993927, 'val_r2_mean': -4.658681869506836, 'val_rmse_target_0': 0.9032504558563232, 'val_mae_target_0': 0.6227116584777832, 'val_r2_target_0': -4.076944351196289, 'val_rmse_target_1': 0.9966446757316589, 'val_mae_target_1': 0.7019965052604675, 'val_r2_target_1': -6.294794082641602, 'val_rmse_target_2': 0.9078302383422852, 'val_mae_target_2': 0.79460209608078, 'val_r2_target_2': -1.202617883682251, 'val_rmse_target_3': 1.0103751420974731, 'val_mae_target_3': 0.7776176929473877, 'val_r2_target_3': -7.060368537902832}",COMPLETE
26,0.45606444403529167,2026-01-30 16:31:58.770754,2026-01-30 16:32:08.213681,0 days 00:00:09.442927,attention,0.004995096354056894,4.7492151566996074e-05,"{'val_rmse_mean': 1.075108528137207, 'val_mae_mean': 0.8193514943122864, 'val_r2_mean': -1.765162706375122, 'val_rmse_target_0': 1.028103232383728, 'val_mae_target_0': 0.7584672570228577, 'val_r2_target_0': -1.541011095046997, 'val_rmse_target_1': 1.1760154962539673, 'val_mae_target_1': 0.7946243286132812, 'val_r2_target_1': -1.9842078685760498, 'val_rmse_target_2': 0.9967349171638489, 'val_mae_target_2': 0.8532577157020569, 'val_r2_target_2': -0.5242680311203003, 'val_rmse_target_3': 1.0995805263519287, 'val_mae_target_3': 0.8710567355155945, 'val_r2_target_3': -3.0111641883850098}",COMPLETE
27,0.3764512191216151,2026-01-30 16:32:08.298193,2026-01-30 16:32:16.945076,0 days 00:00:08.646883,mean,0.0006829685464772431,0.00015455532964560933,"{'val_rmse_mean': 0.9750722050666809, 'val_mae_mean': 0.7213965654373169, 'val_r2_mean': -18.464435577392578, 'val_rmse_target_0': 1.029036521911621, 'val_mae_target_0': 0.6940991282463074, 'val_r2_target_0': -17.268230438232422, 'val_rmse_target_1': 0.9649718999862671, 'val_mae_target_1': 0.7055306434631348, 'val_r2_target_1': -21.838239669799805, 'val_rmse_target_2': 0.9185279607772827, 'val_mae_target_2': 0.7904886603355408, 'val_r2_target_2': -9.765357971191406, 'val_rmse_target_3': 0.987752377986908, 'val_mae_target_3': 0.6954677104949951, 'val_r2_target_3': -24.985910415649414}",COMPLETE
