number,value,datetime_start,datetime_complete,duration,params_batch_size,params_bidirectional,params_dropout_lstm,params_dropout_path,params_dropout_reg,params_lr,params_lstm_hidden_dim,params_lstm_layers,params_path_aggregation,params_path_dim,params_regressor_dim,params_weight_decay,user_attrs_val_metrics,state
45,0.352219730009825,2026-02-03 21:42:07.992582,2026-02-03 21:42:56.816485,0 days 00:00:48.823903,16,False,0.19370928948849545,0.3845780206936577,0.3298760559013936,0.0004467936797349302,8,2,static,16,128,3.672912859127403e-05,"{'val_rmse_mean': 0.8794267773628235, 'val_mae_mean': 0.697402834892273, 'val_r2_mean': -1.4173076152801514, 'val_rmse_target_0': 0.8794267773628235, 'val_mae_target_0': 0.697402834892273, 'val_r2_target_0': -1.4173076152801514}",COMPLETE
46,0.3623088890367567,2026-02-03 21:42:57.004396,2026-02-03 21:43:45.350674,0 days 00:00:48.346278,16,False,0.19275675690006266,0.37945179621201075,0.289604275749477,0.0004493239706167083,8,2,static,16,128,3.5510689858408005e-05,"{'val_rmse_mean': 0.890428364276886, 'val_mae_mean': 0.7082446217536926, 'val_r2_mean': -1.1868171691894531, 'val_rmse_target_0': 0.890428364276886, 'val_mae_target_0': 0.7082446217536926, 'val_r2_target_0': -1.1868171691894531}",COMPLETE
47,0.3588698790254394,2026-02-03 21:43:45.536401,2026-02-03 21:44:33.807987,0 days 00:00:48.271586,16,False,0.2118336884065516,0.3970173063549932,0.3450084897558224,0.0004532398475067818,8,2,static,16,128,1.969299262051885e-05,"{'val_rmse_mean': 0.8893867135047913, 'val_mae_mean': 0.6985179781913757, 'val_r2_mean': -1.4068794250488281, 'val_rmse_target_0': 0.8893867135047913, 'val_mae_target_0': 0.6985179781913757, 'val_r2_target_0': -1.4068794250488281}",COMPLETE
48,0.41393639562927464,2026-02-03 21:44:33.994514,2026-02-03 21:45:22.395400,0 days 00:00:48.400886,16,False,0.13133184679765908,0.35363907960353286,0.356071736308846,7.435348311913659e-05,8,2,static,16,128,1.3580248762495426e-05,"{'val_rmse_mean': 0.9770346283912659, 'val_mae_mean': 0.8025720119476318, 'val_r2_mean': -52.671531677246094, 'val_rmse_target_0': 0.9770346283912659, 'val_mae_target_0': 0.8025720119476318, 'val_r2_target_0': -52.671531677246094}",COMPLETE
49,0.35457533926179435,2026-02-03 21:45:22.580769,2026-02-03 21:46:11.598086,0 days 00:00:49.017317,16,False,0.26452337328035397,0.3876282224744269,0.30689073328830174,0.000382212998816412,8,2,static,16,128,3.3224983533255814e-05,"{'val_rmse_mean': 0.8840811252593994, 'val_mae_mean': 0.6923725008964539, 'val_r2_mean': -1.9937489032745361, 'val_rmse_target_0': 0.8840811252593994, 'val_mae_target_0': 0.6923725008964539, 'val_r2_target_0': -1.9937489032745361}",COMPLETE
