number,value,datetime_start,datetime_complete,duration,params_aggregation,params_depth,params_dropout,params_hidden_dim,params_lr,params_weight_decay,user_attrs_val_metrics,state
0,0.4044585381117132,2026-01-30 22:03:54.066264,2026-01-30 22:04:18.179574,0 days 00:00:24.113310,mean,3,0.44689263439948973,128,0.0008682986593590223,0.00032772214036783125,"{'val_rmse_mean': 0.9985445737838745, 'val_mae_mean': 0.7626714110374451, 'val_r2_mean': -2.997694969177246, 'val_rmse_target_0': 0.9510372281074524, 'val_mae_target_0': 0.66188645362854, 'val_r2_target_0': -3.275217056274414, 'val_rmse_target_1': 1.055188536643982, 'val_mae_target_1': 0.7302762269973755, 'val_r2_target_1': -3.425286293029785, 'val_rmse_target_2': 0.9096544981002808, 'val_mae_target_2': 0.8182621002197266, 'val_r2_target_2': -1.0469024181365967, 'val_rmse_target_3': 1.0782982110977173, 'val_mae_target_3': 0.8402606844902039, 'val_r2_target_3': -4.243374347686768}",COMPLETE
1,0.38005515670886747,2026-01-30 22:04:18.285783,2026-01-30 22:04:42.662107,0 days 00:00:24.376324,attention,2,0.24453155014547828,64,0.00011282624781470973,0.0022526681616338016,"{'val_rmse_mean': 0.9972162246704102, 'val_mae_mean': 0.7148448824882507, 'val_r2_mean': -184.70327758789062, 'val_rmse_target_0': 0.9817638397216797, 'val_mae_target_0': 0.6235823035240173, 'val_r2_target_0': -191.0243377685547, 'val_rmse_target_1': 1.0208401679992676, 'val_mae_target_1': 0.7019155025482178, 'val_r2_target_1': -205.6312713623047, 'val_rmse_target_2': 0.9831655621528625, 'val_mae_target_2': 0.8301513195037842, 'val_r2_target_2': -156.8657989501953, 'val_rmse_target_3': 1.0030955076217651, 'val_mae_target_3': 0.7037302851676941, 'val_r2_target_3': -185.2916717529297}",COMPLETE
2,0.4099192642779262,2026-01-30 22:04:42.768792,2026-01-30 22:05:06.664740,0 days 00:00:23.895948,attention,1,0.2600468065902894,32,0.003462395430926013,0.0036098786588301397,"{'val_rmse_mean': 1.0024489164352417, 'val_mae_mean': 0.761202871799469, 'val_r2_mean': -2.5972530841827393, 'val_rmse_target_0': 1.0069524049758911, 'val_mae_target_0': 0.6986463069915771, 'val_r2_target_0': -2.7002522945404053, 'val_rmse_target_1': 1.0973743200302124, 'val_mae_target_1': 0.7970415949821472, 'val_r2_target_1': -3.763242244720459, 'val_rmse_target_2': 0.9196120500564575, 'val_mae_target_2': 0.7779701948165894, 'val_r2_target_2': -1.3918113708496094, 'val_rmse_target_3': 0.9858571887016296, 'val_mae_target_3': 0.7711531519889832, 'val_r2_target_3': -2.5337064266204834}",COMPLETE
3,0.3840047582225115,2026-01-30 22:05:06.771734,2026-01-30 22:05:32.016006,0 days 00:00:25.244272,attention,3,0.1671682234268193,128,0.00015891193993024694,0.00019296235030234686,"{'val_rmse_mean': 0.9998488426208496, 'val_mae_mean': 0.7140280604362488, 'val_r2_mean': -66.44341278076172, 'val_rmse_target_0': 0.964785635471344, 'val_mae_target_0': 0.5883805155754089, 'val_r2_target_0': -82.62814331054688, 'val_rmse_target_1': 1.0073527097702026, 'val_mae_target_1': 0.6840903759002686, 'val_r2_target_1': -68.84966278076172, 'val_rmse_target_2': 0.9838750958442688, 'val_mae_target_2': 0.864870548248291, 'val_r2_target_2': -18.48659896850586, 'val_rmse_target_3': 1.0433818101882935, 'val_mae_target_3': 0.7187706828117371, 'val_r2_target_3': -95.80924987792969}",COMPLETE
4,0.37495952078865635,2026-01-30 22:05:32.120672,2026-01-30 22:05:54.483516,0 days 00:00:22.362844,attention,1,0.43505698727604575,32,0.00045067145836328925,0.00016283626076582988,"{'val_rmse_mean': 0.9728479385375977, 'val_mae_mean': 0.7180137634277344, 'val_r2_mean': -30.468109130859375, 'val_rmse_target_0': 0.9325673580169678, 'val_mae_target_0': 0.6411354541778564, 'val_r2_target_0': -17.778905868530273, 'val_rmse_target_1': 0.9774115681648254, 'val_mae_target_1': 0.6636025905609131, 'val_r2_target_1': -42.6254997253418, 'val_rmse_target_2': 0.9827640652656555, 'val_mae_target_2': 0.8750686645507812, 'val_r2_target_2': -16.380685806274414, 'val_rmse_target_3': 0.9986488223075867, 'val_mae_target_3': 0.6922482252120972, 'val_r2_target_3': -45.08735275268555}",COMPLETE
5,0.37249751747758303,2026-01-30 22:05:54.590539,2026-01-30 22:06:21.116140,0 days 00:00:26.525601,attention,3,0.41392601532376067,64,0.0031466238778119853,6.62527460345503e-05,"{'val_rmse_mean': 0.9596009254455566, 'val_mae_mean': 0.6942827105522156, 'val_r2_mean': -4.082738399505615, 'val_rmse_target_0': 0.8936474919319153, 'val_mae_target_0': 0.5779611468315125, 'val_r2_target_0': -3.7032551765441895, 'val_rmse_target_1': 1.0529383420944214, 'val_mae_target_1': 0.6860966682434082, 'val_r2_target_1': -4.688934326171875, 'val_rmse_target_2': 0.8934876918792725, 'val_mae_target_2': 0.7695587873458862, 'val_r2_target_2': -1.371370792388916, 'val_rmse_target_3': 0.9983301162719727, 'val_mae_target_3': 0.743514358997345, 'val_r2_target_3': -6.567394256591797}",COMPLETE
6,0.3705838195703648,2026-01-30 22:06:21.221282,2026-01-30 22:06:43.186915,0 days 00:00:21.965633,attention,1,0.16918465343404476,64,0.00040908271937940827,5.541572435116681e-05,"{'val_rmse_mean': 0.9674588441848755, 'val_mae_mean': 0.7119635939598083, 'val_r2_mean': -13.988140106201172, 'val_rmse_target_0': 0.9389128684997559, 'val_mae_target_0': 0.6283643245697021, 'val_r2_target_0': -8.362797737121582, 'val_rmse_target_1': 1.0014064311981201, 'val_mae_target_1': 0.7013729214668274, 'val_r2_target_1': -23.072805404663086, 'val_rmse_target_2': 0.9120494723320007, 'val_mae_target_2': 0.8004202246665955, 'val_r2_target_2': -6.867711067199707, 'val_rmse_target_3': 1.01746666431427, 'val_mae_target_3': 0.7176969051361084, 'val_r2_target_3': -17.649253845214844}",COMPLETE
7,0.3831643993034959,2026-01-30 22:06:43.293976,2026-01-30 22:07:04.020095,0 days 00:00:20.726119,mean,1,0.3694057749252694,64,0.000252232013118031,0.0004381987125562032,"{'val_rmse_mean': 0.996613621711731, 'val_mae_mean': 0.7170550227165222, 'val_r2_mean': -53.69071960449219, 'val_rmse_target_0': 0.9776871204376221, 'val_mae_target_0': 0.6147555112838745, 'val_r2_target_0': -37.51552200317383, 'val_rmse_target_1': 1.0254992246627808, 'val_mae_target_1': 0.6988386511802673, 'val_r2_target_1': -68.64730834960938, 'val_rmse_target_2': 0.9662832021713257, 'val_mae_target_2': 0.8482081294059753, 'val_r2_target_2': -34.92646789550781, 'val_rmse_target_3': 1.0169849395751953, 'val_mae_target_3': 0.7064178586006165, 'val_r2_target_3': -73.67359161376953}",COMPLETE
8,0.3889321978031485,2026-01-30 22:07:04.127199,2026-01-30 22:07:30.154417,0 days 00:00:26.027218,attention,3,0.38314834225450206,64,0.00022195055134372138,0.004501043840715551,"{'val_rmse_mean': 1.0106871128082275, 'val_mae_mean': 0.7247469425201416, 'val_r2_mean': -281.24346923828125, 'val_rmse_target_0': 0.9871811270713806, 'val_mae_target_0': 0.6382732391357422, 'val_r2_target_0': -339.2730712890625, 'val_rmse_target_1': 1.020506501197815, 'val_mae_target_1': 0.6850032806396484, 'val_r2_target_1': -313.95556640625, 'val_rmse_target_2': 1.010176420211792, 'val_mae_target_2': 0.8683577179908752, 'val_r2_target_2': -202.1194610595703, 'val_rmse_target_3': 1.0248843431472778, 'val_mae_target_3': 0.7073537111282349, 'val_r2_target_3': -269.6257629394531}",COMPLETE
9,0.37885093309537127,2026-01-30 22:07:30.261211,2026-01-30 22:07:52.353205,0 days 00:00:22.091994,attention,2,0.07670713499394805,32,0.00046794897997361163,0.0001253525863410319,"{'val_rmse_mean': 0.9786347150802612, 'val_mae_mean': 0.7169046401977539, 'val_r2_mean': -23.423391342163086, 'val_rmse_target_0': 0.8894101977348328, 'val_mae_target_0': 0.5880103707313538, 'val_r2_target_0': -12.241353034973145, 'val_rmse_target_1': 0.9864442944526672, 'val_mae_target_1': 0.6752777695655823, 'val_r2_target_1': -23.046720504760742, 'val_rmse_target_2': 0.9924954771995544, 'val_mae_target_2': 0.8777909874916077, 'val_r2_target_2': -24.121036529541016, 'val_rmse_target_3': 1.0461887121200562, 'val_mae_target_3': 0.7265393137931824, 'val_r2_target_3': -34.28445816040039}",COMPLETE
10,0.43560332777323546,2026-01-30 22:07:52.460393,2026-01-30 22:08:15.481915,0 days 00:00:23.021522,mean,2,0.03392690802735182,64,0.0012179843732151292,1.126484668613466e-05,"{'val_rmse_mean': 1.033367395401001, 'val_mae_mean': 0.809350848197937, 'val_r2_mean': -1.883835792541504, 'val_rmse_target_0': 1.0046815872192383, 'val_mae_target_0': 0.7637336850166321, 'val_r2_target_0': -1.6314613819122314, 'val_rmse_target_1': 1.1540416479110718, 'val_mae_target_1': 0.7851608991622925, 'val_r2_target_1': -2.074763059616089, 'val_rmse_target_2': 0.9442276954650879, 'val_mae_target_2': 0.8245068192481995, 'val_r2_target_2': -1.1594781875610352, 'val_rmse_target_3': 1.0305185317993164, 'val_mae_target_3': 0.8640021085739136, 'val_r2_target_3': -2.6696407794952393}",COMPLETE
11,0.4159017637785938,2026-01-30 22:08:15.587440,2026-01-30 22:08:39.041094,0 days 00:00:23.453654,attention,2,0.24558474731802998,64,0.004600013124348966,2.279808133607377e-05,"{'val_rmse_mean': 1.0217982530593872, 'val_mae_mean': 0.7646745443344116, 'val_r2_mean': -3.0869638919830322, 'val_rmse_target_0': 0.9562894105911255, 'val_mae_target_0': 0.6706746220588684, 'val_r2_target_0': -2.8756422996520996, 'val_rmse_target_1': 1.1257116794586182, 'val_mae_target_1': 0.7560408711433411, 'val_r2_target_1': -4.121528148651123, 'val_rmse_target_2': 0.9438937902450562, 'val_mae_target_2': 0.7896260619163513, 'val_r2_target_2': -0.8864172697067261, 'val_rmse_target_3': 1.0612980127334595, 'val_mae_target_3': 0.84235680103302, 'val_r2_target_3': -4.464267730712891}",COMPLETE
12,0.40869148158364826,2026-01-30 22:08:39.146338,2026-01-30 22:09:04.159107,0 days 00:00:25.012769,attention,3,0.13045641711845324,64,0.0018711762997951132,4.621531749613023e-05,"{'val_rmse_mean': 1.0021922588348389, 'val_mae_mean': 0.7575893402099609, 'val_r2_mean': -2.2948191165924072, 'val_rmse_target_0': 0.9755730032920837, 'val_mae_target_0': 0.6829361319541931, 'val_r2_target_0': -1.3700551986694336, 'val_rmse_target_1': 1.1007798910140991, 'val_mae_target_1': 0.8085267543792725, 'val_r2_target_1': -2.3922176361083984, 'val_rmse_target_2': 0.8754702210426331, 'val_mae_target_2': 0.7632408738136292, 'val_r2_target_2': -1.0083508491516113, 'val_rmse_target_3': 1.0569461584091187, 'val_mae_target_3': 0.7756537199020386, 'val_r2_target_3': -4.408653259277344}",COMPLETE
13,0.3683565764998396,2026-01-30 22:09:04.265614,2026-01-30 22:09:27.506888,0 days 00:00:23.241274,attention,1,0.3106496485685655,64,0.0004327962793870634,5.2108652440613576e-05,"{'val_rmse_mean': 0.9666124582290649, 'val_mae_mean': 0.7036799192428589, 'val_r2_mean': -16.193449020385742, 'val_rmse_target_0': 0.9602339863777161, 'val_mae_target_0': 0.6314443945884705, 'val_r2_target_0': -16.523555755615234, 'val_rmse_target_1': 0.9684299230575562, 'val_mae_target_1': 0.6549950242042542, 'val_r2_target_1': -17.07248306274414, 'val_rmse_target_2': 0.916998565196991, 'val_mae_target_2': 0.8122948408126831, 'val_r2_target_2': -5.5913801193237305, 'val_rmse_target_3': 1.020787239074707, 'val_mae_target_3': 0.7159853577613831, 'val_r2_target_3': -25.58637809753418}",COMPLETE
14,0.36513773945194705,2026-01-30 22:09:27.612516,2026-01-30 22:09:47.704093,0 days 00:00:20.091577,mean,1,0.29868889396700704,128,0.0004322360382250039,0.0008985634697326126,"{'val_rmse_mean': 0.9573276042938232, 'val_mae_mean': 0.703319251537323, 'val_r2_mean': -12.259644508361816, 'val_rmse_target_0': 0.9025987982749939, 'val_mae_target_0': 0.609786868095398, 'val_r2_target_0': -7.326042175292969, 'val_rmse_target_1': 0.9737040400505066, 'val_mae_target_1': 0.6613345146179199, 'val_r2_target_1': -12.509053230285645, 'val_rmse_target_2': 0.9127519726753235, 'val_mae_target_2': 0.7981261014938354, 'val_r2_target_2': -5.346004962921143, 'val_rmse_target_3': 1.0402554273605347, 'val_mae_target_3': 0.7440295815467834, 'val_r2_target_3': -23.857471466064453}",COMPLETE
15,0.38215055840986745,2026-01-30 22:09:47.809282,2026-01-30 22:10:08.505438,0 days 00:00:20.696156,mean,1,0.32201909664944905,128,0.0007244942817787027,0.0006953670146355797,"{'val_rmse_mean': 0.9663497805595398, 'val_mae_mean': 0.7317491769790649, 'val_r2_mean': -4.1811676025390625, 'val_rmse_target_0': 0.9185863137245178, 'val_mae_target_0': 0.6227723360061646, 'val_r2_target_0': -3.182288646697998, 'val_rmse_target_1': 0.9631239175796509, 'val_mae_target_1': 0.6783146262168884, 'val_r2_target_1': -5.0062737464904785, 'val_rmse_target_2': 0.9529591202735901, 'val_mae_target_2': 0.8506362438201904, 'val_r2_target_2': -2.1109306812286377, 'val_rmse_target_3': 1.0307297706604004, 'val_mae_target_3': 0.7752736210823059, 'val_r2_target_3': -6.425177097320557}",COMPLETE
16,0.375241415437173,2026-01-30 22:10:08.612593,2026-01-30 22:10:29.882717,0 days 00:00:21.270124,mean,1,0.31773787023391237,128,0.00031802330240300635,0.0011972066999570879,"{'val_rmse_mean': 0.9758671522140503, 'val_mae_mean': 0.7096494436264038, 'val_r2_mean': -23.886890411376953, 'val_rmse_target_0': 0.9166290163993835, 'val_mae_target_0': 0.6050320863723755, 'val_r2_target_0': -15.41910171508789, 'val_rmse_target_1': 0.9899490475654602, 'val_mae_target_1': 0.6809452772140503, 'val_r2_target_1': -23.945280075073242, 'val_rmse_target_2': 0.9780956506729126, 'val_mae_target_2': 0.854067862033844, 'val_r2_target_2': -17.517417907714844, 'val_rmse_target_3': 1.0187948942184448, 'val_mae_target_3': 0.698552668094635, 'val_r2_target_3': -38.66576385498047}",COMPLETE
17,0.41707591326148424,2026-01-30 22:10:29.988671,2026-01-30 22:10:52.303206,0 days 00:00:22.314535,mean,2,0.30562938916924354,128,0.0012694732876648764,0.0011112229527873512,"{'val_rmse_mean': 1.0096077919006348, 'val_mae_mean': 0.7896178960800171, 'val_r2_mean': -2.1956865787506104, 'val_rmse_target_0': 0.9764171838760376, 'val_mae_target_0': 0.7264595031738281, 'val_r2_target_0': -1.9548804759979248, 'val_rmse_target_1': 1.1141865253448486, 'val_mae_target_1': 0.7821817994117737, 'val_r2_target_1': -3.2084617614746094, 'val_rmse_target_2': 0.9232569336891174, 'val_mae_target_2': 0.7968844771385193, 'val_r2_target_2': -0.7780061960220337, 'val_rmse_target_3': 1.0245704650878906, 'val_mae_target_3': 0.8529456853866577, 'val_r2_target_3': -2.841397523880005}",COMPLETE
18,0.38413982141624997,2026-01-30 22:10:52.408529,2026-01-30 22:11:11.915777,0 days 00:00:19.507248,mean,1,0.4930382222342631,128,0.0005873340039063292,2.499077540134429e-05,"{'val_rmse_mean': 0.9763290882110596, 'val_mae_mean': 0.7262526750564575, 'val_r2_mean': -8.96728801727295, 'val_rmse_target_0': 0.9282863140106201, 'val_mae_target_0': 0.619996190071106, 'val_r2_target_0': -5.123342514038086, 'val_rmse_target_1': 0.9708641767501831, 'val_mae_target_1': 0.6957027912139893, 'val_r2_target_1': -10.808744430541992, 'val_rmse_target_2': 0.9620240330696106, 'val_mae_target_2': 0.8458757996559143, 'val_r2_target_2': -5.291891098022461, 'val_rmse_target_3': 1.0441416501998901, 'val_mae_target_3': 0.7434359788894653, 'val_r2_target_3': -14.645170211791992}",COMPLETE
19,0.3813413269817829,2026-01-30 22:11:12.021620,2026-01-30 22:11:33.558882,0 days 00:00:21.537262,mean,1,0.19072802864908472,128,0.0001683203614004274,0.009444400060308956,"{'val_rmse_mean': 0.9930822849273682, 'val_mae_mean': 0.7161028981208801, 'val_r2_mean': -51.88304138183594, 'val_rmse_target_0': 0.9712543487548828, 'val_mae_target_0': 0.6186197996139526, 'val_r2_target_0': -62.548057556152344, 'val_rmse_target_1': 1.0123486518859863, 'val_mae_target_1': 0.6990419030189514, 'val_r2_target_1': -51.47305679321289, 'val_rmse_target_2': 0.9730203747749329, 'val_mae_target_2': 0.8520430326461792, 'val_r2_target_2': -22.78389549255371, 'val_rmse_target_3': 1.015705943107605, 'val_mae_target_3': 0.6947067379951477, 'val_r2_target_3': -70.72716522216797}",COMPLETE
20,0.3606014314831959,2026-01-30 22:11:33.664528,2026-01-30 22:11:54.066959,0 days 00:00:20.402431,mean,1,0.35280225312971447,32,0.0008967860972424351,9.22212129519089e-05,"{'val_rmse_mean': 0.9501957297325134, 'val_mae_mean': 0.693327009677887, 'val_r2_mean': -11.620189666748047, 'val_rmse_target_0': 0.9432635307312012, 'val_mae_target_0': 0.5981815457344055, 'val_r2_target_0': -9.98574447631836, 'val_rmse_target_1': 0.9566748142242432, 'val_mae_target_1': 0.6610618829727173, 'val_r2_target_1': -11.743091583251953, 'val_rmse_target_2': 0.9348757266998291, 'val_mae_target_2': 0.8322670459747314, 'val_r2_target_2': -4.839357376098633, 'val_rmse_target_3': 0.9659688472747803, 'val_mae_target_3': 0.681797444820404, 'val_r2_target_3': -19.912569046020508}",COMPLETE
21,0.37726912923433165,2026-01-30 22:11:54.173285,2026-01-30 22:12:14.799589,0 days 00:00:20.626304,mean,1,0.3384622870977992,32,0.0010311734406792028,8.736612498545156e-05,"{'val_rmse_mean': 0.969577431678772, 'val_mae_mean': 0.7193551063537598, 'val_r2_mean': -9.312463760375977, 'val_rmse_target_0': 0.9111091494560242, 'val_mae_target_0': 0.6143405437469482, 'val_r2_target_0': -5.470123767852783, 'val_rmse_target_1': 0.9961547255516052, 'val_mae_target_1': 0.7009707689285278, 'val_r2_target_1': -10.519540786743164, 'val_rmse_target_2': 0.9289698004722595, 'val_mae_target_2': 0.8068210482597351, 'val_r2_target_2': -4.266453266143799, 'val_rmse_target_3': 1.0420762300491333, 'val_mae_target_3': 0.7552880644798279, 'val_r2_target_3': -16.99373435974121}",COMPLETE
22,0.39965208812996195,2026-01-30 22:12:14.905574,2026-01-30 22:12:36.016928,0 days 00:00:21.111354,mean,1,0.28457681370312415,32,0.0017232824969311909,2.6947999491263938e-05,"{'val_rmse_mean': 0.9828125834465027, 'val_mae_mean': 0.7745617628097534, 'val_r2_mean': -3.349120855331421, 'val_rmse_target_0': 0.9051746129989624, 'val_mae_target_0': 0.6742073893547058, 'val_r2_target_0': -3.1184301376342773, 'val_rmse_target_1': 1.0558085441589355, 'val_mae_target_1': 0.7551978826522827, 'val_r2_target_1': -4.031864643096924, 'val_rmse_target_2': 0.9304813742637634, 'val_mae_target_2': 0.8453893065452576, 'val_r2_target_2': -1.940596342086792, 'val_rmse_target_3': 1.0397858619689941, 'val_mae_target_3': 0.8234525322914124, 'val_r2_target_3': -4.305592060089111}",COMPLETE
23,0.38098586060934597,2026-01-30 22:12:36.122715,2026-01-30 22:12:58.194352,0 days 00:00:22.071637,mean,2,0.3576617414099298,32,0.0006253492907714091,0.00023068630535711326,"{'val_rmse_mean': 0.9981048107147217, 'val_mae_mean': 0.7148810029029846, 'val_r2_mean': -49.631324768066406, 'val_rmse_target_0': 0.9454417824745178, 'val_mae_target_0': 0.5981995463371277, 'val_r2_target_0': -41.0620002746582, 'val_rmse_target_1': 1.018989086151123, 'val_mae_target_1': 0.6766362190246582, 'val_r2_target_1': -62.94748306274414, 'val_rmse_target_2': 0.964405357837677, 'val_mae_target_2': 0.8406758904457092, 'val_r2_target_2': -24.791650772094727, 'val_rmse_target_3': 1.0635830163955688, 'val_mae_target_3': 0.7440123558044434, 'val_r2_target_3': -69.72416687011719}",COMPLETE
24,0.3729943326777882,2026-01-30 22:12:58.300592,2026-01-30 22:13:19.461104,0 days 00:00:21.160512,mean,1,0.2118707334310554,32,0.00033524128571733137,0.00043000196791258857,"{'val_rmse_mean': 0.9762161374092102, 'val_mae_mean': 0.708734929561615, 'val_r2_mean': -48.75552749633789, 'val_rmse_target_0': 0.9375559687614441, 'val_mae_target_0': 0.6035614609718323, 'val_r2_target_0': -56.341156005859375, 'val_rmse_target_1': 0.9768409729003906, 'val_mae_target_1': 0.6902441382408142, 'val_r2_target_1': -54.010929107666016, 'val_rmse_target_2': 0.9595436453819275, 'val_mae_target_2': 0.8405261039733887, 'val_r2_target_2': -27.762109756469727, 'val_rmse_target_3': 1.030923843383789, 'val_mae_target_3': 0.7006080150604248, 'val_r2_target_3': -56.90790939331055}",COMPLETE
25,0.3787909972446936,2026-01-30 22:13:19.566998,2026-01-30 22:13:39.670554,0 days 00:00:20.103556,mean,1,0.4019449557838718,32,0.0005659646061482068,0.00011353609407146629,"{'val_rmse_mean': 0.9777475595474243, 'val_mae_mean': 0.7176858186721802, 'val_r2_mean': -23.233692169189453, 'val_rmse_target_0': 0.9129072427749634, 'val_mae_target_0': 0.5774250626564026, 'val_r2_target_0': -20.685810089111328, 'val_rmse_target_1': 1.0208030939102173, 'val_mae_target_1': 0.7143577933311462, 'val_r2_target_1': -21.860403060913086, 'val_rmse_target_2': 0.9769139289855957, 'val_mae_target_2': 0.8631417751312256, 'val_r2_target_2': -15.633930206298828, 'val_rmse_target_3': 1.0003658533096313, 'val_mae_target_3': 0.7158186435699463, 'val_r2_target_3': -34.754638671875}",COMPLETE
26,0.41648320274220574,2026-01-30 22:13:39.776765,2026-01-30 22:14:00.453524,0 days 00:00:20.676759,mean,1,0.2824657987184272,128,0.001778546712377183,1.1793172774074031e-05,"{'val_rmse_mean': 1.0080839395523071, 'val_mae_mean': 0.7875421047210693, 'val_r2_mean': -2.2430474758148193, 'val_rmse_target_0': 0.9604896306991577, 'val_mae_target_0': 0.6982495784759521, 'val_r2_target_0': -1.8059582710266113, 'val_rmse_target_1': 1.080203652381897, 'val_mae_target_1': 0.7783533930778503, 'val_r2_target_1': -2.4914379119873047, 'val_rmse_target_2': 0.9750480651855469, 'val_mae_target_2': 0.8440788984298706, 'val_r2_target_2': -1.0826716423034668, 'val_rmse_target_3': 1.0165945291519165, 'val_mae_target_3': 0.8294863104820251, 'val_r2_target_3': -3.5921220779418945}",COMPLETE
