number,value,datetime_start,datetime_complete,duration,params_aggregation,params_alpha,params_l1_ratio,params_lr,user_attrs_val_metrics,state
0,0.3927096244361665,2026-02-02 11:14:00.928578,2026-02-02 11:14:25.072928,0 days 00:00:24.144350,mean,0.0002459826776343691,0.1398438597789812,0.00021169010915766782,"{'val_rmse_mean': 0.9966109991073608, 'val_mae_mean': 0.7355981469154358, 'val_r2_mean': -19.71843719482422, 'val_rmse_target_0': 0.9498477578163147, 'val_mae_target_0': 0.6117051243782043, 'val_r2_target_0': -20.260976791381836, 'val_rmse_target_1': 1.0039807558059692, 'val_mae_target_1': 0.7377063632011414, 'val_r2_target_1': -28.88619613647461, 'val_rmse_target_2': 1.0414284467697144, 'val_mae_target_2': 0.8937697410583496, 'val_r2_target_2': -16.34052848815918, 'val_rmse_target_3': 0.9911871552467346, 'val_mae_target_3': 0.6992114186286926, 'val_r2_target_3': -13.38603401184082}",COMPLETE
1,0.4245677678673356,2026-02-02 11:14:25.146832,2026-02-02 11:14:52.773264,0 days 00:00:27.626432,attention,0.6775744555894968,0.6690216595194904,0.0009435148178295994,"{'val_rmse_mean': 1.0256551504135132, 'val_mae_mean': 0.7869842052459717, 'val_r2_mean': -4.88865327835083, 'val_rmse_target_0': 0.9405703544616699, 'val_mae_target_0': 0.6933255195617676, 'val_r2_target_0': -2.223992109298706, 'val_rmse_target_1': 0.9964744448661804, 'val_mae_target_1': 0.730467677116394, 'val_r2_target_1': -4.268141269683838, 'val_rmse_target_2': 0.9864072203636169, 'val_mae_target_2': 0.8668648600578308, 'val_r2_target_2': -4.889489650726318, 'val_rmse_target_3': 1.1791685819625854, 'val_mae_target_3': 0.8572789430618286, 'val_r2_target_3': -8.172988891601562}",COMPLETE
2,0.40136212179506264,2026-02-02 11:14:52.848368,2026-02-02 11:15:20.808449,0 days 00:00:27.960081,attention,0.0671688216227092,0.12425295080458164,0.0005333648964602535,"{'val_rmse_mean': 1.0042335987091064, 'val_mae_mean': 0.7555696964263916, 'val_r2_mean': -7.243626594543457, 'val_rmse_target_0': 0.8976481556892395, 'val_mae_target_0': 0.517472505569458, 'val_r2_target_0': -5.260159492492676, 'val_rmse_target_1': 0.9851366281509399, 'val_mae_target_1': 0.7770706415176392, 'val_r2_target_1': -5.012804985046387, 'val_rmse_target_2': 0.973702609539032, 'val_mae_target_2': 0.8660557270050049, 'val_r2_target_2': -7.958981513977051, 'val_rmse_target_3': 1.1604470014572144, 'val_mae_target_3': 0.8616800904273987, 'val_r2_target_3': -10.742558479309082}",COMPLETE
3,0.42110165167186,2026-02-02 11:15:20.881216,2026-02-02 11:15:47.585442,0 days 00:00:26.704226,attention,0.05027494615957911,0.8894694736557056,0.0001476783229391932,"{'val_rmse_mean': 1.04163658618927, 'val_mae_mean': 0.7824006080627441, 'val_r2_mean': -20.038236618041992, 'val_rmse_target_0': 0.9942032098770142, 'val_mae_target_0': 0.6429004669189453, 'val_r2_target_0': -16.87369728088379, 'val_rmse_target_1': 1.0457953214645386, 'val_mae_target_1': 0.7811422944068909, 'val_r2_target_1': -17.660659790039062, 'val_rmse_target_2': 1.0743262767791748, 'val_mae_target_2': 0.9475936889648438, 'val_r2_target_2': -25.39189338684082, 'val_rmse_target_3': 1.0522215366363525, 'val_mae_target_3': 0.7579659819602966, 'val_r2_target_3': -20.226696014404297}",COMPLETE
4,0.38196588142050636,2026-02-02 11:15:47.659117,2026-02-02 11:16:14.855573,0 days 00:00:27.196456,attention,0.0001263526854278683,0.7891120943961738,0.000793325421457476,"{'val_rmse_mean': 0.981259822845459, 'val_mae_mean': 0.7253433465957642, 'val_r2_mean': -7.235771179199219, 'val_rmse_target_0': 0.957874059677124, 'val_mae_target_0': 0.6088225245475769, 'val_r2_target_0': -3.608771324157715, 'val_rmse_target_1': 1.0182267427444458, 'val_mae_target_1': 0.7563219666481018, 'val_r2_target_1': -6.757858753204346, 'val_rmse_target_2': 0.9142627716064453, 'val_mae_target_2': 0.7959100008010864, 'val_r2_target_2': -4.574785232543945, 'val_rmse_target_3': 1.0346754789352417, 'val_mae_target_3': 0.7403187155723572, 'val_r2_target_3': -14.001668930053711}",COMPLETE
5,0.4030942041426897,2026-02-02 11:16:14.937179,2026-02-02 11:16:38.822468,0 days 00:00:23.885289,mean,0.0022199361096075622,0.6102196167069558,0.00012866825035923803,"{'val_rmse_mean': 1.0126742124557495, 'val_mae_mean': 0.755339503288269, 'val_r2_mean': -15.802993774414062, 'val_rmse_target_0': 0.9351432919502258, 'val_mae_target_0': 0.6545867919921875, 'val_r2_target_0': -9.835034370422363, 'val_rmse_target_1': 1.0140002965927124, 'val_mae_target_1': 0.7097041606903076, 'val_r2_target_1': -14.272895812988281, 'val_rmse_target_2': 1.0377713441848755, 'val_mae_target_2': 0.914264976978302, 'val_r2_target_2': -18.6190185546875, 'val_rmse_target_3': 1.06378173828125, 'val_mae_target_3': 0.7428021430969238, 'val_r2_target_3': -20.485029220581055}",COMPLETE
6,0.47832830788360703,2026-02-02 11:16:38.895696,2026-02-02 11:17:03.446640,0 days 00:00:24.550944,mean,0.10404701932452153,0.15855039392277048,0.004361264211947006,"{'val_rmse_mean': 1.1068241596221924, 'val_mae_mean': 0.8469780087471008, 'val_r2_mean': -1.3246562480926514, 'val_rmse_target_0': 0.9382505416870117, 'val_mae_target_0': 0.6601131558418274, 'val_r2_target_0': -0.5849772691726685, 'val_rmse_target_1': 1.2320878505706787, 'val_mae_target_1': 0.9433718919754028, 'val_r2_target_1': -1.3477363586425781, 'val_rmse_target_2': 1.0962210893630981, 'val_mae_target_2': 0.8865931034088135, 'val_r2_target_2': -1.074131727218628, 'val_rmse_target_3': 1.1607369184494019, 'val_mae_target_3': 0.8978338837623596, 'val_r2_target_3': -2.2917792797088623}",COMPLETE
7,0.398725642632969,2026-02-02 11:17:03.519669,2026-02-02 11:17:28.291930,0 days 00:00:24.772261,mean,0.0013878484342306659,0.8384509016124885,0.00010627952230108089,"{'val_rmse_mean': 1.0081367492675781, 'val_mae_mean': 0.7259799838066101, 'val_r2_mean': -16.941951751708984, 'val_rmse_target_0': 0.9012836217880249, 'val_mae_target_0': 0.5708157420158386, 'val_r2_target_0': -16.470903396606445, 'val_rmse_target_1': 1.0477573871612549, 'val_mae_target_1': 0.7311522960662842, 'val_r2_target_1': -11.892383575439453, 'val_rmse_target_2': 1.0598806142807007, 'val_mae_target_2': 0.8721676468849182, 'val_r2_target_2': -16.285419464111328, 'val_rmse_target_3': 1.0236254930496216, 'val_mae_target_3': 0.7297842502593994, 'val_r2_target_3': -23.119096755981445}",COMPLETE
8,0.4758064733059318,2026-02-02 11:17:28.369013,2026-02-02 11:17:51.913391,0 days 00:00:23.544378,mean,0.026659074004722318,0.45849727516153505,0.003994996034023321,"{'val_rmse_mean': 1.0995182991027832, 'val_mae_mean': 0.8551170825958252, 'val_r2_mean': -1.5213470458984375, 'val_rmse_target_0': 0.9635103940963745, 'val_mae_target_0': 0.7026020884513855, 'val_r2_target_0': -0.6320284605026245, 'val_rmse_target_1': 1.223419427871704, 'val_mae_target_1': 0.9275128245353699, 'val_r2_target_1': -1.3184854984283447, 'val_rmse_target_2': 1.070783019065857, 'val_mae_target_2': 0.8894768357276917, 'val_r2_target_2': -1.3231697082519531, 'val_rmse_target_3': 1.1403603553771973, 'val_mae_target_3': 0.9008766412734985, 'val_r2_target_3': -2.811704397201538}",COMPLETE
9,0.39933677742050755,2026-02-02 11:17:51.987035,2026-02-02 11:18:15.415545,0 days 00:00:23.428510,mean,0.5518973618605115,0.4462613631757949,0.001370343824602027,"{'val_rmse_mean': 0.9987055659294128, 'val_mae_mean': 0.7444975972175598, 'val_r2_mean': -4.051723003387451, 'val_rmse_target_0': 0.9140017628669739, 'val_mae_target_0': 0.6153140068054199, 'val_r2_target_0': -1.5906245708465576, 'val_rmse_target_1': 1.0795440673828125, 'val_mae_target_1': 0.8061103224754333, 'val_r2_target_1': -2.9255123138427734, 'val_rmse_target_2': 0.9437777996063232, 'val_mae_target_2': 0.8157086372375488, 'val_r2_target_2': -2.809312582015991, 'val_rmse_target_3': 1.0574986934661865, 'val_mae_target_3': 0.7408573031425476, 'val_r2_target_3': -8.88144302368164}",COMPLETE
10,0.404304607046975,2026-02-02 11:18:15.489793,2026-02-02 11:18:43.763282,0 days 00:00:28.273489,attention,0.00012241698193994198,0.745852308241953,0.00038853001893659155,"{'val_rmse_mean': 1.0147615671157837, 'val_mae_mean': 0.7598236799240112, 'val_r2_mean': -13.01194953918457, 'val_rmse_target_0': 0.9010263085365295, 'val_mae_target_0': 0.6394171714782715, 'val_r2_target_0': -5.190502166748047, 'val_rmse_target_1': 1.039670467376709, 'val_mae_target_1': 0.7530730366706848, 'val_r2_target_1': -19.677122116088867, 'val_rmse_target_2': 1.0205386877059937, 'val_mae_target_2': 0.8833848237991333, 'val_r2_target_2': -10.374619483947754, 'val_rmse_target_3': 1.0978106260299683, 'val_mae_target_3': 0.7634196281433105, 'val_r2_target_3': -16.80554962158203}",COMPLETE
11,0.3819720968604088,2026-02-02 11:18:43.836974,2026-02-02 11:19:10.904908,0 days 00:00:27.067934,attention,0.00010859989882732037,0.29082629277312144,0.00029760834400204515,"{'val_rmse_mean': 0.9920721054077148, 'val_mae_mean': 0.7225141525268555, 'val_r2_mean': -13.234689712524414, 'val_rmse_target_0': 0.9373406171798706, 'val_mae_target_0': 0.591427743434906, 'val_r2_target_0': -9.319135665893555, 'val_rmse_target_1': 0.9460409879684448, 'val_mae_target_1': 0.6926814913749695, 'val_r2_target_1': -12.761313438415527, 'val_rmse_target_2': 1.002183437347412, 'val_mae_target_2': 0.8811624050140381, 'val_r2_target_2': -11.667193412780762, 'val_rmse_target_3': 1.0827234983444214, 'val_mae_target_3': 0.7247848510742188, 'val_r2_target_3': -19.19111442565918}",COMPLETE
12,0.3926183191921424,2026-02-02 11:19:10.979184,2026-02-02 11:19:37.763857,0 days 00:00:26.784673,attention,0.0006409221321540236,0.33661456227201914,0.000344678486350242,"{'val_rmse_mean': 0.9941698908805847, 'val_mae_mean': 0.7322391271591187, 'val_r2_mean': -12.403395652770996, 'val_rmse_target_0': 0.9282106161117554, 'val_mae_target_0': 0.6357768774032593, 'val_r2_target_0': -8.895928382873535, 'val_rmse_target_1': 0.9819233417510986, 'val_mae_target_1': 0.6959656476974487, 'val_r2_target_1': -14.223224639892578, 'val_rmse_target_2': 0.9656301736831665, 'val_mae_target_2': 0.8257151246070862, 'val_r2_target_2': -9.606457710266113, 'val_rmse_target_3': 1.1009154319763184, 'val_mae_target_3': 0.77149897813797, 'val_r2_target_3': -16.887971878051758}",COMPLETE
13,0.45323694000641507,2026-02-02 11:19:37.838397,2026-02-02 11:20:05.096555,0 days 00:00:27.258158,attention,0.004472938252364651,0.3041230829442907,0.0015759924445645454,"{'val_rmse_mean': 1.0692834854125977, 'val_mae_mean': 0.815669059753418, 'val_r2_mean': -2.232595682144165, 'val_rmse_target_0': 0.9087821245193481, 'val_mae_target_0': 0.6489049196243286, 'val_r2_target_0': -0.9891149997711182, 'val_rmse_target_1': 1.152674674987793, 'val_mae_target_1': 0.8541797995567322, 'val_r2_target_1': -1.7455213069915771, 'val_rmse_target_2': 1.0509222745895386, 'val_mae_target_2': 0.8873094916343689, 'val_r2_target_2': -1.7001066207885742, 'val_rmse_target_3': 1.164754867553711, 'val_mae_target_3': 0.8722821474075317, 'val_r2_target_3': -4.495639801025391}",COMPLETE
14,0.38787464894078394,2026-02-02 11:20:05.171566,2026-02-02 11:20:32.692840,0 days 00:00:27.521274,attention,0.00010222079312563118,0.29372024145809,0.000281692902794865,"{'val_rmse_mean': 0.9944299459457397, 'val_mae_mean': 0.7464786171913147, 'val_r2_mean': -16.099102020263672, 'val_rmse_target_0': 1.0256338119506836, 'val_mae_target_0': 0.667169988155365, 'val_r2_target_0': -14.332728385925293, 'val_rmse_target_1': 0.9336305260658264, 'val_mae_target_1': 0.7083267569541931, 'val_r2_target_1': -9.929219245910645, 'val_rmse_target_2': 0.9477245807647705, 'val_mae_target_2': 0.8258804678916931, 'val_r2_target_2': -21.878755569458008, 'val_rmse_target_3': 1.0707309246063232, 'val_mae_target_3': 0.7845372557640076, 'val_r2_target_3': -18.25571060180664}",COMPLETE
15,0.3888820099333922,2026-02-02 11:20:32.772700,2026-02-02 11:21:00.008030,0 days 00:00:27.235330,attention,0.0006212137059959493,0.5722446266518846,0.0006813822232315421,"{'val_rmse_mean': 0.9804887175559998, 'val_mae_mean': 0.7425506114959717, 'val_r2_mean': -5.474987030029297, 'val_rmse_target_0': 0.9623035192489624, 'val_mae_target_0': 0.6371371150016785, 'val_r2_target_0': -5.244941234588623, 'val_rmse_target_1': 0.9420368075370789, 'val_mae_target_1': 0.7201211452484131, 'val_r2_target_1': -6.0764946937561035, 'val_rmse_target_2': 0.9684239625930786, 'val_mae_target_2': 0.8400227427482605, 'val_r2_target_2': -4.571289539337158, 'val_rmse_target_3': 1.0491907596588135, 'val_mae_target_3': 0.7729213833808899, 'val_r2_target_3': -6.007222652435303}",COMPLETE
16,0.4895015089876122,2026-02-02 11:21:00.083139,2026-02-02 11:21:27.903372,0 days 00:00:27.820233,attention,0.009470829370929293,0.7756270240791837,0.0021261345746575347,"{'val_rmse_mean': 1.1271415948867798, 'val_mae_mean': 0.8538686037063599, 'val_r2_mean': -2.1548070907592773, 'val_rmse_target_0': 1.077457308769226, 'val_mae_target_0': 0.7929331660270691, 'val_r2_target_0': -1.0563759803771973, 'val_rmse_target_1': 1.2312418222427368, 'val_mae_target_1': 0.940916895866394, 'val_r2_target_1': -2.0183420181274414, 'val_rmse_target_2': 1.0531957149505615, 'val_mae_target_2': 0.8346190452575684, 'val_r2_target_2': -1.0248074531555176, 'val_rmse_target_3': 1.1466714143753052, 'val_mae_target_3': 0.8470054864883423, 'val_r2_target_3': -4.519703388214111}",COMPLETE
17,0.39830024630107264,2026-02-02 11:21:27.978450,2026-02-02 11:21:56.092785,0 days 00:00:28.114335,attention,0.00045195436932052063,0.37532994369596434,0.0008254479418519145,"{'val_rmse_mean': 0.9868282079696655, 'val_mae_mean': 0.7429854869842529, 'val_r2_mean': -6.216572284698486, 'val_rmse_target_0': 0.8620196580886841, 'val_mae_target_0': 0.5802009105682373, 'val_r2_target_0': -2.117844581604004, 'val_rmse_target_1': 0.9962815046310425, 'val_mae_target_1': 0.7835994362831116, 'val_r2_target_1': -4.6247239112854, 'val_rmse_target_2': 1.0240685939788818, 'val_mae_target_2': 0.873045802116394, 'val_r2_target_2': -8.03062915802002, 'val_rmse_target_3': 1.0649429559707642, 'val_mae_target_3': 0.7350959181785583, 'val_r2_target_3': -10.093090057373047}",COMPLETE
18,0.3905861085211789,2026-02-02 11:21:56.168488,2026-02-02 11:22:23.886684,0 days 00:00:27.718196,attention,0.0002536527831485047,0.21954537127967783,0.00048442460338856785,"{'val_rmse_mean': 0.986348569393158, 'val_mae_mean': 0.7364050149917603, 'val_r2_mean': -8.295052528381348, 'val_rmse_target_0': 0.9084295630455017, 'val_mae_target_0': 0.626565158367157, 'val_r2_target_0': -5.083028793334961, 'val_rmse_target_1': 0.9834657907485962, 'val_mae_target_1': 0.6995500922203064, 'val_r2_target_1': -6.338240146636963, 'val_rmse_target_2': 0.9578542113304138, 'val_mae_target_2': 0.8573930263519287, 'val_r2_target_2': -7.254208564758301, 'val_rmse_target_3': 1.0956447124481201, 'val_mae_target_3': 0.7621117234230042, 'val_r2_target_3': -14.504734992980957}",COMPLETE
19,0.37731285407035436,2026-02-02 11:22:23.960618,2026-02-02 11:22:51.607609,0 days 00:00:27.646991,attention,0.0017409428036272354,0.5810763635686497,0.00020977553857143071,"{'val_rmse_mean': 0.9802351593971252, 'val_mae_mean': 0.7332428097724915, 'val_r2_mean': -12.959136962890625, 'val_rmse_target_0': 0.9334752559661865, 'val_mae_target_0': 0.6475285291671753, 'val_r2_target_0': -8.823114395141602, 'val_rmse_target_1': 0.9933159351348877, 'val_mae_target_1': 0.7017746567726135, 'val_r2_target_1': -16.872690200805664, 'val_rmse_target_2': 0.9564751982688904, 'val_mae_target_2': 0.834652841091156, 'val_r2_target_2': -13.283350944519043, 'val_rmse_target_3': 1.0376741886138916, 'val_mae_target_3': 0.7490150928497314, 'val_r2_target_3': -12.857389450073242}",COMPLETE
20,0.4009990058839321,2026-02-02 11:22:51.681241,2026-02-02 11:23:18.735277,0 days 00:00:27.054036,attention,0.0018764340121731743,0.682416572217829,0.00018304019280240664,"{'val_rmse_mean': 1.0132498741149902, 'val_mae_mean': 0.7571500539779663, 'val_r2_mean': -19.835573196411133, 'val_rmse_target_0': 0.9950464963912964, 'val_mae_target_0': 0.6229162812232971, 'val_r2_target_0': -22.082489013671875, 'val_rmse_target_1': 0.9788151383399963, 'val_mae_target_1': 0.7187666893005371, 'val_r2_target_1': -22.907520294189453, 'val_rmse_target_2': 0.9926124811172485, 'val_mae_target_2': 0.8859977722167969, 'val_r2_target_2': -12.860603332519531, 'val_rmse_target_3': 1.0865256786346436, 'val_mae_target_3': 0.8009196519851685, 'val_r2_target_3': -21.491682052612305}",COMPLETE
21,0.40430119447410107,2026-02-02 11:23:18.808378,2026-02-02 11:23:46.271665,0 days 00:00:27.463287,attention,0.00023530500204090854,0.5448298367386959,0.0002383797237467965,"{'val_rmse_mean': 1.011608600616455, 'val_mae_mean': 0.7485819458961487, 'val_r2_mean': -16.627826690673828, 'val_rmse_target_0': 0.9440618753433228, 'val_mae_target_0': 0.631045401096344, 'val_r2_target_0': -9.663189888000488, 'val_rmse_target_1': 1.0148035287857056, 'val_mae_target_1': 0.7171470522880554, 'val_r2_target_1': -14.976476669311523, 'val_rmse_target_2': 1.0381855964660645, 'val_mae_target_2': 0.9149230718612671, 'val_r2_target_2': -21.785308837890625, 'val_rmse_target_3': 1.049383282661438, 'val_mae_target_3': 0.7312123775482178, 'val_r2_target_3': -20.086326599121094}",COMPLETE
22,0.37628276246013465,2026-02-02 11:23:46.345594,2026-02-02 11:24:14.118465,0 days 00:00:27.772871,attention,0.0008001482476599104,0.4176409935049502,0.00031952423521658814,"{'val_rmse_mean': 0.9675280451774597, 'val_mae_mean': 0.7209984064102173, 'val_r2_mean': -12.752145767211914, 'val_rmse_target_0': 0.8886228799819946, 'val_mae_target_0': 0.6224392056465149, 'val_r2_target_0': -6.508265972137451, 'val_rmse_target_1': 1.006903052330017, 'val_mae_target_1': 0.7128549218177795, 'val_r2_target_1': -9.5362548828125, 'val_rmse_target_2': 0.9673632979393005, 'val_mae_target_2': 0.852515459060669, 'val_r2_target_2': -12.856575012207031, 'val_rmse_target_3': 1.0072228908538818, 'val_mae_target_3': 0.6961842179298401, 'val_r2_target_3': -22.10748863220215}",COMPLETE
23,0.38919491569201153,2026-02-02 11:24:14.192078,2026-02-02 11:24:41.967100,0 days 00:00:27.775022,attention,0.0011004949777606336,0.4940462918007865,0.00046923598756901547,"{'val_rmse_mean': 0.9768639802932739, 'val_mae_mean': 0.7452183365821838, 'val_r2_mean': -9.099749565124512, 'val_rmse_target_0': 0.8749783635139465, 'val_mae_target_0': 0.565706729888916, 'val_r2_target_0': -5.932284832000732, 'val_rmse_target_1': 0.9461899399757385, 'val_mae_target_1': 0.7354809045791626, 'val_r2_target_1': -9.020085334777832, 'val_rmse_target_2': 1.0553479194641113, 'val_mae_target_2': 0.9429616332054138, 'val_r2_target_2': -11.724937438964844, 'val_rmse_target_3': 1.0309394598007202, 'val_mae_target_3': 0.7367240786552429, 'val_r2_target_3': -9.721689224243164}",COMPLETE
24,0.39861307734692536,2026-02-02 11:24:42.049889,2026-02-02 11:25:09.854540,0 days 00:00:27.804651,attention,0.007305446361573728,0.64145908242541,0.0011211594653206972,"{'val_rmse_mean': 1.0017938613891602, 'val_mae_mean': 0.7545886039733887, 'val_r2_mean': -5.241968154907227, 'val_rmse_target_0': 0.9404900074005127, 'val_mae_target_0': 0.7073268890380859, 'val_r2_target_0': -1.7004578113555908, 'val_rmse_target_1': 1.0377479791641235, 'val_mae_target_1': 0.7338978052139282, 'val_r2_target_1': -4.349663257598877, 'val_rmse_target_2': 1.0050017833709717, 'val_mae_target_2': 0.8575507402420044, 'val_r2_target_2': -4.46135139465332, 'val_rmse_target_3': 1.0239355564117432, 'val_mae_target_3': 0.7195789217948914, 'val_r2_target_3': -10.456401824951172}",COMPLETE
25,0.4051895825951188,2026-02-02 11:25:09.927625,2026-02-02 11:25:38.342477,0 days 00:00:28.414852,attention,0.00438114742665652,0.3972995394761335,0.0006248269144378797,"{'val_rmse_mean': 1.0097384452819824, 'val_mae_mean': 0.7597280740737915, 'val_r2_mean': -6.782000541687012, 'val_rmse_target_0': 0.8961353302001953, 'val_mae_target_0': 0.6083178520202637, 'val_r2_target_0': -3.080289363861084, 'val_rmse_target_1': 1.0161935091018677, 'val_mae_target_1': 0.7430499196052551, 'val_r2_target_1': -5.685822010040283, 'val_rmse_target_2': 0.9930258393287659, 'val_mae_target_2': 0.8731428980827332, 'val_r2_target_2': -7.015771865844727, 'val_rmse_target_3': 1.1335991621017456, 'val_mae_target_3': 0.8144015073776245, 'val_r2_target_3': -11.34611988067627}",COMPLETE
26,0.4023023160105502,2026-02-02 11:25:38.415085,2026-02-02 11:26:06.551858,0 days 00:00:28.136773,attention,0.00039818631649649115,0.7830445960779159,0.00017177544726631729,"{'val_rmse_mean': 1.0058465003967285, 'val_mae_mean': 0.7566444277763367, 'val_r2_mean': -14.590690612792969, 'val_rmse_target_0': 0.9895347356796265, 'val_mae_target_0': 0.6649250388145447, 'val_r2_target_0': -12.054478645324707, 'val_rmse_target_1': 0.9179326295852661, 'val_mae_target_1': 0.6912510991096497, 'val_r2_target_1': -13.8228178024292, 'val_rmse_target_2': 1.0914415121078491, 'val_mae_target_2': 0.9523628354072571, 'val_r2_target_2': -15.368913650512695, 'val_rmse_target_3': 1.024477243423462, 'val_mae_target_3': 0.7180388569831848, 'val_r2_target_3': -17.116559982299805}",COMPLETE
27,0.4864016396028024,2026-02-02 11:26:06.625314,2026-02-02 11:26:33.935038,0 days 00:00:27.309724,attention,0.0009531399789872301,0.5358598611827877,0.0027304403483386207,"{'val_rmse_mean': 1.0977340936660767, 'val_mae_mean': 0.8716631531715393, 'val_r2_mean': -1.233856201171875, 'val_rmse_target_0': 0.9421208500862122, 'val_mae_target_0': 0.7089488506317139, 'val_r2_target_0': -0.6523035764694214, 'val_rmse_target_1': 1.2283293008804321, 'val_mae_target_1': 0.939972996711731, 'val_r2_target_1': -1.3244504928588867, 'val_rmse_target_2': 1.0357704162597656, 'val_mae_target_2': 0.8683193922042847, 'val_r2_target_2': -0.7241270542144775, 'val_rmse_target_3': 1.1847156286239624, 'val_mae_target_3': 0.9694113731384277, 'val_r2_target_3': -2.234543800354004}",COMPLETE
