number,value,datetime_start,datetime_complete,duration,params_aggregation,params_depth,params_dropout,params_hidden_dim,params_lr,params_weight_decay,user_attrs_val_metrics,state
0,0.4091579711271657,2026-01-31 12:58:29.633393,2026-01-31 12:59:15.418453,0 days 00:00:45.785060,mean,3,0.16595073806796906,64,0.0005519598150516444,0.004696943177508015,"{'val_rmse_mean': 0.9985625743865967, 'val_mae_mean': 0.7561380863189697, 'val_r2_mean': -2.036775827407837, 'val_rmse_target_0': 1.0752748250961304, 'val_mae_target_0': 0.7561342716217041, 'val_r2_target_0': -1.4913136959075928, 'val_rmse_target_1': 0.94670170545578, 'val_mae_target_1': 0.6265367865562439, 'val_r2_target_1': -2.016204595565796, 'val_rmse_target_2': 0.9152317643165588, 'val_mae_target_2': 0.7952008247375488, 'val_r2_target_2': -1.371142864227295, 'val_rmse_target_3': 1.057042121887207, 'val_mae_target_3': 0.8466804623603821, 'val_r2_target_3': -3.2684426307678223}",COMPLETE
1,0.3982925604063052,2026-01-31 12:59:15.566790,2026-01-31 12:59:58.066442,0 days 00:00:42.499652,mean,2,0.3336140240693434,64,0.0007098203100823166,5.4003441218159255e-05,"{'val_rmse_mean': 0.9840463399887085, 'val_mae_mean': 0.7504028081893921, 'val_r2_mean': -3.2254533767700195, 'val_rmse_target_0': 1.0443042516708374, 'val_mae_target_0': 0.7453396916389465, 'val_r2_target_0': -1.9506616592407227, 'val_rmse_target_1': 0.9590668082237244, 'val_mae_target_1': 0.6800599098205566, 'val_r2_target_1': -2.8277602195739746, 'val_rmse_target_2': 0.9182272553443909, 'val_mae_target_2': 0.8065175414085388, 'val_r2_target_2': -1.9631011486053467, 'val_rmse_target_3': 1.0145870447158813, 'val_mae_target_3': 0.7696940302848816, 'val_r2_target_3': -6.160289764404297}",COMPLETE
2,0.37301346839026167,2026-01-31 12:59:58.215898,2026-01-31 13:00:39.858642,0 days 00:00:41.642744,mean,1,0.4222727449200549,64,0.00022158946504269707,2.9034189513198005e-05,"{'val_rmse_mean': 0.9682812690734863, 'val_mae_mean': 0.7131881713867188, 'val_r2_mean': -26.000320434570312, 'val_rmse_target_0': 0.9555091857910156, 'val_mae_target_0': 0.6409117579460144, 'val_r2_target_0': -10.849071502685547, 'val_rmse_target_1': 0.936592161655426, 'val_mae_target_1': 0.656536877155304, 'val_r2_target_1': -18.325763702392578, 'val_rmse_target_2': 0.9570238590240479, 'val_mae_target_2': 0.8412562608718872, 'val_r2_target_2': -17.959964752197266, 'val_rmse_target_3': 1.0239999294281006, 'val_mae_target_3': 0.7140480279922485, 'val_r2_target_3': -56.866477966308594}",COMPLETE
3,0.37082165093333636,2026-01-31 13:00:40.008291,2026-01-31 13:01:22.276581,0 days 00:00:42.268290,attention,1,0.29180394890023886,32,0.00026410345699504864,0.0015177618798279937,"{'val_rmse_mean': 0.9643846750259399, 'val_mae_mean': 0.7108363509178162, 'val_r2_mean': -15.509490013122559, 'val_rmse_target_0': 0.8945161700248718, 'val_mae_target_0': 0.6057935357093811, 'val_r2_target_0': -10.643206596374512, 'val_rmse_target_1': 0.9466843605041504, 'val_mae_target_1': 0.6606143712997437, 'val_r2_target_1': -11.58414077758789, 'val_rmse_target_2': 0.9749578237533569, 'val_mae_target_2': 0.8472300171852112, 'val_r2_target_2': -8.309027671813965, 'val_rmse_target_3': 1.0413802862167358, 'val_mae_target_3': 0.7297074198722839, 'val_r2_target_3': -31.50157928466797}",COMPLETE
4,0.40163406660711326,2026-01-31 13:01:22.425547,2026-01-31 13:02:05.442745,0 days 00:00:43.017198,mean,3,0.3345583148398821,128,0.0004136688993988011,1.4815037060913328e-05,"{'val_rmse_mean': 0.9962817430496216, 'val_mae_mean': 0.7555946707725525, 'val_r2_mean': -2.2476718425750732, 'val_rmse_target_0': 1.0679371356964111, 'val_mae_target_0': 0.7733950018882751, 'val_r2_target_0': -1.6766750812530518, 'val_rmse_target_1': 0.9906484484672546, 'val_mae_target_1': 0.6651949286460876, 'val_r2_target_1': -2.2886576652526855, 'val_rmse_target_2': 0.8887163400650024, 'val_mae_target_2': 0.7690499424934387, 'val_r2_target_2': -1.017291784286499, 'val_rmse_target_3': 1.0378252267837524, 'val_mae_target_3': 0.8147386908531189, 'val_r2_target_3': -4.008062362670898}",COMPLETE
5,0.3855592858184267,2026-01-31 13:02:05.590800,2026-01-31 13:02:45.817574,0 days 00:00:40.226774,mean,2,0.0862539661906504,32,0.00019683142899461835,0.003377149591043749,"{'val_rmse_mean': 0.9952384829521179, 'val_mae_mean': 0.7261184453964233, 'val_r2_mean': -47.998531341552734, 'val_rmse_target_0': 0.9593351483345032, 'val_mae_target_0': 0.617451548576355, 'val_r2_target_0': -27.313100814819336, 'val_rmse_target_1': 0.9820326566696167, 'val_mae_target_1': 0.6922561526298523, 'val_r2_target_1': -48.89747619628906, 'val_rmse_target_2': 1.0461422204971313, 'val_mae_target_2': 0.9063408374786377, 'val_r2_target_2': -37.29062271118164, 'val_rmse_target_3': 0.9934437274932861, 'val_mae_target_3': 0.6884254217147827, 'val_r2_target_3': -78.49292755126953}",COMPLETE
6,0.39207898328701657,2026-01-31 13:02:45.967149,2026-01-31 13:03:31.308450,0 days 00:00:45.341301,mean,3,0.4867527860907506,64,0.002847529316078768,0.0003243253145408754,"{'val_rmse_mean': 0.9940484762191772, 'val_mae_mean': 0.7311710715293884, 'val_r2_mean': -4.833085536956787, 'val_rmse_target_0': 1.0503569841384888, 'val_mae_target_0': 0.7073141932487488, 'val_r2_target_0': -4.3960700035095215, 'val_rmse_target_1': 0.9944483041763306, 'val_mae_target_1': 0.6412119269371033, 'val_r2_target_1': -6.18211555480957, 'val_rmse_target_2': 0.9308204650878906, 'val_mae_target_2': 0.8087655305862427, 'val_r2_target_2': -2.0090835094451904, 'val_rmse_target_3': 1.0005680322647095, 'val_mae_target_3': 0.7673926949501038, 'val_r2_target_3': -6.745072364807129}",COMPLETE
7,0.38300701285953875,2026-01-31 13:03:31.474439,2026-01-31 13:04:12.215811,0 days 00:00:40.741372,mean,2,0.2689472438150364,32,0.0002897133595631868,2.0679139057310652e-05,"{'val_rmse_mean': 0.9944683313369751, 'val_mae_mean': 0.7154074907302856, 'val_r2_mean': -39.87291717529297, 'val_rmse_target_0': 0.9927377700805664, 'val_mae_target_0': 0.6086846590042114, 'val_r2_target_0': -23.022336959838867, 'val_rmse_target_1': 0.937946081161499, 'val_mae_target_1': 0.625857949256897, 'val_r2_target_1': -36.32524108886719, 'val_rmse_target_2': 0.9866562485694885, 'val_mae_target_2': 0.8682907819747925, 'val_r2_target_2': -24.44386863708496, 'val_rmse_target_3': 1.0605331659317017, 'val_mae_target_3': 0.7587965726852417, 'val_r2_target_3': -75.70024871826172}",COMPLETE
8,0.3882871649607464,2026-01-31 13:04:12.363810,2026-01-31 13:04:54.775388,0 days 00:00:42.411578,mean,3,0.45651283162118694,64,0.0005642497271150092,0.0006762039137299496,"{'val_rmse_mean': 0.9865648150444031, 'val_mae_mean': 0.7274704575538635, 'val_r2_mean': -5.479145526885986, 'val_rmse_target_0': 0.9980512857437134, 'val_mae_target_0': 0.6715315580368042, 'val_r2_target_0': -5.747341632843018, 'val_rmse_target_1': 0.9896330237388611, 'val_mae_target_1': 0.6584346890449524, 'val_r2_target_1': -3.7199296951293945, 'val_rmse_target_2': 0.9234277606010437, 'val_mae_target_2': 0.8103722333908081, 'val_r2_target_2': -2.798227071762085, 'val_rmse_target_3': 1.0351471900939941, 'val_mae_target_3': 0.7695434093475342, 'val_r2_target_3': -9.651081085205078}",COMPLETE
9,0.40112598212780776,2026-01-31 13:04:54.924081,2026-01-31 13:05:38.412437,0 days 00:00:43.488356,mean,3,0.3332833833554792,128,0.0003184778781288274,0.008751383767427689,"{'val_rmse_mean': 0.9859533309936523, 'val_mae_mean': 0.7541936635971069, 'val_r2_mean': -2.4227957725524902, 'val_rmse_target_0': 1.065789818763733, 'val_mae_target_0': 0.8004963397979736, 'val_r2_target_0': -1.769789457321167, 'val_rmse_target_1': 0.9706430435180664, 'val_mae_target_1': 0.6871167421340942, 'val_r2_target_1': -2.5263068675994873, 'val_rmse_target_2': 0.8620185256004333, 'val_mae_target_2': 0.7172739505767822, 'val_r2_target_2': -1.1294562816619873, 'val_rmse_target_3': 1.045361876487732, 'val_mae_target_3': 0.8118877410888672, 'val_r2_target_3': -4.265629768371582}",COMPLETE
10,0.39059372018608784,2026-01-31 13:05:38.561915,2026-01-31 13:06:17.789157,0 days 00:00:39.227242,attention,1,0.019156963287607076,32,0.00011721886524102045,0.0013436748993059312,"{'val_rmse_mean': 1.009581446647644, 'val_mae_mean': 0.7313802242279053, 'val_r2_mean': -68.2024154663086, 'val_rmse_target_0': 0.9984199404716492, 'val_mae_target_0': 0.6539658904075623, 'val_r2_target_0': -26.762414932250977, 'val_rmse_target_1': 0.9873976707458496, 'val_mae_target_1': 0.6802554130554199, 'val_r2_target_1': -41.37337112426758, 'val_rmse_target_2': 1.0097357034683228, 'val_mae_target_2': 0.8863034248352051, 'val_r2_target_2': -19.108301162719727, 'val_rmse_target_3': 1.0427721738815308, 'val_mae_target_3': 0.7049959897994995, 'val_r2_target_3': -185.56558227539062}",COMPLETE
11,0.3764324976062333,2026-01-31 13:06:17.938732,2026-01-31 13:07:01.142745,0 days 00:00:43.204013,attention,1,0.41803254309727855,32,0.00010616681323313146,7.191136111728258e-05,"{'val_rmse_mean': 0.9861559271812439, 'val_mae_mean': 0.7145141363143921, 'val_r2_mean': -52.666297912597656, 'val_rmse_target_0': 0.9975675344467163, 'val_mae_target_0': 0.6442497372627258, 'val_r2_target_0': -69.0073471069336, 'val_rmse_target_1': 0.9843005537986755, 'val_mae_target_1': 0.6820849180221558, 'val_r2_target_1': -51.627685546875, 'val_rmse_target_2': 0.9583008885383606, 'val_mae_target_2': 0.8167771697044373, 'val_r2_target_2': -30.738088607788086, 'val_rmse_target_3': 1.0044548511505127, 'val_mae_target_3': 0.71494460105896, 'val_r2_target_3': -59.29207992553711}",COMPLETE
12,0.39218074828386307,2026-01-31 13:07:01.290734,2026-01-31 13:07:46.196222,0 days 00:00:44.905488,attention,1,0.20861441725043375,64,0.0012643694377133506,0.00014671071791027288,"{'val_rmse_mean': 0.9658609628677368, 'val_mae_mean': 0.7508594393730164, 'val_r2_mean': -2.800525665283203, 'val_rmse_target_0': 0.9930193424224854, 'val_mae_target_0': 0.7109252214431763, 'val_r2_target_0': -1.6590731143951416, 'val_rmse_target_1': 0.8609266877174377, 'val_mae_target_1': 0.6069115400314331, 'val_r2_target_1': -2.3334007263183594, 'val_rmse_target_2': 0.8908213973045349, 'val_mae_target_2': 0.7896004915237427, 'val_r2_target_2': -2.3737165927886963, 'val_rmse_target_3': 1.1186763048171997, 'val_mae_target_3': 0.8960006237030029, 'val_r2_target_3': -4.835912704467773}",COMPLETE
13,0.3943877697887796,2026-01-31 13:07:46.345207,2026-01-31 13:08:28.506527,0 days 00:00:42.161320,attention,1,0.3991832408741073,32,0.00017568128562305493,0.001123593097528602,"{'val_rmse_mean': 1.0075323581695557, 'val_mae_mean': 0.7294974327087402, 'val_r2_mean': -23.64773178100586, 'val_rmse_target_0': 1.00572669506073, 'val_mae_target_0': 0.6410389542579651, 'val_r2_target_0': -21.21847152709961, 'val_rmse_target_1': 0.9355366826057434, 'val_mae_target_1': 0.6530658006668091, 'val_r2_target_1': -17.149747848510742, 'val_rmse_target_2': 1.0394498109817505, 'val_mae_target_2': 0.8944492936134338, 'val_r2_target_2': -23.87200927734375, 'val_rmse_target_3': 1.0494163036346436, 'val_mae_target_3': 0.7294358015060425, 'val_r2_target_3': -32.35069274902344}",COMPLETE
14,0.4029754692757571,2026-01-31 13:08:28.656883,2026-01-31 13:09:12.384717,0 days 00:00:43.727834,attention,1,0.24858531719346436,128,0.0012784857805974571,0.0002447362611235418,"{'val_rmse_mean': 0.994351327419281, 'val_mae_mean': 0.7598857283592224, 'val_r2_mean': -2.416813850402832, 'val_rmse_target_0': 0.9903190732002258, 'val_mae_target_0': 0.6579359769821167, 'val_r2_target_0': -3.559446334838867, 'val_rmse_target_1': 0.9221499562263489, 'val_mae_target_1': 0.6473022699356079, 'val_r2_target_1': -2.388777732849121, 'val_rmse_target_2': 1.0048075914382935, 'val_mae_target_2': 0.8604261875152588, 'val_r2_target_2': -1.0706520080566406, 'val_rmse_target_3': 1.0601286888122559, 'val_mae_target_3': 0.8738784790039062, 'val_r2_target_3': -2.6483805179595947}",COMPLETE
15,0.38403294387238995,2026-01-31 13:09:12.532280,2026-01-31 13:09:58.110492,0 days 00:00:45.578212,attention,1,0.3886691116021208,64,0.0002301580351181665,4.248121434124003e-05,"{'val_rmse_mean': 0.9830271005630493, 'val_mae_mean': 0.7215996384620667, 'val_r2_mean': -13.98973560333252, 'val_rmse_target_0': 0.9308293461799622, 'val_mae_target_0': 0.6170735359191895, 'val_r2_target_0': -6.24945068359375, 'val_rmse_target_1': 0.9569596648216248, 'val_mae_target_1': 0.6710029244422913, 'val_r2_target_1': -14.354825019836426, 'val_rmse_target_2': 0.9858115315437317, 'val_mae_target_2': 0.8685039281845093, 'val_r2_target_2': -10.238155364990234, 'val_rmse_target_3': 1.0585078001022339, 'val_mae_target_3': 0.7298181056976318, 'val_r2_target_3': -25.116506576538086}",COMPLETE
16,0.4389640611630899,2026-01-31 13:09:58.260018,2026-01-31 13:10:44.719457,0 days 00:00:46.459439,attention,2,0.14942475685282694,32,0.0009957734894179393,0.0006255712870877836,"{'val_rmse_mean': 1.043377161026001, 'val_mae_mean': 0.7845689058303833, 'val_r2_mean': -2.5903260707855225, 'val_rmse_target_0': 1.0463413000106812, 'val_mae_target_0': 0.7116342186927795, 'val_r2_target_0': -2.434870481491089, 'val_rmse_target_1': 1.0032215118408203, 'val_mae_target_1': 0.6937949657440186, 'val_r2_target_1': -2.2172343730926514, 'val_rmse_target_2': 1.0322742462158203, 'val_mae_target_2': 0.9066672325134277, 'val_r2_target_2': -2.341813802719116, 'val_rmse_target_3': 1.0916714668273926, 'val_mae_target_3': 0.8261791467666626, 'val_r2_target_3': -3.3673882484436035}",COMPLETE
17,0.41984223877942123,2026-01-31 13:10:44.868502,2026-01-31 13:11:29.304172,0 days 00:00:44.435670,attention,1,0.314131983706359,64,0.004168151818097862,1.0679337169382269e-05,"{'val_rmse_mean': 0.9997454881668091, 'val_mae_mean': 0.7685083746910095, 'val_r2_mean': -2.2287817001342773, 'val_rmse_target_0': 1.008225917816162, 'val_mae_target_0': 0.7335941195487976, 'val_r2_target_0': -1.5600225925445557, 'val_rmse_target_1': 0.9468193650245667, 'val_mae_target_1': 0.6747726798057556, 'val_r2_target_1': -1.6352152824401855, 'val_rmse_target_2': 0.8947359323501587, 'val_mae_target_2': 0.7784472107887268, 'val_r2_target_2': -1.344902515411377, 'val_rmse_target_3': 1.1492010354995728, 'val_mae_target_3': 0.8872194886207581, 'val_r2_target_3': -4.374987602233887}",COMPLETE
18,0.3840318624344137,2026-01-31 13:11:29.452971,2026-01-31 13:12:15.106275,0 days 00:00:45.653304,attention,2,0.27384367934071435,32,0.00016407266266418253,0.0025743761435295396,"{'val_rmse_mean': 1.0008419752120972, 'val_mae_mean': 0.7264046669006348, 'val_r2_mean': -76.82722473144531, 'val_rmse_target_0': 1.0010757446289062, 'val_mae_target_0': 0.6383610963821411, 'val_r2_target_0': -44.0333251953125, 'val_rmse_target_1': 0.970314621925354, 'val_mae_target_1': 0.6700150370597839, 'val_r2_target_1': -74.459716796875, 'val_rmse_target_2': 1.002086877822876, 'val_mae_target_2': 0.8765750527381897, 'val_r2_target_2': -35.47999572753906, 'val_rmse_target_3': 1.0298906564712524, 'val_mae_target_3': 0.7206675410270691, 'val_r2_target_3': -153.3358612060547}",COMPLETE
19,0.388763308249138,2026-01-31 13:12:15.254958,2026-01-31 13:12:53.378805,0 days 00:00:38.123847,mean,1,0.4960685193023857,128,0.00035650959782544336,9.97969533388938e-05,"{'val_rmse_mean': 0.9771347641944885, 'val_mae_mean': 0.7361068725585938, 'val_r2_mean': -5.640328407287598, 'val_rmse_target_0': 0.9505585432052612, 'val_mae_target_0': 0.6479222774505615, 'val_r2_target_0': -3.066178798675537, 'val_rmse_target_1': 0.9765212535858154, 'val_mae_target_1': 0.6986753940582275, 'val_r2_target_1': -5.072029113769531, 'val_rmse_target_2': 0.9327006936073303, 'val_mae_target_2': 0.8201960921287537, 'val_r2_target_2': -3.374864101409912, 'val_rmse_target_3': 1.0487585067749023, 'val_mae_target_3': 0.7776337265968323, 'val_r2_target_3': -11.04824447631836}",COMPLETE
20,0.36639716959110014,2026-01-31 13:12:53.530254,2026-01-31 13:13:34.469955,0 days 00:00:40.939701,mean,1,0.3779290909679418,64,0.00013536551658488056,0.0003494371026829297,"{'val_rmse_mean': 0.9665743112564087, 'val_mae_mean': 0.704919159412384, 'val_r2_mean': -55.09105682373047, 'val_rmse_target_0': 0.9204475283622742, 'val_mae_target_0': 0.603891134262085, 'val_r2_target_0': -23.991107940673828, 'val_rmse_target_1': 0.9735358953475952, 'val_mae_target_1': 0.6564808487892151, 'val_r2_target_1': -58.905147552490234, 'val_rmse_target_2': 0.9768845438957214, 'val_mae_target_2': 0.8572351932525635, 'val_r2_target_2': -31.123172760009766, 'val_rmse_target_3': 0.9954291582107544, 'val_mae_target_3': 0.7020694613456726, 'val_r2_target_3': -106.34481048583984}",COMPLETE
21,0.3831077888607979,2026-01-31 13:13:34.618784,2026-01-31 13:14:14.115075,0 days 00:00:39.496291,mean,1,0.37204564604631407,64,0.0001425003438796442,0.00037180458253101447,"{'val_rmse_mean': 0.9976934194564819, 'val_mae_mean': 0.7247084379196167, 'val_r2_mean': -56.86589050292969, 'val_rmse_target_0': 0.9706831574440002, 'val_mae_target_0': 0.6356683373451233, 'val_r2_target_0': -35.46767044067383, 'val_rmse_target_1': 1.0184274911880493, 'val_mae_target_1': 0.7226316928863525, 'val_r2_target_1': -32.16637420654297, 'val_rmse_target_2': 0.9775602221488953, 'val_mae_target_2': 0.8370158076286316, 'val_r2_target_2': -35.59659194946289, 'val_rmse_target_3': 1.0241026878356934, 'val_mae_target_3': 0.7035179138183594, 'val_r2_target_3': -124.23292541503906}",COMPLETE
22,0.38276627101004124,2026-01-31 13:14:14.264264,2026-01-31 13:14:54.226494,0 days 00:00:39.962230,mean,1,0.4458888647864959,64,0.0002470618572745785,0.0014928376326924268,"{'val_rmse_mean': 0.9833639860153198, 'val_mae_mean': 0.7237694263458252, 'val_r2_mean': -19.612876892089844, 'val_rmse_target_0': 0.9742973446846008, 'val_mae_target_0': 0.6497159600257874, 'val_r2_target_0': -11.055010795593262, 'val_rmse_target_1': 0.9461033344268799, 'val_mae_target_1': 0.6842504143714905, 'val_r2_target_1': -15.165338516235352, 'val_rmse_target_2': 0.9612804651260376, 'val_mae_target_2': 0.8311045169830322, 'val_r2_target_2': -16.84715461730957, 'val_rmse_target_3': 1.0517748594284058, 'val_mae_target_3': 0.7300066947937012, 'val_r2_target_3': -35.38399124145508}",COMPLETE
23,0.3893177469295484,2026-01-31 13:14:54.375919,2026-01-31 13:15:31.844440,0 days 00:00:37.468521,mean,2,0.380427588069238,64,0.00010763782593626727,0.00017595468783871828,"{'val_rmse_mean': 1.007622241973877, 'val_mae_mean': 0.7276487350463867, 'val_r2_mean': -155.61878967285156, 'val_rmse_target_0': 0.983248770236969, 'val_mae_target_0': 0.6286659836769104, 'val_r2_target_0': -132.65211486816406, 'val_rmse_target_1': 1.0027894973754883, 'val_mae_target_1': 0.6819422841072083, 'val_r2_target_1': -196.36679077148438, 'val_rmse_target_2': 1.0135045051574707, 'val_mae_target_2': 0.880120038986206, 'val_r2_target_2': -97.5351333618164, 'val_rmse_target_3': 1.0309462547302246, 'val_mae_target_3': 0.7198668718338013, 'val_r2_target_3': -195.92115783691406}",COMPLETE
24,0.3783163934670113,2026-01-31 13:15:31.993888,2026-01-31 13:16:13.161223,0 days 00:00:41.167335,mean,1,0.2956635744133628,64,0.00014893248480287583,2.763233236670102e-05,"{'val_rmse_mean': 0.9831801652908325, 'val_mae_mean': 0.7146131992340088, 'val_r2_mean': -36.048133850097656, 'val_rmse_target_0': 0.9481117725372314, 'val_mae_target_0': 0.6182730197906494, 'val_r2_target_0': -19.0070858001709, 'val_rmse_target_1': 0.9660769701004028, 'val_mae_target_1': 0.6668030619621277, 'val_r2_target_1': -29.6661319732666, 'val_rmse_target_2': 0.9964807033538818, 'val_mae_target_2': 0.889877438545227, 'val_r2_target_2': -30.05992317199707, 'val_rmse_target_3': 1.022051453590393, 'val_mae_target_3': 0.6834994554519653, 'val_r2_target_3': -65.45939636230469}",COMPLETE
25,0.3792116091483169,2026-01-31 13:16:13.310402,2026-01-31 13:16:55.089505,0 days 00:00:41.779103,mean,1,0.23455801809030027,32,0.0004497475213594929,0.0006019929176730253,"{'val_rmse_mean': 0.9623688459396362, 'val_mae_mean': 0.7266380786895752, 'val_r2_mean': -7.181201457977295, 'val_rmse_target_0': 0.9152284264564514, 'val_mae_target_0': 0.6133781671524048, 'val_r2_target_0': -4.452320575714111, 'val_rmse_target_1': 0.9934123754501343, 'val_mae_target_1': 0.7117698788642883, 'val_r2_target_1': -5.681179523468018, 'val_rmse_target_2': 0.9531576037406921, 'val_mae_target_2': 0.8358992338180542, 'val_r2_target_2': -7.290566444396973, 'val_rmse_target_3': 0.9876769185066223, 'val_mae_target_3': 0.7455047965049744, 'val_r2_target_3': -11.300739288330078}",COMPLETE
26,0.3942539853354295,2026-01-31 13:16:55.238625,2026-01-31 13:17:37.669857,0 days 00:00:42.431232,attention,1,0.4355410169101652,64,0.00023802505929278758,0.0001231956626273212,"{'val_rmse_mean': 0.9997395277023315, 'val_mae_mean': 0.7251588106155396, 'val_r2_mean': -13.432940483093262, 'val_rmse_target_0': 0.9103749990463257, 'val_mae_target_0': 0.5908378958702087, 'val_r2_target_0': -5.757421493530273, 'val_rmse_target_1': 1.0321581363677979, 'val_mae_target_1': 0.7049056887626648, 'val_r2_target_1': -15.96551513671875, 'val_rmse_target_2': 0.9884101748466492, 'val_mae_target_2': 0.8453234434127808, 'val_r2_target_2': -7.81691837310791, 'val_rmse_target_3': 1.0680149793624878, 'val_mae_target_3': 0.7595680952072144, 'val_r2_target_3': -24.19190788269043}",COMPLETE
