number,value,datetime_start,datetime_complete,duration,params_batch_size,params_bidirectional,params_dropout_lstm,params_dropout_path,params_dropout_reg,params_lr,params_lstm_hidden_dim,params_lstm_layers,params_path_aggregation,params_path_dim,params_regressor_dim,params_weight_decay,user_attrs_val_metrics,state
0,0.3636259515942247,2026-01-30 17:29:37.307643,2026-01-30 17:30:03.787177,0 days 00:00:26.479534,16,False,0.2507314984447297,0.3974800564423854,0.24771009877386968,0.00013837001723222925,8,2,static,8,256,5.053114743904804e-05,"{'val_rmse_mean': 0.9683239459991455, 'val_mae_mean': 0.6904181241989136, 'val_r2_mean': -49.72199249267578, 'val_rmse_target_0': 0.9953427314758301, 'val_mae_target_0': 0.613416314125061, 'val_r2_target_0': -93.16349792480469, 'val_rmse_target_1': 0.960030734539032, 'val_mae_target_1': 0.6602698564529419, 'val_r2_target_1': -32.402099609375, 'val_rmse_target_2': 0.8783536553382874, 'val_mae_target_2': 0.7430923581123352, 'val_r2_target_2': -14.800849914550781, 'val_rmse_target_3': 1.039568543434143, 'val_mae_target_3': 0.7448940277099609, 'val_r2_target_3': -58.521541595458984}",COMPLETE
1,0.3564893677830696,2026-01-30 17:30:03.868502,2026-01-30 17:30:28.986632,0 days 00:00:25.118130,16,False,0.21378192227468915,0.21352666783657026,0.26373841996386727,0.00028352948986441696,16,2,static,8,256,3.861070325705675e-05,"{'val_rmse_mean': 0.9564171433448792, 'val_mae_mean': 0.7026482820510864, 'val_r2_mean': -20.454450607299805, 'val_rmse_target_0': 1.0188809633255005, 'val_mae_target_0': 0.6712337732315063, 'val_r2_target_0': -28.031631469726562, 'val_rmse_target_1': 0.9713841676712036, 'val_mae_target_1': 0.6748554110527039, 'val_r2_target_1': -15.03776741027832, 'val_rmse_target_2': 0.7894177436828613, 'val_mae_target_2': 0.7018157839775085, 'val_r2_target_2': -2.2267000675201416, 'val_rmse_target_3': 1.0459856986999512, 'val_mae_target_3': 0.7626882195472717, 'val_r2_target_3': -36.521705627441406}",COMPLETE
2,0.3643836523923609,2026-01-30 17:30:29.069690,2026-01-30 17:30:53.941542,0 days 00:00:24.871852,16,False,0.20377064140290324,0.2661954026285404,0.2420879229048793,0.00010311713617543625,32,2,static,16,512,0.0018142267128252003,"{'val_rmse_mean': 0.9776380658149719, 'val_mae_mean': 0.6997443437576294, 'val_r2_mean': -52.08760070800781, 'val_rmse_target_0': 1.0198670625686646, 'val_mae_target_0': 0.6438855528831482, 'val_r2_target_0': -66.98410034179688, 'val_rmse_target_1': 1.005332350730896, 'val_mae_target_1': 0.6789068579673767, 'val_r2_target_1': -52.071006774902344, 'val_rmse_target_2': 0.8446717858314514, 'val_mae_target_2': 0.7330424785614014, 'val_r2_target_2': -9.409170150756836, 'val_rmse_target_3': 1.0406811237335205, 'val_mae_target_3': 0.7431427240371704, 'val_r2_target_3': -79.88613891601562}",COMPLETE
3,0.3731106762532835,2026-01-30 17:30:54.023721,2026-01-30 17:31:20.415280,0 days 00:00:26.391559,16,False,0.13729999042217617,0.2347090404796851,0.385008198218832,0.0001252401982279174,16,2,static,8,256,4.458616133134326e-05,"{'val_rmse_mean': 0.9851256012916565, 'val_mae_mean': 0.7062894105911255, 'val_r2_mean': -64.93449401855469, 'val_rmse_target_0': 0.9994856119155884, 'val_mae_target_0': 0.629393994808197, 'val_r2_target_0': -87.43755340576172, 'val_rmse_target_1': 0.9815740585327148, 'val_mae_target_1': 0.6602820158004761, 'val_r2_target_1': -51.99390411376953, 'val_rmse_target_2': 0.9370383024215698, 'val_mae_target_2': 0.8020436763763428, 'val_r2_target_2': -16.62681770324707, 'val_rmse_target_3': 1.022404432296753, 'val_mae_target_3': 0.7334380149841309, 'val_r2_target_3': -103.67967987060547}",COMPLETE
4,0.3553678640336902,2026-01-30 17:31:20.506095,2026-01-30 17:31:45.635608,0 days 00:00:25.129513,16,False,0.14316274223345055,0.22035421954072015,0.35167707240069435,0.0001264350319063509,8,2,static,16,512,0.00659259505873065,"{'val_rmse_mean': 0.9626297950744629, 'val_mae_mean': 0.6838980317115784, 'val_r2_mean': -52.34737777709961, 'val_rmse_target_0': 1.0001916885375977, 'val_mae_target_0': 0.628906786441803, 'val_r2_target_0': -76.41019439697266, 'val_rmse_target_1': 0.9788737893104553, 'val_mae_target_1': 0.6551620960235596, 'val_r2_target_1': -28.876630783081055, 'val_rmse_target_2': 0.8402288556098938, 'val_mae_target_2': 0.7238497138023376, 'val_r2_target_2': -6.531411170959473, 'val_rmse_target_3': 1.0312248468399048, 'val_mae_target_3': 0.7276735901832581, 'val_r2_target_3': -97.5712661743164}",COMPLETE
5,0.36248337463648234,2026-01-30 17:31:45.726825,2026-01-30 17:32:09.499524,0 days 00:00:23.772699,16,False,0.15523853657860678,0.2226151952044306,0.3608618250616288,0.0003958087382797393,16,2,static,16,512,0.0001856514561052259,"{'val_rmse_mean': 0.9544712901115417, 'val_mae_mean': 0.7118461728096008, 'val_r2_mean': -10.075334548950195, 'val_rmse_target_0': 1.0232954025268555, 'val_mae_target_0': 0.6839736104011536, 'val_r2_target_0': -14.327129364013672, 'val_rmse_target_1': 0.9805411100387573, 'val_mae_target_1': 0.7217413783073425, 'val_r2_target_1': -5.876899242401123, 'val_rmse_target_2': 0.7346609830856323, 'val_mae_target_2': 0.6360890865325928, 'val_r2_target_2': -0.21166646480560303, 'val_rmse_target_3': 1.0793874263763428, 'val_mae_target_3': 0.8055806159973145, 'val_r2_target_3': -19.885644912719727}",COMPLETE
6,0.35501230301128495,2026-01-30 17:32:09.590314,2026-01-30 17:32:33.830383,0 days 00:00:24.240069,16,False,0.24298686193260646,0.26674628089717084,0.29886527234846283,0.00048277183815654363,16,2,static,16,128,0.0009004941847311272,"{'val_rmse_mean': 0.9573491811752319, 'val_mae_mean': 0.6908444166183472, 'val_r2_mean': -25.091657638549805, 'val_rmse_target_0': 0.9960423111915588, 'val_mae_target_0': 0.6312594413757324, 'val_r2_target_0': -35.68325424194336, 'val_rmse_target_1': 0.9797102212905884, 'val_mae_target_1': 0.6882389783859253, 'val_r2_target_1': -16.994670867919922, 'val_rmse_target_2': 0.7846276760101318, 'val_mae_target_2': 0.685413122177124, 'val_r2_target_2': -2.644878387451172, 'val_rmse_target_3': 1.0690165758132935, 'val_mae_target_3': 0.7584661841392517, 'val_r2_target_3': -45.043827056884766}",COMPLETE
7,0.355002014035428,2026-01-30 17:32:33.920579,2026-01-30 17:33:00.124577,0 days 00:00:26.203998,16,False,0.11063288899207385,0.3681384453567835,0.254831563087484,0.0001282650038196951,8,2,static,8,512,2.876410332883087e-05,"{'val_rmse_mean': 0.9579753875732422, 'val_mae_mean': 0.6916382312774658, 'val_r2_mean': -24.129535675048828, 'val_rmse_target_0': 1.0124645233154297, 'val_mae_target_0': 0.6516097784042358, 'val_r2_target_0': -30.259750366210938, 'val_rmse_target_1': 0.9708618521690369, 'val_mae_target_1': 0.6655626893043518, 'val_r2_target_1': -22.844745635986328, 'val_rmse_target_2': 0.7915374636650085, 'val_mae_target_2': 0.690117597579956, 'val_r2_target_2': -2.999504804611206, 'val_rmse_target_3': 1.0570374727249146, 'val_mae_target_3': 0.75926274061203, 'val_r2_target_3': -40.41414260864258}",COMPLETE
8,0.36425007727962955,2026-01-30 17:33:00.214564,2026-01-30 17:33:26.603952,0 days 00:00:26.389388,16,False,0.25120541887129144,0.32079268691544255,0.23037764210299627,0.00019368308541930924,8,2,static,8,128,1.169179739049611e-05,"{'val_rmse_mean': 0.975921630859375, 'val_mae_mean': 0.6945575475692749, 'val_r2_mean': -56.19706726074219, 'val_rmse_target_0': 1.0337873697280884, 'val_mae_target_0': 0.6433795094490051, 'val_r2_target_0': -45.14616775512695, 'val_rmse_target_1': 0.9679074883460999, 'val_mae_target_1': 0.658058226108551, 'val_r2_target_1': -46.27545928955078, 'val_rmse_target_2': 0.8710452914237976, 'val_mae_target_2': 0.7647520899772644, 'val_r2_target_2': -12.207971572875977, 'val_rmse_target_3': 1.0309462547302246, 'val_mae_target_3': 0.7120404839515686, 'val_r2_target_3': -121.1586685180664}",COMPLETE
9,0.34868440425230396,2026-01-30 17:33:26.695104,2026-01-30 17:33:50.332994,0 days 00:00:23.637890,16,False,0.2826584576271718,0.31401321652070663,0.2167208222116715,0.0002089791244608294,8,2,static,8,256,0.005468751308845082,"{'val_rmse_mean': 0.9527534246444702, 'val_mae_mean': 0.6765574812889099, 'val_r2_mean': -42.22003936767578, 'val_rmse_target_0': 1.0029836893081665, 'val_mae_target_0': 0.6327403783798218, 'val_r2_target_0': -45.565975189208984, 'val_rmse_target_1': 0.97356116771698, 'val_mae_target_1': 0.6624112725257874, 'val_r2_target_1': -26.117389678955078, 'val_rmse_target_2': 0.8005916476249695, 'val_mae_target_2': 0.6816769242286682, 'val_r2_target_2': -4.159825325012207, 'val_rmse_target_3': 1.0338770151138306, 'val_mae_target_3': 0.7294014096260071, 'val_r2_target_3': -93.03694915771484}",COMPLETE
10,0.3828699065855256,2026-01-30 17:33:50.422827,2026-01-30 17:34:15.229377,0 days 00:00:24.806550,16,False,0.2990176756406879,0.3325969350402297,0.21162325577099314,5.599239008939923e-05,32,2,static,8,256,0.009539838323556992,"{'val_rmse_mean': 1.0051391124725342, 'val_mae_mean': 0.7248845100402832, 'val_r2_mean': -91.0902328491211, 'val_rmse_target_0': 1.0152523517608643, 'val_mae_target_0': 0.6446074843406677, 'val_r2_target_0': -133.3695068359375, 'val_rmse_target_1': 1.022801160812378, 'val_mae_target_1': 0.7277349829673767, 'val_r2_target_1': -45.772430419921875, 'val_rmse_target_2': 0.9395589828491211, 'val_mae_target_2': 0.8064911961555481, 'val_r2_target_2': -60.34784698486328, 'val_rmse_target_3': 1.0429437160491943, 'val_mae_target_3': 0.7207043766975403, 'val_r2_target_3': -124.87116241455078}",COMPLETE
11,0.36030373639530605,2026-01-30 17:34:15.320208,2026-01-30 17:34:40.073353,0 days 00:00:24.753145,16,False,0.10186410568840065,0.3751471420855775,0.20044852949575334,0.0002238952766427889,8,2,static,8,512,0.0002594782234117561,"{'val_rmse_mean': 0.9572553038597107, 'val_mae_mean': 0.7024221420288086, 'val_r2_mean': -14.08973503112793, 'val_rmse_target_0': 1.0008867979049683, 'val_mae_target_0': 0.6510798335075378, 'val_r2_target_0': -22.090444564819336, 'val_rmse_target_1': 0.9967243671417236, 'val_mae_target_1': 0.7162189483642578, 'val_r2_target_1': -7.04885196685791, 'val_rmse_target_2': 0.7570886015892029, 'val_mae_target_2': 0.6572141051292419, 'val_r2_target_2': -0.7476940155029297, 'val_rmse_target_3': 1.0743215084075928, 'val_mae_target_3': 0.785175621509552, 'val_r2_target_3': -26.47195053100586}",COMPLETE
12,0.3704298388350893,2026-01-30 17:34:40.163966,2026-01-30 17:35:04.012371,0 days 00:00:23.848405,16,False,0.2824614629396862,0.35272117461190106,0.28372358498755723,8.033637521637475e-05,8,2,static,8,256,0.0014586255997550762,"{'val_rmse_mean': 0.9913854002952576, 'val_mae_mean': 0.7099725008010864, 'val_r2_mean': -54.88945770263672, 'val_rmse_target_0': 0.994114875793457, 'val_mae_target_0': 0.6221015453338623, 'val_r2_target_0': -71.34395599365234, 'val_rmse_target_1': 1.0449249744415283, 'val_mae_target_1': 0.7112975716590881, 'val_r2_target_1': -75.14985656738281, 'val_rmse_target_2': 0.9018855094909668, 'val_mae_target_2': 0.7833025455474854, 'val_r2_target_2': -16.447473526000977, 'val_rmse_target_3': 1.0246162414550781, 'val_mae_target_3': 0.7231882810592651, 'val_r2_target_3': -56.616539001464844}",COMPLETE
13,0.3584073820599803,2026-01-30 17:35:04.103036,2026-01-30 17:35:30.448751,0 days 00:00:26.345715,16,False,0.17799843343062693,0.29756599779669307,0.32600964458827886,0.00027549491939252656,8,2,static,8,512,1.1012077601911617e-05,"{'val_rmse_mean': 0.9540985822677612, 'val_mae_mean': 0.6999003291130066, 'val_r2_mean': -13.465982437133789, 'val_rmse_target_0': 1.0246810913085938, 'val_mae_target_0': 0.6718366146087646, 'val_r2_target_0': -18.352245330810547, 'val_rmse_target_1': 0.9715929627418518, 'val_mae_target_1': 0.7002135515213013, 'val_r2_target_1': -7.188551902770996, 'val_rmse_target_2': 0.7550668716430664, 'val_mae_target_2': 0.6480087637901306, 'val_r2_target_2': -0.416217565536499, 'val_rmse_target_3': 1.0650534629821777, 'val_mae_target_3': 0.7795423865318298, 'val_r2_target_3': -27.90691566467285}",COMPLETE
14,0.36830694787204266,2026-01-30 17:35:30.530174,2026-01-30 17:35:56.313133,0 days 00:00:25.782959,16,False,0.10555173542489567,0.3599168288043429,0.22447100560625455,0.0001885188306673601,8,2,static,8,128,0.0005409600047636359,"{'val_rmse_mean': 0.9837945103645325, 'val_mae_mean': 0.700850784778595, 'val_r2_mean': -63.10354995727539, 'val_rmse_target_0': 1.0050040483474731, 'val_mae_target_0': 0.6146826148033142, 'val_r2_target_0': -103.96995544433594, 'val_rmse_target_1': 0.9866759777069092, 'val_mae_target_1': 0.6711907386779785, 'val_r2_target_1': -65.37777709960938, 'val_rmse_target_2': 0.8945649266242981, 'val_mae_target_2': 0.777024507522583, 'val_r2_target_2': -17.6094913482666, 'val_rmse_target_3': 1.0489330291748047, 'val_mae_target_3': 0.7405052185058594, 'val_r2_target_3': -65.45697021484375}",COMPLETE
15,0.37536049620420847,2026-01-30 17:35:56.404400,2026-01-30 17:36:19.731350,0 days 00:00:23.326950,16,False,0.17658075491389164,0.2973767845035795,0.2706594682875852,8.36878973516013e-05,8,2,static,8,256,0.0038183779560259554,"{'val_rmse_mean': 0.9914103150367737, 'val_mae_mean': 0.7095373868942261, 'val_r2_mean': -81.30326080322266, 'val_rmse_target_0': 1.0163898468017578, 'val_mae_target_0': 0.6311877369880676, 'val_r2_target_0': -134.9437255859375, 'val_rmse_target_1': 1.016810417175293, 'val_mae_target_1': 0.7028239965438843, 'val_r2_target_1': -78.76336669921875, 'val_rmse_target_2': 0.9300772547721863, 'val_mae_target_2': 0.784710168838501, 'val_r2_target_2': -24.8482723236084, 'val_rmse_target_3': 1.002363681793213, 'val_mae_target_3': 0.7194275259971619, 'val_r2_target_3': -86.6576919555664}",COMPLETE
16,0.35981929191836604,2026-01-30 17:36:19.821142,2026-01-30 17:36:44.190500,0 days 00:00:24.369358,16,False,0.22534439500533185,0.3989886865479597,0.2545976286883529,0.0002995597057487285,32,2,static,8,512,0.00011555780804442557,"{'val_rmse_mean': 0.9539448618888855, 'val_mae_mean': 0.7048808336257935, 'val_r2_mean': -10.988956451416016, 'val_rmse_target_0': 1.012473464012146, 'val_mae_target_0': 0.6566044688224792, 'val_r2_target_0': -16.879539489746094, 'val_rmse_target_1': 0.9657578468322754, 'val_mae_target_1': 0.7063565254211426, 'val_r2_target_1': -6.1367340087890625, 'val_rmse_target_2': 0.7405915260314941, 'val_mae_target_2': 0.650088369846344, 'val_r2_target_2': -0.217390775680542, 'val_rmse_target_3': 1.096956491470337, 'val_mae_target_3': 0.8064739108085632, 'val_r2_target_3': -20.7221622467041}",COMPLETE
17,0.3659446456090168,2026-01-30 17:36:44.281246,2026-01-30 17:37:07.279053,0 days 00:00:22.997807,16,False,0.2763517510146936,0.32567789090330135,0.32021461321937666,0.0001571807954798086,8,2,static,8,256,0.0031511947288093154,"{'val_rmse_mean': 0.9756264686584473, 'val_mae_mean': 0.7007033824920654, 'val_r2_mean': -66.2343978881836, 'val_rmse_target_0': 1.003387212753296, 'val_mae_target_0': 0.6340922713279724, 'val_r2_target_0': -97.05369567871094, 'val_rmse_target_1': 0.9901226758956909, 'val_mae_target_1': 0.6921852231025696, 'val_r2_target_1': -39.694908142089844, 'val_rmse_target_2': 0.8799240589141846, 'val_mae_target_2': 0.7530357837677002, 'val_r2_target_2': -9.766046524047852, 'val_rmse_target_3': 1.0290716886520386, 'val_mae_target_3': 0.7235003709793091, 'val_r2_target_3': -118.4229736328125}",COMPLETE
18,0.37121632063968313,2026-01-30 17:37:07.369440,2026-01-30 17:37:31.652839,0 days 00:00:24.283399,16,False,0.11933654467119602,0.2718224976069029,0.2227903235563249,5.085492866605147e-05,8,2,static,16,512,0.0001202856822481581,"{'val_rmse_mean': 0.9831819534301758, 'val_mae_mean': 0.7030349969863892, 'val_r2_mean': -104.82305145263672, 'val_rmse_target_0': 1.011522650718689, 'val_mae_target_0': 0.6442165374755859, 'val_r2_target_0': -101.24334716796875, 'val_rmse_target_1': 0.9817829132080078, 'val_mae_target_1': 0.6679607033729553, 'val_r2_target_1': -88.73824310302734, 'val_rmse_target_2': 0.9204668402671814, 'val_mae_target_2': 0.7868630886077881, 'val_r2_target_2': -31.87342071533203, 'val_rmse_target_3': 1.0189555883407593, 'val_mae_target_3': 0.7130995988845825, 'val_r2_target_3': -197.4372100830078}",COMPLETE
19,0.37069600261747837,2026-01-30 17:37:31.743909,2026-01-30 17:37:55.306376,0 days 00:00:23.562467,16,False,0.18208193354580854,0.35056651460081995,0.28674544729851054,0.00022058423013771215,32,2,static,8,128,2.3707010557742603e-05,"{'val_rmse_mean': 0.9836212992668152, 'val_mae_mean': 0.7082828283309937, 'val_r2_mean': -55.30564880371094, 'val_rmse_target_0': 1.015687108039856, 'val_mae_target_0': 0.6350148320198059, 'val_r2_target_0': -81.5989990234375, 'val_rmse_target_1': 0.9960891604423523, 'val_mae_target_1': 0.6862269043922424, 'val_r2_target_1': -30.306659698486328, 'val_rmse_target_2': 0.8763847351074219, 'val_mae_target_2': 0.7655714750289917, 'val_r2_target_2': -14.252228736877441, 'val_rmse_target_3': 1.0463242530822754, 'val_mae_target_3': 0.7463181614875793, 'val_r2_target_3': -95.06473541259766}",COMPLETE
20,0.36971939396527076,2026-01-30 17:37:55.388877,2026-01-30 17:38:16.990148,0 days 00:00:21.601271,16,False,0.2302360305198524,0.3740784893280607,0.23946439569782904,8.823601844125929e-05,8,2,static,8,512,0.0006193752156762212,"{'val_rmse_mean': 0.9813871383666992, 'val_mae_mean': 0.7044404149055481, 'val_r2_mean': -48.71226501464844, 'val_rmse_target_0': 1.0178158283233643, 'val_mae_target_0': 0.6583079695701599, 'val_r2_target_0': -70.66106414794922, 'val_rmse_target_1': 0.9946679472923279, 'val_mae_target_1': 0.6764888763427734, 'val_r2_target_1': -32.253944396972656, 'val_rmse_target_2': 0.8634610176086426, 'val_mae_target_2': 0.7483886480331421, 'val_r2_target_2': -8.933545112609863, 'val_rmse_target_3': 1.0496035814285278, 'val_mae_target_3': 0.7345759868621826, 'val_r2_target_3': -83.00049591064453}",COMPLETE
21,0.3534942937118036,2026-01-30 17:38:17.071476,2026-01-30 17:38:38.862499,0 days 00:00:21.791023,16,False,0.2477537851312163,0.2682048928375149,0.3100489233336394,0.000491806206638864,16,2,static,16,128,0.0007669703804800121,"{'val_rmse_mean': 0.9594607353210449, 'val_mae_mean': 0.6943711638450623, 'val_r2_mean': -24.412553787231445, 'val_rmse_target_0': 1.0255115032196045, 'val_mae_target_0': 0.65361088514328, 'val_r2_target_0': -34.968170166015625, 'val_rmse_target_1': 0.9721205830574036, 'val_mae_target_1': 0.6752387285232544, 'val_r2_target_1': -17.59122085571289, 'val_rmse_target_2': 0.7970156669616699, 'val_mae_target_2': 0.7051647901535034, 'val_r2_target_2': -2.61090087890625, 'val_rmse_target_3': 1.0431952476501465, 'val_mae_target_3': 0.7434704899787903, 'val_r2_target_3': -42.47992706298828}",COMPLETE
22,0.3544795773923397,2026-01-30 17:38:38.943482,2026-01-30 17:39:00.707278,0 days 00:00:21.763796,16,False,0.2784644941092093,0.2796073852441824,0.3234966391015979,0.0004987537196450855,16,2,static,16,128,0.00037280724929265207,"{'val_rmse_mean': 0.9576234221458435, 'val_mae_mean': 0.6933830380439758, 'val_r2_mean': -22.608055114746094, 'val_rmse_target_0': 0.977534294128418, 'val_mae_target_0': 0.6191603541374207, 'val_r2_target_0': -38.47633361816406, 'val_rmse_target_1': 0.9805192351341248, 'val_mae_target_1': 0.6754090189933777, 'val_r2_target_1': -14.96693229675293, 'val_rmse_target_2': 0.7829434275627136, 'val_mae_target_2': 0.69539874792099, 'val_r2_target_2': -2.1368048191070557, 'val_rmse_target_3': 1.0894966125488281, 'val_mae_target_3': 0.7835641503334045, 'val_r2_target_3': -34.85214614868164}",COMPLETE
23,0.3577142232960021,2026-01-30 17:39:00.788082,2026-01-30 17:39:22.548615,0 days 00:00:21.760533,16,False,0.26639979133549263,0.2862381441218083,0.32600894843991324,0.0004778093072793472,16,2,static,16,128,0.00033147765933801794,"{'val_rmse_mean': 0.9569298028945923, 'val_mae_mean': 0.6943713426589966, 'val_r2_mean': -25.115196228027344, 'val_rmse_target_0': 0.9978378415107727, 'val_mae_target_0': 0.627057671546936, 'val_r2_target_0': -40.978797912597656, 'val_rmse_target_1': 0.9725843667984009, 'val_mae_target_1': 0.6864917874336243, 'val_r2_target_1': -13.323298454284668, 'val_rmse_target_2': 0.8000540137290955, 'val_mae_target_2': 0.7095191478729248, 'val_r2_target_2': -2.998584747314453, 'val_rmse_target_3': 1.0572429895401, 'val_mae_target_3': 0.7544167637825012, 'val_r2_target_3': -43.16011047363281}",COMPLETE
24,0.35915837850835586,2026-01-30 17:39:22.630776,2026-01-30 17:39:44.419330,0 days 00:00:21.788554,16,False,0.29157772109432356,0.24187214680463162,0.31024742514652026,0.0003538767806520431,16,2,static,16,128,0.001099562097214114,"{'val_rmse_mean': 0.9660260677337646, 'val_mae_mean': 0.6936262249946594, 'val_r2_mean': -35.7880744934082, 'val_rmse_target_0': 1.002331018447876, 'val_mae_target_0': 0.6338499784469604, 'val_r2_target_0': -59.11161422729492, 'val_rmse_target_1': 0.9553371071815491, 'val_mae_target_1': 0.652137279510498, 'val_r2_target_1': -25.55030059814453, 'val_rmse_target_2': 0.8575266003608704, 'val_mae_target_2': 0.7408183813095093, 'val_r2_target_2': -6.531872272491455, 'val_rmse_target_3': 1.0489096641540527, 'val_mae_target_3': 0.7476992607116699, 'val_r2_target_3': -51.958499908447266}",COMPLETE
