number,value,datetime_start,datetime_complete,duration,params_batch_size,params_bidirectional,params_dropout_lstm,params_dropout_path,params_dropout_reg,params_lr,params_lstm_hidden_dim,params_lstm_layers,params_path_aggregation,params_path_dim,params_regressor_dim,params_weight_decay,user_attrs_val_metrics,state
0,0.3523470432394081,2026-01-31 09:02:18.113480,2026-01-31 09:03:26.585324,0 days 00:01:08.471844,16,False,0.20372418264244607,0.33699826597900673,0.3602586572204215,7.780164828163613e-05,16,2,static,16,512,0.004206801495517477,"{'val_rmse_mean': 0.9514334201812744, 'val_mae_mean': 0.6939888596534729, 'val_r2_mean': -23.13623046875, 'val_rmse_target_0': 1.0083097219467163, 'val_mae_target_0': 0.6523066759109497, 'val_r2_target_0': -32.11164855957031, 'val_rmse_target_1': 0.9620134830474854, 'val_mae_target_1': 0.6841846108436584, 'val_r2_target_1': -10.652585983276367, 'val_rmse_target_2': 0.7763223052024841, 'val_mae_target_2': 0.68686842918396, 'val_r2_target_2': -1.6286101341247559, 'val_rmse_target_3': 1.059088110923767, 'val_mae_target_3': 0.7525956034660339, 'val_r2_target_3': -48.15207290649414}",COMPLETE
1,0.3700439865114512,2026-01-31 09:03:26.724776,2026-01-31 09:04:32.487847,0 days 00:01:05.763071,16,False,0.10355995929069901,0.22070050980558945,0.23073216036498254,0.00015195322622208742,8,2,static,8,512,2.0978286826874807e-05,"{'val_rmse_mean': 0.9619519114494324, 'val_mae_mean': 0.7165274620056152, 'val_r2_mean': -8.142962455749512, 'val_rmse_target_0': 1.0086184740066528, 'val_mae_target_0': 0.6704766750335693, 'val_r2_target_0': -9.441986083984375, 'val_rmse_target_1': 0.9877225756645203, 'val_mae_target_1': 0.7330971956253052, 'val_r2_target_1': -3.733039379119873, 'val_rmse_target_2': 0.7628445625305176, 'val_mae_target_2': 0.6562145352363586, 'val_r2_target_2': -0.11535334587097168, 'val_rmse_target_3': 1.0886220932006836, 'val_mae_target_3': 0.8063214421272278, 'val_r2_target_3': -19.281471252441406}",COMPLETE
2,0.4371593459336846,2026-01-31 09:04:32.627078,2026-01-31 09:05:39.103567,0 days 00:01:06.476489,16,False,0.16406734150733066,0.2841478408043377,0.3698171587029342,0.0004560168332479116,16,2,static,16,512,8.288325442440453e-05,"{'val_rmse_mean': 1.0288832187652588, 'val_mae_mean': 0.7937202453613281, 'val_r2_mean': -2.0060906410217285, 'val_rmse_target_0': 1.0092220306396484, 'val_mae_target_0': 0.7424891591072083, 'val_r2_target_0': -2.2278378009796143, 'val_rmse_target_1': 1.031817078590393, 'val_mae_target_1': 0.7737864851951599, 'val_r2_target_1': -1.9139089584350586, 'val_rmse_target_2': 0.8341367840766907, 'val_mae_target_2': 0.6600878834724426, 'val_r2_target_2': 0.009801387786865234, 'val_rmse_target_3': 1.2403570413589478, 'val_mae_target_3': 0.998517632484436, 'val_r2_target_3': -3.8924174308776855}",COMPLETE
3,0.3705158239161527,2026-01-31 09:05:39.242743,2026-01-31 09:06:42.323466,0 days 00:01:03.080723,16,False,0.11956511882320664,0.3361695572865214,0.37440989630507326,0.00017394005005996144,8,2,static,16,512,0.000385749922361122,"{'val_rmse_mean': 0.9645529985427856, 'val_mae_mean': 0.7152612805366516, 'val_r2_mean': -7.990959644317627, 'val_rmse_target_0': 1.0314029455184937, 'val_mae_target_0': 0.6972188353538513, 'val_r2_target_0': -8.708734512329102, 'val_rmse_target_1': 0.9426748752593994, 'val_mae_target_1': 0.6814113855361938, 'val_r2_target_1': -4.242014408111572, 'val_rmse_target_2': 0.7957158088684082, 'val_mae_target_2': 0.6805381774902344, 'val_r2_target_2': -0.3104950189590454, 'val_rmse_target_3': 1.0884183645248413, 'val_mae_target_3': 0.8018767237663269, 'val_r2_target_3': -18.702598571777344}",COMPLETE
4,0.35545679223206306,2026-01-31 09:06:42.464569,2026-01-31 09:07:49.339371,0 days 00:01:06.874802,16,False,0.10365456223317511,0.3869790780622783,0.21215537129895182,0.00013779462978680357,32,2,static,8,256,0.0006607716681118191,"{'val_rmse_mean': 0.94962078332901, 'val_mae_mean': 0.6947422623634338, 'val_r2_mean': -16.740407943725586, 'val_rmse_target_0': 1.014612078666687, 'val_mae_target_0': 0.6611315608024597, 'val_r2_target_0': -18.358606338500977, 'val_rmse_target_1': 0.9505636096000671, 'val_mae_target_1': 0.6774037480354309, 'val_r2_target_1': -7.668910026550293, 'val_rmse_target_2': 0.7657400369644165, 'val_mae_target_2': 0.6666682958602905, 'val_r2_target_2': -1.0765860080718994, 'val_rmse_target_3': 1.0675675868988037, 'val_mae_target_3': 0.7737652659416199, 'val_r2_target_3': -39.8575325012207}",COMPLETE
5,0.3639131452612303,2026-01-31 09:07:49.479884,2026-01-31 09:08:55.459947,0 days 00:01:05.980063,16,False,0.2252134909357614,0.33018439318060544,0.3863505925092459,7.891958244786477e-05,8,2,static,16,256,5.736407543694752e-05,"{'val_rmse_mean': 0.9745906591415405, 'val_mae_mean': 0.7016498446464539, 'val_r2_mean': -48.062110900878906, 'val_rmse_target_0': 1.0172667503356934, 'val_mae_target_0': 0.6480690240859985, 'val_r2_target_0': -63.20973205566406, 'val_rmse_target_1': 0.9815582036972046, 'val_mae_target_1': 0.6752616763114929, 'val_r2_target_1': -30.59466552734375, 'val_rmse_target_2': 0.8431445360183716, 'val_mae_target_2': 0.7388495206832886, 'val_r2_target_2': -5.961501121520996, 'val_rmse_target_3': 1.056393027305603, 'val_mae_target_3': 0.7444193363189697, 'val_r2_target_3': -92.48253631591797}",COMPLETE
6,0.3562754039411192,2026-01-31 09:08:55.600338,2026-01-31 09:10:02.391422,0 days 00:01:06.791084,16,False,0.1648995345235958,0.22298482703305875,0.3382531784948245,0.00017287681302380188,32,2,static,8,128,0.007898579482924167,"{'val_rmse_mean': 0.9625892639160156, 'val_mae_mean': 0.6933263540267944, 'val_r2_mean': -24.60259246826172, 'val_rmse_target_0': 1.0098036527633667, 'val_mae_target_0': 0.6458280086517334, 'val_r2_target_0': -31.420040130615234, 'val_rmse_target_1': 0.9613019824028015, 'val_mae_target_1': 0.6575295925140381, 'val_r2_target_1': -14.002501487731934, 'val_rmse_target_2': 0.7934611439704895, 'val_mae_target_2': 0.6906306147575378, 'val_r2_target_2': -2.2238430976867676, 'val_rmse_target_3': 1.0857905149459839, 'val_mae_target_3': 0.7793170809745789, 'val_r2_target_3': -50.76398849487305}",COMPLETE
7,0.35656792629096246,2026-01-31 09:10:02.530130,2026-01-31 09:11:10.622980,0 days 00:01:08.092850,16,False,0.23348664849449483,0.31021809872143036,0.22711129608790823,0.00012523603158429988,16,2,static,8,128,1.8898136103805785e-05,"{'val_rmse_mean': 0.9609788656234741, 'val_mae_mean': 0.693501889705658, 'val_r2_mean': -34.48236083984375, 'val_rmse_target_0': 1.0202205181121826, 'val_mae_target_0': 0.6456142067909241, 'val_r2_target_0': -49.56769561767578, 'val_rmse_target_1': 0.9561909437179565, 'val_mae_target_1': 0.6582092642784119, 'val_r2_target_1': -18.52171516418457, 'val_rmse_target_2': 0.8193579316139221, 'val_mae_target_2': 0.7159864902496338, 'val_r2_target_2': -4.877396583557129, 'val_rmse_target_3': 1.0481458902359009, 'val_mae_target_3': 0.7541975378990173, 'val_r2_target_3': -64.9626235961914}",COMPLETE
8,0.36671825643214917,2026-01-31 09:11:10.764131,2026-01-31 09:12:18.207673,0 days 00:01:07.443542,16,False,0.18209638669242623,0.2760337474222544,0.28751310354426063,6.872829097889327e-05,16,2,static,8,128,6.129120817667888e-05,"{'val_rmse_mean': 0.982020378112793, 'val_mae_mean': 0.699013352394104, 'val_r2_mean': -66.99625396728516, 'val_rmse_target_0': 1.0003862380981445, 'val_mae_target_0': 0.6259984374046326, 'val_r2_target_0': -119.66260528564453, 'val_rmse_target_1': 0.9642675518989563, 'val_mae_target_1': 0.6424059271812439, 'val_r2_target_1': -37.407779693603516, 'val_rmse_target_2': 0.9291993975639343, 'val_mae_target_2': 0.7995965480804443, 'val_r2_target_2': -19.99335289001465, 'val_rmse_target_3': 1.0342283248901367, 'val_mae_target_3': 0.7280526757240295, 'val_r2_target_3': -90.92127227783203}",COMPLETE
9,0.36499762369526756,2026-01-31 09:12:18.347411,2026-01-31 09:13:22.110308,0 days 00:01:03.762897,16,False,0.23552766310520967,0.2245978550218114,0.20209567126382452,0.0003359814165992073,16,2,static,8,128,0.0016295639069382566,"{'val_rmse_mean': 0.9540109038352966, 'val_mae_mean': 0.7064385414123535, 'val_r2_mean': -8.746204376220703, 'val_rmse_target_0': 0.9870778322219849, 'val_mae_target_0': 0.6352757215499878, 'val_r2_target_0': -8.403688430786133, 'val_rmse_target_1': 0.9570268392562866, 'val_mae_target_1': 0.7099046111106873, 'val_r2_target_1': -3.3963232040405273, 'val_rmse_target_2': 0.7845752239227295, 'val_mae_target_2': 0.6836419701576233, 'val_r2_target_2': -0.25382983684539795, 'val_rmse_target_3': 1.0873637199401855, 'val_mae_target_3': 0.7969321012496948, 'val_r2_target_3': -22.930973052978516}",COMPLETE
10,0.35656160640495793,2026-01-31 09:13:22.249768,2026-01-31 09:14:28.156537,0 days 00:01:05.906769,16,False,0.2926656537616562,0.391526275006828,0.30688640450204896,5.2409907491230185e-05,16,2,static,16,512,0.009364404676713737,"{'val_rmse_mean': 0.961180567741394, 'val_mae_mean': 0.6870757341384888, 'val_r2_mean': -41.48925018310547, 'val_rmse_target_0': 1.0127687454223633, 'val_mae_target_0': 0.6348568201065063, 'val_r2_target_0': -58.03190994262695, 'val_rmse_target_1': 0.9701484441757202, 'val_mae_target_1': 0.6684629917144775, 'val_r2_target_1': -18.322385787963867, 'val_rmse_target_2': 0.8198354244232178, 'val_mae_target_2': 0.7081267237663269, 'val_r2_target_2': -5.130589962005615, 'val_rmse_target_3': 1.041969656944275, 'val_mae_target_3': 0.7368564009666443, 'val_r2_target_3': -84.47209930419922}",COMPLETE
11,0.35600266364161615,2026-01-31 09:14:28.296256,2026-01-31 09:15:34.960697,0 days 00:01:06.664441,16,False,0.13183680536095124,0.39717864133481007,0.27888388001743364,9.488070714709578e-05,32,2,static,16,256,0.0012163822899647547,"{'val_rmse_mean': 0.9601415395736694, 'val_mae_mean': 0.6904996633529663, 'val_r2_mean': -26.579471588134766, 'val_rmse_target_0': 1.0141011476516724, 'val_mae_target_0': 0.6568759679794312, 'val_r2_target_0': -28.295978546142578, 'val_rmse_target_1': 0.96219801902771, 'val_mae_target_1': 0.6645855903625488, 'val_r2_target_1': -18.313108444213867, 'val_rmse_target_2': 0.8060754537582397, 'val_mae_target_2': 0.6857597827911377, 'val_r2_target_2': -3.271517753601074, 'val_rmse_target_3': 1.0581915378570557, 'val_mae_target_3': 0.7547774314880371, 'val_r2_target_3': -56.43728256225586}",COMPLETE
12,0.38215417815027414,2026-01-31 09:15:35.101658,2026-01-31 09:16:44.339538,0 days 00:01:09.237880,16,False,0.27607760977673834,0.365077143004786,0.3337313955173186,0.0002461020802785265,32,2,static,16,256,0.002201201236124627,"{'val_rmse_mean': 0.9745481014251709, 'val_mae_mean': 0.7340582013130188, 'val_r2_mean': -5.782421112060547, 'val_rmse_target_0': 1.0025606155395508, 'val_mae_target_0': 0.6940012574195862, 'val_r2_target_0': -5.892848491668701, 'val_rmse_target_1': 0.9855241775512695, 'val_mae_target_1': 0.7302109003067017, 'val_r2_target_1': -2.940408945083618, 'val_rmse_target_2': 0.7968613505363464, 'val_mae_target_2': 0.6874024271965027, 'val_r2_target_2': -0.32120442390441895, 'val_rmse_target_3': 1.1132463216781616, 'val_mae_target_3': 0.8246181607246399, 'val_r2_target_3': -13.97522258758545}",COMPLETE
13,0.3593718533714612,2026-01-31 09:16:44.479414,2026-01-31 09:17:52.811830,0 days 00:01:08.332416,16,False,0.20342341649808515,0.3606446993963161,0.26080014691245007,0.00010831370147022585,32,2,static,8,256,0.00038688404847399597,"{'val_rmse_mean': 0.9600157737731934, 'val_mae_mean': 0.7022138833999634, 'val_r2_mean': -19.89554214477539, 'val_rmse_target_0': 1.0348056554794312, 'val_mae_target_0': 0.6785790324211121, 'val_r2_target_0': -25.10323715209961, 'val_rmse_target_1': 0.9758120775222778, 'val_mae_target_1': 0.6740710139274597, 'val_r2_target_1': -15.281055450439453, 'val_rmse_target_2': 0.7616620659828186, 'val_mae_target_2': 0.684133768081665, 'val_r2_target_2': -1.6539230346679688, 'val_rmse_target_3': 1.0677833557128906, 'val_mae_target_3': 0.7720719575881958, 'val_r2_target_3': -37.54396057128906}",COMPLETE
14,0.35889780273040134,2026-01-31 09:17:52.958176,2026-01-31 09:19:01.842395,0 days 00:01:08.884219,16,False,0.14187305397405084,0.36133574258105033,0.3350875123441549,5.195410580588172e-05,32,2,static,8,512,0.003750412566953486,"{'val_rmse_mean': 0.9661978483200073, 'val_mae_mean': 0.6987742185592651, 'val_r2_mean': -27.220502853393555, 'val_rmse_target_0': 1.0269705057144165, 'val_mae_target_0': 0.6567025184631348, 'val_r2_target_0': -39.015567779541016, 'val_rmse_target_1': 0.9650507569313049, 'val_mae_target_1': 0.6663448214530945, 'val_r2_target_1': -19.75455665588379, 'val_rmse_target_2': 0.8041793704032898, 'val_mae_target_2': 0.7081978917121887, 'val_r2_target_2': -2.7109947204589844, 'val_rmse_target_3': 1.0685906410217285, 'val_mae_target_3': 0.763851523399353, 'val_r2_target_3': -47.40089416503906}",COMPLETE
15,0.3785368638734023,2026-01-31 09:19:01.982590,2026-01-31 09:20:07.961107,0 days 00:01:05.978517,16,False,0.20284479861354873,0.3345599140362615,0.25706619330398606,0.0002304923290572103,16,2,static,16,256,0.0008496978418658857,"{'val_rmse_mean': 0.9702975153923035, 'val_mae_mean': 0.722557544708252, 'val_r2_mean': -6.005660057067871, 'val_rmse_target_0': 0.9790900945663452, 'val_mae_target_0': 0.6462194919586182, 'val_r2_target_0': -6.538534164428711, 'val_rmse_target_1': 0.9700502157211304, 'val_mae_target_1': 0.7020581364631653, 'val_r2_target_1': -4.03054666519165, 'val_rmse_target_2': 0.7864096760749817, 'val_mae_target_2': 0.6812123656272888, 'val_r2_target_2': -0.3105316162109375, 'val_rmse_target_3': 1.1456401348114014, 'val_mae_target_3': 0.8607403039932251, 'val_r2_target_3': -13.14302921295166}",COMPLETE
16,0.35961445993571367,2026-01-31 09:20:08.101307,2026-01-31 09:21:17.190595,0 days 00:01:09.089288,16,False,0.2553872679204128,0.3791559763677233,0.3991030599790911,7.702242031699079e-05,32,2,static,16,256,0.00021660367551018986,"{'val_rmse_mean': 0.964627742767334, 'val_mae_mean': 0.6947947144508362, 'val_r2_mean': -45.71521759033203, 'val_rmse_target_0': 1.0105382204055786, 'val_mae_target_0': 0.6464394927024841, 'val_r2_target_0': -83.4588851928711, 'val_rmse_target_1': 0.9501368403434753, 'val_mae_target_1': 0.647802472114563, 'val_r2_target_1': -30.097993850708008, 'val_rmse_target_2': 0.8471826910972595, 'val_mae_target_2': 0.7324799299240112, 'val_r2_target_2': -6.447068691253662, 'val_rmse_target_3': 1.0506532192230225, 'val_mae_target_3': 0.7524569034576416, 'val_r2_target_3': -62.85690689086914}",COMPLETE
17,0.359750025526241,2026-01-31 09:21:17.331871,2026-01-31 09:22:24.029746,0 days 00:01:06.697875,16,False,0.15861762430946963,0.2508649466082368,0.31110909535927145,0.00013755979767826116,16,2,static,8,512,0.0045006271560114304,"{'val_rmse_mean': 0.9476381540298462, 'val_mae_mean': 0.7040575742721558, 'val_r2_mean': -10.863698959350586, 'val_rmse_target_0': 1.0101265907287598, 'val_mae_target_0': 0.6680272221565247, 'val_r2_target_0': -12.514901161193848, 'val_rmse_target_1': 0.9607995748519897, 'val_mae_target_1': 0.7084853649139404, 'val_r2_target_1': -4.598959445953369, 'val_rmse_target_2': 0.74819016456604, 'val_mae_target_2': 0.6459564566612244, 'val_r2_target_2': -0.19740808010101318, 'val_rmse_target_3': 1.0714364051818848, 'val_mae_target_3': 0.7937613129615784, 'val_r2_target_3': -26.143526077270508}",COMPLETE
18,0.361014137527457,2026-01-31 09:22:24.169052,2026-01-31 09:23:34.028764,0 days 00:01:09.859712,16,False,0.18399287677914716,0.31529050840679224,0.3553133266347557,9.854905007140848e-05,32,2,static,8,512,0.0005515723147851684,"{'val_rmse_mean': 0.95783931016922, 'val_mae_mean': 0.7027320861816406, 'val_r2_mean': -13.671048164367676, 'val_rmse_target_0': 1.0241944789886475, 'val_mae_target_0': 0.6650603413581848, 'val_r2_target_0': -17.98409652709961, 'val_rmse_target_1': 0.9680840969085693, 'val_mae_target_1': 0.6955372095108032, 'val_r2_target_1': -7.512819290161133, 'val_rmse_target_2': 0.7522573471069336, 'val_mae_target_2': 0.6596677303314209, 'val_r2_target_2': -0.5208346843719482, 'val_rmse_target_3': 1.0868213176727295, 'val_mae_target_3': 0.7906628847122192, 'val_r2_target_3': -28.666444778442383}",COMPLETE
19,0.37269093551569515,2026-01-31 09:23:34.167785,2026-01-31 09:24:38.268871,0 days 00:01:04.101086,16,False,0.25411040924841,0.351143668992465,0.2031408371391008,0.000223398361115794,8,2,static,16,256,0.00017435741375880845,"{'val_rmse_mean': 0.9594359397888184, 'val_mae_mean': 0.7117149829864502, 'val_r2_mean': -8.099227905273438, 'val_rmse_target_0': 0.9756784439086914, 'val_mae_target_0': 0.6237732172012329, 'val_r2_target_0': -9.013827323913574, 'val_rmse_target_1': 0.9907669425010681, 'val_mae_target_1': 0.7404083013534546, 'val_r2_target_1': -3.817880630493164, 'val_rmse_target_2': 0.7816290259361267, 'val_mae_target_2': 0.6808512210845947, 'val_r2_target_2': -0.23127448558807373, 'val_rmse_target_3': 1.089669108390808, 'val_mae_target_3': 0.8018271923065186, 'val_r2_target_3': -19.333925247192383}",COMPLETE
20,0.35547015484836364,2026-01-31 09:24:38.409335,2026-01-31 09:25:46.547957,0 days 00:01:08.138622,16,False,0.10289334515240703,0.3789938765863137,0.23590668014578456,6.843262638388588e-05,32,2,static,8,512,0.0029744205980519085,"{'val_rmse_mean': 0.9515620470046997, 'val_mae_mean': 0.6942301988601685, 'val_r2_mean': -18.612913131713867, 'val_rmse_target_0': 0.9984729290008545, 'val_mae_target_0': 0.6433933973312378, 'val_r2_target_0': -29.42417335510254, 'val_rmse_target_1': 0.9562898278236389, 'val_mae_target_1': 0.6716943383216858, 'val_r2_target_1': -9.08398151397705, 'val_rmse_target_2': 0.7819176316261292, 'val_mae_target_2': 0.6871627569198608, 'val_r2_target_2': -1.3359017372131348, 'val_rmse_target_3': 1.0695677995681763, 'val_mae_target_3': 0.7746700048446655, 'val_r2_target_3': -34.60759735107422}",COMPLETE
21,0.3540893524057335,2026-01-31 09:25:46.687976,2026-01-31 09:26:55.104176,0 days 00:01:08.416200,16,False,0.11576291192404572,0.38187213495920974,0.2359730729475183,6.753740919597334e-05,32,2,static,8,512,0.0028679130807416015,"{'val_rmse_mean': 0.9526381492614746, 'val_mae_mean': 0.6978607773780823, 'val_r2_mean': -21.777036666870117, 'val_rmse_target_0': 1.0050849914550781, 'val_mae_target_0': 0.6468609571456909, 'val_r2_target_0': -35.130733489990234, 'val_rmse_target_1': 0.9748847484588623, 'val_mae_target_1': 0.6950856447219849, 'val_r2_target_1': -10.203592300415039, 'val_rmse_target_2': 0.7686960697174072, 'val_mae_target_2': 0.6853905320167542, 'val_r2_target_2': -1.6178455352783203, 'val_rmse_target_3': 1.0618867874145508, 'val_mae_target_3': 0.7641060948371887, 'val_r2_target_3': -40.15596389770508}",COMPLETE
22,0.3557478491630819,2026-01-31 09:26:55.245476,2026-01-31 09:28:00.797565,0 days 00:01:05.552089,16,False,0.12531784698233947,0.3773737791829079,0.25320688778003625,8.652239866253547e-05,32,2,static,8,512,0.0009731122459391272,"{'val_rmse_mean': 0.9511131644248962, 'val_mae_mean': 0.6994338631629944, 'val_r2_mean': -14.731453895568848, 'val_rmse_target_0': 1.0211673974990845, 'val_mae_target_0': 0.6698084473609924, 'val_r2_target_0': -19.927997589111328, 'val_rmse_target_1': 0.9601952433586121, 'val_mae_target_1': 0.6836774349212646, 'val_r2_target_1': -7.230712890625, 'val_rmse_target_2': 0.759240984916687, 'val_mae_target_2': 0.6691160798072815, 'val_r2_target_2': -0.7012882232666016, 'val_rmse_target_3': 1.0638492107391357, 'val_mae_target_3': 0.7751335501670837, 'val_r2_target_3': -31.065814971923828}",COMPLETE
23,0.3572496585547924,2026-01-31 09:28:00.936612,2026-01-31 09:29:08.746352,0 days 00:01:07.809740,16,False,0.14859235605985618,0.34892519243837317,0.2098507391217415,6.089304311944597e-05,32,2,static,8,512,0.004980733918487465,"{'val_rmse_mean': 0.9587482213973999, 'val_mae_mean': 0.7001006603240967, 'val_r2_mean': -18.804283142089844, 'val_rmse_target_0': 1.0305107831954956, 'val_mae_target_0': 0.6689483523368835, 'val_r2_target_0': -25.153024673461914, 'val_rmse_target_1': 0.9737332463264465, 'val_mae_target_1': 0.6894516348838806, 'val_r2_target_1': -10.130638122558594, 'val_rmse_target_2': 0.7613171935081482, 'val_mae_target_2': 0.673409640789032, 'val_r2_target_2': -1.609501838684082, 'val_rmse_target_3': 1.0694316625595093, 'val_mae_target_3': 0.7685931324958801, 'val_r2_target_3': -38.32395935058594}",COMPLETE
24,0.36223013754244204,2026-01-31 09:29:08.885740,2026-01-31 09:30:11.597524,0 days 00:01:02.711784,16,False,0.11605424428272909,0.3966928640486095,0.21932452644003975,0.00011851436938983243,32,2,static,8,512,0.002057001172663949,"{'val_rmse_mean': 0.9511443376541138, 'val_mae_mean': 0.7059925198554993, 'val_r2_mean': -10.201875686645508, 'val_rmse_target_0': 1.0202946662902832, 'val_mae_target_0': 0.6808803677558899, 'val_r2_target_0': -12.26445484161377, 'val_rmse_target_1': 0.9599701166152954, 'val_mae_target_1': 0.7051319479942322, 'val_r2_target_1': -5.656682014465332, 'val_rmse_target_2': 0.7508442401885986, 'val_mae_target_2': 0.6498743891716003, 'val_r2_target_2': -0.28581082820892334, 'val_rmse_target_3': 1.0734680891036987, 'val_mae_target_3': 0.7880833148956299, 'val_r2_target_3': -22.600553512573242}",COMPLETE
