number,value,datetime_start,datetime_complete,duration,params_aggregation,params_alpha,params_l1_ratio,params_lr,user_attrs_val_metrics,state
0,0.3798200625374361,2026-01-31 10:27:13.866390,2026-01-31 10:27:51.073295,0 days 00:00:37.206905,mean,0.12662574758331566,0.2385173820836818,0.00041017567845853966,"{'val_rmse_mean': 0.9513399600982666, 'val_mae_mean': 0.7390445470809937, 'val_r2_mean': -8.151679992675781, 'val_rmse_target_0': 0.891246497631073, 'val_mae_target_0': 0.6611261963844299, 'val_r2_target_0': -2.951035499572754, 'val_rmse_target_1': 0.9260904788970947, 'val_mae_target_1': 0.7214992046356201, 'val_r2_target_1': -4.990617752075195, 'val_rmse_target_2': 0.9390811324119568, 'val_mae_target_2': 0.807404100894928, 'val_r2_target_2': -8.885528564453125, 'val_rmse_target_3': 1.0489414930343628, 'val_mae_target_3': 0.7661486864089966, 'val_r2_target_3': -15.779537200927734}",COMPLETE
1,0.38260205614346043,2026-01-31 10:27:51.214767,2026-01-31 10:28:31.339615,0 days 00:00:40.124848,attention,0.016702311106344358,0.12117710258633006,0.0002816043387361756,"{'val_rmse_mean': 0.9671486616134644, 'val_mae_mean': 0.7377040386199951, 'val_r2_mean': -10.640340805053711, 'val_rmse_target_0': 0.9364598393440247, 'val_mae_target_0': 0.675815999507904, 'val_r2_target_0': -8.461260795593262, 'val_rmse_target_1': 0.9075766801834106, 'val_mae_target_1': 0.6864871382713318, 'val_r2_target_1': -8.597922325134277, 'val_rmse_target_2': 0.9404606819152832, 'val_mae_target_2': 0.8161248564720154, 'val_r2_target_2': -11.628942489624023, 'val_rmse_target_3': 1.0840975046157837, 'val_mae_target_3': 0.772388219833374, 'val_r2_target_3': -13.873234748840332}",COMPLETE
2,0.4437892163793246,2026-01-31 10:28:31.480844,2026-01-31 10:29:11.705931,0 days 00:00:40.225087,attention,0.09114417110442606,0.36979102006568265,0.0009721123868274023,"{'val_rmse_mean': 1.0594627857208252, 'val_mae_mean': 0.8004041910171509, 'val_r2_mean': -3.177527666091919, 'val_rmse_target_0': 1.0741578340530396, 'val_mae_target_0': 0.7781708240509033, 'val_r2_target_0': -3.0980606079101562, 'val_rmse_target_1': 0.9621833562850952, 'val_mae_target_1': 0.6408653855323792, 'val_r2_target_1': -2.8737807273864746, 'val_rmse_target_2': 1.0474828481674194, 'val_mae_target_2': 0.905178427696228, 'val_r2_target_2': -2.358316421508789, 'val_rmse_target_3': 1.1540268659591675, 'val_mae_target_3': 0.8774021863937378, 'val_r2_target_3': -4.379951477050781}",COMPLETE
3,0.4019560208199201,2026-01-31 10:29:11.848793,2026-01-31 10:29:48.169942,0 days 00:00:36.321149,mean,0.00019799503283486077,0.3413121445471422,0.00031455150775075517,"{'val_rmse_mean': 0.9900190234184265, 'val_mae_mean': 0.7585139274597168, 'val_r2_mean': -10.745914459228516, 'val_rmse_target_0': 0.92507404088974, 'val_mae_target_0': 0.6388179659843445, 'val_r2_target_0': -6.8459906578063965, 'val_rmse_target_1': 0.8938981890678406, 'val_mae_target_1': 0.6835851073265076, 'val_r2_target_1': -6.784099578857422, 'val_rmse_target_2': 1.039050817489624, 'val_mae_target_2': 0.9082381129264832, 'val_r2_target_2': -9.064035415649414, 'val_rmse_target_3': 1.102052927017212, 'val_mae_target_3': 0.8034145832061768, 'val_r2_target_3': -20.289533615112305}",COMPLETE
4,0.3891208925180965,2026-01-31 10:29:48.311356,2026-01-31 10:30:28.162940,0 days 00:00:39.851584,attention,0.8421530092830546,0.362381870446032,0.0005486457140536937,"{'val_rmse_mean': 0.9707872271537781, 'val_mae_mean': 0.7334155440330505, 'val_r2_mean': -4.779153347015381, 'val_rmse_target_0': 0.8021848797798157, 'val_mae_target_0': 0.5858668088912964, 'val_r2_target_0': -3.330960273742676, 'val_rmse_target_1': 0.9546114802360535, 'val_mae_target_1': 0.6815318465232849, 'val_r2_target_1': -3.9270706176757812, 'val_rmse_target_2': 0.9840580224990845, 'val_mae_target_2': 0.8441501259803772, 'val_r2_target_2': -2.6743249893188477, 'val_rmse_target_3': 1.1422946453094482, 'val_mae_target_3': 0.8221134543418884, 'val_r2_target_3': -9.184256553649902}",COMPLETE
5,0.4995673086356234,2026-01-31 10:30:28.303909,2026-01-31 10:31:06.315788,0 days 00:00:38.011879,mean,0.005345194342835608,0.2736093320496593,0.002957277008787808,"{'val_rmse_mean': 1.1067140102386475, 'val_mae_mean': 0.8883434534072876, 'val_r2_mean': -1.1999878883361816, 'val_rmse_target_0': 1.088139533996582, 'val_mae_target_0': 0.887152373790741, 'val_r2_target_0': -0.9200179576873779, 'val_rmse_target_1': 0.9962413311004639, 'val_mae_target_1': 0.7040382623672485, 'val_r2_target_1': -0.9103527069091797, 'val_rmse_target_2': 1.1615748405456543, 'val_mae_target_2': 0.9650185108184814, 'val_r2_target_2': -1.049516201019287, 'val_rmse_target_3': 1.1809002161026, 'val_mae_target_3': 0.9971646070480347, 'val_r2_target_3': -1.9200646877288818}",COMPLETE
6,0.5180594634126734,2026-01-31 10:31:06.458587,2026-01-31 10:31:47.242088,0 days 00:00:40.783501,attention,0.00013913252315610506,0.6585620635486942,0.004041795090242085,"{'val_rmse_mean': 1.106634497642517, 'val_mae_mean': 0.9153375625610352, 'val_r2_mean': -0.5190038681030273, 'val_rmse_target_0': 1.1138039827346802, 'val_mae_target_0': 0.8870135545730591, 'val_r2_target_0': -0.5620795488357544, 'val_rmse_target_1': 0.9547098875045776, 'val_mae_target_1': 0.81205815076828, 'val_r2_target_1': -0.16075897216796875, 'val_rmse_target_2': 1.1344659328460693, 'val_mae_target_2': 0.9647021889686584, 'val_r2_target_2': -0.44859063625335693, 'val_rmse_target_3': 1.2235580682754517, 'val_mae_target_3': 0.9975765347480774, 'val_r2_target_3': -0.9045859575271606}",COMPLETE
7,0.4461221253430402,2026-01-31 10:31:47.383734,2026-01-31 10:32:29.301812,0 days 00:00:41.918078,attention,0.003189342226843699,0.2252180416432097,0.0010224251688367386,"{'val_rmse_mean': 1.0466256141662598, 'val_mae_mean': 0.8175055384635925, 'val_r2_mean': -3.288201332092285, 'val_rmse_target_0': 1.0562025308609009, 'val_mae_target_0': 0.832119882106781, 'val_r2_target_0': -1.3191101551055908, 'val_rmse_target_1': 0.9550012350082397, 'val_mae_target_1': 0.6826761960983276, 'val_r2_target_1': -3.337337017059326, 'val_rmse_target_2': 1.0713342428207397, 'val_mae_target_2': 0.9149964451789856, 'val_r2_target_2': -2.4322144985198975, 'val_rmse_target_3': 1.1039645671844482, 'val_mae_target_3': 0.8402296900749207, 'val_r2_target_3': -6.064145088195801}",COMPLETE
8,0.37395823953880203,2026-01-31 10:32:29.444222,2026-01-31 10:33:07.125994,0 days 00:00:37.681772,mean,0.0005740038510274584,0.40420984567714213,0.00046014927315396015,"{'val_rmse_mean': 0.9559475183486938, 'val_mae_mean': 0.7208791971206665, 'val_r2_mean': -7.404397964477539, 'val_rmse_target_0': 0.9181912541389465, 'val_mae_target_0': 0.6392974257469177, 'val_r2_target_0': -4.581738471984863, 'val_rmse_target_1': 0.9178162217140198, 'val_mae_target_1': 0.6895287036895752, 'val_r2_target_1': -5.06563663482666, 'val_rmse_target_2': 0.9155644178390503, 'val_mae_target_2': 0.7887389659881592, 'val_r2_target_2': -4.464963912963867, 'val_rmse_target_3': 1.0722181797027588, 'val_mae_target_3': 0.7659516334533691, 'val_r2_target_3': -15.505252838134766}",COMPLETE
9,0.47879166473393087,2026-01-31 10:33:07.268873,2026-01-31 10:33:45.092231,0 days 00:00:37.823358,attention,0.571863917660622,0.19286163809620638,0.0009024403541141923,"{'val_rmse_mean': 1.0858259201049805, 'val_mae_mean': 0.8496580719947815, 'val_r2_mean': -2.4486446380615234, 'val_rmse_target_0': 1.1206185817718506, 'val_mae_target_0': 0.829370379447937, 'val_r2_target_0': -1.7446026802062988, 'val_rmse_target_1': 0.9604730010032654, 'val_mae_target_1': 0.6869986653327942, 'val_r2_target_1': -2.2734782695770264, 'val_rmse_target_2': 1.0750921964645386, 'val_mae_target_2': 0.9272816181182861, 'val_r2_target_2': -1.6697685718536377, 'val_rmse_target_3': 1.187119722366333, 'val_mae_target_3': 0.9549816250801086, 'val_r2_target_3': -4.106728553771973}",COMPLETE
10,0.40313865216793837,2026-01-31 10:33:45.234738,2026-01-31 10:34:21.795689,0 days 00:00:36.560951,mean,0.0008524504522127943,0.8974999532977717,0.00010438626667084932,"{'val_rmse_mean': 0.9969932436943054, 'val_mae_mean': 0.7707420587539673, 'val_r2_mean': -14.481639862060547, 'val_rmse_target_0': 0.9142552614212036, 'val_mae_target_0': 0.6126880645751953, 'val_r2_target_0': -11.348434448242188, 'val_rmse_target_1': 0.9388222098350525, 'val_mae_target_1': 0.7575076222419739, 'val_r2_target_1': -15.007469177246094, 'val_rmse_target_2': 1.063773512840271, 'val_mae_target_2': 0.9438461661338806, 'val_r2_target_2': -13.009891510009766, 'val_rmse_target_3': 1.0711219310760498, 'val_mae_target_3': 0.7689265012741089, 'val_r2_target_3': -18.560762405395508}",COMPLETE
11,0.41038884822693134,2026-01-31 10:34:21.936739,2026-01-31 10:34:59.544564,0 days 00:00:37.607825,mean,0.08439537392889147,0.5688601831512273,0.00021518259072831627,"{'val_rmse_mean': 1.00969398021698, 'val_mae_mean': 0.7773095369338989, 'val_r2_mean': -12.537629127502441, 'val_rmse_target_0': 0.9287775754928589, 'val_mae_target_0': 0.6780772805213928, 'val_r2_target_0': -5.218878746032715, 'val_rmse_target_1': 0.98923259973526, 'val_mae_target_1': 0.734138011932373, 'val_r2_target_1': -15.84402084350586, 'val_rmse_target_2': 1.063092589378357, 'val_mae_target_2': 0.9277259111404419, 'val_r2_target_2': -12.45654582977295, 'val_rmse_target_3': 1.0576728582382202, 'val_mae_target_3': 0.7692971229553223, 'val_r2_target_3': -16.631065368652344}",COMPLETE
12,0.3896802274717225,2026-01-31 10:34:59.685624,2026-01-31 10:35:36.677028,0 days 00:00:36.991404,mean,0.04138648946354258,0.48009268609044575,0.0004893979205099695,"{'val_rmse_mean': 0.9616967439651489, 'val_mae_mean': 0.7441515326499939, 'val_r2_mean': -5.758864402770996, 'val_rmse_target_0': 0.8970373868942261, 'val_mae_target_0': 0.6309982538223267, 'val_r2_target_0': -3.4232864379882812, 'val_rmse_target_1': 0.8459607362747192, 'val_mae_target_1': 0.6427773237228394, 'val_r2_target_1': -3.519418716430664, 'val_rmse_target_2': 0.9875355958938599, 'val_mae_target_2': 0.876867949962616, 'val_r2_target_2': -6.108855247497559, 'val_rmse_target_3': 1.11625337600708, 'val_mae_target_3': 0.8259625434875488, 'val_r2_target_3': -9.98389720916748}",COMPLETE
13,0.4348475615735407,2026-01-31 10:35:36.819747,2026-01-31 10:36:13.580108,0 days 00:00:36.760361,mean,0.0012008256464501011,0.49188416211196495,0.001607697374885408,"{'val_rmse_mean': 1.0302931070327759, 'val_mae_mean': 0.8022298812866211, 'val_r2_mean': -1.9145861864089966, 'val_rmse_target_0': 1.0351918935775757, 'val_mae_target_0': 0.790178656578064, 'val_r2_target_0': -1.5404715538024902, 'val_rmse_target_1': 0.9248780012130737, 'val_mae_target_1': 0.6494624018669128, 'val_r2_target_1': -1.6682813167572021, 'val_rmse_target_2': 1.0472599267959595, 'val_mae_target_2': 0.8544723391532898, 'val_r2_target_2': -1.2263286113739014, 'val_rmse_target_3': 1.1138426065444946, 'val_mae_target_3': 0.9148060083389282, 'val_r2_target_3': -3.223264217376709}",COMPLETE
14,0.4078748968464357,2026-01-31 10:36:13.721927,2026-01-31 10:36:51.850948,0 days 00:00:38.129021,mean,0.22673270914665888,0.7160954747638303,0.00012132557895250712,"{'val_rmse_mean': 1.0136404037475586, 'val_mae_mean': 0.7637710571289062, 'val_r2_mean': -20.858409881591797, 'val_rmse_target_0': 1.012097716331482, 'val_mae_target_0': 0.6810902953147888, 'val_r2_target_0': -15.614585876464844, 'val_rmse_target_1': 1.019680380821228, 'val_mae_target_1': 0.7541798949241638, 'val_r2_target_1': -19.874013900756836, 'val_rmse_target_2': 0.9923485517501831, 'val_mae_target_2': 0.8761330842971802, 'val_r2_target_2': -22.7288818359375, 'val_rmse_target_3': 1.0304350852966309, 'val_mae_target_3': 0.743681013584137, 'val_r2_target_3': -25.216157913208008}",COMPLETE
15,0.39657606018914116,2026-01-31 10:36:51.992561,2026-01-31 10:37:30.405681,0 days 00:00:38.413120,mean,0.016290586680055553,0.10618500268872164,0.00045710788826143153,"{'val_rmse_mean': 0.9698426127433777, 'val_mae_mean': 0.7565280199050903, 'val_r2_mean': -6.033305644989014, 'val_rmse_target_0': 0.9087451696395874, 'val_mae_target_0': 0.6281532645225525, 'val_r2_target_0': -3.115525722503662, 'val_rmse_target_1': 0.899793267250061, 'val_mae_target_1': 0.7212255001068115, 'val_r2_target_1': -4.800175189971924, 'val_rmse_target_2': 0.9949984550476074, 'val_mae_target_2': 0.8975945115089417, 'val_r2_target_2': -5.234912872314453, 'val_rmse_target_3': 1.0758335590362549, 'val_mae_target_3': 0.7791386842727661, 'val_r2_target_3': -10.982608795166016}",COMPLETE
16,0.4061315430811158,2026-01-31 10:37:30.548266,2026-01-31 10:38:07.006941,0 days 00:00:36.458675,mean,0.0005634991418763195,0.4246379995248718,0.00019554337331015694,"{'val_rmse_mean': 1.0050313472747803, 'val_mae_mean': 0.7607553601264954, 'val_r2_mean': -12.069133758544922, 'val_rmse_target_0': 0.9292093515396118, 'val_mae_target_0': 0.6184834241867065, 'val_r2_target_0': -7.99449348449707, 'val_rmse_target_1': 0.9591462016105652, 'val_mae_target_1': 0.7530934810638428, 'val_r2_target_1': -8.138287544250488, 'val_rmse_target_2': 1.0611275434494019, 'val_mae_target_2': 0.9408795237541199, 'val_r2_target_2': -13.027170181274414, 'val_rmse_target_3': 1.0706424713134766, 'val_mae_target_3': 0.7305651307106018, 'val_r2_target_3': -19.1165828704834}",COMPLETE
17,0.47498701954329453,2026-01-31 10:38:07.149427,2026-01-31 10:38:45.573836,0 days 00:00:38.424409,mean,0.004278875828502419,0.28167602843369155,0.002216824824874253,"{'val_rmse_mean': 1.0863858461380005, 'val_mae_mean': 0.8518881797790527, 'val_r2_mean': -1.608257532119751, 'val_rmse_target_0': 1.053580641746521, 'val_mae_target_0': 0.826220691204071, 'val_r2_target_0': -1.384186029434204, 'val_rmse_target_1': 0.9509022831916809, 'val_mae_target_1': 0.6665969491004944, 'val_r2_target_1': -1.3047451972961426, 'val_rmse_target_2': 1.1294888257980347, 'val_mae_target_2': 0.9138767719268799, 'val_r2_target_2': -1.22344970703125, 'val_rmse_target_3': 1.2115718126296997, 'val_mae_target_3': 1.000858187675476, 'val_r2_target_3': -2.520648717880249}",COMPLETE
18,0.3847007114026282,2026-01-31 10:38:45.716153,2026-01-31 10:39:23.885807,0 days 00:00:38.169654,mean,0.3026346029983156,0.6016509598112535,0.0003330620646493216,"{'val_rmse_mean': 0.975061297416687, 'val_mae_mean': 0.7323971390724182, 'val_r2_mean': -9.355958938598633, 'val_rmse_target_0': 0.9173892140388489, 'val_mae_target_0': 0.5921933054924011, 'val_r2_target_0': -6.300477981567383, 'val_rmse_target_1': 0.9349132180213928, 'val_mae_target_1': 0.6915374994277954, 'val_r2_target_1': -5.71625280380249, 'val_rmse_target_2': 1.0336401462554932, 'val_mae_target_2': 0.9031920433044434, 'val_r2_target_2': -7.317898750305176, 'val_rmse_target_3': 1.0143028497695923, 'val_mae_target_3': 0.742665708065033, 'val_r2_target_3': -18.089204788208008}",COMPLETE
19,0.40178850210375255,2026-01-31 10:39:24.028141,2026-01-31 10:40:00.820055,0 days 00:00:36.791914,mean,0.0003649316514234226,0.775001723802323,0.0006529402648886047,"{'val_rmse_mean': 0.9759953022003174, 'val_mae_mean': 0.7667346596717834, 'val_r2_mean': -5.072127819061279, 'val_rmse_target_0': 0.9001238346099854, 'val_mae_target_0': 0.6910077333450317, 'val_r2_target_0': -1.8489477634429932, 'val_rmse_target_1': 0.8947480916976929, 'val_mae_target_1': 0.6688171625137329, 'val_r2_target_1': -4.229940891265869, 'val_rmse_target_2': 0.9744457602500916, 'val_mae_target_2': 0.8559228181838989, 'val_r2_target_2': -3.7575297355651855, 'val_rmse_target_3': 1.134663462638855, 'val_mae_target_3': 0.8511908650398254, 'val_r2_target_3': -10.452093124389648}",COMPLETE
20,0.3805413749758844,2026-01-31 10:40:00.961034,2026-01-31 10:40:38.445432,0 days 00:00:37.484398,mean,0.0015791984140116509,0.19615115966482052,0.0001658693993190211,"{'val_rmse_mean': 0.9728374481201172, 'val_mae_mean': 0.7343928217887878, 'val_r2_mean': -15.241786003112793, 'val_rmse_target_0': 1.001448392868042, 'val_mae_target_0': 0.6880481243133545, 'val_r2_target_0': -7.228338241577148, 'val_rmse_target_1': 0.8926441073417664, 'val_mae_target_1': 0.6504920125007629, 'val_r2_target_1': -14.95763111114502, 'val_rmse_target_2': 0.9530956149101257, 'val_mae_target_2': 0.8372126817703247, 'val_r2_target_2': -18.180763244628906, 'val_rmse_target_3': 1.0441614389419556, 'val_mae_target_3': 0.7618185877799988, 'val_r2_target_3': -20.600412368774414}",COMPLETE
21,0.41271917404675923,2026-01-31 10:40:38.588921,2026-01-31 10:41:15.601003,0 days 00:00:37.012082,mean,0.0018095839708364115,0.1772911546796023,0.00019896818118723484,"{'val_rmse_mean': 1.0215967893600464, 'val_mae_mean': 0.7689225673675537, 'val_r2_mean': -17.018024444580078, 'val_rmse_target_0': 0.9526646137237549, 'val_mae_target_0': 0.6071324944496155, 'val_r2_target_0': -8.000560760498047, 'val_rmse_target_1': 1.0240893363952637, 'val_mae_target_1': 0.7499482035636902, 'val_r2_target_1': -24.611980438232422, 'val_rmse_target_2': 1.069308876991272, 'val_mae_target_2': 0.9546691179275513, 'val_r2_target_2': -19.808687210083008, 'val_rmse_target_3': 1.0403242111206055, 'val_mae_target_3': 0.7639402747154236, 'val_r2_target_3': -15.650873184204102}",COMPLETE
22,0.3727506917245962,2026-01-31 10:41:15.742754,2026-01-31 10:41:52.799120,0 days 00:00:37.056366,mean,0.00037206410923910254,0.27836627611491666,0.00016224939637454693,"{'val_rmse_mean': 0.9510107040405273, 'val_mae_mean': 0.7164289951324463, 'val_r2_mean': -17.007234573364258, 'val_rmse_target_0': 0.9265823364257812, 'val_mae_target_0': 0.6326994299888611, 'val_r2_target_0': -12.187270164489746, 'val_rmse_target_1': 0.9142582416534424, 'val_mae_target_1': 0.7050392627716064, 'val_r2_target_1': -18.451583862304688, 'val_rmse_target_2': 0.9768370985984802, 'val_mae_target_2': 0.8283020853996277, 'val_r2_target_2': -21.2254695892334, 'val_rmse_target_3': 0.9863651990890503, 'val_mae_target_3': 0.6996750235557556, 'val_r2_target_3': -16.16461753845215}",COMPLETE
23,0.3857505820967533,2026-01-31 10:41:52.940973,2026-01-31 10:42:29.535188,0 days 00:00:36.594215,mean,0.0004475002771370823,0.2960103245780014,0.0003247583025772876,"{'val_rmse_mean': 0.972328245639801, 'val_mae_mean': 0.7362403869628906, 'val_r2_mean': -11.37104606628418, 'val_rmse_target_0': 0.9497683644294739, 'val_mae_target_0': 0.6602069139480591, 'val_r2_target_0': -5.727739334106445, 'val_rmse_target_1': 0.910213828086853, 'val_mae_target_1': 0.6915943622589111, 'val_r2_target_1': -7.0901994705200195, 'val_rmse_target_2': 0.994407057762146, 'val_mae_target_2': 0.8666583299636841, 'val_r2_target_2': -10.901151657104492, 'val_rmse_target_3': 1.034923791885376, 'val_mae_target_3': 0.7265019416809082, 'val_r2_target_3': -21.765094757080078}",COMPLETE
24,0.43913054273084356,2026-01-31 10:42:29.677579,2026-01-31 10:43:06.315209,0 days 00:00:36.637630,mean,0.00010875265281044872,0.41345440946035,0.0014332552831491277,"{'val_rmse_mean': 1.0313501358032227, 'val_mae_mean': 0.809158205986023, 'val_r2_mean': -2.1241726875305176, 'val_rmse_target_0': 1.0038998126983643, 'val_mae_target_0': 0.7942493557929993, 'val_r2_target_0': -1.5153043270111084, 'val_rmse_target_1': 0.9001502990722656, 'val_mae_target_1': 0.6376135349273682, 'val_r2_target_1': -1.3219678401947021, 'val_rmse_target_2': 1.0653834342956543, 'val_mae_target_2': 0.8820729851722717, 'val_r2_target_2': -1.7578473091125488, 'val_rmse_target_3': 1.155967116355896, 'val_mae_target_3': 0.922697126865387, 'val_r2_target_3': -3.901571750640869}",COMPLETE
25,0.3807904696850865,2026-01-31 10:43:06.462541,2026-01-31 10:43:43.256742,0 days 00:00:36.794201,mean,0.009555975895848537,0.43217197401376745,0.00013856849301780827,"{'val_rmse_mean': 0.9791517853736877, 'val_mae_mean': 0.7329850792884827, 'val_r2_mean': -17.814956665039062, 'val_rmse_target_0': 0.9445452094078064, 'val_mae_target_0': 0.6195200681686401, 'val_r2_target_0': -9.192906379699707, 'val_rmse_target_1': 0.9530349373817444, 'val_mae_target_1': 0.7042388916015625, 'val_r2_target_1': -18.829010009765625, 'val_rmse_target_2': 1.0154589414596558, 'val_mae_target_2': 0.8751286268234253, 'val_r2_target_2': -17.193735122680664, 'val_rmse_target_3': 1.0035679340362549, 'val_mae_target_3': 0.7330527305603027, 'val_r2_target_3': -26.044178009033203}",COMPLETE
26,0.3752366359587069,2026-01-31 10:43:43.399821,2026-01-31 10:44:20.462272,0 days 00:00:37.062451,mean,0.00021526971512186342,0.2528672960517827,0.0004188615264613013,"{'val_rmse_mean': 0.9481900930404663, 'val_mae_mean': 0.7215292453765869, 'val_r2_mean': -8.737040519714355, 'val_rmse_target_0': 0.9064414501190186, 'val_mae_target_0': 0.6329904198646545, 'val_r2_target_0': -3.084559440612793, 'val_rmse_target_1': 0.8906605839729309, 'val_mae_target_1': 0.6773089170455933, 'val_r2_target_1': -6.073411464691162, 'val_rmse_target_2': 0.9486376643180847, 'val_mae_target_2': 0.8169601559638977, 'val_r2_target_2': -8.08517837524414, 'val_rmse_target_3': 1.0470207929611206, 'val_mae_target_3': 0.7588573694229126, 'val_r2_target_3': -17.70501136779785}",COMPLETE
27,0.39961721872289974,2026-01-31 10:44:20.603376,2026-01-31 10:44:56.663190,0 days 00:00:36.059814,mean,0.0002766618756240378,0.324613483025542,0.0007168072476512579,"{'val_rmse_mean': 0.9759175777435303, 'val_mae_mean': 0.7520754933357239, 'val_r2_mean': -3.921215534210205, 'val_rmse_target_0': 0.9073161482810974, 'val_mae_target_0': 0.6831085681915283, 'val_r2_target_0': -1.743664264678955, 'val_rmse_target_1': 0.883901059627533, 'val_mae_target_1': 0.6277657151222229, 'val_r2_target_1': -2.7876691818237305, 'val_rmse_target_2': 0.9765058159828186, 'val_mae_target_2': 0.8380654454231262, 'val_r2_target_2': -3.7460336685180664, 'val_rmse_target_3': 1.1359471082687378, 'val_mae_target_3': 0.8593623042106628, 'val_r2_target_3': -7.407495498657227}",COMPLETE
