number,value,datetime_start,datetime_complete,duration,params_aggregation,params_dropout,params_hidden_dim,params_lr,params_weight_decay,user_attrs_val_metrics,state
0,0.3761114729223428,2026-01-30 21:36:05.321774,2026-01-30 21:36:26.189277,0 days 00:00:20.867503,mean,0.38751283919084956,32,0.0007477287649760676,4.340593042205222e-05,"{'val_rmse_mean': 0.9744735360145569, 'val_mae_mean': 0.7101020216941833, 'val_r2_mean': -16.82919692993164, 'val_rmse_target_0': 0.9047239422798157, 'val_mae_target_0': 0.5709150433540344, 'val_r2_target_0': -14.366336822509766, 'val_rmse_target_1': 0.9972651600837708, 'val_mae_target_1': 0.6907393336296082, 'val_r2_target_1': -17.20878028869629, 'val_rmse_target_2': 0.953569233417511, 'val_mae_target_2': 0.8433444499969482, 'val_r2_target_2': -8.998648643493652, 'val_rmse_target_3': 1.0423357486724854, 'val_mae_target_3': 0.7354092597961426, 'val_r2_target_3': -26.74301528930664}",COMPLETE
1,0.3881296451996874,2026-01-30 21:36:26.293537,2026-01-30 21:36:48.001184,0 days 00:00:21.707647,mean,0.050394212935130335,64,0.0007810017682741132,1.5854321780482696e-05,"{'val_rmse_mean': 0.9793686866760254, 'val_mae_mean': 0.7442001104354858, 'val_r2_mean': -5.450525283813477, 'val_rmse_target_0': 0.9762966632843018, 'val_mae_target_0': 0.7025187611579895, 'val_r2_target_0': -4.001293182373047, 'val_rmse_target_1': 0.9824169874191284, 'val_mae_target_1': 0.6935452818870544, 'val_r2_target_1': -7.611764907836914, 'val_rmse_target_2': 0.9476824998855591, 'val_mae_target_2': 0.83574378490448, 'val_r2_target_2': -2.227113962173462, 'val_rmse_target_3': 1.0110784769058228, 'val_mae_target_3': 0.744992733001709, 'val_r2_target_3': -7.9619293212890625}",COMPLETE
2,0.3736019017243827,2026-01-30 21:36:48.103882,2026-01-30 21:37:10.596901,0 days 00:00:22.493019,attention,0.3721324662063422,128,0.00013100555028635298,0.004896960571127957,"{'val_rmse_mean': 0.9827365875244141, 'val_mae_mean': 0.7089474201202393, 'val_r2_mean': -66.96598815917969, 'val_rmse_target_0': 0.9752449989318848, 'val_mae_target_0': 0.6234259009361267, 'val_r2_target_0': -69.6612777709961, 'val_rmse_target_1': 0.981779158115387, 'val_mae_target_1': 0.6673060655593872, 'val_r2_target_1': -62.55916213989258, 'val_rmse_target_2': 0.9681779146194458, 'val_mae_target_2': 0.8435215353965759, 'val_r2_target_2': -41.65199279785156, 'val_rmse_target_3': 1.005744457244873, 'val_mae_target_3': 0.7015362977981567, 'val_r2_target_3': -93.99151611328125}",COMPLETE
3,0.38634345777056833,2026-01-30 21:37:10.701420,2026-01-30 21:37:32.257528,0 days 00:00:21.556108,mean,0.24203154212900044,64,0.0008708600557078303,0.00016058373065673838,"{'val_rmse_mean': 0.9756612777709961, 'val_mae_mean': 0.7435984015464783, 'val_r2_mean': -5.587324142456055, 'val_rmse_target_0': 0.9159350991249084, 'val_mae_target_0': 0.6392838954925537, 'val_r2_target_0': -4.168478488922119, 'val_rmse_target_1': 1.0292679071426392, 'val_mae_target_1': 0.7314891219139099, 'val_r2_target_1': -6.426435470581055, 'val_rmse_target_2': 0.9207908511161804, 'val_mae_target_2': 0.82893967628479, 'val_r2_target_2': -2.8782496452331543, 'val_rmse_target_3': 1.0366510152816772, 'val_mae_target_3': 0.7746808528900146, 'val_r2_target_3': -8.87613296508789}",COMPLETE
4,0.368157257222467,2026-01-30 21:37:32.360974,2026-01-30 21:37:53.458548,0 days 00:00:21.097574,mean,0.30723825662218984,32,0.0010616402238531784,0.0019499232356088862,"{'val_rmse_mean': 0.9526826739311218, 'val_mae_mean': 0.7062581181526184, 'val_r2_mean': -10.914297103881836, 'val_rmse_target_0': 0.8960124254226685, 'val_mae_target_0': 0.6080451011657715, 'val_r2_target_0': -5.552644729614258, 'val_rmse_target_1': 0.9447681307792664, 'val_mae_target_1': 0.6510127782821655, 'val_r2_target_1': -5.887165069580078, 'val_rmse_target_2': 0.960269570350647, 'val_mae_target_2': 0.8658236861228943, 'val_r2_target_2': -3.640148162841797, 'val_rmse_target_3': 1.0096805095672607, 'val_mae_target_3': 0.7001510262489319, 'val_r2_target_3': -28.57723045349121}",COMPLETE
5,0.38565096879998845,2026-01-30 21:37:53.562287,2026-01-30 21:38:13.710863,0 days 00:00:20.148576,mean,0.37722152358786326,32,0.00029223179946418897,2.0083618538374095e-05,"{'val_rmse_mean': 0.9992998838424683, 'val_mae_mean': 0.7255169749259949, 'val_r2_mean': -50.13318634033203, 'val_rmse_target_0': 0.9825426936149597, 'val_mae_target_0': 0.6144711375236511, 'val_r2_target_0': -46.39179229736328, 'val_rmse_target_1': 0.9870588779449463, 'val_mae_target_1': 0.6987395286560059, 'val_r2_target_1': -59.768455505371094, 'val_rmse_target_2': 0.9825652837753296, 'val_mae_target_2': 0.8658347725868225, 'val_r2_target_2': -26.364784240722656, 'val_rmse_target_3': 1.0450325012207031, 'val_mae_target_3': 0.7230224013328552, 'val_r2_target_3': -68.0077133178711}",COMPLETE
6,0.41368294776313835,2026-01-30 21:38:13.814576,2026-01-30 21:38:35.478912,0 days 00:00:21.664336,attention,0.09603592175201028,32,0.004860978412343174,0.00017468052230227522,"{'val_rmse_mean': 1.0076119899749756, 'val_mae_mean': 0.7792055606842041, 'val_r2_mean': -1.7937803268432617, 'val_rmse_target_0': 0.913702666759491, 'val_mae_target_0': 0.6509101390838623, 'val_r2_target_0': -0.8516227006912231, 'val_rmse_target_1': 1.1202213764190674, 'val_mae_target_1': 0.8231784105300903, 'val_r2_target_1': -2.3337767124176025, 'val_rmse_target_2': 0.9440436959266663, 'val_mae_target_2': 0.8075951933860779, 'val_r2_target_2': -0.8107903003692627, 'val_rmse_target_3': 1.0524802207946777, 'val_mae_target_3': 0.8351385593414307, 'val_r2_target_3': -3.178931713104248}",COMPLETE
7,0.4295894165902778,2026-01-30 21:38:35.581801,2026-01-30 21:38:58.467322,0 days 00:00:22.885521,attention,0.04030244981461411,128,0.002470065179109355,0.00014332557443440583,"{'val_rmse_mean': 1.0248157978057861, 'val_mae_mean': 0.7822444438934326, 'val_r2_mean': -1.847851037979126, 'val_rmse_target_0': 0.9936211705207825, 'val_mae_target_0': 0.7000812888145447, 'val_r2_target_0': -1.74643874168396, 'val_rmse_target_1': 1.123167872428894, 'val_mae_target_1': 0.8442547917366028, 'val_r2_target_1': -2.143465280532837, 'val_rmse_target_2': 0.9822879433631897, 'val_mae_target_2': 0.7901020646095276, 'val_r2_target_2': -0.846343994140625, 'val_rmse_target_3': 1.0001863241195679, 'val_mae_target_3': 0.7945396304130554, 'val_r2_target_3': -2.655156135559082}",COMPLETE
8,0.41426407504412865,2026-01-30 21:38:58.572764,2026-01-30 21:39:21.685870,0 days 00:00:23.113106,attention,0.07074926466970188,64,0.0009466608319385891,0.005470301095435675,"{'val_rmse_mean': 0.9953509569168091, 'val_mae_mean': 0.7707343101501465, 'val_r2_mean': -2.6058390140533447, 'val_rmse_target_0': 0.9780861139297485, 'val_mae_target_0': 0.6951068639755249, 'val_r2_target_0': -2.1137702465057373, 'val_rmse_target_1': 1.027823805809021, 'val_mae_target_1': 0.7759857773780823, 'val_r2_target_1': -3.594109058380127, 'val_rmse_target_2': 0.9632206559181213, 'val_mae_target_2': 0.8307514190673828, 'val_r2_target_2': -1.5306196212768555, 'val_rmse_target_3': 1.0122731924057007, 'val_mae_target_3': 0.7810931205749512, 'val_r2_target_3': -3.1848578453063965}",COMPLETE
9,0.377268199843389,2026-01-30 21:39:21.790323,2026-01-30 21:39:43.762570,0 days 00:00:21.972247,mean,0.21086576327211715,128,0.00013407453451498013,7.315154901431329e-05,"{'val_rmse_mean': 0.9846891164779663, 'val_mae_mean': 0.7193546295166016, 'val_r2_mean': -57.316226959228516, 'val_rmse_target_0': 0.9716179966926575, 'val_mae_target_0': 0.6073818206787109, 'val_r2_target_0': -60.722782135009766, 'val_rmse_target_1': 0.996899425983429, 'val_mae_target_1': 0.7117420434951782, 'val_r2_target_1': -54.906166076660156, 'val_rmse_target_2': 0.9503323435783386, 'val_mae_target_2': 0.8318726420402527, 'val_r2_target_2': -39.77117919921875, 'val_rmse_target_3': 1.0199066400527954, 'val_mae_target_3': 0.7264220118522644, 'val_r2_target_3': -73.8647689819336}",COMPLETE
10,0.39763168300743457,2026-01-30 21:39:43.865634,2026-01-30 21:40:05.292147,0 days 00:00:21.426513,mean,0.28449856783618666,32,0.0022558182044120174,0.001250620285959445,"{'val_rmse_mean': 0.9963115453720093, 'val_mae_mean': 0.7532838582992554, 'val_r2_mean': -4.0156636238098145, 'val_rmse_target_0': 0.9649451971054077, 'val_mae_target_0': 0.670420229434967, 'val_r2_target_0': -2.754701614379883, 'val_rmse_target_1': 1.0331544876098633, 'val_mae_target_1': 0.7096753120422363, 'val_r2_target_1': -6.432185649871826, 'val_rmse_target_2': 0.9532178640365601, 'val_mae_target_2': 0.8392146229743958, 'val_r2_target_2': -2.1638739109039307, 'val_rmse_target_3': 1.0339285135269165, 'val_mae_target_3': 0.7938253879547119, 'val_r2_target_3': -4.7118964195251465}",COMPLETE
11,0.3900109139719495,2026-01-30 21:40:05.396201,2026-01-30 21:40:27.417452,0 days 00:00:22.021251,attention,0.320371890396873,128,0.00027878911154832027,0.008859798513422796,"{'val_rmse_mean': 1.0007426738739014, 'val_mae_mean': 0.7332422733306885, 'val_r2_mean': -23.80557632446289, 'val_rmse_target_0': 0.9877951145172119, 'val_mae_target_0': 0.6473870277404785, 'val_r2_target_0': -12.900947570800781, 'val_rmse_target_1': 0.9954854846000671, 'val_mae_target_1': 0.6912082433700562, 'val_r2_target_1': -33.16072082519531, 'val_rmse_target_2': 0.9672491550445557, 'val_mae_target_2': 0.8513249754905701, 'val_r2_target_2': -9.645101547241211, 'val_rmse_target_3': 1.0524406433105469, 'val_mae_target_3': 0.7430487871170044, 'val_r2_target_3': -39.51552963256836}",COMPLETE
12,0.3685448711255082,2026-01-30 21:40:27.521949,2026-01-30 21:40:49.228649,0 days 00:00:21.706700,attention,0.3257835508767403,128,0.00014651192781577443,0.0014731735957872801,"{'val_rmse_mean': 0.9763393402099609, 'val_mae_mean': 0.7008384466171265, 'val_r2_mean': -62.684547424316406, 'val_rmse_target_0': 0.9561242461204529, 'val_mae_target_0': 0.5930179357528687, 'val_r2_target_0': -69.33943176269531, 'val_rmse_target_1': 0.996261477470398, 'val_mae_target_1': 0.686590313911438, 'val_r2_target_1': -78.3480453491211, 'val_rmse_target_2': 0.9580995440483093, 'val_mae_target_2': 0.8403086066246033, 'val_r2_target_2': -41.71951675415039, 'val_rmse_target_3': 0.9948721528053284, 'val_mae_target_3': 0.6834369897842407, 'val_r2_target_3': -61.331207275390625}",COMPLETE
13,0.3754513019143983,2026-01-30 21:40:49.330611,2026-01-30 21:41:12.533511,0 days 00:00:23.202900,attention,0.14113873589523068,32,0.00037774381726714636,0.000877869693675599,"{'val_rmse_mean': 0.9857934713363647, 'val_mae_mean': 0.7068217992782593, 'val_r2_mean': -30.895774841308594, 'val_rmse_target_0': 0.9563190340995789, 'val_mae_target_0': 0.5832809209823608, 'val_r2_target_0': -30.94437026977539, 'val_rmse_target_1': 1.010906457901001, 'val_mae_target_1': 0.6968996524810791, 'val_r2_target_1': -35.39485549926758, 'val_rmse_target_2': 0.9683250188827515, 'val_mae_target_2': 0.8521653413772583, 'val_r2_target_2': -15.592752456665039, 'val_rmse_target_3': 1.007623314857483, 'val_mae_target_3': 0.6949414014816284, 'val_r2_target_3': -41.651119232177734}",COMPLETE
14,0.4192408057688563,2026-01-30 21:41:12.638571,2026-01-30 21:41:34.133663,0 days 00:00:21.495092,attention,0.3110281442371886,128,0.0017341205547627557,0.0012502016552904784,"{'val_rmse_mean': 1.0240967273712158, 'val_mae_mean': 0.7734707593917847, 'val_r2_mean': -2.3569908142089844, 'val_rmse_target_0': 0.9413155913352966, 'val_mae_target_0': 0.6929302215576172, 'val_r2_target_0': -2.4274890422821045, 'val_rmse_target_1': 1.0417884588241577, 'val_mae_target_1': 0.7518697381019592, 'val_r2_target_1': -3.27297306060791, 'val_rmse_target_2': 1.0711417198181152, 'val_mae_target_2': 0.8277764916419983, 'val_r2_target_2': -1.1182746887207031, 'val_rmse_target_3': 1.042141318321228, 'val_mae_target_3': 0.8213067650794983, 'val_r2_target_3': -2.6092278957366943}",COMPLETE
15,0.36568018407733355,2026-01-30 21:41:34.238120,2026-01-30 21:41:55.457260,0 days 00:00:21.219140,mean,0.25691673203519966,32,0.0003931648080560733,0.0005714626038334292,"{'val_rmse_mean': 0.9669750928878784, 'val_mae_mean': 0.6990137100219727, 'val_r2_mean': -34.311073303222656, 'val_rmse_target_0': 0.9661305546760559, 'val_mae_target_0': 0.6165177822113037, 'val_r2_target_0': -36.19318771362305, 'val_rmse_target_1': 0.9827015399932861, 'val_mae_target_1': 0.6675328016281128, 'val_r2_target_1': -25.902835845947266, 'val_rmse_target_2': 0.9554057121276855, 'val_mae_target_2': 0.8381279110908508, 'val_r2_target_2': -29.71578025817871, 'val_rmse_target_3': 0.9636625647544861, 'val_mae_target_3': 0.6738763451576233, 'val_r2_target_3': -45.4324836730957}",COMPLETE
16,0.37908504663587167,2026-01-30 21:41:55.560985,2026-01-30 21:42:17.439055,0 days 00:00:21.878070,mean,0.17264280710469407,32,0.00048566971512048723,0.0003231319900304916,"{'val_rmse_mean': 0.9828691482543945, 'val_mae_mean': 0.7095418572425842, 'val_r2_mean': -24.62447166442871, 'val_rmse_target_0': 0.9485801458358765, 'val_mae_target_0': 0.6011494994163513, 'val_r2_target_0': -21.07967758178711, 'val_rmse_target_1': 0.9648537039756775, 'val_mae_target_1': 0.6825927495956421, 'val_r2_target_1': -20.338342666625977, 'val_rmse_target_2': 0.9799460172653198, 'val_mae_target_2': 0.8513340950012207, 'val_r2_target_2': -10.91670036315918, 'val_rmse_target_3': 1.0380969047546387, 'val_mae_target_3': 0.7030910849571228, 'val_r2_target_3': -46.16316223144531}",COMPLETE
17,0.3775123130116198,2026-01-30 21:42:17.543148,2026-01-30 21:42:39.693182,0 days 00:00:22.150034,mean,0.2641285453829691,32,0.0011901672951423617,0.0006030004335902889,"{'val_rmse_mean': 0.9571398496627808, 'val_mae_mean': 0.7250275015830994, 'val_r2_mean': -5.887770652770996, 'val_rmse_target_0': 0.8860146999359131, 'val_mae_target_0': 0.6050370335578918, 'val_r2_target_0': -4.420337200164795, 'val_rmse_target_1': 0.9586195349693298, 'val_mae_target_1': 0.7050560712814331, 'val_r2_target_1': -6.143218994140625, 'val_rmse_target_2': 0.9640037417411804, 'val_mae_target_2': 0.8415111303329468, 'val_r2_target_2': -3.963062286376953, 'val_rmse_target_3': 1.0199213027954102, 'val_mae_target_3': 0.7485058903694153, 'val_r2_target_3': -9.024462699890137}",COMPLETE
18,0.3666350589030319,2026-01-30 21:42:39.797450,2026-01-30 21:43:01.258394,0 days 00:00:21.460944,mean,0.2155355415710033,32,0.00046844182069012463,0.0029919762749109837,"{'val_rmse_mean': 0.9676083922386169, 'val_mae_mean': 0.6919760704040527, 'val_r2_mean': -24.315176010131836, 'val_rmse_target_0': 0.9321342706680298, 'val_mae_target_0': 0.5581234693527222, 'val_r2_target_0': -21.86859130859375, 'val_rmse_target_1': 0.9802274107933044, 'val_mae_target_1': 0.6802933216094971, 'val_r2_target_1': -27.500032424926758, 'val_rmse_target_2': 0.9129353761672974, 'val_mae_target_2': 0.8039202094078064, 'val_r2_target_2': -17.71126365661621, 'val_rmse_target_3': 1.0451366901397705, 'val_mae_target_3': 0.7255672812461853, 'val_r2_target_3': -30.180824279785156}",COMPLETE
19,0.38369177544006594,2026-01-30 21:43:01.363495,2026-01-30 21:43:22.644380,0 days 00:00:21.280885,mean,0.21769311456853235,32,0.00020015472735680203,0.0028573877443716952,"{'val_rmse_mean': 0.9916008114814758, 'val_mae_mean': 0.7158703804016113, 'val_r2_mean': -48.44874572753906, 'val_rmse_target_0': 0.9708302617073059, 'val_mae_target_0': 0.6041287779808044, 'val_r2_target_0': -45.46044158935547, 'val_rmse_target_1': 0.9986222386360168, 'val_mae_target_1': 0.712104856967926, 'val_r2_target_1': -60.33791732788086, 'val_rmse_target_2': 1.0056782960891724, 'val_mae_target_2': 0.8594928979873657, 'val_r2_target_2': -40.09990692138672, 'val_rmse_target_3': 0.991272509098053, 'val_mae_target_3': 0.6877550482749939, 'val_r2_target_3': -47.896732330322266}",COMPLETE
20,0.3785293782474818,2026-01-30 21:43:22.747125,2026-01-30 21:43:44.372597,0 days 00:00:21.625472,mean,0.14898368470566403,32,0.0005117049114277643,0.0004229925977552248,"{'val_rmse_mean': 0.9807053804397583, 'val_mae_mean': 0.7165000438690186, 'val_r2_mean': -18.620052337646484, 'val_rmse_target_0': 0.9147377014160156, 'val_mae_target_0': 0.6021820306777954, 'val_r2_target_0': -14.465278625488281, 'val_rmse_target_1': 1.0156831741333008, 'val_mae_target_1': 0.7030926942825317, 'val_r2_target_1': -22.498910903930664, 'val_rmse_target_2': 0.947981595993042, 'val_mae_target_2': 0.8287955522537231, 'val_r2_target_2': -9.36918830871582, 'val_rmse_target_3': 1.0444189310073853, 'val_mae_target_3': 0.7319298386573792, 'val_r2_target_3': -28.146825790405273}",COMPLETE
21,0.37243142534323315,2026-01-30 21:43:44.475690,2026-01-30 21:44:04.676580,0 days 00:00:20.200890,mean,0.255294689109708,32,0.0005105891910849142,0.00226475735962535,"{'val_rmse_mean': 0.9753265380859375, 'val_mae_mean': 0.7055055499076843, 'val_r2_mean': -26.071361541748047, 'val_rmse_target_0': 0.96209317445755, 'val_mae_target_0': 0.5950291156768799, 'val_r2_target_0': -25.569684982299805, 'val_rmse_target_1': 0.9923202395439148, 'val_mae_target_1': 0.6921680569648743, 'val_r2_target_1': -22.532209396362305, 'val_rmse_target_2': 0.9661496877670288, 'val_mae_target_2': 0.8468846678733826, 'val_r2_target_2': -12.251962661743164, 'val_rmse_target_3': 0.9807428121566772, 'val_mae_target_3': 0.6879403591156006, 'val_r2_target_3': -43.93157196044922}",COMPLETE
22,0.3821401702309096,2026-01-30 21:44:04.780553,2026-01-30 21:44:26.005485,0 days 00:00:21.224932,mean,0.18599035840693748,32,0.001167057576221459,0.003512548061785896,"{'val_rmse_mean': 0.9742803573608398, 'val_mae_mean': 0.7317147850990295, 'val_r2_mean': -5.580114364624023, 'val_rmse_target_0': 0.9297665953636169, 'val_mae_target_0': 0.6464695930480957, 'val_r2_target_0': -3.972672939300537, 'val_rmse_target_1': 0.9804624915122986, 'val_mae_target_1': 0.6627919673919678, 'val_r2_target_1': -6.203475475311279, 'val_rmse_target_2': 0.936865508556366, 'val_mae_target_2': 0.8405114412307739, 'val_r2_target_2': -2.5874457359313965, 'val_rmse_target_3': 1.0500270128250122, 'val_mae_target_3': 0.7770859599113464, 'val_r2_target_3': -9.556864738464355}",COMPLETE
23,0.37410221738671817,2026-01-30 21:44:26.110534,2026-01-30 21:44:47.713613,0 days 00:00:21.603079,mean,0.2860925739181112,32,0.0002654410596454719,0.000661651359144266,"{'val_rmse_mean': 0.9776487350463867, 'val_mae_mean': 0.7143469452857971, 'val_r2_mean': -56.31781005859375, 'val_rmse_target_0': 0.9353286623954773, 'val_mae_target_0': 0.6066844463348389, 'val_r2_target_0': -46.650421142578125, 'val_rmse_target_1': 1.0143778324127197, 'val_mae_target_1': 0.7184661626815796, 'val_r2_target_1': -45.5799674987793, 'val_rmse_target_2': 0.9654783010482788, 'val_mae_target_2': 0.8202332258224487, 'val_r2_target_2': -24.26653480529785, 'val_rmse_target_3': 0.9954098463058472, 'val_mae_target_3': 0.7120040059089661, 'val_r2_target_3': -108.77434539794922}",COMPLETE
24,0.376645527055694,2026-01-30 21:44:47.818551,2026-01-30 21:45:08.825198,0 days 00:00:21.006647,mean,0.34839800543727706,32,0.0004082469652528036,0.009488127933682523,"{'val_rmse_mean': 0.9864722490310669, 'val_mae_mean': 0.7120392918586731, 'val_r2_mean': -39.55523681640625, 'val_rmse_target_0': 0.9427416324615479, 'val_mae_target_0': 0.6093995571136475, 'val_r2_target_0': -39.6929817199707, 'val_rmse_target_1': 0.988092303276062, 'val_mae_target_1': 0.6946943998336792, 'val_r2_target_1': -47.27042007446289, 'val_rmse_target_2': 0.9684025645256042, 'val_mae_target_2': 0.8379098176956177, 'val_r2_target_2': -21.478017807006836, 'val_rmse_target_3': 1.0466526746749878, 'val_mae_target_3': 0.7061533331871033, 'val_r2_target_3': -49.77953338623047}",COMPLETE
25,0.3753220920485479,2026-01-30 21:45:08.930260,2026-01-30 21:45:30.298641,0 days 00:00:21.368381,mean,0.12140642930646002,64,0.0005939712689672818,0.001957917491075763,"{'val_rmse_mean': 0.9693316221237183, 'val_mae_mean': 0.707442045211792, 'val_r2_mean': -10.744590759277344, 'val_rmse_target_0': 0.9102323651313782, 'val_mae_target_0': 0.5934246182441711, 'val_r2_target_0': -5.628992080688477, 'val_rmse_target_1': 0.99386066198349, 'val_mae_target_1': 0.6957375407218933, 'val_r2_target_1': -10.231399536132812, 'val_rmse_target_2': 0.9451758861541748, 'val_mae_target_2': 0.8245834112167358, 'val_r2_target_2': -5.549497127532959, 'val_rmse_target_3': 1.0280574560165405, 'val_mae_target_3': 0.7160224914550781, 'val_r2_target_3': -21.568477630615234}",COMPLETE
26,0.39177040762647436,2026-01-30 21:45:30.402558,2026-01-30 21:45:51.281569,0 days 00:00:20.879011,mean,0.2395652504786024,32,0.0014140307640930407,0.004231785559204472,"{'val_rmse_mean': 0.9806874990463257, 'val_mae_mean': 0.7476165294647217, 'val_r2_mean': -4.125848293304443, 'val_rmse_target_0': 0.9248881340026855, 'val_mae_target_0': 0.6327455043792725, 'val_r2_target_0': -4.4552435874938965, 'val_rmse_target_1': 0.985318660736084, 'val_mae_target_1': 0.7040650248527527, 'val_r2_target_1': -4.242528915405273, 'val_rmse_target_2': 0.9241319894790649, 'val_mae_target_2': 0.8099942207336426, 'val_r2_target_2': -1.9458391666412354, 'val_rmse_target_3': 1.0884112119674683, 'val_mae_target_3': 0.8436614274978638, 'val_r2_target_3': -5.859781265258789}",COMPLETE
27,0.3671710635362952,2026-01-30 21:45:51.385357,2026-01-30 21:46:13.264554,0 days 00:00:21.879197,mean,0.29183587423446233,32,0.0003696497127007728,0.0008820995746451709,"{'val_rmse_mean': 0.9744484424591064, 'val_mae_mean': 0.6933259963989258, 'val_r2_mean': -43.40242004394531, 'val_rmse_target_0': 0.9547165632247925, 'val_mae_target_0': 0.5750264525413513, 'val_r2_target_0': -37.620365142822266, 'val_rmse_target_1': 0.9778064489364624, 'val_mae_target_1': 0.6706237196922302, 'val_r2_target_1': -36.333152770996094, 'val_rmse_target_2': 0.9871828556060791, 'val_mae_target_2': 0.8583789467811584, 'val_r2_target_2': -27.45611000061035, 'val_rmse_target_3': 0.9780879020690918, 'val_mae_target_3': 0.6692748069763184, 'val_r2_target_3': -72.2000503540039}",COMPLETE
